<?xml version="1.0" encoding="UTF-8"?>
<testsuite xmlns:xsi="http://www.w3.org/2001/XMLSchema-instance" xsi:noNamespaceSchemaLocation="https://maven.apache.org/surefire/maven-surefire-plugin/xsd/surefire-test-report.xsd" version="3.0.2" name="TestSuite" time="208.475" tests="7" errors="0" skipped="0" failures="0">
  <properties>
    <property name="java.specification.version" value="21"/>
    <property name="sun.cpu.isalist" value="amd64"/>
    <property name="sun.jnu.encoding" value="Cp1252"/>
    <property name="sun.awt.enableExtraMouseButtons" value="true"/>
    <property name="java.class.path" value="D:\Android Automation Framework\Android_Framework\target\test-classes;D:\Android Automation Framework\Android_Framework\target\classes;C:\Users\Harsh Vardhan Singh\.m2\repository\io\appium\java-client\9.3.0\java-client-9.3.0.jar;C:\Users\Harsh Vardhan Singh\.m2\repository\org\seleniumhq\selenium\selenium-api\4.26.0\selenium-api-4.26.0.jar;C:\Users\Harsh Vardhan Singh\.m2\repository\org\jspecify\jspecify\1.0.0\jspecify-1.0.0.jar;C:\Users\Harsh Vardhan Singh\.m2\repository\org\seleniumhq\selenium\selenium-remote-driver\4.26.0\selenium-remote-driver-4.26.0.jar;C:\Users\Harsh Vardhan Singh\.m2\repository\io\opentelemetry\semconv\opentelemetry-semconv\1.25.0-alpha\opentelemetry-semconv-1.25.0-alpha.jar;C:\Users\Harsh Vardhan Singh\.m2\repository\io\opentelemetry\opentelemetry-api\1.43.0\opentelemetry-api-1.43.0.jar;C:\Users\Harsh Vardhan Singh\.m2\repository\io\opentelemetry\opentelemetry-context\1.43.0\opentelemetry-context-1.43.0.jar;C:\Users\Harsh Vardhan Singh\.m2\repository\io\opentelemetry\opentelemetry-exporter-logging\1.43.0\opentelemetry-exporter-logging-1.43.0.jar;C:\Users\Harsh Vardhan Singh\.m2\repository\io\opentelemetry\opentelemetry-sdk-common\1.43.0\opentelemetry-sdk-common-1.43.0.jar;C:\Users\Harsh Vardhan Singh\.m2\repository\io\opentelemetry\opentelemetry-sdk-extension-autoconfigure-spi\1.43.0\opentelemetry-sdk-extension-autoconfigure-spi-1.43.0.jar;C:\Users\Harsh Vardhan Singh\.m2\repository\io\opentelemetry\opentelemetry-sdk-extension-autoconfigure\1.43.0\opentelemetry-sdk-extension-autoconfigure-1.43.0.jar;C:\Users\Harsh Vardhan Singh\.m2\repository\io\opentelemetry\opentelemetry-api-incubator\1.43.0-alpha\opentelemetry-api-incubator-1.43.0-alpha.jar;C:\Users\Harsh Vardhan Singh\.m2\repository\io\opentelemetry\opentelemetry-sdk-trace\1.43.0\opentelemetry-sdk-trace-1.43.0.jar;C:\Users\Harsh Vardhan Singh\.m2\repository\io\opentelemetry\opentelemetry-sdk\1.43.0\opentelemetry-sdk-1.43.0.jar;C:\Users\Harsh Vardhan Singh\.m2\repository\io\opentelemetry\opentelemetry-sdk-metrics\1.43.0\opentelemetry-sdk-metrics-1.43.0.jar;C:\Users\Harsh Vardhan Singh\.m2\repository\io\opentelemetry\opentelemetry-sdk-logs\1.43.0\opentelemetry-sdk-logs-1.43.0.jar;C:\Users\Harsh Vardhan Singh\.m2\repository\org\seleniumhq\selenium\selenium-http\4.26.0\selenium-http-4.26.0.jar;C:\Users\Harsh Vardhan Singh\.m2\repository\dev\failsafe\failsafe\3.3.2\failsafe-3.3.2.jar;C:\Users\Harsh Vardhan Singh\.m2\repository\org\seleniumhq\selenium\selenium-manager\4.26.0\selenium-manager-4.26.0.jar;C:\Users\Harsh Vardhan Singh\.m2\repository\org\seleniumhq\selenium\selenium-os\4.26.0\selenium-os-4.26.0.jar;C:\Users\Harsh Vardhan Singh\.m2\repository\org\apache\commons\commons-exec\1.4.0\commons-exec-1.4.0.jar;C:\Users\Harsh Vardhan Singh\.m2\repository\com\google\code\gson\gson\2.11.0\gson-2.11.0.jar;C:\Users\Harsh Vardhan Singh\.m2\repository\com\google\errorprone\error_prone_annotations\2.27.0\error_prone_annotations-2.27.0.jar;C:\Users\Harsh Vardhan Singh\.m2\repository\org\slf4j\slf4j-api\2.0.13\slf4j-api-2.0.13.jar;C:\Users\Harsh Vardhan Singh\.m2\repository\org\testng\testng\7.10.2\testng-7.10.2.jar;C:\Users\Harsh Vardhan Singh\.m2\repository\com\beust\jcommander\1.82\jcommander-1.82.jar;C:\Users\Harsh Vardhan Singh\.m2\repository\org\webjars\jquery\3.7.1\jquery-3.7.1.jar;C:\Users\Harsh Vardhan Singh\.m2\repository\org\seleniumhq\selenium\selenium-support\4.26.0\selenium-support-4.26.0.jar;C:\Users\Harsh Vardhan Singh\.m2\repository\com\google\auto\service\auto-service-annotations\1.1.1\auto-service-annotations-1.1.1.jar;C:\Users\Harsh Vardhan Singh\.m2\repository\com\google\guava\guava\33.3.1-jre\guava-33.3.1-jre.jar;C:\Users\Harsh Vardhan Singh\.m2\repository\com\google\guava\failureaccess\1.0.2\failureaccess-1.0.2.jar;C:\Users\Harsh Vardhan Singh\.m2\repository\com\google\guava\listenablefuture\9999.0-empty-to-avoid-conflict-with-guava\listenablefuture-9999.0-empty-to-avoid-conflict-with-guava.jar;C:\Users\Harsh Vardhan Singh\.m2\repository\com\google\code\findbugs\jsr305\3.0.2\jsr305-3.0.2.jar;C:\Users\Harsh Vardhan Singh\.m2\repository\org\checkerframework\checker-qual\3.43.0\checker-qual-3.43.0.jar;C:\Users\Harsh Vardhan Singh\.m2\repository\com\google\j2objc\j2objc-annotations\3.0.0\j2objc-annotations-3.0.0.jar;C:\Users\Harsh Vardhan Singh\.m2\repository\net\bytebuddy\byte-buddy\1.15.7\byte-buddy-1.15.7.jar;C:\Users\Harsh Vardhan Singh\.m2\repository\org\seleniumhq\selenium\selenium-json\4.26.0\selenium-json-4.26.0.jar;C:\Users\Harsh Vardhan Singh\.m2\repository\org\apache\poi\poi\5.3.0\poi-5.3.0.jar;C:\Users\Harsh Vardhan Singh\.m2\repository\commons-codec\commons-codec\1.17.0\commons-codec-1.17.0.jar;C:\Users\Harsh Vardhan Singh\.m2\repository\org\apache\commons\commons-collections4\4.4\commons-collections4-4.4.jar;C:\Users\Harsh Vardhan Singh\.m2\repository\org\apache\commons\commons-math3\3.6.1\commons-math3-3.6.1.jar;C:\Users\Harsh Vardhan Singh\.m2\repository\com\zaxxer\SparseBitSet\1.3\SparseBitSet-1.3.jar;C:\Users\Harsh Vardhan Singh\.m2\repository\org\apache\logging\log4j\log4j-api\2.23.1\log4j-api-2.23.1.jar;C:\Users\Harsh Vardhan Singh\.m2\repository\org\apache\poi\poi-ooxml-full\5.3.0\poi-ooxml-full-5.3.0.jar;C:\Users\Harsh Vardhan Singh\.m2\repository\org\apache\xmlbeans\xmlbeans\5.2.1\xmlbeans-5.2.1.jar;C:\Users\Harsh Vardhan Singh\.m2\repository\org\apache\poi\poi-ooxml\5.3.0\poi-ooxml-5.3.0.jar;C:\Users\Harsh Vardhan Singh\.m2\repository\org\apache\poi\poi-ooxml-lite\5.3.0\poi-ooxml-lite-5.3.0.jar;C:\Users\Harsh Vardhan Singh\.m2\repository\org\apache\commons\commons-compress\1.26.2\commons-compress-1.26.2.jar;C:\Users\Harsh Vardhan Singh\.m2\repository\com\github\virtuald\curvesapi\1.08\curvesapi-1.08.jar;C:\Users\Harsh Vardhan Singh\.m2\repository\com\aventstack\extentreports\5.1.1\extentreports-5.1.1.jar;C:\Users\Harsh Vardhan Singh\.m2\repository\io\reactivex\rxjava3\rxjava\3.1.6\rxjava-3.1.6.jar;C:\Users\Harsh Vardhan Singh\.m2\repository\org\reactivestreams\reactive-streams\1.0.4\reactive-streams-1.0.4.jar;C:\Users\Harsh Vardhan Singh\.m2\repository\org\freemarker\freemarker\2.3.32\freemarker-2.3.32.jar;C:\Users\Harsh Vardhan Singh\.m2\repository\org\projectlombok\lombok\1.18.26\lombok-1.18.26.jar;C:\Users\Harsh Vardhan Singh\.m2\repository\org\apache\commons\commons-lang3\3.17.0\commons-lang3-3.17.0.jar;C:\Users\Harsh Vardhan Singh\.m2\repository\commons-io\commons-io\2.17.0\commons-io-2.17.0.jar;C:\Users\Harsh Vardhan Singh\.m2\repository\org\apache\commons\commons-email\1.6.0\commons-email-1.6.0.jar;C:\Users\Harsh Vardhan Singh\.m2\repository\com\sun\mail\jakarta.mail\1.6.7\jakarta.mail-1.6.7.jar;C:\Users\Harsh Vardhan Singh\.m2\repository\com\sun\activation\jakarta.activation\1.2.1\jakarta.activation-1.2.1.jar;"/>
    <property name="java.vm.vendor" value="Oracle Corporation"/>
    <property name="sun.arch.data.model" value="64"/>
    <property name="user.variant" value=""/>
    <property name="java.vendor.url" value="https://java.oracle.com/"/>
    <property name="user.timezone" value="Asia/Calcutta"/>
    <property name="os.name" value="Windows 11"/>
    <property name="java.vm.specification.version" value="21"/>
    <property name="sun.java.launcher" value="SUN_STANDARD"/>
    <property name="user.country" value="IN"/>
    <property name="sun.boot.library.path" value="C:\Program Files\Java\jdk-21\bin"/>
    <property name="sun.java.command" value="C:\Users\Harsh Vardhan Singh\AppData\Local\Temp\surefire6757885592750291099\surefirebooter-20241120195109683_3.jar C:\Users\Harsh Vardhan Singh\AppData\Local\Temp\surefire6757885592750291099 2024-11-20T19-51-09_603-jvmRun1 surefire-20241120195109683_1tmp surefire_0-20241120195109683_2tmp"/>
    <property name="jdk.debug" value="release"/>
    <property name="surefire.test.class.path" value="D:\Android Automation Framework\Android_Framework\target\test-classes;D:\Android Automation Framework\Android_Framework\target\classes;C:\Users\Harsh Vardhan Singh\.m2\repository\io\appium\java-client\9.3.0\java-client-9.3.0.jar;C:\Users\Harsh Vardhan Singh\.m2\repository\org\seleniumhq\selenium\selenium-api\4.26.0\selenium-api-4.26.0.jar;C:\Users\Harsh Vardhan Singh\.m2\repository\org\jspecify\jspecify\1.0.0\jspecify-1.0.0.jar;C:\Users\Harsh Vardhan Singh\.m2\repository\org\seleniumhq\selenium\selenium-remote-driver\4.26.0\selenium-remote-driver-4.26.0.jar;C:\Users\Harsh Vardhan Singh\.m2\repository\io\opentelemetry\semconv\opentelemetry-semconv\1.25.0-alpha\opentelemetry-semconv-1.25.0-alpha.jar;C:\Users\Harsh Vardhan Singh\.m2\repository\io\opentelemetry\opentelemetry-api\1.43.0\opentelemetry-api-1.43.0.jar;C:\Users\Harsh Vardhan Singh\.m2\repository\io\opentelemetry\opentelemetry-context\1.43.0\opentelemetry-context-1.43.0.jar;C:\Users\Harsh Vardhan Singh\.m2\repository\io\opentelemetry\opentelemetry-exporter-logging\1.43.0\opentelemetry-exporter-logging-1.43.0.jar;C:\Users\Harsh Vardhan Singh\.m2\repository\io\opentelemetry\opentelemetry-sdk-common\1.43.0\opentelemetry-sdk-common-1.43.0.jar;C:\Users\Harsh Vardhan Singh\.m2\repository\io\opentelemetry\opentelemetry-sdk-extension-autoconfigure-spi\1.43.0\opentelemetry-sdk-extension-autoconfigure-spi-1.43.0.jar;C:\Users\Harsh Vardhan Singh\.m2\repository\io\opentelemetry\opentelemetry-sdk-extension-autoconfigure\1.43.0\opentelemetry-sdk-extension-autoconfigure-1.43.0.jar;C:\Users\Harsh Vardhan Singh\.m2\repository\io\opentelemetry\opentelemetry-api-incubator\1.43.0-alpha\opentelemetry-api-incubator-1.43.0-alpha.jar;C:\Users\Harsh Vardhan Singh\.m2\repository\io\opentelemetry\opentelemetry-sdk-trace\1.43.0\opentelemetry-sdk-trace-1.43.0.jar;C:\Users\Harsh Vardhan Singh\.m2\repository\io\opentelemetry\opentelemetry-sdk\1.43.0\opentelemetry-sdk-1.43.0.jar;C:\Users\Harsh Vardhan Singh\.m2\repository\io\opentelemetry\opentelemetry-sdk-metrics\1.43.0\opentelemetry-sdk-metrics-1.43.0.jar;C:\Users\Harsh Vardhan Singh\.m2\repository\io\opentelemetry\opentelemetry-sdk-logs\1.43.0\opentelemetry-sdk-logs-1.43.0.jar;C:\Users\Harsh Vardhan Singh\.m2\repository\org\seleniumhq\selenium\selenium-http\4.26.0\selenium-http-4.26.0.jar;C:\Users\Harsh Vardhan Singh\.m2\repository\dev\failsafe\failsafe\3.3.2\failsafe-3.3.2.jar;C:\Users\Harsh Vardhan Singh\.m2\repository\org\seleniumhq\selenium\selenium-manager\4.26.0\selenium-manager-4.26.0.jar;C:\Users\Harsh Vardhan Singh\.m2\repository\org\seleniumhq\selenium\selenium-os\4.26.0\selenium-os-4.26.0.jar;C:\Users\Harsh Vardhan Singh\.m2\repository\org\apache\commons\commons-exec\1.4.0\commons-exec-1.4.0.jar;C:\Users\Harsh Vardhan Singh\.m2\repository\com\google\code\gson\gson\2.11.0\gson-2.11.0.jar;C:\Users\Harsh Vardhan Singh\.m2\repository\com\google\errorprone\error_prone_annotations\2.27.0\error_prone_annotations-2.27.0.jar;C:\Users\Harsh Vardhan Singh\.m2\repository\org\slf4j\slf4j-api\2.0.13\slf4j-api-2.0.13.jar;C:\Users\Harsh Vardhan Singh\.m2\repository\org\testng\testng\7.10.2\testng-7.10.2.jar;C:\Users\Harsh Vardhan Singh\.m2\repository\com\beust\jcommander\1.82\jcommander-1.82.jar;C:\Users\Harsh Vardhan Singh\.m2\repository\org\webjars\jquery\3.7.1\jquery-3.7.1.jar;C:\Users\Harsh Vardhan Singh\.m2\repository\org\seleniumhq\selenium\selenium-support\4.26.0\selenium-support-4.26.0.jar;C:\Users\Harsh Vardhan Singh\.m2\repository\com\google\auto\service\auto-service-annotations\1.1.1\auto-service-annotations-1.1.1.jar;C:\Users\Harsh Vardhan Singh\.m2\repository\com\google\guava\guava\33.3.1-jre\guava-33.3.1-jre.jar;C:\Users\Harsh Vardhan Singh\.m2\repository\com\google\guava\failureaccess\1.0.2\failureaccess-1.0.2.jar;C:\Users\Harsh Vardhan Singh\.m2\repository\com\google\guava\listenablefuture\9999.0-empty-to-avoid-conflict-with-guava\listenablefuture-9999.0-empty-to-avoid-conflict-with-guava.jar;C:\Users\Harsh Vardhan Singh\.m2\repository\com\google\code\findbugs\jsr305\3.0.2\jsr305-3.0.2.jar;C:\Users\Harsh Vardhan Singh\.m2\repository\org\checkerframework\checker-qual\3.43.0\checker-qual-3.43.0.jar;C:\Users\Harsh Vardhan Singh\.m2\repository\com\google\j2objc\j2objc-annotations\3.0.0\j2objc-annotations-3.0.0.jar;C:\Users\Harsh Vardhan Singh\.m2\repository\net\bytebuddy\byte-buddy\1.15.7\byte-buddy-1.15.7.jar;C:\Users\Harsh Vardhan Singh\.m2\repository\org\seleniumhq\selenium\selenium-json\4.26.0\selenium-json-4.26.0.jar;C:\Users\Harsh Vardhan Singh\.m2\repository\org\apache\poi\poi\5.3.0\poi-5.3.0.jar;C:\Users\Harsh Vardhan Singh\.m2\repository\commons-codec\commons-codec\1.17.0\commons-codec-1.17.0.jar;C:\Users\Harsh Vardhan Singh\.m2\repository\org\apache\commons\commons-collections4\4.4\commons-collections4-4.4.jar;C:\Users\Harsh Vardhan Singh\.m2\repository\org\apache\commons\commons-math3\3.6.1\commons-math3-3.6.1.jar;C:\Users\Harsh Vardhan Singh\.m2\repository\com\zaxxer\SparseBitSet\1.3\SparseBitSet-1.3.jar;C:\Users\Harsh Vardhan Singh\.m2\repository\org\apache\logging\log4j\log4j-api\2.23.1\log4j-api-2.23.1.jar;C:\Users\Harsh Vardhan Singh\.m2\repository\org\apache\poi\poi-ooxml-full\5.3.0\poi-ooxml-full-5.3.0.jar;C:\Users\Harsh Vardhan Singh\.m2\repository\org\apache\xmlbeans\xmlbeans\5.2.1\xmlbeans-5.2.1.jar;C:\Users\Harsh Vardhan Singh\.m2\repository\org\apache\poi\poi-ooxml\5.3.0\poi-ooxml-5.3.0.jar;C:\Users\Harsh Vardhan Singh\.m2\repository\org\apache\poi\poi-ooxml-lite\5.3.0\poi-ooxml-lite-5.3.0.jar;C:\Users\Harsh Vardhan Singh\.m2\repository\org\apache\commons\commons-compress\1.26.2\commons-compress-1.26.2.jar;C:\Users\Harsh Vardhan Singh\.m2\repository\com\github\virtuald\curvesapi\1.08\curvesapi-1.08.jar;C:\Users\Harsh Vardhan Singh\.m2\repository\com\aventstack\extentreports\5.1.1\extentreports-5.1.1.jar;C:\Users\Harsh Vardhan Singh\.m2\repository\io\reactivex\rxjava3\rxjava\3.1.6\rxjava-3.1.6.jar;C:\Users\Harsh Vardhan Singh\.m2\repository\org\reactivestreams\reactive-streams\1.0.4\reactive-streams-1.0.4.jar;C:\Users\Harsh Vardhan Singh\.m2\repository\org\freemarker\freemarker\2.3.32\freemarker-2.3.32.jar;C:\Users\Harsh Vardhan Singh\.m2\repository\org\projectlombok\lombok\1.18.26\lombok-1.18.26.jar;C:\Users\Harsh Vardhan Singh\.m2\repository\org\apache\commons\commons-lang3\3.17.0\commons-lang3-3.17.0.jar;C:\Users\Harsh Vardhan Singh\.m2\repository\commons-io\commons-io\2.17.0\commons-io-2.17.0.jar;C:\Users\Harsh Vardhan Singh\.m2\repository\org\apache\commons\commons-email\1.6.0\commons-email-1.6.0.jar;C:\Users\Harsh Vardhan Singh\.m2\repository\com\sun\mail\jakarta.mail\1.6.7\jakarta.mail-1.6.7.jar;C:\Users\Harsh Vardhan Singh\.m2\repository\com\sun\activation\jakarta.activation\1.2.1\jakarta.activation-1.2.1.jar;"/>
    <property name="sun.cpu.endian" value="little"/>
    <property name="user.home" value="C:\Users\Harsh Vardhan Singh"/>
    <property name="user.language" value="en"/>
    <property name="java.specification.vendor" value="Oracle Corporation"/>
    <property name="java.version.date" value="2024-07-16"/>
    <property name="java.home" value="C:\Program Files\Java\jdk-21"/>
    <property name="file.separator" value="\"/>
    <property name="basedir" value="D:\Android Automation Framework\Android_Framework"/>
    <property name="java.vm.compressedOopsMode" value="Zero based"/>
    <property name="line.separator" value="&#10;"/>
    <property name="java.vm.specification.vendor" value="Oracle Corporation"/>
    <property name="java.specification.name" value="Java Platform API Specification"/>
    <property name="surefire.real.class.path" value="C:\Users\Harsh Vardhan Singh\AppData\Local\Temp\surefire6757885592750291099\surefirebooter-20241120195109683_3.jar"/>
    <property name="user.script" value=""/>
    <property name="sun.management.compiler" value="HotSpot 64-Bit Tiered Compilers"/>
    <property name="java.runtime.version" value="21.0.4+8-LTS-274"/>
    <property name="user.name" value="Harsh Vardhan Singh"/>
    <property name="stdout.encoding" value="Cp1252"/>
    <property name="path.separator" value=";"/>
    <property name="os.version" value="10.0"/>
    <property name="java.runtime.name" value="Java(TM) SE Runtime Environment"/>
    <property name="file.encoding" value="UTF-8"/>
    <property name="java.vm.name" value="Java HotSpot(TM) 64-Bit Server VM"/>
    <property name="localRepository" value="C:\Users\Harsh Vardhan Singh\.m2\repository"/>
    <property name="java.vendor.url.bug" value="https://bugreport.java.com/bugreport/"/>
    <property name="java.io.tmpdir" value="C:\Users\Harsh Vardhan Singh\AppData\Local\Temp\"/>
    <property name="java.version" value="21.0.4"/>
    <property name="user.dir" value="D:\Android Automation Framework\Android_Framework"/>
    <property name="os.arch" value="amd64"/>
    <property name="java.vm.specification.name" value="Java Virtual Machine Specification"/>
    <property name="sun.os.patch.level" value=""/>
    <property name="native.encoding" value="Cp1252"/>
    <property name="java.library.path" value="C:\Program Files\Java\jdk-21\bin;C:\WINDOWS\Sun\Java\bin;C:\WINDOWS\system32;C:\WINDOWS;C:\Python312\Scripts\;C:\Python312\;C:\Program Files\Common Files\Oracle\Java\javapath;C:\Program Files (x86)\Common Files\Oracle\Java\java8path;C:\Program Files (x86)\Common Files\Oracle\Java\javapath;C:\WINDOWS\system32;C:\WINDOWS;C:\WINDOWS\System32\Wbem;C:\WINDOWS\System32\WindowsPowerShell\v1.0\;C:\WINDOWS\System32\OpenSSH\;C:\Program Files (x86)\NVIDIA Corporation\PhysX\Common;C:\Program Files\Java\jdk-21;C:\Program Files\Java\jdk-21\bin;C:\ProgramData\chocolatey\bin;C:\Program Files\Git\cmd;C:\Program Files\Docker\Docker\resources\bin;C:\Program Files\apache-maven-3.9.9\bin;C:\Program Files\NVIDIA Corporation\NVIDIA app\NvDLISR;C:\Users\Harsh Vardhan Singh\AppData\Local\Android\Sdk\tools\bin;C:\Users\Harsh Vardhan Singh\AppData\Local\Android\Sdk\tools;C:\Program Files\nodejs\;C:\Program Files\nodejs\node_modules\npm;C:\Program Files\nodejs\node_modules\npm\bin;C:\Users\Harsh Vardhan Singh\AppData\Local\Programs\Python\Python313\Scripts\;C:\Users\Harsh Vardhan Singh\AppData\Local\Programs\Python\Python313\;C:\Users\Harsh Vardhan Singh\AppData\Local\Microsoft\WindowsApps;C:\Users\Harsh Vardhan Singh\AppData\Local\Programs\Microsoft VS Code\bin;C:\Users\Harsh Vardhan Singh\AppData\Roaming\npm;."/>
    <property name="java.vm.info" value="mixed mode, sharing"/>
    <property name="stderr.encoding" value="Cp1252"/>
    <property name="java.vendor" value="Oracle Corporation"/>
    <property name="java.vm.version" value="21.0.4+8-LTS-274"/>
    <property name="sun.io.unicode.encoding" value="UnicodeLittle"/>
    <property name="java.class.version" value="65.0"/>
  </properties>
  <testcase name="FormPageTest" classname="android_TestScripts.Android_TC001" time="12.731">
    <system-out><![CDATA[&amp#27;[38;5;112m[Appium]&amp#27;[0m Welcome to Appium v2.12.1
&amp#27;[38;5;112m[Appium]&amp#27;[0m Non-default server args:
&amp#27;[38;5;112m[Appium]&amp#27;[0m { address: &amp#27;[32m'127.0.0.1'&amp#27;[39m }
&amp#27;[38;5;112m[Appium]&amp#27;[0m The autodetected Appium home path: C:\Users\Harsh Vardhan Singh\.appium
&amp#27;[38;5;112m[Appium]&amp#27;[0m Attempting to load driver uiautomator2...
&amp#27;[38;5;112m[Appium]&amp#27;[0m Attempting to load driver xcuitest...
&amp#27;[38;5;112m[Appium]&amp#27;[0m Requiring driver at C:\Users\Harsh Vardhan Singh\.appium\node_modules\appium-xcuitest-driver\build\index.js
&amp#27;[38;5;112m[Appium]&amp#27;[0m Requiring driver at C:\Users\Harsh Vardhan Singh\.appium\node_modules\appium-uiautomator2-driver\build\index.js
&amp#27;[38;5;112m[Appium]&amp#27;[0m XCUITestDriver has been successfully loaded in 0.600s
&amp#27;[38;5;112m[Appium]&amp#27;[0m AndroidUiautomator2Driver has been successfully loaded in 1.098s
&amp#27;[38;5;112m[Appium]&amp#27;[0m Appium REST http interface listener started on http://127.0.0.1:4723
&amp#27;[38;5;112m[Appium]&amp#27;[0m Available drivers:
&amp#27;[38;5;112m[Appium]&amp#27;[0m   - uiautomator2@3.8.1 (automationName 'UiAutomator2')
&amp#27;[38;5;112m[Appium]&amp#27;[0m   - xcuitest@7.28.3 (automationName 'XCUITest')
&amp#27;[38;5;112m[Appium]&amp#27;[0m No plugins have been installed. Use the "appium plugin" command to install the one(s) you want to use.
&amp#27;[38;5;86m[HTTP]&amp#27;[0m &amp#27;[37m-->&amp#27;[39m &amp#27;[37mGET&amp#27;[39m &amp#27;[37m/status&amp#27;[39m &amp#27;[90m{}&amp#27;[39m
&amp#27;[38;5;135m[AppiumDriver@aec6]&amp#27;[0m Calling AppiumDriver.getStatus() with args: []
&amp#27;[38;5;135m[AppiumDriver@aec6]&amp#27;[0m Responding to client with driver.getStatus() result: {"ready":true,"message":"The server is ready to accept new connections","build":{"version":"2.12.1"}}
&amp#27;[38;5;86m[HTTP]&amp#27;[0m &amp#27;[37m<-- GET /status &amp#27;[39m&amp#27;[32m200&amp#27;[39m &amp#27;[90m3 ms - 111&amp#27;[39m &amp#27;[90m&amp#27;[39m
&amp#27;[38;5;86m[HTTP]&amp#27;[0m Request idempotency key: cf03ed0e-4e77-4a34-ae19-10a1b8daca54
&amp#27;[38;5;86m[HTTP]&amp#27;[0m &amp#27;[37m-->&amp#27;[39m &amp#27;[37mPOST&amp#27;[39m &amp#27;[37m/session&amp#27;[39m &amp#27;[90m{"capabilities":{"firstMatch":[{"appium:chromedriverUseSystemExecutable":true,"appium:deviceName":"HarshEmulator","platformName":"ANDROID","appium:automationName":"UIAutomator2","appium:app":"D:\\Android Automation Framework\\Android_Framework\\App\\General-Store.apk"}]}}&amp#27;[39m
&amp#27;[38;5;135m[AppiumDriver@aec6]&amp#27;[0m Calling AppiumDriver.createSession() with args: [null,null,{"firstMatch":[{"appium:chromedriverUseSystemExecutable":true,"appium:deviceName":"HarshEmulator","platformName":"ANDROID","appium:automationName":"UIAutomator2","appium:app":"D:\\Android Automation Framework\\Android_Framework\\App\\General-Store.apk"}]}]
&amp#27;[38;5;135m[AppiumDriver@aec6]&amp#27;[0m Event 'newSessionRequested' logged at 1732112472676 (19:51:12 GMT+0530 (India Standard Time))
&amp#27;[38;5;112m[Appium]&amp#27;[0m Attempting to find matching driver for automationName 'UIAutomator2' and platformName 'ANDROID'
&amp#27;[38;5;112m[Appium]&amp#27;[0m The 'uiautomator2' driver was installed and matched caps.
&amp#27;[38;5;112m[Appium]&amp#27;[0m Will require it at C:\Users\Harsh Vardhan Singh\.appium\node_modules\appium-uiautomator2-driver
&amp#27;[38;5;112m[Appium]&amp#27;[0m Requiring driver at C:\Users\Harsh Vardhan Singh\.appium\node_modules\appium-uiautomator2-driver\build\index.js
&amp#27;[38;5;135m[AppiumDriver@aec6]&amp#27;[0m Appium v2.12.1 creating new AndroidUiautomator2Driver (v3.8.1) session
&amp#27;[38;5;135m[AppiumDriver@aec6]&amp#27;[0m Checking BaseDriver versions for Appium and AndroidUiautomator2Driver
&amp#27;[38;5;135m[AppiumDriver@aec6]&amp#27;[0m Appium's BaseDriver version is 9.12.1
&amp#27;[38;5;135m[AppiumDriver@aec6]&amp#27;[0m AndroidUiautomator2Driver's BaseDriver version is 9.12.1
&amp#27;[38;5;-3m[AndroidUiautomator2Driver@db64]&amp#27;[0m 
&amp#27;[38;5;-3m[AndroidUiautomator2Driver@db64]&amp#27;[0m Creating session with W3C capabilities: {
  "alwaysMatch": {
    "platformName": "ANDROID",
    "appium:chromedriverUseSystemExecutable": true,
    "appium:deviceName": "HarshEmulator",
    "appium:automationName": "UIAutomator2",
    "appium:app": "D:\\Android Automation Framework\\Android_Framework\\App\\General-Store.apk"
  },
  "firstMatch": [
    {}
  ]
}
&amp#27;[38;5;177m[03e3fac2]&amp#27;[0m&amp#27;[38;5;-3m[AndroidUiautomator2Driver@db64]&amp#27;[0m Session created with session id: 03e3fac2-18d9-4400-8767-ea99175305f7
&amp#27;[38;5;177m[03e3fac2]&amp#27;[0m&amp#27;[38;5;229m[ADB]&amp#27;[0m Found 2 'build-tools' folders under 'C:\Users\Harsh Vardhan Singh\AppData\Local\Android\Sdk' (newest first):
&amp#27;[38;5;177m[03e3fac2]&amp#27;[0m&amp#27;[38;5;229m[ADB]&amp#27;[0m     C:\Users\Harsh Vardhan Singh\AppData\Local\Android\Sdk\build-tools\35.0.0
&amp#27;[38;5;177m[03e3fac2]&amp#27;[0m&amp#27;[38;5;229m[ADB]&amp#27;[0m     C:\Users\Harsh Vardhan Singh\AppData\Local\Android\Sdk\build-tools\34.0.0
&amp#27;[38;5;177m[03e3fac2]&amp#27;[0m&amp#27;[38;5;229m[ADB]&amp#27;[0m Using 'adb.exe' from 'C:\Users\Harsh Vardhan Singh\AppData\Local\Android\Sdk\platform-tools\adb.exe'
&amp#27;[38;5;177m[03e3fac2]&amp#27;[0m&amp#27;[38;5;229m[ADB]&amp#27;[0m Running 'C:\Users\Harsh Vardhan Singh\AppData\Local\Android\Sdk\platform-tools\adb.exe -P 5037 start-server'
&amp#27;[38;5;177m[03e3fac2]&amp#27;[0m&amp#27;[38;5;-3m[AndroidUiautomator2Driver@db64]&amp#27;[0m Retrieving device list
&amp#27;[38;5;177m[03e3fac2]&amp#27;[0m&amp#27;[38;5;229m[ADB]&amp#27;[0m Trying to find connected Android devices
&amp#27;[38;5;177m[03e3fac2]&amp#27;[0m&amp#27;[38;5;229m[ADB]&amp#27;[0m Getting connected devices
&amp#27;[38;5;177m[03e3fac2]&amp#27;[0m&amp#27;[38;5;229m[ADB]&amp#27;[0m Connected devices: [{"udid":"emulator-5554","state":"device"}]
&amp#27;[38;5;177m[03e3fac2]&amp#27;[0m&amp#27;[38;5;-3m[AndroidUiautomator2Driver@db64]&amp#27;[0m Using device: emulator-5554
&amp#27;[38;5;177m[03e3fac2]&amp#27;[0m&amp#27;[38;5;229m[ADB]&amp#27;[0m Using 'adb.exe' from 'C:\Users\Harsh Vardhan Singh\AppData\Local\Android\Sdk\platform-tools\adb.exe'
&amp#27;[38;5;177m[03e3fac2]&amp#27;[0m&amp#27;[38;5;229m[ADB]&amp#27;[0m Running 'C:\Users\Harsh Vardhan Singh\AppData\Local\Android\Sdk\platform-tools\adb.exe -P 5037 start-server'
&amp#27;[38;5;177m[03e3fac2]&amp#27;[0m&amp#27;[38;5;229m[ADB]&amp#27;[0m Setting device id to emulator-5554
&amp#27;[38;5;177m[03e3fac2]&amp#27;[0m&amp#27;[38;5;123m[BaseDriver]&amp#27;[0m Using local app 'D:\Android Automation Framework\Android_Framework\App\General-Store.apk'
&amp#27;[38;5;177m[03e3fac2]&amp#27;[0m&amp#27;[38;5;-3m[AndroidUiautomator2Driver@db64]&amp#27;[0m Checking whether app is actually present
&amp#27;[38;5;177m[03e3fac2]&amp#27;[0m&amp#27;[38;5;229m[ADB]&amp#27;[0m Running 'C:\Users\Harsh Vardhan Singh\AppData\Local\Android\Sdk\platform-tools\adb.exe -P 5037 -s emulator-5554 shell getprop ro.build.version.sdk'
&amp#27;[38;5;177m[03e3fac2]&amp#27;[0m&amp#27;[38;5;229m[ADB]&amp#27;[0m Current device property 'ro.build.version.sdk': 35
&amp#27;[38;5;177m[03e3fac2]&amp#27;[0m&amp#27;[38;5;229m[ADB]&amp#27;[0m Getting device platform version
&amp#27;[38;5;177m[03e3fac2]&amp#27;[0m&amp#27;[38;5;229m[ADB]&amp#27;[0m Running 'C:\Users\Harsh Vardhan Singh\AppData\Local\Android\Sdk\platform-tools\adb.exe -P 5037 -s emulator-5554 shell getprop ro.build.version.release'
&amp#27;[38;5;177m[03e3fac2]&amp#27;[0m&amp#27;[38;5;229m[ADB]&amp#27;[0m Current device property 'ro.build.version.release': 15
&amp#27;[38;5;177m[03e3fac2]&amp#27;[0m&amp#27;[38;5;229m[ADB]&amp#27;[0m Device API level: 35
&amp#27;[38;5;177m[03e3fac2]&amp#27;[0m&amp#27;[38;5;-3m[AndroidUiautomator2Driver@db64]&amp#27;[0m Relaxing hidden api policy
&amp#27;[38;5;177m[03e3fac2]&amp#27;[0m&amp#27;[38;5;229m[ADB]&amp#27;[0m Running 'C:\Users\Harsh Vardhan Singh\AppData\Local\Android\Sdk\platform-tools\adb.exe -P 5037 -s emulator-5554 shell 'settings put global hidden_api_policy_pre_p_apps 1;settings put global hidden_api_policy_p_apps 1;settings put global hidden_api_policy 1''
&amp#27;[38;5;177m[03e3fac2]&amp#27;[0m&amp#27;[38;5;-3m[AndroidUiautomator2Driver@db64]&amp#27;[0m Parsing package and activity from app manifest
&amp#27;[38;5;177m[03e3fac2]&amp#27;[0m&amp#27;[38;5;229m[ADB]&amp#27;[0m Running 'C:\Users\Harsh Vardhan Singh\AppData\Local\Android\Sdk\platform-tools\adb.exe -P 5037 -s emulator-5554 wait-for-device'
&amp#27;[38;5;177m[03e3fac2]&amp#27;[0m&amp#27;[38;5;229m[ADB]&amp#27;[0m Using 'aapt2.exe' from 'C:\Users\Harsh Vardhan Singh\AppData\Local\Android\Sdk\build-tools\35.0.0\aapt2.exe'
&amp#27;[38;5;177m[03e3fac2]&amp#27;[0m&amp#27;[38;5;229m[ADB]&amp#27;[0m Reading package manifest: ''C:\\Users\\Harsh Vardhan Singh\\AppData\\Local\\Android\\Sdk\\build-tools\\35.0.0\\aapt2.exe' dump badging 'D:\\Android Automation Framework\\Android_Framework\\App\\General-Store.apk''
&amp#27;[38;5;177m[03e3fac2]&amp#27;[0m&amp#27;[38;5;229m[ADB]&amp#27;[0m Running 'C:\Users\Harsh Vardhan Singh\AppData\Local\Android\Sdk\platform-tools\adb.exe -P 5037 -s emulator-5554 shell echo ping'
&amp#27;[38;5;177m[03e3fac2]&amp#27;[0m&amp#27;[38;5;229m[ADB]&amp#27;[0m Package name: 'com.androidsample.generalstore'
&amp#27;[38;5;177m[03e3fac2]&amp#27;[0m&amp#27;[38;5;229m[ADB]&amp#27;[0m Main activity name: 'com.androidsample.generalstore.SplashActivity'
&amp#27;[38;5;177m[03e3fac2]&amp#27;[0m&amp#27;[38;5;-3m[AndroidUiautomator2Driver@db64]&amp#27;[0m Parsed package and activity are: com.androidsample.generalstore/com.androidsample.generalstore.SplashActivity
&amp#27;[38;5;177m[03e3fac2]&amp#27;[0m&amp#27;[38;5;-3m[AndroidUiautomator2Driver@db64]&amp#27;[0m Pushing settings apk to the device...
&amp#27;[38;5;177m[03e3fac2]&amp#27;[0m&amp#27;[38;5;229m[ADB]&amp#27;[0m Getting package info for 'io.appium.settings'
&amp#27;[38;5;177m[03e3fac2]&amp#27;[0m&amp#27;[38;5;229m[ADB]&amp#27;[0m Running 'C:\Users\Harsh Vardhan Singh\AppData\Local\Android\Sdk\platform-tools\adb.exe -P 5037 -s emulator-5554 shell dumpsys package io.appium.settings'
&amp#27;[38;5;177m[03e3fac2]&amp#27;[0m&amp#27;[38;5;229m[ADB]&amp#27;[0m Reading package manifest: ''C:\\Users\\Harsh Vardhan Singh\\AppData\\Local\\Android\\Sdk\\build-tools\\35.0.0\\aapt2.exe' dump badging 'C:\\Users\\Harsh Vardhan Singh\\.appium\\node_modules\\appium-uiautomator2-driver\\node_modules\\io.appium.settings\\apks\\settings_apk-debug.apk''
&amp#27;[38;5;177m[03e3fac2]&amp#27;[0m&amp#27;[38;5;229m[ADB]&amp#27;[0m The version name of the installed 'io.appium.settings' is greater or equal to the application version name ('5.12.16' >= '5.12.16')
&amp#27;[38;5;177m[03e3fac2]&amp#27;[0m&amp#27;[38;5;229m[ADB]&amp#27;[0m There is no need to install/upgrade 'C:\Users\Harsh Vardhan Singh\.appium\node_modules\appium-uiautomator2-driver\node_modules\io.appium.settings\apks\settings_apk-debug.apk'
&amp#27;[38;5;177m[03e3fac2]&amp#27;[0m&amp#27;[38;5;229m[ADB]&amp#27;[0m Running 'C:\Users\Harsh Vardhan Singh\AppData\Local\Android\Sdk\platform-tools\adb.exe -P 5037 -s emulator-5554 shell dumpsys activity services io.appium.settings'
&amp#27;[38;5;177m[03e3fac2]&amp#27;[0m&amp#27;[38;5;-3m[AndroidUiautomator2Driver@db64]&amp#27;[0m io.appium.settings is already running. There is no need to reset its permissions.
&amp#27;[38;5;177m[03e3fac2]&amp#27;[0m&amp#27;[38;5;160m[Logcat]&amp#27;[0m Starting logs capture with command: 'C:\\Users\\Harsh Vardhan Singh\\AppData\\Local\\Android\\Sdk\\platform-tools\\adb.exe' -P 5037 -s emulator-5554 logcat -v threadtime
&amp#27;[38;5;177m[03e3fac2]&amp#27;[0m&amp#27;[38;5;-3m[AndroidUiautomator2Driver@db64]&amp#27;[0m Forwarding UiAutomator2 Server port 6790 to local port 8200
&amp#27;[38;5;177m[03e3fac2]&amp#27;[0m&amp#27;[38;5;229m[ADB]&amp#27;[0m Forwarding system: 8200 to device: 6790
&amp#27;[38;5;177m[03e3fac2]&amp#27;[0m&amp#27;[38;5;229m[ADB]&amp#27;[0m Running 'C:\Users\Harsh Vardhan Singh\AppData\Local\Android\Sdk\platform-tools\adb.exe -P 5037 -s emulator-5554 forward tcp:8200 tcp:6790'
&amp#27;[38;5;177m[03e3fac2]&amp#27;[0m&amp#27;[38;5;229m[ADB]&amp#27;[0m Getting package info for 'io.appium.uiautomator2.server'
&amp#27;[38;5;177m[03e3fac2]&amp#27;[0m&amp#27;[38;5;229m[ADB]&amp#27;[0m Running 'C:\Users\Harsh Vardhan Singh\AppData\Local\Android\Sdk\platform-tools\adb.exe -P 5037 -s emulator-5554 shell dumpsys package io.appium.uiautomator2.server'
&amp#27;[38;5;177m[03e3fac2]&amp#27;[0m&amp#27;[38;5;229m[ADB]&amp#27;[0m Getting install status for io.appium.uiautomator2.server.test
&amp#27;[38;5;177m[03e3fac2]&amp#27;[0m&amp#27;[38;5;229m[ADB]&amp#27;[0m Checking app cert for D:\Android Automation Framework\Android_Framework\App\General-Store.apk
&amp#27;[38;5;177m[03e3fac2]&amp#27;[0m&amp#27;[38;5;229m[ADB]&amp#27;[0m Running 'C:\Users\Harsh Vardhan Singh\AppData\Local\Android\Sdk\platform-tools\adb.exe -P 5037 -s emulator-5554 shell cmd package list packages'
&amp#27;[38;5;177m[03e3fac2]&amp#27;[0m&amp#27;[38;5;229m[ADB]&amp#27;[0m Using 'apksigner.jar' from 'C:\Users\Harsh Vardhan Singh\AppData\Local\Android\Sdk\build-tools\35.0.0\lib\apksigner.jar'
&amp#27;[38;5;177m[03e3fac2]&amp#27;[0m&amp#27;[38;5;229m[ADB]&amp#27;[0m Starting apksigner: 'C:\\Program Files\\Common Files\\Oracle\\Java\\javapath\\java.exe' -Xmx1024M -Xss1m -jar 'C:\\Users\\Harsh Vardhan Singh\\AppData\\Local\\Android\\Sdk\\build-tools\\35.0.0\\lib\\apksigner.jar' verify --print-certs 'D:\\Android Automation Framework\\Android_Framework\\App\\General-Store.apk'
&amp#27;[38;5;177m[03e3fac2]&amp#27;[0m&amp#27;[38;5;229m[ADB]&amp#27;[0m Reading package manifest: ''C:\\Users\\Harsh Vardhan Singh\\AppData\\Local\\Android\\Sdk\\build-tools\\35.0.0\\aapt2.exe' dump badging 'C:\\Users\\Harsh Vardhan Singh\\.appium\\node_modules\\appium-uiautomator2-driver\\node_modules\\appium-uiautomator2-server\\apks\\appium-uiautomator2-server-v7.1.1.apk''
&amp#27;[38;5;177m[03e3fac2]&amp#27;[0m&amp#27;[38;5;229m[ADB]&amp#27;[0m 'io.appium.uiautomator2.server.test' is installed
&amp#27;[38;5;177m[03e3fac2]&amp#27;[0m&amp#27;[38;5;229m[ADB]&amp#27;[0m The version name of the installed 'io.appium.uiautomator2.server' is greater or equal to the application version name ('7.1.1' >= '7.1.1')
&amp#27;[38;5;177m[03e3fac2]&amp#27;[0m&amp#27;[38;5;-3m[AndroidUiautomator2Driver@db64]&amp#27;[0m Server packages status: [{"installState":"sameVersionInstalled","appPath":"C:\\Users\\Harsh Vardhan Singh\\.appium\\node_modules\\appium-uiautomator2-driver\\node_modules\\appium-uiautomator2-server\\apks\\appium-uiautomator2-server-v7.1.1.apk","appId":"io.appium.uiautomator2.server"},{"installState":"sameVersionInstalled","appPath":"C:\\Users\\Harsh Vardhan Singh\\.appium\\node_modules\\appium-uiautomator2-driver\\node_modules\\appium-uiautomator2-server\\apks\\appium-uiautomator2-server-debug-androidTest.apk","appId":"io.appium.uiautomator2.server.test"}]
&amp#27;[38;5;177m[03e3fac2]&amp#27;[0m&amp#27;[38;5;-3m[AndroidUiautomator2Driver@db64]&amp#27;[0m Server packages are not going to be (re)installed
&amp#27;[38;5;177m[03e3fac2]&amp#27;[0m&amp#27;[38;5;-3m[AndroidUiautomator2Driver@db64]&amp#27;[0m Waiting up to 30000ms for services to be available
&amp#27;[38;5;177m[03e3fac2]&amp#27;[0m&amp#27;[38;5;229m[ADB]&amp#27;[0m Running 'C:\Users\Harsh Vardhan Singh\AppData\Local\Android\Sdk\platform-tools\adb.exe -P 5037 -s emulator-5554 shell pm list instrumentation'
&amp#27;[38;5;177m[03e3fac2]&amp#27;[0m&amp#27;[38;5;-3m[AndroidUiautomator2Driver@db64]&amp#27;[0m Instrumentation target 'io.appium.uiautomator2.server.test/androidx.test.runner.AndroidJUnitRunner' is available
&amp#27;[38;5;177m[03e3fac2]&amp#27;[0m&amp#27;[38;5;229m[ADB]&amp#27;[0m Adding packages ["io.appium.settings","io.appium.uiautomator2.server","io.appium.uiautomator2.server.test"] to Doze whitelist
&amp#27;[38;5;177m[03e3fac2]&amp#27;[0m&amp#27;[38;5;229m[ADB]&amp#27;[0m Got the following command chunks to execute: [["dumpsys","deviceidle","whitelist","+io.appium.settings",";","dumpsys","deviceidle","whitelist","+io.appium.uiautomator2.server",";","dumpsys","deviceidle","whitelist","+io.appium.uiautomator2.server.test",";"]]
&amp#27;[38;5;177m[03e3fac2]&amp#27;[0m&amp#27;[38;5;229m[ADB]&amp#27;[0m Running 'C:\Users\Harsh Vardhan Singh\AppData\Local\Android\Sdk\platform-tools\adb.exe -P 5037 -s emulator-5554 shell dumpsys deviceidle whitelist +io.appium.settings ; dumpsys deviceidle whitelist +io.appium.uiautomator2.server ; dumpsys deviceidle whitelist +io.appium.uiautomator2.server.test ;'
&amp#27;[38;5;177m[03e3fac2]&amp#27;[0m&amp#27;[38;5;229m[ADB]&amp#27;[0m apksigner stdout: Signer #1 certificate DN: EMAILADDRESS=android@android.com, CN=Android, OU=Android, O=Android, L=Mountain View, ST=California, C=US
Signer #1 certificate SHA-256 digest: a40da80a59d170caa950cf15c18c454d47a39b26989d8b640ecd745ba71bf5dc
Signer #1 certificate SHA-1 digest: 61ed377e85d386a8dfee6b864bd85b0bfaa5af81
Signer #1 certificate MD5 digest: e89b158e4bcf988ebd09eb83f5378e87

&amp#27;[38;5;177m[03e3fac2]&amp#27;[0m&amp#27;[38;5;229m[ADB]&amp#27;[0m sha256 hash did match for 'General-Store.apk'
&amp#27;[38;5;177m[03e3fac2]&amp#27;[0m&amp#27;[38;5;229m[ADB]&amp#27;[0m 'D:\Android Automation Framework\Android_Framework\App\General-Store.apk' is signed with the default certificate
&amp#27;[38;5;177m[03e3fac2]&amp#27;[0m&amp#27;[38;5;229m[ADB]&amp#27;[0m Getting package info for 'com.androidsample.generalstore'
&amp#27;[38;5;177m[03e3fac2]&amp#27;[0m&amp#27;[38;5;229m[ADB]&amp#27;[0m Running 'C:\Users\Harsh Vardhan Singh\AppData\Local\Android\Sdk\platform-tools\adb.exe -P 5037 -s emulator-5554 shell dumpsys package com.androidsample.generalstore'
&amp#27;[38;5;177m[03e3fac2]&amp#27;[0m&amp#27;[38;5;229m[ADB]&amp#27;[0m Reading package manifest: ''C:\\Users\\Harsh Vardhan Singh\\AppData\\Local\\Android\\Sdk\\build-tools\\35.0.0\\aapt2.exe' dump badging 'D:\\Android Automation Framework\\Android_Framework\\App\\General-Store.apk''
&amp#27;[38;5;177m[03e3fac2]&amp#27;[0m&amp#27;[38;5;229m[ADB]&amp#27;[0m The version name of the installed 'com.androidsample.generalstore' is greater or equal to the application version name ('1.0.0' >= '1.0.0')
&amp#27;[38;5;177m[03e3fac2]&amp#27;[0m&amp#27;[38;5;229m[ADB]&amp#27;[0m There is no need to install/upgrade 'D:\Android Automation Framework\Android_Framework\App\General-Store.apk'
&amp#27;[38;5;177m[03e3fac2]&amp#27;[0m&amp#27;[38;5;-3m[AndroidUiautomator2Driver@db64]&amp#27;[0m Performing fast reset on 'com.androidsample.generalstore'
&amp#27;[38;5;177m[03e3fac2]&amp#27;[0m&amp#27;[38;5;229m[ADB]&amp#27;[0m Getting install status for com.androidsample.generalstore
&amp#27;[38;5;177m[03e3fac2]&amp#27;[0m&amp#27;[38;5;229m[ADB]&amp#27;[0m Running 'C:\Users\Harsh Vardhan Singh\AppData\Local\Android\Sdk\platform-tools\adb.exe -P 5037 -s emulator-5554 shell cmd package list packages'
&amp#27;[38;5;177m[03e3fac2]&amp#27;[0m&amp#27;[38;5;229m[ADB]&amp#27;[0m 'com.androidsample.generalstore' is installed
&amp#27;[38;5;177m[03e3fac2]&amp#27;[0m&amp#27;[38;5;229m[ADB]&amp#27;[0m Running 'C:\Users\Harsh Vardhan Singh\AppData\Local\Android\Sdk\platform-tools\adb.exe -P 5037 -s emulator-5554 shell am force-stop com.androidsample.generalstore'
&amp#27;[38;5;177m[03e3fac2]&amp#27;[0m&amp#27;[38;5;229m[ADB]&amp#27;[0m Running 'C:\Users\Harsh Vardhan Singh\AppData\Local\Android\Sdk\platform-tools\adb.exe -P 5037 -s emulator-5554 shell pm clear com.androidsample.generalstore'
&amp#27;[38;5;177m[03e3fac2]&amp#27;[0m&amp#27;[38;5;-3m[AndroidUiautomator2Driver@db64]&amp#27;[0m Performed fast reset on the installed 'com.androidsample.generalstore' application (stop and clear)
&amp#27;[38;5;177m[03e3fac2]&amp#27;[0m&amp#27;[38;5;-3m[AndroidUiautomator2Driver@db64]&amp#27;[0m Performing shallow cleanup of automation leftovers
&amp#27;[38;5;177m[03e3fac2]&amp#27;[0m&amp#27;[38;5;-3m[AndroidUiautomator2Driver@db64]&amp#27;[0m No obsolete sessions have been detected (socket hang up)
&amp#27;[38;5;177m[03e3fac2]&amp#27;[0m&amp#27;[38;5;229m[ADB]&amp#27;[0m Running 'C:\Users\Harsh Vardhan Singh\AppData\Local\Android\Sdk\platform-tools\adb.exe -P 5037 -s emulator-5554 shell am force-stop io.appium.uiautomator2.server'
&amp#27;[38;5;177m[03e3fac2]&amp#27;[0m&amp#27;[38;5;229m[ADB]&amp#27;[0m Running 'C:\Users\Harsh Vardhan Singh\AppData\Local\Android\Sdk\platform-tools\adb.exe -P 5037 -s emulator-5554 shell am force-stop io.appium.uiautomator2.server.test'
&amp#27;[38;5;177m[03e3fac2]&amp#27;[0m&amp#27;[38;5;-3m[AndroidUiautomator2Driver@db64]&amp#27;[0m Starting UIAutomator2 server 7.1.1
&amp#27;[38;5;177m[03e3fac2]&amp#27;[0m&amp#27;[38;5;-3m[AndroidUiautomator2Driver@db64]&amp#27;[0m Using UIAutomator2 server from 'C:\Users\Harsh Vardhan Singh\.appium\node_modules\appium-uiautomator2-driver\node_modules\appium-uiautomator2-server\apks\appium-uiautomator2-server-v7.1.1.apk' and test from 'C:\Users\Harsh Vardhan Singh\.appium\node_modules\appium-uiautomator2-driver\node_modules\appium-uiautomator2-server\apks\appium-uiautomator2-server-debug-androidTest.apk'
&amp#27;[38;5;177m[03e3fac2]&amp#27;[0m&amp#27;[38;5;-3m[AndroidUiautomator2Driver@db64]&amp#27;[0m Waiting up to 30000ms for UiAutomator2 to be online...
&amp#27;[38;5;177m[03e3fac2]&amp#27;[0m&amp#27;[38;5;229m[ADB]&amp#27;[0m Creating ADB subprocess with args: ["-P","5037","-s","emulator-5554","shell","am","instrument","-w","-e","disableAnalytics","true","io.appium.uiautomator2.server.test/androidx.test.runner.AndroidJUnitRunner"]
&amp#27;[38;5;177m[03e3fac2]&amp#27;[0m&amp#27;[38;5;-3m[AndroidUiautomator2Driver@db64]&amp#27;[0m Matched '/status' to command name 'getStatus'
&amp#27;[38;5;177m[03e3fac2]&amp#27;[0m&amp#27;[38;5;-3m[AndroidUiautomator2Driver@db64]&amp#27;[0m Proxying [GET /status] to [GET http://127.0.0.1:8200/status] with no body
&amp#27;[38;5;177m[03e3fac2]&amp#27;[0m&amp#27;[38;5;-3m[AndroidUiautomator2Driver@db64]&amp#27;[0m socket hang up
&amp#27;[38;5;177m[03e3fac2]&amp#27;[0m&amp#27;[38;5;-3m[AndroidUiautomator2Driver@db64]&amp#27;[0m [Instrumentation] 
&amp#27;[38;5;177m[03e3fac2]&amp#27;[0m&amp#27;[38;5;-3m[AndroidUiautomator2Driver@db64]&amp#27;[0m Matched '/status' to command name 'getStatus'
&amp#27;[38;5;177m[03e3fac2]&amp#27;[0m&amp#27;[38;5;-3m[AndroidUiautomator2Driver@db64]&amp#27;[0m Proxying [GET /status] to [GET http://127.0.0.1:8200/status] with no body
&amp#27;[38;5;177m[03e3fac2]&amp#27;[0m&amp#27;[38;5;-3m[AndroidUiautomator2Driver@db64]&amp#27;[0m socket hang up
&amp#27;[38;5;177m[03e3fac2]&amp#27;[0m&amp#27;[38;5;-3m[AndroidUiautomator2Driver@db64]&amp#27;[0m Matched '/status' to command name 'getStatus'
&amp#27;[38;5;177m[03e3fac2]&amp#27;[0m&amp#27;[38;5;-3m[AndroidUiautomator2Driver@db64]&amp#27;[0m Proxying [GET /status] to [GET http://127.0.0.1:8200/status] with no body
&amp#27;[38;5;177m[03e3fac2]&amp#27;[0m&amp#27;[38;5;-3m[AndroidUiautomator2Driver@db64]&amp#27;[0m Got response with status 200: {"sessionId":"None","value":{"message":"UiAutomator2 Server is ready to accept commands","ready":true}}
&amp#27;[38;5;177m[03e3fac2]&amp#27;[0m&amp#27;[38;5;-3m[AndroidUiautomator2Driver@db64]&amp#27;[0m The initialization of the instrumentation process took 2166ms
&amp#27;[38;5;177m[03e3fac2]&amp#27;[0m&amp#27;[38;5;-3m[AndroidUiautomator2Driver@db64]&amp#27;[0m Matched '/session' to command name 'createSession'
&amp#27;[38;5;177m[03e3fac2]&amp#27;[0m&amp#27;[38;5;-3m[AndroidUiautomator2Driver@db64]&amp#27;[0m Proxying [POST /session] to [POST http://127.0.0.1:8200/session] with body: {"capabilities":{"firstMatch":[{"platformName":"ANDROID","chromedriverUseSystemExecutable":true,"deviceName":"emulator-5554","automationName":"UIAutomator2","app":"D:\\Android Automation Framework\\Android_Framework\\App\\General-Store.apk","platform":"LINUX","webStorageEnabled":false,"takesScreenshot":true,"javascriptEnabled":true,"databaseEnabled":false,"networkConnectionEnabled":true,"locationContextEnabled":false,"warnings":{},"desired":{"platformName":"ANDROID","chromedriverUseSystemExecutable":true,"deviceName":"HarshEmulator","automationName":"UIAutomator2","app":"D:\\Android Automation Framework\\Android_Framework\\App\\General-Store.apk"},"deviceUDID":"emulator-5554","appPackage":"com.androidsample.generalstore"}],"alwaysMatch":{}}}
&amp#27;[38;5;177m[03e3fac2]&amp#27;[0m&amp#27;[38;5;-3m[AndroidUiautomator2Driver@db64]&amp#27;[0m Got response with status 200: {"sessionId":"8483e4d5-862e-4542-9a38-cbaca7499291","value":{"capabilities":{"firstMatch":[{"platformName":"ANDROID","chromedriverUseSystemExecutable":true,"deviceName":"emulator-5554","automationName":"UIAutomator2","app":"D:\\Android Automation Framework\\Android_Framework\\App\\General-Store.apk","platform":"LINUX","webStorageEnabled":false,"takesScreenshot":true,"javascriptEnabled":true,"databaseEnabled":false,"networkConnectionEnabled":true,"locationContextEnabled":false,"warnings":{},"desired":{"platformName":"ANDROID","chromedriverUseSystemExecutable":true,"deviceName":"HarshEmulator","automationName":"UIAutomator2","app":"D:\\Android Automation Framework\\Android_Framework\\App\\General-Store.apk"},"deviceUDID":"emulator-5554","appPackage":"com.androidsample.generalstore"}],"alwaysMatch":{}},"sessionId":"8483e4d5-862e-4542-9a38-cbaca7499291"}}
&amp#27;[38;5;177m[03e3fac2]&amp#27;[0m&amp#27;[38;5;-3m[AndroidUiautomator2Driver@db64]&amp#27;[0m Determined the downstream protocol as 'W3C'
&amp#27;[38;5;177m[03e3fac2]&amp#27;[0m&amp#27;[38;5;-3m[AndroidUiautomator2Driver@db64]&amp#27;[0m Proxying [GET /appium/device/pixel_ratio] to [GET http://127.0.0.1:8200/session/8483e4d5-862e-4542-9a38-cbaca7499291/appium/device/pixel_ratio] with no body
&amp#27;[38;5;177m[03e3fac2]&amp#27;[0m&amp#27;[38;5;-3m[AndroidUiautomator2Driver@db64]&amp#27;[0m Matched '/appium/device/system_bars' to command name 'getSystemBars'
&amp#27;[38;5;177m[03e3fac2]&amp#27;[0m&amp#27;[38;5;-3m[AndroidUiautomator2Driver@db64]&amp#27;[0m Proxying [GET /appium/device/system_bars] to [GET http://127.0.0.1:8200/session/8483e4d5-862e-4542-9a38-cbaca7499291/appium/device/system_bars] with no body
&amp#27;[38;5;177m[03e3fac2]&amp#27;[0m&amp#27;[38;5;-3m[AndroidUiautomator2Driver@db64]&amp#27;[0m Matched '/window/current/size' to command name 'getWindowSize'
&amp#27;[38;5;177m[03e3fac2]&amp#27;[0m&amp#27;[38;5;-3m[AndroidUiautomator2Driver@db64]&amp#27;[0m Proxying [GET /window/current/size] to [GET http://127.0.0.1:8200/session/8483e4d5-862e-4542-9a38-cbaca7499291/window/current/size] with no body
&amp#27;[38;5;177m[03e3fac2]&amp#27;[0m&amp#27;[38;5;-3m[AndroidUiautomator2Driver@db64]&amp#27;[0m Proxying [GET /appium/device/info] to [GET http://127.0.0.1:8200/session/8483e4d5-862e-4542-9a38-cbaca7499291/appium/device/info] with no body
&amp#27;[38;5;177m[03e3fac2]&amp#27;[0m&amp#27;[38;5;229m[ADB]&amp#27;[0m Running 'C:\Users\Harsh Vardhan Singh\AppData\Local\Android\Sdk\platform-tools\adb.exe -P 5037 -s emulator-5554 shell dumpsys window'
&amp#27;[38;5;177m[03e3fac2]&amp#27;[0m&amp#27;[38;5;229m[ADB]&amp#27;[0m Running 'C:\Users\Harsh Vardhan Singh\AppData\Local\Android\Sdk\platform-tools\adb.exe -P 5037 -s emulator-5554 shell dumpsys power'
&amp#27;[38;5;177m[03e3fac2]&amp#27;[0m&amp#27;[38;5;-3m[AndroidUiautomator2Driver@db64]&amp#27;[0m Got response with status 200: {"sessionId":"8483e4d5-862e-4542-9a38-cbaca7499291","value":2.75}
&amp#27;[38;5;177m[03e3fac2]&amp#27;[0m&amp#27;[38;5;-3m[AndroidUiautomator2Driver@db64]&amp#27;[0m Got response with status 200: {"sessionId":"8483e4d5-862e-4542-9a38-cbaca7499291","value":{"statusBar":83}}
&amp#27;[38;5;177m[03e3fac2]&amp#27;[0m&amp#27;[38;5;-3m[AndroidUiautomator2Driver@db64]&amp#27;[0m Got response with status 200: {"sessionId":"8483e4d5-862e-4542-9a38-cbaca7499291","value":{"height":2280,"width":1080}}
&amp#27;[38;5;177m[03e3fac2]&amp#27;[0m&amp#27;[38;5;-3m[AndroidUiautomator2Driver@db64]&amp#27;[0m Screen already unlocked, doing nothing
&amp#27;[38;5;177m[03e3fac2]&amp#27;[0m&amp#27;[38;5;-3m[AndroidUiautomator2Driver@db64]&amp#27;[0m Starting 'com.androidsample.generalstore/com.androidsample.generalstore.SplashActivity and waiting for 'com.androidsample.generalstore/com.androidsample.generalstore.SplashActivity'
&amp#27;[38;5;177m[03e3fac2]&amp#27;[0m&amp#27;[38;5;229m[ADB]&amp#27;[0m Running 'C:\Users\Harsh Vardhan Singh\AppData\Local\Android\Sdk\platform-tools\adb.exe -P 5037 -s emulator-5554 shell am start -W -n com.androidsample.generalstore/com.androidsample.generalstore.SplashActivity -S -a android.intent.action.MAIN -c android.intent.category.LAUNCHER -f 0x10200000'
&amp#27;[38;5;177m[03e3fac2]&amp#27;[0m&amp#27;[38;5;-3m[AndroidUiautomator2Driver@db64]&amp#27;[0m Got response with status 200: {"sessionId":"8483e4d5-862e-4542-9a38-cbaca7499291","value":{"androidId":"1ff6e7570d05646c","apiVersion":"35","bluetooth":{"state":"ON"},"brand":"google","carrierName":"T-Mobile","displayDensity":440,"locale":"en_US","manufacturer":"Google","model":"sdk_gphone64_x86_64","networks":[{"capabilities":{"SSID":null,"linkDownBandwidthKbps":4300,"linkUpstreamBandwidthKbps":1800,"networkCapabilities":"NET_CAPABILITY_MMS,NET_CAPABILITY_SUPL,NET_CAPABILITY_IA,NET_CAPABILITY_XCAP,NET_CAPABILITY_INTERNET,NET_CAPABILITY_NOT_RESTRICTED,NET_CAPABILITY_TRUSTED,NET_CAPABILITY_NOT_VPN,NET_CAPABILITY_VALIDATED,NET_CAPABILITY_NOT_ROAMING,NET_CAPABILITY_NOT_CONGESTED,NET_CAPABILITY_NOT_SUSPENDED","signalStrength":-2147483648,"transportTypes":"TRANSPORT_CELLULAR"},"detailedState":"CONNECTED","extraInfo":"fast.t-mobile.com","isAvailable":true,"isConnected":true,"isFailover":false,"isRoaming":false,"state":"CONNECTED","subtype":10,"subtypeName":"HSPA","type":0,"typeName":"MOBILE"},{"capabilities":{"SSID":null,"linkDownBandwidthKb...
&amp#27;[38;5;177m[03e3fac2]&amp#27;[0m&amp#27;[38;5;229m[ADB]&amp#27;[0m Waiting up to 20000ms for activity matching pkg: 'com.androidsample.generalstore' and activity: 'com.androidsample.generalstore.SplashActivity' to be focused
&amp#27;[38;5;177m[03e3fac2]&amp#27;[0m&amp#27;[38;5;229m[ADB]&amp#27;[0m Possible activities, to be checked: 'com.androidsample.generalstore.SplashActivity', 'com.androidsample.generalstore.com.androidsample.generalstore.SplashActivity'
&amp#27;[38;5;177m[03e3fac2]&amp#27;[0m&amp#27;[38;5;229m[ADB]&amp#27;[0m Getting focused package and activity
&amp#27;[38;5;177m[03e3fac2]&amp#27;[0m&amp#27;[38;5;229m[ADB]&amp#27;[0m Running 'C:\Users\Harsh Vardhan Singh\AppData\Local\Android\Sdk\platform-tools\adb.exe -P 5037 -s emulator-5554 shell dumpsys window displays'
&amp#27;[38;5;177m[03e3fac2]&amp#27;[0m&amp#27;[38;5;229m[ADB]&amp#27;[0m Found package: 'com.androidsample.generalstore' and fully qualified activity name : 'com.androidsample.generalstore.SplashActivity'
&amp#27;[38;5;177m[03e3fac2]&amp#27;[0m&amp#27;[38;5;135m[AppiumDriver@aec6]&amp#27;[0m New AndroidUiautomator2Driver session created successfully, session 03e3fac2-18d9-4400-8767-ea99175305f7 added to master session list
&amp#27;[38;5;177m[03e3fac2]&amp#27;[0m&amp#27;[38;5;135m[AppiumDriver@aec6]&amp#27;[0m Event 'newSessionStarted' logged at 1732112477100 (19:51:17 GMT+0530 (India Standard Time))
&amp#27;[38;5;177m[03e3fac2]&amp#27;[0m&amp#27;[38;5;-3m[AndroidUiautomator2Driver@db64]&amp#27;[0m Cached the protocol value 'W3C' for the new session 03e3fac2-18d9-4400-8767-ea99175305f7
&amp#27;[38;5;177m[03e3fac2]&amp#27;[0m&amp#27;[38;5;-3m[AndroidUiautomator2Driver@db64]&amp#27;[0m Responding to client with driver.createSession() result: {"capabilities":{"platformName":"ANDROID","chromedriverUseSystemExecutable":true,"deviceName":"emulator-5554","automationName":"UIAutomator2","app":"D:\\Android Automation Framework\\Android_Framework\\App\\General-Store.apk","platform":"LINUX","webStorageEnabled":false,"takesScreenshot":true,"javascriptEnabled":true,"databaseEnabled":false,"networkConnectionEnabled":true,"locationContextEnabled":false,"warnings":{},"desired":{"platformName":"ANDROID","chromedriverUseSystemExecutable":true,"deviceName":"HarshEmulator","automationName":"UIAutomator2","app":"D:\\Android Automation Framework\\Android_Framework\\App\\General-Store.apk"},"deviceUDID":"emulator-5554","appPackage":"com.androidsample.generalstore","pixelRatio":"2.75","statBarHeight":83,"viewportRect":{"left":0,"top":83,"width":1080,"height":2197},"deviceApiLevel":35,"platformVersion":"15","deviceManufacturer":"Google","deviceModel":"sdk_gphone64_x86_64","deviceScreenSize":"1080x2280","deviceScreenDensity":440}}
&amp#27;[38;5;177m[03e3fac2]&amp#27;[0m&amp#27;[38;5;86m[HTTP]&amp#27;[0m &amp#27;[37m<-- POST /session &amp#27;[39m&amp#27;[32m200&amp#27;[39m &amp#27;[90m4425 ms - 1045&amp#27;[39m &amp#27;[90m&amp#27;[39m
&amp#27;[38;5;177m[03e3fac2]&amp#27;[0m&amp#27;[38;5;86m[HTTP]&amp#27;[0m &amp#27;[37m-->&amp#27;[39m &amp#27;[37mPOST&amp#27;[39m &amp#27;[37m/session/03e3fac2-18d9-4400-8767-ea99175305f7/timeouts&amp#27;[39m &amp#27;[90m{"implicit":20000}&amp#27;[39m
&amp#27;[38;5;177m[03e3fac2]&amp#27;[0m&amp#27;[38;5;-3m[AndroidUiautomator2Driver@db64]&amp#27;[0m Calling AppiumDriver.timeouts() with args: [null,null,null,null,20000,"03e3fac2-18d9-4400-8767-ea99175305f7"]
&amp#27;[38;5;177m[03e3fac2]&amp#27;[0m&amp#27;[38;5;-3m[AndroidUiautomator2Driver@db64]&amp#27;[0m W3C timeout argument: {"implicit":20000}}
&amp#27;[38;5;177m[03e3fac2]&amp#27;[0m&amp#27;[38;5;-3m[AndroidUiautomator2Driver@db64]&amp#27;[0m Set implicit wait to 20000ms
&amp#27;[38;5;177m[03e3fac2]&amp#27;[0m&amp#27;[38;5;-3m[AndroidUiautomator2Driver@db64]&amp#27;[0m Responding to client with driver.timeouts() result: null
&amp#27;[38;5;177m[03e3fac2]&amp#27;[0m&amp#27;[38;5;86m[HTTP]&amp#27;[0m &amp#27;[37m<-- POST /session/03e3fac2-18d9-4400-8767-ea99175305f7/timeouts &amp#27;[39m&amp#27;[32m200&amp#27;[39m &amp#27;[90m2 ms - 14&amp#27;[39m &amp#27;[90m&amp#27;[39m
&amp#27;[38;5;177m[03e3fac2]&amp#27;[0m&amp#27;[38;5;86m[HTTP]&amp#27;[0m &amp#27;[37m-->&amp#27;[39m &amp#27;[37mGET&amp#27;[39m &amp#27;[37m/session/03e3fac2-18d9-4400-8767-ea99175305f7/context&amp#27;[39m &amp#27;[90m{}&amp#27;[39m
&amp#27;[38;5;177m[03e3fac2]&amp#27;[0m&amp#27;[38;5;-3m[AndroidUiautomator2Driver@db64]&amp#27;[0m Calling AppiumDriver.getCurrentContext() with args: ["03e3fac2-18d9-4400-8767-ea99175305f7"]
&amp#27;[38;5;177m[03e3fac2]&amp#27;[0m&amp#27;[38;5;-3m[AndroidUiautomator2Driver@db64]&amp#27;[0m Responding to client with driver.getCurrentContext() result: "NATIVE_APP"
&amp#27;[38;5;177m[03e3fac2]&amp#27;[0m&amp#27;[38;5;86m[HTTP]&amp#27;[0m &amp#27;[37m<-- GET /session/03e3fac2-18d9-4400-8767-ea99175305f7/context &amp#27;[39m&amp#27;[32m200&amp#27;[39m &amp#27;[90m2 ms - 22&amp#27;[39m &amp#27;[90m&amp#27;[39m
&amp#27;[38;5;177m[03e3fac2]&amp#27;[0m&amp#27;[38;5;86m[HTTP]&amp#27;[0m &amp#27;[37m-->&amp#27;[39m &amp#27;[37mPOST&amp#27;[39m &amp#27;[37m/session/03e3fac2-18d9-4400-8767-ea99175305f7/element&amp#27;[39m &amp#27;[90m{"value":"com.androidsample.generalstore:id/nameField","using":"id"}&amp#27;[39m
&amp#27;[38;5;177m[03e3fac2]&amp#27;[0m&amp#27;[38;5;-3m[AndroidUiautomator2Driver@db64]&amp#27;[0m Calling AppiumDriver.findElement() with args: ["id","com.androidsample.generalstore:id/nameField","03e3fac2-18d9-4400-8767-ea99175305f7"]
&amp#27;[38;5;177m[03e3fac2]&amp#27;[0m&amp#27;[38;5;-3m[AndroidUiautomator2Driver@db64]&amp#27;[0m Valid locator strategies for this request: xpath, id, class name, accessibility id, css selector, -android uiautomator
&amp#27;[38;5;177m[03e3fac2]&amp#27;[0m&amp#27;[38;5;-3m[AndroidUiautomator2Driver@db64]&amp#27;[0m Waiting up to 20000 ms for condition
&amp#27;[38;5;177m[03e3fac2]&amp#27;[0m&amp#27;[38;5;-3m[AndroidUiautomator2Driver@db64]&amp#27;[0m Matched '/element' to command name 'findElement'
&amp#27;[38;5;177m[03e3fac2]&amp#27;[0m&amp#27;[38;5;-3m[AndroidUiautomator2Driver@db64]&amp#27;[0m Proxying [POST /element] to [POST http://127.0.0.1:8200/session/8483e4d5-862e-4542-9a38-cbaca7499291/element] with body: {"strategy":"id","selector":"com.androidsample.generalstore:id/nameField","context":"","multiple":false}
&amp#27;[38;5;177m[03e3fac2]&amp#27;[0m&amp#27;[38;5;-3m[AndroidUiautomator2Driver@db64]&amp#27;[0m Got response with status 404: {"sessionId":"8483e4d5-862e-4542-9a38-cbaca7499291","value":{"error":"no such element","message":"An element could not be located on the page using the given search parameters","stacktrace":"io.appium.uiautomator2.common.exceptions.ElementNotFoundException: An element could not be located on the page using the given search parameters\n\tat io.appium.uiautomator2.handler.FindElement.safeHandle(FindElement.java:63)\n\tat io.appium.uiautomator2.handler.request.SafeRequestHandler.handle(SafeRequestHandler.java:59)\n\tat io.appium.uiautomator2.server.AppiumServlet.handleRequest(AppiumServlet.java:259)\n\tat io.appium.uiautomator2.server.AppiumServlet.handleHttpRequest(AppiumServlet.java:253)\n\tat io.appium.uiautomator2.http.ServerHandler.channelRead(ServerHandler.java:77)\n\tat io.netty.channel.AbstractChannelHandlerContext.invokeChannelRead(AbstractChannelHandlerContext.java:366)\n\tat io.netty.channel.AbstractChannelHandlerContext.invokeChannelRead(AbstractChannelHandlerContext.java:352)\n\tat io.netty.chann...
&amp#27;[38;5;177m[03e3fac2]&amp#27;[0m&amp#27;[38;5;123m[W3C]&amp#27;[0m Matched W3C error code 'no such element' to NoSuchElementError
&amp#27;[38;5;177m[03e3fac2]&amp#27;[0m&amp#27;[38;5;-3m[AndroidUiautomator2Driver@db64]&amp#27;[0m Waited for 352 ms so far
&amp#27;[38;5;177m[03e3fac2]&amp#27;[0m&amp#27;[38;5;-3m[AndroidUiautomator2Driver@db64]&amp#27;[0m Matched '/element' to command name 'findElement'
&amp#27;[38;5;177m[03e3fac2]&amp#27;[0m&amp#27;[38;5;-3m[AndroidUiautomator2Driver@db64]&amp#27;[0m Proxying [POST /element] to [POST http://127.0.0.1:8200/session/8483e4d5-862e-4542-9a38-cbaca7499291/element] with body: {"strategy":"id","selector":"com.androidsample.generalstore:id/nameField","context":"","multiple":false}
&amp#27;[38;5;177m[03e3fac2]&amp#27;[0m&amp#27;[38;5;-3m[AndroidUiautomator2Driver@db64]&amp#27;[0m Got response with status 404: {"sessionId":"8483e4d5-862e-4542-9a38-cbaca7499291","value":{"error":"no such element","message":"An element could not be located on the page using the given search parameters","stacktrace":"io.appium.uiautomator2.common.exceptions.ElementNotFoundException: An element could not be located on the page using the given search parameters\n\tat io.appium.uiautomator2.handler.FindElement.safeHandle(FindElement.java:63)\n\tat io.appium.uiautomator2.handler.request.SafeRequestHandler.handle(SafeRequestHandler.java:59)\n\tat io.appium.uiautomator2.server.AppiumServlet.handleRequest(AppiumServlet.java:259)\n\tat io.appium.uiautomator2.server.AppiumServlet.handleHttpRequest(AppiumServlet.java:253)\n\tat io.appium.uiautomator2.http.ServerHandler.channelRead(ServerHandler.java:77)\n\tat io.netty.channel.AbstractChannelHandlerContext.invokeChannelRead(AbstractChannelHandlerContext.java:366)\n\tat io.netty.channel.AbstractChannelHandlerContext.invokeChannelRead(AbstractChannelHandlerContext.java:352)\n\tat io.netty.chann...
&amp#27;[38;5;177m[03e3fac2]&amp#27;[0m&amp#27;[38;5;123m[W3C]&amp#27;[0m Matched W3C error code 'no such element' to NoSuchElementError
&amp#27;[38;5;177m[03e3fac2]&amp#27;[0m&amp#27;[38;5;-3m[AndroidUiautomator2Driver@db64]&amp#27;[0m Waited for 882 ms so far
&amp#27;[38;5;177m[03e3fac2]&amp#27;[0m&amp#27;[38;5;-3m[AndroidUiautomator2Driver@db64]&amp#27;[0m Matched '/element' to command name 'findElement'
&amp#27;[38;5;177m[03e3fac2]&amp#27;[0m&amp#27;[38;5;-3m[AndroidUiautomator2Driver@db64]&amp#27;[0m Proxying [POST /element] to [POST http://127.0.0.1:8200/session/8483e4d5-862e-4542-9a38-cbaca7499291/element] with body: {"strategy":"id","selector":"com.androidsample.generalstore:id/nameField","context":"","multiple":false}
&amp#27;[38;5;177m[03e3fac2]&amp#27;[0m&amp#27;[38;5;-3m[AndroidUiautomator2Driver@db64]&amp#27;[0m Got response with status 404: {"sessionId":"8483e4d5-862e-4542-9a38-cbaca7499291","value":{"error":"no such element","message":"An element could not be located on the page using the given search parameters","stacktrace":"io.appium.uiautomator2.common.exceptions.ElementNotFoundException: An element could not be located on the page using the given search parameters\n\tat io.appium.uiautomator2.handler.FindElement.safeHandle(FindElement.java:63)\n\tat io.appium.uiautomator2.handler.request.SafeRequestHandler.handle(SafeRequestHandler.java:59)\n\tat io.appium.uiautomator2.server.AppiumServlet.handleRequest(AppiumServlet.java:259)\n\tat io.appium.uiautomator2.server.AppiumServlet.handleHttpRequest(AppiumServlet.java:253)\n\tat io.appium.uiautomator2.http.ServerHandler.channelRead(ServerHandler.java:77)\n\tat io.netty.channel.AbstractChannelHandlerContext.invokeChannelRead(AbstractChannelHandlerContext.java:366)\n\tat io.netty.channel.AbstractChannelHandlerContext.invokeChannelRead(AbstractChannelHandlerContext.java:352)\n\tat io.netty.chann...
&amp#27;[38;5;177m[03e3fac2]&amp#27;[0m&amp#27;[38;5;123m[W3C]&amp#27;[0m Matched W3C error code 'no such element' to NoSuchElementError
&amp#27;[38;5;177m[03e3fac2]&amp#27;[0m&amp#27;[38;5;-3m[AndroidUiautomator2Driver@db64]&amp#27;[0m Waited for 1411 ms so far
&amp#27;[38;5;177m[03e3fac2]&amp#27;[0m&amp#27;[38;5;-3m[AndroidUiautomator2Driver@db64]&amp#27;[0m Matched '/element' to command name 'findElement'
&amp#27;[38;5;177m[03e3fac2]&amp#27;[0m&amp#27;[38;5;-3m[AndroidUiautomator2Driver@db64]&amp#27;[0m Proxying [POST /element] to [POST http://127.0.0.1:8200/session/8483e4d5-862e-4542-9a38-cbaca7499291/element] with body: {"strategy":"id","selector":"com.androidsample.generalstore:id/nameField","context":"","multiple":false}
&amp#27;[38;5;177m[03e3fac2]&amp#27;[0m&amp#27;[38;5;-3m[AndroidUiautomator2Driver@db64]&amp#27;[0m Got response with status 404: {"sessionId":"8483e4d5-862e-4542-9a38-cbaca7499291","value":{"error":"no such element","message":"An element could not be located on the page using the given search parameters","stacktrace":"io.appium.uiautomator2.common.exceptions.ElementNotFoundException: An element could not be located on the page using the given search parameters\n\tat io.appium.uiautomator2.handler.FindElement.safeHandle(FindElement.java:63)\n\tat io.appium.uiautomator2.handler.request.SafeRequestHandler.handle(SafeRequestHandler.java:59)\n\tat io.appium.uiautomator2.server.AppiumServlet.handleRequest(AppiumServlet.java:259)\n\tat io.appium.uiautomator2.server.AppiumServlet.handleHttpRequest(AppiumServlet.java:253)\n\tat io.appium.uiautomator2.http.ServerHandler.channelRead(ServerHandler.java:77)\n\tat io.netty.channel.AbstractChannelHandlerContext.invokeChannelRead(AbstractChannelHandlerContext.java:366)\n\tat io.netty.channel.AbstractChannelHandlerContext.invokeChannelRead(AbstractChannelHandlerContext.java:352)\n\tat io.netty.chann...
&amp#27;[38;5;177m[03e3fac2]&amp#27;[0m&amp#27;[38;5;123m[W3C]&amp#27;[0m Matched W3C error code 'no such element' to NoSuchElementError
&amp#27;[38;5;177m[03e3fac2]&amp#27;[0m&amp#27;[38;5;-3m[AndroidUiautomator2Driver@db64]&amp#27;[0m Waited for 1945 ms so far
&amp#27;[38;5;177m[03e3fac2]&amp#27;[0m&amp#27;[38;5;-3m[AndroidUiautomator2Driver@db64]&amp#27;[0m Matched '/element' to command name 'findElement'
&amp#27;[38;5;177m[03e3fac2]&amp#27;[0m&amp#27;[38;5;-3m[AndroidUiautomator2Driver@db64]&amp#27;[0m Proxying [POST /element] to [POST http://127.0.0.1:8200/session/8483e4d5-862e-4542-9a38-cbaca7499291/element] with body: {"strategy":"id","selector":"com.androidsample.generalstore:id/nameField","context":"","multiple":false}
&amp#27;[38;5;177m[03e3fac2]&amp#27;[0m&amp#27;[38;5;-3m[AndroidUiautomator2Driver@db64]&amp#27;[0m Got response with status 200: {"sessionId":"8483e4d5-862e-4542-9a38-cbaca7499291","value":{"ELEMENT":"00000000-0000-04ab-ffff-ffff0000001c","element-6066-11e4-a52e-4f735466cecf":"00000000-0000-04ab-ffff-ffff0000001c"}}
&amp#27;[38;5;177m[03e3fac2]&amp#27;[0m&amp#27;[38;5;-3m[AndroidUiautomator2Driver@db64]&amp#27;[0m Responding to client with driver.findElement() result: {"element-6066-11e4-a52e-4f735466cecf":"00000000-0000-04ab-ffff-ffff0000001c","ELEMENT":"00000000-0000-04ab-ffff-ffff0000001c"}
&amp#27;[38;5;177m[03e3fac2]&amp#27;[0m&amp#27;[38;5;86m[HTTP]&amp#27;[0m &amp#27;[37m<-- POST /session/03e3fac2-18d9-4400-8767-ea99175305f7/element &amp#27;[39m&amp#27;[32m200&amp#27;[39m &amp#27;[90m3841 ms - 137&amp#27;[39m &amp#27;[90m&amp#27;[39m
&amp#27;[38;5;177m[03e3fac2]&amp#27;[0m&amp#27;[38;5;86m[HTTP]&amp#27;[0m &amp#27;[37m-->&amp#27;[39m &amp#27;[37mPOST&amp#27;[39m &amp#27;[37m/session/03e3fac2-18d9-4400-8767-ea99175305f7/element/00000000-0000-04ab-ffff-ffff0000001c/value&amp#27;[39m &amp#27;[90m{"text":"Jessica Lambert","value":["J","e","s","s","i","c","a"," ","L","a","m","b","e","r","t"],"id":"00000000-0000-04ab-ffff-ffff0000001c"}&amp#27;[39m
&amp#27;[38;5;177m[03e3fac2]&amp#27;[0m&amp#27;[38;5;-3m[AndroidUiautomator2Driver@db64]&amp#27;[0m Calling AppiumDriver.setValue() with args: [["J","e","s","s","i","c","a"," ","L","a","m","b","e","r","t"],"00000000-0000-04ab-ffff-ffff0000001c","03e3fac2-18d9-4400-8767-ea99175305f7"]
&amp#27;[38;5;177m[03e3fac2]&amp#27;[0m&amp#27;[38;5;-3m[AndroidUiautomator2Driver@db64]&amp#27;[0m Matched '/element/00000000-0000-04ab-ffff-ffff0000001c/value' to command name 'setValue'
&amp#27;[38;5;177m[03e3fac2]&amp#27;[0m&amp#27;[38;5;-3m[AndroidUiautomator2Driver@db64]&amp#27;[0m Added 'value' property ["J","e","s","s","i","c","a"," ","L","a","m","b","e","r","t"] to 'setValue' request body
&amp#27;[38;5;177m[03e3fac2]&amp#27;[0m&amp#27;[38;5;-3m[AndroidUiautomator2Driver@db64]&amp#27;[0m Proxying [POST /element/00000000-0000-04ab-ffff-ffff0000001c/value] to [POST http://127.0.0.1:8200/session/8483e4d5-862e-4542-9a38-cbaca7499291/element/00000000-0000-04ab-ffff-ffff0000001c/value] with body: {"elementId":"00000000-0000-04ab-ffff-ffff0000001c","text":"Jessica Lambert","replace":false,"value":["J","e","s","s","i","c","a"," ","L","a","m","b","e","r","t"]}
&amp#27;[38;5;177m[03e3fac2]&amp#27;[0m&amp#27;[38;5;-3m[AndroidUiautomator2Driver@db64]&amp#27;[0m Got response with status 200: {"sessionId":"8483e4d5-862e-4542-9a38-cbaca7499291","value":null}
&amp#27;[38;5;177m[03e3fac2]&amp#27;[0m&amp#27;[38;5;-3m[AndroidUiautomator2Driver@db64]&amp#27;[0m Responding to client with driver.setValue() result: null
&amp#27;[38;5;177m[03e3fac2]&amp#27;[0m&amp#27;[38;5;86m[HTTP]&amp#27;[0m &amp#27;[37m<-- POST /session/03e3fac2-18d9-4400-8767-ea99175305f7/element/00000000-0000-04ab-ffff-ffff0000001c/value &amp#27;[39m&amp#27;[32m200&amp#27;[39m &amp#27;[90m39 ms - 14&amp#27;[39m &amp#27;[90m&amp#27;[39m
&amp#27;[38;5;177m[03e3fac2]&amp#27;[0m&amp#27;[38;5;86m[HTTP]&amp#27;[0m &amp#27;[37m-->&amp#27;[39m &amp#27;[37mPOST&amp#27;[39m &amp#27;[37m/session/03e3fac2-18d9-4400-8767-ea99175305f7/execute/sync&amp#27;[39m &amp#27;[90m{"script":"mobile: hideKeyboard","args":[]}&amp#27;[39m
&amp#27;[38;5;177m[03e3fac2]&amp#27;[0m&amp#27;[38;5;-3m[AndroidUiautomator2Driver@db64]&amp#27;[0m Calling AppiumDriver.execute() with args: ["mobile: hideKeyboard",[],"03e3fac2-18d9-4400-8767-ea99175305f7"]
&amp#27;[38;5;177m[03e3fac2]&amp#27;[0m&amp#27;[38;5;-3m[AndroidUiautomator2Driver@db64]&amp#27;[0m Executing native command 'mobile: hideKeyboard'
&amp#27;[38;5;177m[03e3fac2]&amp#27;[0m&amp#27;[38;5;229m[ADB]&amp#27;[0m Running 'C:\Users\Harsh Vardhan Singh\AppData\Local\Android\Sdk\platform-tools\adb.exe -P 5037 -s emulator-5554 shell dumpsys input_method'
&amp#27;[38;5;177m[03e3fac2]&amp#27;[0m&amp#27;[38;5;229m[ADB]&amp#27;[0m Keyboard has no UI; no closing necessary
&amp#27;[38;5;177m[03e3fac2]&amp#27;[0m&amp#27;[38;5;-3m[AndroidUiautomator2Driver@db64]&amp#27;[0m Responding to client with driver.execute() result: false
&amp#27;[38;5;177m[03e3fac2]&amp#27;[0m&amp#27;[38;5;86m[HTTP]&amp#27;[0m &amp#27;[37m<-- POST /session/03e3fac2-18d9-4400-8767-ea99175305f7/execute/sync &amp#27;[39m&amp#27;[32m200&amp#27;[39m &amp#27;[90m147 ms - 15&amp#27;[39m &amp#27;[90m&amp#27;[39m
&amp#27;[38;5;177m[03e3fac2]&amp#27;[0m&amp#27;[38;5;86m[HTTP]&amp#27;[0m &amp#27;[37m-->&amp#27;[39m &amp#27;[37mGET&amp#27;[39m &amp#27;[37m/session/03e3fac2-18d9-4400-8767-ea99175305f7/context&amp#27;[39m &amp#27;[90m{}&amp#27;[39m
&amp#27;[38;5;177m[03e3fac2]&amp#27;[0m&amp#27;[38;5;-3m[AndroidUiautomator2Driver@db64]&amp#27;[0m Calling AppiumDriver.getCurrentContext() with args: ["03e3fac2-18d9-4400-8767-ea99175305f7"]
&amp#27;[38;5;177m[03e3fac2]&amp#27;[0m&amp#27;[38;5;-3m[AndroidUiautomator2Driver@db64]&amp#27;[0m Responding to client with driver.getCurrentContext() result: "NATIVE_APP"
&amp#27;[38;5;177m[03e3fac2]&amp#27;[0m&amp#27;[38;5;86m[HTTP]&amp#27;[0m &amp#27;[37m<-- GET /session/03e3fac2-18d9-4400-8767-ea99175305f7/context &amp#27;[39m&amp#27;[32m200&amp#27;[39m &amp#27;[90m1 ms - 22&amp#27;[39m &amp#27;[90m&amp#27;[39m
&amp#27;[38;5;177m[03e3fac2]&amp#27;[0m&amp#27;[38;5;86m[HTTP]&amp#27;[0m &amp#27;[37m-->&amp#27;[39m &amp#27;[37mPOST&amp#27;[39m &amp#27;[37m/session/03e3fac2-18d9-4400-8767-ea99175305f7/element&amp#27;[39m &amp#27;[90m{"value":"com.androidsample.generalstore:id/radioFemale","using":"id"}&amp#27;[39m
&amp#27;[38;5;177m[03e3fac2]&amp#27;[0m&amp#27;[38;5;-3m[AndroidUiautomator2Driver@db64]&amp#27;[0m Calling AppiumDriver.findElement() with args: ["id","com.androidsample.generalstore:id/radioFemale","03e3fac2-18d9-4400-8767-ea99175305f7"]
&amp#27;[38;5;177m[03e3fac2]&amp#27;[0m&amp#27;[38;5;-3m[AndroidUiautomator2Driver@db64]&amp#27;[0m Valid locator strategies for this request: xpath, id, class name, accessibility id, css selector, -android uiautomator
&amp#27;[38;5;177m[03e3fac2]&amp#27;[0m&amp#27;[38;5;-3m[AndroidUiautomator2Driver@db64]&amp#27;[0m Waiting up to 20000 ms for condition
&amp#27;[38;5;177m[03e3fac2]&amp#27;[0m&amp#27;[38;5;-3m[AndroidUiautomator2Driver@db64]&amp#27;[0m Matched '/element' to command name 'findElement'
&amp#27;[38;5;177m[03e3fac2]&amp#27;[0m&amp#27;[38;5;-3m[AndroidUiautomator2Driver@db64]&amp#27;[0m Proxying [POST /element] to [POST http://127.0.0.1:8200/session/8483e4d5-862e-4542-9a38-cbaca7499291/element] with body: {"strategy":"id","selector":"com.androidsample.generalstore:id/radioFemale","context":"","multiple":false}
&amp#27;[38;5;177m[03e3fac2]&amp#27;[0m&amp#27;[38;5;-3m[AndroidUiautomator2Driver@db64]&amp#27;[0m Got response with status 200: {"sessionId":"8483e4d5-862e-4542-9a38-cbaca7499291","value":{"ELEMENT":"00000000-0000-04ab-ffff-ffff00000020","element-6066-11e4-a52e-4f735466cecf":"00000000-0000-04ab-ffff-ffff00000020"}}
&amp#27;[38;5;177m[03e3fac2]&amp#27;[0m&amp#27;[38;5;-3m[AndroidUiautomator2Driver@db64]&amp#27;[0m Responding to client with driver.findElement() result: {"element-6066-11e4-a52e-4f735466cecf":"00000000-0000-04ab-ffff-ffff00000020","ELEMENT":"00000000-0000-04ab-ffff-ffff00000020"}
&amp#27;[38;5;177m[03e3fac2]&amp#27;[0m&amp#27;[38;5;86m[HTTP]&amp#27;[0m &amp#27;[37m<-- POST /session/03e3fac2-18d9-4400-8767-ea99175305f7/element &amp#27;[39m&amp#27;[32m200&amp#27;[39m &amp#27;[90m354 ms - 137&amp#27;[39m &amp#27;[90m&amp#27;[39m
&amp#27;[38;5;177m[03e3fac2]&amp#27;[0m&amp#27;[38;5;86m[HTTP]&amp#27;[0m &amp#27;[37m-->&amp#27;[39m &amp#27;[37mPOST&amp#27;[39m &amp#27;[37m/session/03e3fac2-18d9-4400-8767-ea99175305f7/element/00000000-0000-04ab-ffff-ffff00000020/click&amp#27;[39m &amp#27;[90m{"id":"00000000-0000-04ab-ffff-ffff00000020"}&amp#27;[39m
&amp#27;[38;5;177m[03e3fac2]&amp#27;[0m&amp#27;[38;5;-3m[AndroidUiautomator2Driver@db64]&amp#27;[0m Calling AppiumDriver.click() with args: ["00000000-0000-04ab-ffff-ffff00000020","03e3fac2-18d9-4400-8767-ea99175305f7"]
&amp#27;[38;5;177m[03e3fac2]&amp#27;[0m&amp#27;[38;5;-3m[AndroidUiautomator2Driver@db64]&amp#27;[0m Matched '/element/00000000-0000-04ab-ffff-ffff00000020/click' to command name 'click'
&amp#27;[38;5;177m[03e3fac2]&amp#27;[0m&amp#27;[38;5;-3m[AndroidUiautomator2Driver@db64]&amp#27;[0m Proxying [POST /element/00000000-0000-04ab-ffff-ffff00000020/click] to [POST http://127.0.0.1:8200/session/8483e4d5-862e-4542-9a38-cbaca7499291/element/00000000-0000-04ab-ffff-ffff00000020/click] with body: {"element":"00000000-0000-04ab-ffff-ffff00000020"}
&amp#27;[38;5;177m[03e3fac2]&amp#27;[0m&amp#27;[38;5;-3m[AndroidUiautomator2Driver@db64]&amp#27;[0m Got response with status 200: {"sessionId":"8483e4d5-862e-4542-9a38-cbaca7499291","value":null}
&amp#27;[38;5;177m[03e3fac2]&amp#27;[0m&amp#27;[38;5;-3m[AndroidUiautomator2Driver@db64]&amp#27;[0m Responding to client with driver.click() result: null
&amp#27;[38;5;177m[03e3fac2]&amp#27;[0m&amp#27;[38;5;86m[HTTP]&amp#27;[0m &amp#27;[37m<-- POST /session/03e3fac2-18d9-4400-8767-ea99175305f7/element/00000000-0000-04ab-ffff-ffff00000020/click &amp#27;[39m&amp#27;[32m200&amp#27;[39m &amp#27;[90m65 ms - 14&amp#27;[39m &amp#27;[90m&amp#27;[39m
&amp#27;[38;5;177m[03e3fac2]&amp#27;[0m&amp#27;[38;5;86m[HTTP]&amp#27;[0m &amp#27;[37m-->&amp#27;[39m &amp#27;[37mGET&amp#27;[39m &amp#27;[37m/session/03e3fac2-18d9-4400-8767-ea99175305f7/context&amp#27;[39m &amp#27;[90m{}&amp#27;[39m
&amp#27;[38;5;177m[03e3fac2]&amp#27;[0m&amp#27;[38;5;-3m[AndroidUiautomator2Driver@db64]&amp#27;[0m Calling AppiumDriver.getCurrentContext() with args: ["03e3fac2-18d9-4400-8767-ea99175305f7"]
&amp#27;[38;5;177m[03e3fac2]&amp#27;[0m&amp#27;[38;5;-3m[AndroidUiautomator2Driver@db64]&amp#27;[0m Responding to client with driver.getCurrentContext() result: "NATIVE_APP"
&amp#27;[38;5;177m[03e3fac2]&amp#27;[0m&amp#27;[38;5;86m[HTTP]&amp#27;[0m &amp#27;[37m<-- GET /session/03e3fac2-18d9-4400-8767-ea99175305f7/context &amp#27;[39m&amp#27;[32m200&amp#27;[39m &amp#27;[90m1 ms - 22&amp#27;[39m &amp#27;[90m&amp#27;[39m
&amp#27;[38;5;177m[03e3fac2]&amp#27;[0m&amp#27;[38;5;86m[HTTP]&amp#27;[0m &amp#27;[37m-->&amp#27;[39m &amp#27;[37mPOST&amp#27;[39m &amp#27;[37m/session/03e3fac2-18d9-4400-8767-ea99175305f7/element&amp#27;[39m &amp#27;[90m{"value":"com.androidsample.generalstore:id/spinnerCountry","using":"id"}&amp#27;[39m
&amp#27;[38;5;177m[03e3fac2]&amp#27;[0m&amp#27;[38;5;-3m[AndroidUiautomator2Driver@db64]&amp#27;[0m Calling AppiumDriver.findElement() with args: ["id","com.androidsample.generalstore:id/spinnerCountry","03e3fac2-18d9-4400-8767-ea99175305f7"]
&amp#27;[38;5;177m[03e3fac2]&amp#27;[0m&amp#27;[38;5;-3m[AndroidUiautomator2Driver@db64]&amp#27;[0m Valid locator strategies for this request: xpath, id, class name, accessibility id, css selector, -android uiautomator
&amp#27;[38;5;177m[03e3fac2]&amp#27;[0m&amp#27;[38;5;-3m[AndroidUiautomator2Driver@db64]&amp#27;[0m Waiting up to 20000 ms for condition
&amp#27;[38;5;177m[03e3fac2]&amp#27;[0m&amp#27;[38;5;-3m[AndroidUiautomator2Driver@db64]&amp#27;[0m Matched '/element' to command name 'findElement'
&amp#27;[38;5;177m[03e3fac2]&amp#27;[0m&amp#27;[38;5;-3m[AndroidUiautomator2Driver@db64]&amp#27;[0m Proxying [POST /element] to [POST http://127.0.0.1:8200/session/8483e4d5-862e-4542-9a38-cbaca7499291/element] with body: {"strategy":"id","selector":"com.androidsample.generalstore:id/spinnerCountry","context":"","multiple":false}
&amp#27;[38;5;177m[03e3fac2]&amp#27;[0m&amp#27;[38;5;-3m[AndroidUiautomator2Driver@db64]&amp#27;[0m Got response with status 200: {"sessionId":"8483e4d5-862e-4542-9a38-cbaca7499291","value":{"ELEMENT":"00000000-0000-04ab-ffff-ffff0000001a","element-6066-11e4-a52e-4f735466cecf":"00000000-0000-04ab-ffff-ffff0000001a"}}
&amp#27;[38;5;177m[03e3fac2]&amp#27;[0m&amp#27;[38;5;-3m[AndroidUiautomator2Driver@db64]&amp#27;[0m Responding to client with driver.findElement() result: {"element-6066-11e4-a52e-4f735466cecf":"00000000-0000-04ab-ffff-ffff0000001a","ELEMENT":"00000000-0000-04ab-ffff-ffff0000001a"}
&amp#27;[38;5;177m[03e3fac2]&amp#27;[0m&amp#27;[38;5;86m[HTTP]&amp#27;[0m &amp#27;[37m<-- POST /session/03e3fac2-18d9-4400-8767-ea99175305f7/element &amp#27;[39m&amp#27;[32m200&amp#27;[39m &amp#27;[90m595 ms - 137&amp#27;[39m &amp#27;[90m&amp#27;[39m
&amp#27;[38;5;177m[03e3fac2]&amp#27;[0m&amp#27;[38;5;86m[HTTP]&amp#27;[0m &amp#27;[37m-->&amp#27;[39m &amp#27;[37mPOST&amp#27;[39m &amp#27;[37m/session/03e3fac2-18d9-4400-8767-ea99175305f7/element/00000000-0000-04ab-ffff-ffff0000001a/click&amp#27;[39m &amp#27;[90m{"id":"00000000-0000-04ab-ffff-ffff0000001a"}&amp#27;[39m
&amp#27;[38;5;177m[03e3fac2]&amp#27;[0m&amp#27;[38;5;-3m[AndroidUiautomator2Driver@db64]&amp#27;[0m Calling AppiumDriver.click() with args: ["00000000-0000-04ab-ffff-ffff0000001a","03e3fac2-18d9-4400-8767-ea99175305f7"]
&amp#27;[38;5;177m[03e3fac2]&amp#27;[0m&amp#27;[38;5;-3m[AndroidUiautomator2Driver@db64]&amp#27;[0m Matched '/element/00000000-0000-04ab-ffff-ffff0000001a/click' to command name 'click'
&amp#27;[38;5;177m[03e3fac2]&amp#27;[0m&amp#27;[38;5;-3m[AndroidUiautomator2Driver@db64]&amp#27;[0m Proxying [POST /element/00000000-0000-04ab-ffff-ffff0000001a/click] to [POST http://127.0.0.1:8200/session/8483e4d5-862e-4542-9a38-cbaca7499291/element/00000000-0000-04ab-ffff-ffff0000001a/click] with body: {"element":"00000000-0000-04ab-ffff-ffff0000001a"}
&amp#27;[38;5;177m[03e3fac2]&amp#27;[0m&amp#27;[38;5;-3m[AndroidUiautomator2Driver@db64]&amp#27;[0m Got response with status 200: {"sessionId":"8483e4d5-862e-4542-9a38-cbaca7499291","value":null}
&amp#27;[38;5;177m[03e3fac2]&amp#27;[0m&amp#27;[38;5;-3m[AndroidUiautomator2Driver@db64]&amp#27;[0m Responding to client with driver.click() result: null
&amp#27;[38;5;177m[03e3fac2]&amp#27;[0m&amp#27;[38;5;86m[HTTP]&amp#27;[0m &amp#27;[37m<-- POST /session/03e3fac2-18d9-4400-8767-ea99175305f7/element/00000000-0000-04ab-ffff-ffff0000001a/click &amp#27;[39m&amp#27;[32m200&amp#27;[39m &amp#27;[90m47 ms - 14&amp#27;[39m &amp#27;[90m&amp#27;[39m
&amp#27;[38;5;177m[03e3fac2]&amp#27;[0m&amp#27;[38;5;86m[HTTP]&amp#27;[0m &amp#27;[37m-->&amp#27;[39m &amp#27;[37mPOST&amp#27;[39m &amp#27;[37m/session/03e3fac2-18d9-4400-8767-ea99175305f7/element&amp#27;[39m &amp#27;[90m{"value":"new UiScrollable(new UiSelector()).scrollIntoView(text(\"Australia\"))","using":"-android uiautomator"}&amp#27;[39m
&amp#27;[38;5;177m[03e3fac2]&amp#27;[0m&amp#27;[38;5;-3m[AndroidUiautomator2Driver@db64]&amp#27;[0m Calling AppiumDriver.findElement() with args: ["-android uiautomator","new UiScrollable(new UiSelector()).scrollIntoView(text(\"Australia\"))","03e3fac2-18d9-4400-8767-ea99175305f7"]
&amp#27;[38;5;177m[03e3fac2]&amp#27;[0m&amp#27;[38;5;-3m[AndroidUiautomator2Driver@db64]&amp#27;[0m Valid locator strategies for this request: xpath, id, class name, accessibility id, css selector, -android uiautomator
&amp#27;[38;5;177m[03e3fac2]&amp#27;[0m&amp#27;[38;5;-3m[AndroidUiautomator2Driver@db64]&amp#27;[0m Waiting up to 20000 ms for condition
&amp#27;[38;5;177m[03e3fac2]&amp#27;[0m&amp#27;[38;5;-3m[AndroidUiautomator2Driver@db64]&amp#27;[0m Matched '/element' to command name 'findElement'
&amp#27;[38;5;177m[03e3fac2]&amp#27;[0m&amp#27;[38;5;-3m[AndroidUiautomator2Driver@db64]&amp#27;[0m Proxying [POST /element] to [POST http://127.0.0.1:8200/session/8483e4d5-862e-4542-9a38-cbaca7499291/element] with body: {"strategy":"-android uiautomator","selector":"new UiScrollable(new UiSelector()).scrollIntoView(text(\"Australia\"))","context":"","multiple":false}
&amp#27;[38;5;177m[03e3fac2]&amp#27;[0m&amp#27;[38;5;-3m[AndroidUiautomator2Driver@db64]&amp#27;[0m Got response with status 200: {"sessionId":"8483e4d5-862e-4542-9a38-cbaca7499291","value":{"ELEMENT":"00000000-0000-04ac-ffff-ffff0000002b","element-6066-11e4-a52e-4f735466cecf":"00000000-0000-04ac-ffff-ffff0000002b"}}
&amp#27;[38;5;177m[03e3fac2]&amp#27;[0m&amp#27;[38;5;-3m[AndroidUiautomator2Driver@db64]&amp#27;[0m Responding to client with driver.findElement() result: {"element-6066-11e4-a52e-4f735466cecf":"00000000-0000-04ac-ffff-ffff0000002b","ELEMENT":"00000000-0000-04ac-ffff-ffff0000002b"}
&amp#27;[38;5;177m[03e3fac2]&amp#27;[0m&amp#27;[38;5;86m[HTTP]&amp#27;[0m &amp#27;[37m<-- POST /session/03e3fac2-18d9-4400-8767-ea99175305f7/element &amp#27;[39m&amp#27;[32m200&amp#27;[39m &amp#27;[90m4104 ms - 137&amp#27;[39m &amp#27;[90m&amp#27;[39m
&amp#27;[38;5;177m[03e3fac2]&amp#27;[0m&amp#27;[38;5;86m[HTTP]&amp#27;[0m &amp#27;[37m-->&amp#27;[39m &amp#27;[37mPOST&amp#27;[39m &amp#27;[37m/session/03e3fac2-18d9-4400-8767-ea99175305f7/element&amp#27;[39m &amp#27;[90m{"value":"//android.widget.TextView[@resource-id= 'android:id/text1' and @text= 'Australia']","using":"xpath"}&amp#27;[39m
&amp#27;[38;5;177m[03e3fac2]&amp#27;[0m&amp#27;[38;5;-3m[AndroidUiautomator2Driver@db64]&amp#27;[0m Calling AppiumDriver.findElement() with args: ["xpath","//android.widget.TextView[@resource-id= 'android:id/text1' and @text= 'Australia']","03e3fac2-18d9-4400-8767-ea99175305f7"]
&amp#27;[38;5;177m[03e3fac2]&amp#27;[0m&amp#27;[38;5;-3m[AndroidUiautomator2Driver@db64]&amp#27;[0m Valid locator strategies for this request: xpath, id, class name, accessibility id, css selector, -android uiautomator
&amp#27;[38;5;177m[03e3fac2]&amp#27;[0m&amp#27;[38;5;-3m[AndroidUiautomator2Driver@db64]&amp#27;[0m Waiting up to 20000 ms for condition
&amp#27;[38;5;177m[03e3fac2]&amp#27;[0m&amp#27;[38;5;-3m[AndroidUiautomator2Driver@db64]&amp#27;[0m Matched '/element' to command name 'findElement'
&amp#27;[38;5;177m[03e3fac2]&amp#27;[0m&amp#27;[38;5;-3m[AndroidUiautomator2Driver@db64]&amp#27;[0m Proxying [POST /element] to [POST http://127.0.0.1:8200/session/8483e4d5-862e-4542-9a38-cbaca7499291/element] with body: {"strategy":"xpath","selector":"//android.widget.TextView[@resource-id= 'android:id/text1' and @text= 'Australia']","context":"","multiple":false}
&amp#27;[38;5;177m[03e3fac2]&amp#27;[0m&amp#27;[38;5;-3m[AndroidUiautomator2Driver@db64]&amp#27;[0m Got response with status 200: {"sessionId":"8483e4d5-862e-4542-9a38-cbaca7499291","value":{"ELEMENT":"00000000-0000-04ac-ffff-ffff0000002b","element-6066-11e4-a52e-4f735466cecf":"00000000-0000-04ac-ffff-ffff0000002b"}}
&amp#27;[38;5;177m[03e3fac2]&amp#27;[0m&amp#27;[38;5;-3m[AndroidUiautomator2Driver@db64]&amp#27;[0m Responding to client with driver.findElement() result: {"element-6066-11e4-a52e-4f735466cecf":"00000000-0000-04ac-ffff-ffff0000002b","ELEMENT":"00000000-0000-04ac-ffff-ffff0000002b"}
&amp#27;[38;5;177m[03e3fac2]&amp#27;[0m&amp#27;[38;5;86m[HTTP]&amp#27;[0m &amp#27;[37m<-- POST /session/03e3fac2-18d9-4400-8767-ea99175305f7/element &amp#27;[39m&amp#27;[32m200&amp#27;[39m &amp#27;[90m342 ms - 137&amp#27;[39m &amp#27;[90m&amp#27;[39m
&amp#27;[38;5;177m[03e3fac2]&amp#27;[0m&amp#27;[38;5;86m[HTTP]&amp#27;[0m &amp#27;[37m-->&amp#27;[39m &amp#27;[37mPOST&amp#27;[39m &amp#27;[37m/session/03e3fac2-18d9-4400-8767-ea99175305f7/element/00000000-0000-04ac-ffff-ffff0000002b/click&amp#27;[39m &amp#27;[90m{"id":"00000000-0000-04ac-ffff-ffff0000002b"}&amp#27;[39m
&amp#27;[38;5;177m[03e3fac2]&amp#27;[0m&amp#27;[38;5;-3m[AndroidUiautomator2Driver@db64]&amp#27;[0m Calling AppiumDriver.click() with args: ["00000000-0000-04ac-ffff-ffff0000002b","03e3fac2-18d9-4400-8767-ea99175305f7"]
&amp#27;[38;5;177m[03e3fac2]&amp#27;[0m&amp#27;[38;5;-3m[AndroidUiautomator2Driver@db64]&amp#27;[0m Matched '/element/00000000-0000-04ac-ffff-ffff0000002b/click' to command name 'click'
&amp#27;[38;5;177m[03e3fac2]&amp#27;[0m&amp#27;[38;5;-3m[AndroidUiautomator2Driver@db64]&amp#27;[0m Proxying [POST /element/00000000-0000-04ac-ffff-ffff0000002b/click] to [POST http://127.0.0.1:8200/session/8483e4d5-862e-4542-9a38-cbaca7499291/element/00000000-0000-04ac-ffff-ffff0000002b/click] with body: {"element":"00000000-0000-04ac-ffff-ffff0000002b"}
&amp#27;[38;5;177m[03e3fac2]&amp#27;[0m&amp#27;[38;5;-3m[AndroidUiautomator2Driver@db64]&amp#27;[0m Got response with status 200: {"sessionId":"8483e4d5-862e-4542-9a38-cbaca7499291","value":null}
&amp#27;[38;5;177m[03e3fac2]&amp#27;[0m&amp#27;[38;5;-3m[AndroidUiautomator2Driver@db64]&amp#27;[0m Responding to client with driver.click() result: null
&amp#27;[38;5;177m[03e3fac2]&amp#27;[0m&amp#27;[38;5;86m[HTTP]&amp#27;[0m &amp#27;[37m<-- POST /session/03e3fac2-18d9-4400-8767-ea99175305f7/element/00000000-0000-04ac-ffff-ffff0000002b/click &amp#27;[39m&amp#27;[32m200&amp#27;[39m &amp#27;[90m646 ms - 14&amp#27;[39m &amp#27;[90m&amp#27;[39m
&amp#27;[38;5;177m[03e3fac2]&amp#27;[0m&amp#27;[38;5;86m[HTTP]&amp#27;[0m &amp#27;[37m-->&amp#27;[39m &amp#27;[37mGET&amp#27;[39m &amp#27;[37m/session/03e3fac2-18d9-4400-8767-ea99175305f7/context&amp#27;[39m &amp#27;[90m{}&amp#27;[39m
&amp#27;[38;5;177m[03e3fac2]&amp#27;[0m&amp#27;[38;5;-3m[AndroidUiautomator2Driver@db64]&amp#27;[0m Calling AppiumDriver.getCurrentContext() with args: ["03e3fac2-18d9-4400-8767-ea99175305f7"]
&amp#27;[38;5;177m[03e3fac2]&amp#27;[0m&amp#27;[38;5;-3m[AndroidUiautomator2Driver@db64]&amp#27;[0m Responding to client with driver.getCurrentContext() result: "NATIVE_APP"
&amp#27;[38;5;177m[03e3fac2]&amp#27;[0m&amp#27;[38;5;86m[HTTP]&amp#27;[0m &amp#27;[37m<-- GET /session/03e3fac2-18d9-4400-8767-ea99175305f7/context &amp#27;[39m&amp#27;[32m200&amp#27;[39m &amp#27;[90m1 ms - 22&amp#27;[39m &amp#27;[90m&amp#27;[39m
&amp#27;[38;5;177m[03e3fac2]&amp#27;[0m&amp#27;[38;5;86m[HTTP]&amp#27;[0m &amp#27;[37m-->&amp#27;[39m &amp#27;[37mPOST&amp#27;[39m &amp#27;[37m/session/03e3fac2-18d9-4400-8767-ea99175305f7/element&amp#27;[39m &amp#27;[90m{"value":"com.androidsample.generalstore:id/btnLetsShop","using":"id"}&amp#27;[39m
&amp#27;[38;5;177m[03e3fac2]&amp#27;[0m&amp#27;[38;5;-3m[AndroidUiautomator2Driver@db64]&amp#27;[0m Calling AppiumDriver.findElement() with args: ["id","com.androidsample.generalstore:id/btnLetsShop","03e3fac2-18d9-4400-8767-ea99175305f7"]
&amp#27;[38;5;177m[03e3fac2]&amp#27;[0m&amp#27;[38;5;-3m[AndroidUiautomator2Driver@db64]&amp#27;[0m Valid locator strategies for this request: xpath, id, class name, accessibility id, css selector, -android uiautomator
&amp#27;[38;5;177m[03e3fac2]&amp#27;[0m&amp#27;[38;5;-3m[AndroidUiautomator2Driver@db64]&amp#27;[0m Waiting up to 20000 ms for condition
&amp#27;[38;5;177m[03e3fac2]&amp#27;[0m&amp#27;[38;5;-3m[AndroidUiautomator2Driver@db64]&amp#27;[0m Matched '/element' to command name 'findElement'
&amp#27;[38;5;177m[03e3fac2]&amp#27;[0m&amp#27;[38;5;-3m[AndroidUiautomator2Driver@db64]&amp#27;[0m Proxying [POST /element] to [POST http://127.0.0.1:8200/session/8483e4d5-862e-4542-9a38-cbaca7499291/element] with body: {"strategy":"id","selector":"com.androidsample.generalstore:id/btnLetsShop","context":"","multiple":false}
&amp#27;[38;5;177m[03e3fac2]&amp#27;[0m&amp#27;[38;5;-3m[AndroidUiautomator2Driver@db64]&amp#27;[0m Got response with status 200: {"sessionId":"8483e4d5-862e-4542-9a38-cbaca7499291","value":{"ELEMENT":"00000000-0000-04ab-ffff-ffff00000021","element-6066-11e4-a52e-4f735466cecf":"00000000-0000-04ab-ffff-ffff00000021"}}
&amp#27;[38;5;177m[03e3fac2]&amp#27;[0m&amp#27;[38;5;-3m[AndroidUiautomator2Driver@db64]&amp#27;[0m Responding to client with driver.findElement() result: {"element-6066-11e4-a52e-4f735466cecf":"00000000-0000-04ab-ffff-ffff00000021","ELEMENT":"00000000-0000-04ab-ffff-ffff00000021"}
&amp#27;[38;5;177m[03e3fac2]&amp#27;[0m&amp#27;[38;5;86m[HTTP]&amp#27;[0m &amp#27;[37m<-- POST /session/03e3fac2-18d9-4400-8767-ea99175305f7/element &amp#27;[39m&amp#27;[32m200&amp#27;[39m &amp#27;[90m11 ms - 137&amp#27;[39m &amp#27;[90m&amp#27;[39m
&amp#27;[38;5;177m[03e3fac2]&amp#27;[0m&amp#27;[38;5;86m[HTTP]&amp#27;[0m &amp#27;[37m-->&amp#27;[39m &amp#27;[37mPOST&amp#27;[39m &amp#27;[37m/session/03e3fac2-18d9-4400-8767-ea99175305f7/element/00000000-0000-04ab-ffff-ffff00000021/click&amp#27;[39m &amp#27;[90m{"id":"00000000-0000-04ab-ffff-ffff00000021"}&amp#27;[39m
&amp#27;[38;5;177m[03e3fac2]&amp#27;[0m&amp#27;[38;5;-3m[AndroidUiautomator2Driver@db64]&amp#27;[0m Calling AppiumDriver.click() with args: ["00000000-0000-04ab-ffff-ffff00000021","03e3fac2-18d9-4400-8767-ea99175305f7"]
&amp#27;[38;5;177m[03e3fac2]&amp#27;[0m&amp#27;[38;5;-3m[AndroidUiautomator2Driver@db64]&amp#27;[0m Matched '/element/00000000-0000-04ab-ffff-ffff00000021/click' to command name 'click'
&amp#27;[38;5;177m[03e3fac2]&amp#27;[0m&amp#27;[38;5;-3m[AndroidUiautomator2Driver@db64]&amp#27;[0m Proxying [POST /element/00000000-0000-04ab-ffff-ffff00000021/click] to [POST http://127.0.0.1:8200/session/8483e4d5-862e-4542-9a38-cbaca7499291/element/00000000-0000-04ab-ffff-ffff00000021/click] with body: {"element":"00000000-0000-04ab-ffff-ffff00000021"}
&amp#27;[38;5;177m[03e3fac2]&amp#27;[0m&amp#27;[38;5;-3m[AndroidUiautomator2Driver@db64]&amp#27;[0m Got response with status 200: {"sessionId":"8483e4d5-862e-4542-9a38-cbaca7499291","value":null}
&amp#27;[38;5;177m[03e3fac2]&amp#27;[0m&amp#27;[38;5;-3m[AndroidUiautomator2Driver@db64]&amp#27;[0m Responding to client with driver.click() result: null
&amp#27;[38;5;177m[03e3fac2]&amp#27;[0m&amp#27;[38;5;86m[HTTP]&amp#27;[0m &amp#27;[37m<-- POST /session/03e3fac2-18d9-4400-8767-ea99175305f7/element/00000000-0000-04ab-ffff-ffff00000021/click &amp#27;[39m&amp#27;[32m200&amp#27;[39m &amp#27;[90m49 ms - 14&amp#27;[39m &amp#27;[90m&amp#27;[39m
]]></system-out>
    <system-err><![CDATA[SLF4J(W): No SLF4J providers were found.
SLF4J(W): Defaulting to no-operation (NOP) logger implementation
SLF4J(W): See https://www.slf4j.org/codes.html#noProviders for further details.
]]></system-err>
  </testcase>
  <testcase name="FormPageToastMessageTest" classname="android_TestScripts.Android_TC001" time="12.494">
    <system-out><![CDATA[&amp#27;[38;5;177m[03e3fac2]&amp#27;[0m&amp#27;[38;5;86m[HTTP]&amp#27;[0m &amp#27;[37m-->&amp#27;[39m &amp#27;[37mDELETE&amp#27;[39m &amp#27;[37m/session/03e3fac2-18d9-4400-8767-ea99175305f7&amp#27;[39m &amp#27;[90m{}&amp#27;[39m
&amp#27;[38;5;177m[03e3fac2]&amp#27;[0m&amp#27;[38;5;-3m[AndroidUiautomator2Driver@db64]&amp#27;[0m Calling AppiumDriver.deleteSession() with args: ["03e3fac2-18d9-4400-8767-ea99175305f7"]
&amp#27;[38;5;177m[03e3fac2]&amp#27;[0m&amp#27;[38;5;135m[AppiumDriver@aec6]&amp#27;[0m Event 'quitSessionRequested' logged at 1732112489863 (19:51:29 GMT+0530 (India Standard Time))
&amp#27;[38;5;177m[03e3fac2]&amp#27;[0m&amp#27;[38;5;135m[AppiumDriver@aec6]&amp#27;[0m Removing session 03e3fac2-18d9-4400-8767-ea99175305f7 from our master session list
&amp#27;[38;5;177m[03e3fac2]&amp#27;[0m&amp#27;[38;5;-3m[AndroidUiautomator2Driver@db64]&amp#27;[0m Deleting UiAutomator2 session
&amp#27;[38;5;177m[03e3fac2]&amp#27;[0m&amp#27;[38;5;-3m[AndroidUiautomator2Driver@db64]&amp#27;[0m Deleting UiAutomator2 server session
&amp#27;[38;5;177m[03e3fac2]&amp#27;[0m&amp#27;[38;5;-3m[AndroidUiautomator2Driver@db64]&amp#27;[0m Matched '/' to command name 'deleteSession'
&amp#27;[38;5;177m[03e3fac2]&amp#27;[0m&amp#27;[38;5;-3m[AndroidUiautomator2Driver@db64]&amp#27;[0m Proxying [DELETE /] to [DELETE http://127.0.0.1:8200/session/8483e4d5-862e-4542-9a38-cbaca7499291] with no body
&amp#27;[38;5;177m[03e3fac2]&amp#27;[0m&amp#27;[38;5;-3m[AndroidUiautomator2Driver@db64]&amp#27;[0m Got response with status 200: {"sessionId":"8483e4d5-862e-4542-9a38-cbaca7499291","value":null}
&amp#27;[38;5;177m[03e3fac2]&amp#27;[0m&amp#27;[38;5;-3m[AndroidUiautomator2Driver@db64]&amp#27;[0m [Instrumentation] io.appium.uiautomator2.server.test.AppiumUiAutomator2Server:
&amp#27;[38;5;177m[03e3fac2]&amp#27;[0m&amp#27;[38;5;-3m[AndroidUiautomator2Driver@db64]&amp#27;[0m [Instrumentation] The process has exited with code null, signal SIGTERM
&amp#27;[38;5;177m[03e3fac2]&amp#27;[0m&amp#27;[38;5;229m[ADB]&amp#27;[0m Running 'C:\Users\Harsh Vardhan Singh\AppData\Local\Android\Sdk\platform-tools\adb.exe -P 5037 -s emulator-5554 shell dumpsys activity services io.appium.settings/.recorder.RecorderService'
&amp#27;[38;5;177m[03e3fac2]&amp#27;[0m&amp#27;[38;5;229m[ADB]&amp#27;[0m Running 'C:\Users\Harsh Vardhan Singh\AppData\Local\Android\Sdk\platform-tools\adb.exe -P 5037 -s emulator-5554 shell am force-stop com.androidsample.generalstore'
&amp#27;[38;5;177m[03e3fac2]&amp#27;[0m&amp#27;[38;5;229m[ADB]&amp#27;[0m Removing forwarded port socket connection: 8200 
&amp#27;[38;5;177m[03e3fac2]&amp#27;[0m&amp#27;[38;5;229m[ADB]&amp#27;[0m Running 'C:\Users\Harsh Vardhan Singh\AppData\Local\Android\Sdk\platform-tools\adb.exe -P 5037 -s emulator-5554 forward --remove tcp:8200'
&amp#27;[38;5;177m[03e3fac2]&amp#27;[0m&amp#27;[38;5;-3m[AndroidUiautomator2Driver@db64]&amp#27;[0m Restoring hidden api policy to the device default configuration
&amp#27;[38;5;177m[03e3fac2]&amp#27;[0m&amp#27;[38;5;229m[ADB]&amp#27;[0m Running 'C:\Users\Harsh Vardhan Singh\AppData\Local\Android\Sdk\platform-tools\adb.exe -P 5037 -s emulator-5554 shell 'settings delete global hidden_api_policy_pre_p_apps;settings delete global hidden_api_policy_p_apps;settings delete global hidden_api_policy''
&amp#27;[38;5;177m[03e3fac2]&amp#27;[0m&amp#27;[38;5;160m[Logcat]&amp#27;[0m Stopping logcat capture
&amp#27;[38;5;177m[03e3fac2]&amp#27;[0m&amp#27;[38;5;135m[AppiumDriver@aec6]&amp#27;[0m Event 'quitSessionFinished' logged at 1732112490285 (19:51:30 GMT+0530 (India Standard Time))
&amp#27;[38;5;177m[03e3fac2]&amp#27;[0m&amp#27;[38;5;135m[AppiumDriver@aec6]&amp#27;[0m Received response: null
&amp#27;[38;5;177m[03e3fac2]&amp#27;[0m&amp#27;[38;5;135m[AppiumDriver@aec6]&amp#27;[0m But deleting session, so not returning
&amp#27;[38;5;177m[03e3fac2]&amp#27;[0m&amp#27;[38;5;135m[AppiumDriver@aec6]&amp#27;[0m Responding to client with driver.deleteSession() result: null
&amp#27;[38;5;177m[03e3fac2]&amp#27;[0m&amp#27;[38;5;86m[HTTP]&amp#27;[0m &amp#27;[37m<-- DELETE /session/03e3fac2-18d9-4400-8767-ea99175305f7 &amp#27;[39m&amp#27;[32m200&amp#27;[39m &amp#27;[90m423 ms - 14&amp#27;[39m &amp#27;[90m&amp#27;[39m
&amp#27;[38;5;112m[Appium]&amp#27;[0m Welcome to Appium v2.12.1
&amp#27;[38;5;112m[Appium]&amp#27;[0m Non-default server args:
&amp#27;[38;5;112m[Appium]&amp#27;[0m { address: &amp#27;[32m'127.0.0.1'&amp#27;[39m }
&amp#27;[38;5;112m[Appium]&amp#27;[0m The autodetected Appium home path: C:\Users\Harsh Vardhan Singh\.appium
&amp#27;[38;5;112m[Appium]&amp#27;[0m Attempting to load driver uiautomator2...
&amp#27;[38;5;112m[Appium]&amp#27;[0m Attempting to load driver xcuitest...
&amp#27;[38;5;112m[Appium]&amp#27;[0m Requiring driver at C:\Users\Harsh Vardhan Singh\.appium\node_modules\appium-uiautomator2-driver\build\index.js
&amp#27;[38;5;112m[Appium]&amp#27;[0m Requiring driver at C:\Users\Harsh Vardhan Singh\.appium\node_modules\appium-xcuitest-driver\build\index.js
&amp#27;[38;5;112m[Appium]&amp#27;[0m AndroidUiautomator2Driver has been successfully loaded in 0.537s
&amp#27;[38;5;112m[Appium]&amp#27;[0m XCUITestDriver has been successfully loaded in 1.112s
&amp#27;[38;5;112m[Appium]&amp#27;[0m Appium REST http interface listener started on http://127.0.0.1:4723
&amp#27;[38;5;112m[Appium]&amp#27;[0m Available drivers:
&amp#27;[38;5;112m[Appium]&amp#27;[0m   - uiautomator2@3.8.1 (automationName 'UiAutomator2')
&amp#27;[38;5;112m[Appium]&amp#27;[0m   - xcuitest@7.28.3 (automationName 'XCUITest')
&amp#27;[38;5;112m[Appium]&amp#27;[0m No plugins have been installed. Use the "appium plugin" command to install the one(s) you want to use.
&amp#27;[38;5;86m[HTTP]&amp#27;[0m &amp#27;[37m-->&amp#27;[39m &amp#27;[37mGET&amp#27;[39m &amp#27;[37m/status&amp#27;[39m &amp#27;[90m{}&amp#27;[39m
&amp#27;[38;5;24m[AppiumDriver@0307]&amp#27;[0m Calling AppiumDriver.getStatus() with args: []
&amp#27;[38;5;24m[AppiumDriver@0307]&amp#27;[0m Responding to client with driver.getStatus() result: {"ready":true,"message":"The server is ready to accept new connections","build":{"version":"2.12.1"}}
&amp#27;[38;5;86m[HTTP]&amp#27;[0m &amp#27;[37m<-- GET /status &amp#27;[39m&amp#27;[32m200&amp#27;[39m &amp#27;[90m3 ms - 111&amp#27;[39m &amp#27;[90m&amp#27;[39m
&amp#27;[38;5;86m[HTTP]&amp#27;[0m Request idempotency key: 49ee57de-e480-47c8-a3dc-1624b2e9c72c
&amp#27;[38;5;86m[HTTP]&amp#27;[0m &amp#27;[37m-->&amp#27;[39m &amp#27;[37mPOST&amp#27;[39m &amp#27;[37m/session&amp#27;[39m &amp#27;[90m{"capabilities":{"firstMatch":[{"appium:chromedriverUseSystemExecutable":true,"appium:deviceName":"HarshEmulator","platformName":"ANDROID","appium:automationName":"UIAutomator2","appium:app":"D:\\Android Automation Framework\\Android_Framework\\App\\General-Store.apk"}]}}&amp#27;[39m
&amp#27;[38;5;24m[AppiumDriver@0307]&amp#27;[0m Calling AppiumDriver.createSession() with args: [null,null,{"firstMatch":[{"appium:chromedriverUseSystemExecutable":true,"appium:deviceName":"HarshEmulator","platformName":"ANDROID","appium:automationName":"UIAutomator2","appium:app":"D:\\Android Automation Framework\\Android_Framework\\App\\General-Store.apk"}]}]
&amp#27;[38;5;24m[AppiumDriver@0307]&amp#27;[0m Event 'newSessionRequested' logged at 1732112492408 (19:51:32 GMT+0530 (India Standard Time))
&amp#27;[38;5;112m[Appium]&amp#27;[0m Attempting to find matching driver for automationName 'UIAutomator2' and platformName 'ANDROID'
&amp#27;[38;5;112m[Appium]&amp#27;[0m The 'uiautomator2' driver was installed and matched caps.
&amp#27;[38;5;112m[Appium]&amp#27;[0m Will require it at C:\Users\Harsh Vardhan Singh\.appium\node_modules\appium-uiautomator2-driver
&amp#27;[38;5;112m[Appium]&amp#27;[0m Requiring driver at C:\Users\Harsh Vardhan Singh\.appium\node_modules\appium-uiautomator2-driver\build\index.js
&amp#27;[38;5;24m[AppiumDriver@0307]&amp#27;[0m Appium v2.12.1 creating new AndroidUiautomator2Driver (v3.8.1) session
&amp#27;[38;5;24m[AppiumDriver@0307]&amp#27;[0m Checking BaseDriver versions for Appium and AndroidUiautomator2Driver
&amp#27;[38;5;24m[AppiumDriver@0307]&amp#27;[0m Appium's BaseDriver version is 9.12.1
&amp#27;[38;5;24m[AppiumDriver@0307]&amp#27;[0m AndroidUiautomator2Driver's BaseDriver version is 9.12.1
&amp#27;[38;5;-71m[AndroidUiautomator2Driver@1b1d]&amp#27;[0m 
&amp#27;[38;5;-71m[AndroidUiautomator2Driver@1b1d]&amp#27;[0m Creating session with W3C capabilities: {
  "alwaysMatch": {
    "platformName": "ANDROID",
    "appium:chromedriverUseSystemExecutable": true,
    "appium:deviceName": "HarshEmulator",
    "appium:automationName": "UIAutomator2",
    "appium:app": "D:\\Android Automation Framework\\Android_Framework\\App\\General-Store.apk"
  },
  "firstMatch": [
    {}
  ]
}
&amp#27;[38;5;219m[b661273f]&amp#27;[0m&amp#27;[38;5;-71m[AndroidUiautomator2Driver@1b1d]&amp#27;[0m Session created with session id: b661273f-1b2a-4143-96fb-ecd96d7b6e9e
&amp#27;[38;5;219m[b661273f]&amp#27;[0m&amp#27;[38;5;229m[ADB]&amp#27;[0m Found 2 'build-tools' folders under 'C:\Users\Harsh Vardhan Singh\AppData\Local\Android\Sdk' (newest first):
&amp#27;[38;5;219m[b661273f]&amp#27;[0m&amp#27;[38;5;229m[ADB]&amp#27;[0m     C:\Users\Harsh Vardhan Singh\AppData\Local\Android\Sdk\build-tools\35.0.0
&amp#27;[38;5;219m[b661273f]&amp#27;[0m&amp#27;[38;5;229m[ADB]&amp#27;[0m     C:\Users\Harsh Vardhan Singh\AppData\Local\Android\Sdk\build-tools\34.0.0
&amp#27;[38;5;219m[b661273f]&amp#27;[0m&amp#27;[38;5;229m[ADB]&amp#27;[0m Using 'adb.exe' from 'C:\Users\Harsh Vardhan Singh\AppData\Local\Android\Sdk\platform-tools\adb.exe'
&amp#27;[38;5;219m[b661273f]&amp#27;[0m&amp#27;[38;5;229m[ADB]&amp#27;[0m Running 'C:\Users\Harsh Vardhan Singh\AppData\Local\Android\Sdk\platform-tools\adb.exe -P 5037 start-server'
&amp#27;[38;5;219m[b661273f]&amp#27;[0m&amp#27;[38;5;-71m[AndroidUiautomator2Driver@1b1d]&amp#27;[0m Retrieving device list
&amp#27;[38;5;219m[b661273f]&amp#27;[0m&amp#27;[38;5;229m[ADB]&amp#27;[0m Trying to find connected Android devices
&amp#27;[38;5;219m[b661273f]&amp#27;[0m&amp#27;[38;5;229m[ADB]&amp#27;[0m Getting connected devices
&amp#27;[38;5;219m[b661273f]&amp#27;[0m&amp#27;[38;5;229m[ADB]&amp#27;[0m Connected devices: [{"udid":"emulator-5554","state":"device"}]
&amp#27;[38;5;219m[b661273f]&amp#27;[0m&amp#27;[38;5;-71m[AndroidUiautomator2Driver@1b1d]&amp#27;[0m Using device: emulator-5554
&amp#27;[38;5;219m[b661273f]&amp#27;[0m&amp#27;[38;5;229m[ADB]&amp#27;[0m Using 'adb.exe' from 'C:\Users\Harsh Vardhan Singh\AppData\Local\Android\Sdk\platform-tools\adb.exe'
&amp#27;[38;5;219m[b661273f]&amp#27;[0m&amp#27;[38;5;229m[ADB]&amp#27;[0m Running 'C:\Users\Harsh Vardhan Singh\AppData\Local\Android\Sdk\platform-tools\adb.exe -P 5037 start-server'
&amp#27;[38;5;219m[b661273f]&amp#27;[0m&amp#27;[38;5;229m[ADB]&amp#27;[0m Setting device id to emulator-5554
&amp#27;[38;5;219m[b661273f]&amp#27;[0m&amp#27;[38;5;123m[BaseDriver]&amp#27;[0m Using local app 'D:\Android Automation Framework\Android_Framework\App\General-Store.apk'
&amp#27;[38;5;219m[b661273f]&amp#27;[0m&amp#27;[38;5;-71m[AndroidUiautomator2Driver@1b1d]&amp#27;[0m Checking whether app is actually present
&amp#27;[38;5;219m[b661273f]&amp#27;[0m&amp#27;[38;5;229m[ADB]&amp#27;[0m Running 'C:\Users\Harsh Vardhan Singh\AppData\Local\Android\Sdk\platform-tools\adb.exe -P 5037 -s emulator-5554 shell getprop ro.build.version.sdk'
&amp#27;[38;5;219m[b661273f]&amp#27;[0m&amp#27;[38;5;229m[ADB]&amp#27;[0m Current device property 'ro.build.version.sdk': 35
&amp#27;[38;5;219m[b661273f]&amp#27;[0m&amp#27;[38;5;229m[ADB]&amp#27;[0m Getting device platform version
&amp#27;[38;5;219m[b661273f]&amp#27;[0m&amp#27;[38;5;229m[ADB]&amp#27;[0m Running 'C:\Users\Harsh Vardhan Singh\AppData\Local\Android\Sdk\platform-tools\adb.exe -P 5037 -s emulator-5554 shell getprop ro.build.version.release'
&amp#27;[38;5;219m[b661273f]&amp#27;[0m&amp#27;[38;5;229m[ADB]&amp#27;[0m Current device property 'ro.build.version.release': 15
&amp#27;[38;5;219m[b661273f]&amp#27;[0m&amp#27;[38;5;229m[ADB]&amp#27;[0m Device API level: 35
&amp#27;[38;5;219m[b661273f]&amp#27;[0m&amp#27;[38;5;-71m[AndroidUiautomator2Driver@1b1d]&amp#27;[0m Relaxing hidden api policy
&amp#27;[38;5;219m[b661273f]&amp#27;[0m&amp#27;[38;5;229m[ADB]&amp#27;[0m Running 'C:\Users\Harsh Vardhan Singh\AppData\Local\Android\Sdk\platform-tools\adb.exe -P 5037 -s emulator-5554 shell 'settings put global hidden_api_policy_pre_p_apps 1;settings put global hidden_api_policy_p_apps 1;settings put global hidden_api_policy 1''
&amp#27;[38;5;219m[b661273f]&amp#27;[0m&amp#27;[38;5;-71m[AndroidUiautomator2Driver@1b1d]&amp#27;[0m Parsing package and activity from app manifest
&amp#27;[38;5;219m[b661273f]&amp#27;[0m&amp#27;[38;5;229m[ADB]&amp#27;[0m Running 'C:\Users\Harsh Vardhan Singh\AppData\Local\Android\Sdk\platform-tools\adb.exe -P 5037 -s emulator-5554 wait-for-device'
&amp#27;[38;5;219m[b661273f]&amp#27;[0m&amp#27;[38;5;229m[ADB]&amp#27;[0m Using 'aapt2.exe' from 'C:\Users\Harsh Vardhan Singh\AppData\Local\Android\Sdk\build-tools\35.0.0\aapt2.exe'
&amp#27;[38;5;219m[b661273f]&amp#27;[0m&amp#27;[38;5;229m[ADB]&amp#27;[0m Reading package manifest: ''C:\\Users\\Harsh Vardhan Singh\\AppData\\Local\\Android\\Sdk\\build-tools\\35.0.0\\aapt2.exe' dump badging 'D:\\Android Automation Framework\\Android_Framework\\App\\General-Store.apk''
&amp#27;[38;5;219m[b661273f]&amp#27;[0m&amp#27;[38;5;229m[ADB]&amp#27;[0m Running 'C:\Users\Harsh Vardhan Singh\AppData\Local\Android\Sdk\platform-tools\adb.exe -P 5037 -s emulator-5554 shell echo ping'
&amp#27;[38;5;219m[b661273f]&amp#27;[0m&amp#27;[38;5;229m[ADB]&amp#27;[0m Package name: 'com.androidsample.generalstore'
&amp#27;[38;5;219m[b661273f]&amp#27;[0m&amp#27;[38;5;229m[ADB]&amp#27;[0m Main activity name: 'com.androidsample.generalstore.SplashActivity'
&amp#27;[38;5;219m[b661273f]&amp#27;[0m&amp#27;[38;5;-71m[AndroidUiautomator2Driver@1b1d]&amp#27;[0m Parsed package and activity are: com.androidsample.generalstore/com.androidsample.generalstore.SplashActivity
&amp#27;[38;5;219m[b661273f]&amp#27;[0m&amp#27;[38;5;-71m[AndroidUiautomator2Driver@1b1d]&amp#27;[0m Pushing settings apk to the device...
&amp#27;[38;5;219m[b661273f]&amp#27;[0m&amp#27;[38;5;229m[ADB]&amp#27;[0m Getting package info for 'io.appium.settings'
&amp#27;[38;5;219m[b661273f]&amp#27;[0m&amp#27;[38;5;229m[ADB]&amp#27;[0m Running 'C:\Users\Harsh Vardhan Singh\AppData\Local\Android\Sdk\platform-tools\adb.exe -P 5037 -s emulator-5554 shell dumpsys package io.appium.settings'
&amp#27;[38;5;219m[b661273f]&amp#27;[0m&amp#27;[38;5;229m[ADB]&amp#27;[0m Reading package manifest: ''C:\\Users\\Harsh Vardhan Singh\\AppData\\Local\\Android\\Sdk\\build-tools\\35.0.0\\aapt2.exe' dump badging 'C:\\Users\\Harsh Vardhan Singh\\.appium\\node_modules\\appium-uiautomator2-driver\\node_modules\\io.appium.settings\\apks\\settings_apk-debug.apk''
&amp#27;[38;5;219m[b661273f]&amp#27;[0m&amp#27;[38;5;229m[ADB]&amp#27;[0m The version name of the installed 'io.appium.settings' is greater or equal to the application version name ('5.12.16' >= '5.12.16')
&amp#27;[38;5;219m[b661273f]&amp#27;[0m&amp#27;[38;5;229m[ADB]&amp#27;[0m There is no need to install/upgrade 'C:\Users\Harsh Vardhan Singh\.appium\node_modules\appium-uiautomator2-driver\node_modules\io.appium.settings\apks\settings_apk-debug.apk'
&amp#27;[38;5;219m[b661273f]&amp#27;[0m&amp#27;[38;5;229m[ADB]&amp#27;[0m Running 'C:\Users\Harsh Vardhan Singh\AppData\Local\Android\Sdk\platform-tools\adb.exe -P 5037 -s emulator-5554 shell dumpsys activity services io.appium.settings'
&amp#27;[38;5;219m[b661273f]&amp#27;[0m&amp#27;[38;5;-71m[AndroidUiautomator2Driver@1b1d]&amp#27;[0m io.appium.settings is already running. There is no need to reset its permissions.
&amp#27;[38;5;219m[b661273f]&amp#27;[0m&amp#27;[38;5;160m[Logcat]&amp#27;[0m Starting logs capture with command: 'C:\\Users\\Harsh Vardhan Singh\\AppData\\Local\\Android\\Sdk\\platform-tools\\adb.exe' -P 5037 -s emulator-5554 logcat -v threadtime
&amp#27;[38;5;219m[b661273f]&amp#27;[0m&amp#27;[38;5;-71m[AndroidUiautomator2Driver@1b1d]&amp#27;[0m Forwarding UiAutomator2 Server port 6790 to local port 8200
&amp#27;[38;5;219m[b661273f]&amp#27;[0m&amp#27;[38;5;229m[ADB]&amp#27;[0m Forwarding system: 8200 to device: 6790
&amp#27;[38;5;219m[b661273f]&amp#27;[0m&amp#27;[38;5;229m[ADB]&amp#27;[0m Running 'C:\Users\Harsh Vardhan Singh\AppData\Local\Android\Sdk\platform-tools\adb.exe -P 5037 -s emulator-5554 forward tcp:8200 tcp:6790'
&amp#27;[38;5;219m[b661273f]&amp#27;[0m&amp#27;[38;5;229m[ADB]&amp#27;[0m Getting package info for 'io.appium.uiautomator2.server'
&amp#27;[38;5;219m[b661273f]&amp#27;[0m&amp#27;[38;5;229m[ADB]&amp#27;[0m Running 'C:\Users\Harsh Vardhan Singh\AppData\Local\Android\Sdk\platform-tools\adb.exe -P 5037 -s emulator-5554 shell dumpsys package io.appium.uiautomator2.server'
&amp#27;[38;5;219m[b661273f]&amp#27;[0m&amp#27;[38;5;229m[ADB]&amp#27;[0m Getting install status for io.appium.uiautomator2.server.test
&amp#27;[38;5;219m[b661273f]&amp#27;[0m&amp#27;[38;5;229m[ADB]&amp#27;[0m Checking app cert for D:\Android Automation Framework\Android_Framework\App\General-Store.apk
&amp#27;[38;5;219m[b661273f]&amp#27;[0m&amp#27;[38;5;229m[ADB]&amp#27;[0m Running 'C:\Users\Harsh Vardhan Singh\AppData\Local\Android\Sdk\platform-tools\adb.exe -P 5037 -s emulator-5554 shell cmd package list packages'
&amp#27;[38;5;219m[b661273f]&amp#27;[0m&amp#27;[38;5;229m[ADB]&amp#27;[0m Using 'apksigner.jar' from 'C:\Users\Harsh Vardhan Singh\AppData\Local\Android\Sdk\build-tools\35.0.0\lib\apksigner.jar'
&amp#27;[38;5;219m[b661273f]&amp#27;[0m&amp#27;[38;5;229m[ADB]&amp#27;[0m Starting apksigner: 'C:\\Program Files\\Common Files\\Oracle\\Java\\javapath\\java.exe' -Xmx1024M -Xss1m -jar 'C:\\Users\\Harsh Vardhan Singh\\AppData\\Local\\Android\\Sdk\\build-tools\\35.0.0\\lib\\apksigner.jar' verify --print-certs 'D:\\Android Automation Framework\\Android_Framework\\App\\General-Store.apk'
&amp#27;[38;5;219m[b661273f]&amp#27;[0m&amp#27;[38;5;229m[ADB]&amp#27;[0m Reading package manifest: ''C:\\Users\\Harsh Vardhan Singh\\AppData\\Local\\Android\\Sdk\\build-tools\\35.0.0\\aapt2.exe' dump badging 'C:\\Users\\Harsh Vardhan Singh\\.appium\\node_modules\\appium-uiautomator2-driver\\node_modules\\appium-uiautomator2-server\\apks\\appium-uiautomator2-server-v7.1.1.apk''
&amp#27;[38;5;219m[b661273f]&amp#27;[0m&amp#27;[38;5;229m[ADB]&amp#27;[0m 'io.appium.uiautomator2.server.test' is installed
&amp#27;[38;5;219m[b661273f]&amp#27;[0m&amp#27;[38;5;229m[ADB]&amp#27;[0m The version name of the installed 'io.appium.uiautomator2.server' is greater or equal to the application version name ('7.1.1' >= '7.1.1')
&amp#27;[38;5;219m[b661273f]&amp#27;[0m&amp#27;[38;5;-71m[AndroidUiautomator2Driver@1b1d]&amp#27;[0m Server packages status: [{"installState":"sameVersionInstalled","appPath":"C:\\Users\\Harsh Vardhan Singh\\.appium\\node_modules\\appium-uiautomator2-driver\\node_modules\\appium-uiautomator2-server\\apks\\appium-uiautomator2-server-v7.1.1.apk","appId":"io.appium.uiautomator2.server"},{"installState":"sameVersionInstalled","appPath":"C:\\Users\\Harsh Vardhan Singh\\.appium\\node_modules\\appium-uiautomator2-driver\\node_modules\\appium-uiautomator2-server\\apks\\appium-uiautomator2-server-debug-androidTest.apk","appId":"io.appium.uiautomator2.server.test"}]
&amp#27;[38;5;219m[b661273f]&amp#27;[0m&amp#27;[38;5;-71m[AndroidUiautomator2Driver@1b1d]&amp#27;[0m Server packages are not going to be (re)installed
&amp#27;[38;5;219m[b661273f]&amp#27;[0m&amp#27;[38;5;-71m[AndroidUiautomator2Driver@1b1d]&amp#27;[0m Waiting up to 30000ms for services to be available
&amp#27;[38;5;219m[b661273f]&amp#27;[0m&amp#27;[38;5;229m[ADB]&amp#27;[0m Running 'C:\Users\Harsh Vardhan Singh\AppData\Local\Android\Sdk\platform-tools\adb.exe -P 5037 -s emulator-5554 shell pm list instrumentation'
&amp#27;[38;5;219m[b661273f]&amp#27;[0m&amp#27;[38;5;-71m[AndroidUiautomator2Driver@1b1d]&amp#27;[0m Instrumentation target 'io.appium.uiautomator2.server.test/androidx.test.runner.AndroidJUnitRunner' is available
&amp#27;[38;5;219m[b661273f]&amp#27;[0m&amp#27;[38;5;229m[ADB]&amp#27;[0m Adding packages ["io.appium.settings","io.appium.uiautomator2.server","io.appium.uiautomator2.server.test"] to Doze whitelist
&amp#27;[38;5;219m[b661273f]&amp#27;[0m&amp#27;[38;5;229m[ADB]&amp#27;[0m Got the following command chunks to execute: [["dumpsys","deviceidle","whitelist","+io.appium.settings",";","dumpsys","deviceidle","whitelist","+io.appium.uiautomator2.server",";","dumpsys","deviceidle","whitelist","+io.appium.uiautomator2.server.test",";"]]
&amp#27;[38;5;219m[b661273f]&amp#27;[0m&amp#27;[38;5;229m[ADB]&amp#27;[0m Running 'C:\Users\Harsh Vardhan Singh\AppData\Local\Android\Sdk\platform-tools\adb.exe -P 5037 -s emulator-5554 shell dumpsys deviceidle whitelist +io.appium.settings ; dumpsys deviceidle whitelist +io.appium.uiautomator2.server ; dumpsys deviceidle whitelist +io.appium.uiautomator2.server.test ;'
&amp#27;[38;5;219m[b661273f]&amp#27;[0m&amp#27;[38;5;229m[ADB]&amp#27;[0m apksigner stdout: Signer #1 certificate DN: EMAILADDRESS=android@android.com, CN=Android, OU=Android, O=Android, L=Mountain View, ST=California, C=US
Signer #1 certificate SHA-256 digest: a40da80a59d170caa950cf15c18c454d47a39b26989d8b640ecd745ba71bf5dc
Signer #1 certificate SHA-1 digest: 61ed377e85d386a8dfee6b864bd85b0bfaa5af81
Signer #1 certificate MD5 digest: e89b158e4bcf988ebd09eb83f5378e87

&amp#27;[38;5;219m[b661273f]&amp#27;[0m&amp#27;[38;5;229m[ADB]&amp#27;[0m sha256 hash did match for 'General-Store.apk'
&amp#27;[38;5;219m[b661273f]&amp#27;[0m&amp#27;[38;5;229m[ADB]&amp#27;[0m 'D:\Android Automation Framework\Android_Framework\App\General-Store.apk' is signed with the default certificate
&amp#27;[38;5;219m[b661273f]&amp#27;[0m&amp#27;[38;5;229m[ADB]&amp#27;[0m Getting package info for 'com.androidsample.generalstore'
&amp#27;[38;5;219m[b661273f]&amp#27;[0m&amp#27;[38;5;229m[ADB]&amp#27;[0m Running 'C:\Users\Harsh Vardhan Singh\AppData\Local\Android\Sdk\platform-tools\adb.exe -P 5037 -s emulator-5554 shell dumpsys package com.androidsample.generalstore'
&amp#27;[38;5;219m[b661273f]&amp#27;[0m&amp#27;[38;5;229m[ADB]&amp#27;[0m Reading package manifest: ''C:\\Users\\Harsh Vardhan Singh\\AppData\\Local\\Android\\Sdk\\build-tools\\35.0.0\\aapt2.exe' dump badging 'D:\\Android Automation Framework\\Android_Framework\\App\\General-Store.apk''
&amp#27;[38;5;219m[b661273f]&amp#27;[0m&amp#27;[38;5;229m[ADB]&amp#27;[0m The version name of the installed 'com.androidsample.generalstore' is greater or equal to the application version name ('1.0.0' >= '1.0.0')
&amp#27;[38;5;219m[b661273f]&amp#27;[0m&amp#27;[38;5;229m[ADB]&amp#27;[0m There is no need to install/upgrade 'D:\Android Automation Framework\Android_Framework\App\General-Store.apk'
&amp#27;[38;5;219m[b661273f]&amp#27;[0m&amp#27;[38;5;-71m[AndroidUiautomator2Driver@1b1d]&amp#27;[0m Performing fast reset on 'com.androidsample.generalstore'
&amp#27;[38;5;219m[b661273f]&amp#27;[0m&amp#27;[38;5;229m[ADB]&amp#27;[0m Getting install status for com.androidsample.generalstore
&amp#27;[38;5;219m[b661273f]&amp#27;[0m&amp#27;[38;5;229m[ADB]&amp#27;[0m Running 'C:\Users\Harsh Vardhan Singh\AppData\Local\Android\Sdk\platform-tools\adb.exe -P 5037 -s emulator-5554 shell cmd package list packages'
&amp#27;[38;5;219m[b661273f]&amp#27;[0m&amp#27;[38;5;229m[ADB]&amp#27;[0m 'com.androidsample.generalstore' is installed
&amp#27;[38;5;219m[b661273f]&amp#27;[0m&amp#27;[38;5;229m[ADB]&amp#27;[0m Running 'C:\Users\Harsh Vardhan Singh\AppData\Local\Android\Sdk\platform-tools\adb.exe -P 5037 -s emulator-5554 shell am force-stop com.androidsample.generalstore'
&amp#27;[38;5;219m[b661273f]&amp#27;[0m&amp#27;[38;5;229m[ADB]&amp#27;[0m Running 'C:\Users\Harsh Vardhan Singh\AppData\Local\Android\Sdk\platform-tools\adb.exe -P 5037 -s emulator-5554 shell pm clear com.androidsample.generalstore'
&amp#27;[38;5;219m[b661273f]&amp#27;[0m&amp#27;[38;5;-71m[AndroidUiautomator2Driver@1b1d]&amp#27;[0m Performed fast reset on the installed 'com.androidsample.generalstore' application (stop and clear)
&amp#27;[38;5;219m[b661273f]&amp#27;[0m&amp#27;[38;5;-71m[AndroidUiautomator2Driver@1b1d]&amp#27;[0m Performing shallow cleanup of automation leftovers
&amp#27;[38;5;219m[b661273f]&amp#27;[0m&amp#27;[38;5;-71m[AndroidUiautomator2Driver@1b1d]&amp#27;[0m No obsolete sessions have been detected (socket hang up)
&amp#27;[38;5;219m[b661273f]&amp#27;[0m&amp#27;[38;5;229m[ADB]&amp#27;[0m Running 'C:\Users\Harsh Vardhan Singh\AppData\Local\Android\Sdk\platform-tools\adb.exe -P 5037 -s emulator-5554 shell am force-stop io.appium.uiautomator2.server'
&amp#27;[38;5;219m[b661273f]&amp#27;[0m&amp#27;[38;5;229m[ADB]&amp#27;[0m Running 'C:\Users\Harsh Vardhan Singh\AppData\Local\Android\Sdk\platform-tools\adb.exe -P 5037 -s emulator-5554 shell am force-stop io.appium.uiautomator2.server.test'
&amp#27;[38;5;219m[b661273f]&amp#27;[0m&amp#27;[38;5;-71m[AndroidUiautomator2Driver@1b1d]&amp#27;[0m Starting UIAutomator2 server 7.1.1
&amp#27;[38;5;219m[b661273f]&amp#27;[0m&amp#27;[38;5;-71m[AndroidUiautomator2Driver@1b1d]&amp#27;[0m Using UIAutomator2 server from 'C:\Users\Harsh Vardhan Singh\.appium\node_modules\appium-uiautomator2-driver\node_modules\appium-uiautomator2-server\apks\appium-uiautomator2-server-v7.1.1.apk' and test from 'C:\Users\Harsh Vardhan Singh\.appium\node_modules\appium-uiautomator2-driver\node_modules\appium-uiautomator2-server\apks\appium-uiautomator2-server-debug-androidTest.apk'
&amp#27;[38;5;219m[b661273f]&amp#27;[0m&amp#27;[38;5;-71m[AndroidUiautomator2Driver@1b1d]&amp#27;[0m Waiting up to 30000ms for UiAutomator2 to be online...
&amp#27;[38;5;219m[b661273f]&amp#27;[0m&amp#27;[38;5;229m[ADB]&amp#27;[0m Creating ADB subprocess with args: ["-P","5037","-s","emulator-5554","shell","am","instrument","-w","-e","disableAnalytics","true","io.appium.uiautomator2.server.test/androidx.test.runner.AndroidJUnitRunner"]
&amp#27;[38;5;219m[b661273f]&amp#27;[0m&amp#27;[38;5;-71m[AndroidUiautomator2Driver@1b1d]&amp#27;[0m Matched '/status' to command name 'getStatus'
&amp#27;[38;5;219m[b661273f]&amp#27;[0m&amp#27;[38;5;-71m[AndroidUiautomator2Driver@1b1d]&amp#27;[0m Proxying [GET /status] to [GET http://127.0.0.1:8200/status] with no body
&amp#27;[38;5;219m[b661273f]&amp#27;[0m&amp#27;[38;5;-71m[AndroidUiautomator2Driver@1b1d]&amp#27;[0m socket hang up
&amp#27;[38;5;219m[b661273f]&amp#27;[0m&amp#27;[38;5;-71m[AndroidUiautomator2Driver@1b1d]&amp#27;[0m [Instrumentation] 
&amp#27;[38;5;219m[b661273f]&amp#27;[0m&amp#27;[38;5;-71m[AndroidUiautomator2Driver@1b1d]&amp#27;[0m Matched '/status' to command name 'getStatus'
&amp#27;[38;5;219m[b661273f]&amp#27;[0m&amp#27;[38;5;-71m[AndroidUiautomator2Driver@1b1d]&amp#27;[0m Proxying [GET /status] to [GET http://127.0.0.1:8200/status] with no body
&amp#27;[38;5;219m[b661273f]&amp#27;[0m&amp#27;[38;5;-71m[AndroidUiautomator2Driver@1b1d]&amp#27;[0m socket hang up
&amp#27;[38;5;219m[b661273f]&amp#27;[0m&amp#27;[38;5;-71m[AndroidUiautomator2Driver@1b1d]&amp#27;[0m Matched '/status' to command name 'getStatus'
&amp#27;[38;5;219m[b661273f]&amp#27;[0m&amp#27;[38;5;-71m[AndroidUiautomator2Driver@1b1d]&amp#27;[0m Proxying [GET /status] to [GET http://127.0.0.1:8200/status] with no body
&amp#27;[38;5;219m[b661273f]&amp#27;[0m&amp#27;[38;5;-71m[AndroidUiautomator2Driver@1b1d]&amp#27;[0m Got response with status 200: {"sessionId":"None","value":{"message":"UiAutomator2 Server is ready to accept commands","ready":true}}
&amp#27;[38;5;219m[b661273f]&amp#27;[0m&amp#27;[38;5;-71m[AndroidUiautomator2Driver@1b1d]&amp#27;[0m The initialization of the instrumentation process took 2157ms
&amp#27;[38;5;219m[b661273f]&amp#27;[0m&amp#27;[38;5;-71m[AndroidUiautomator2Driver@1b1d]&amp#27;[0m Matched '/session' to command name 'createSession'
&amp#27;[38;5;219m[b661273f]&amp#27;[0m&amp#27;[38;5;-71m[AndroidUiautomator2Driver@1b1d]&amp#27;[0m Proxying [POST /session] to [POST http://127.0.0.1:8200/session] with body: {"capabilities":{"firstMatch":[{"platformName":"ANDROID","chromedriverUseSystemExecutable":true,"deviceName":"emulator-5554","automationName":"UIAutomator2","app":"D:\\Android Automation Framework\\Android_Framework\\App\\General-Store.apk","platform":"LINUX","webStorageEnabled":false,"takesScreenshot":true,"javascriptEnabled":true,"databaseEnabled":false,"networkConnectionEnabled":true,"locationContextEnabled":false,"warnings":{},"desired":{"platformName":"ANDROID","chromedriverUseSystemExecutable":true,"deviceName":"HarshEmulator","automationName":"UIAutomator2","app":"D:\\Android Automation Framework\\Android_Framework\\App\\General-Store.apk"},"deviceUDID":"emulator-5554","appPackage":"com.androidsample.generalstore"}],"alwaysMatch":{}}}
&amp#27;[38;5;219m[b661273f]&amp#27;[0m&amp#27;[38;5;-71m[AndroidUiautomator2Driver@1b1d]&amp#27;[0m Got response with status 200: {"sessionId":"e23438fc-b621-44cf-8203-c91c66728ec9","value":{"capabilities":{"firstMatch":[{"platformName":"ANDROID","chromedriverUseSystemExecutable":true,"deviceName":"emulator-5554","automationName":"UIAutomator2","app":"D:\\Android Automation Framework\\Android_Framework\\App\\General-Store.apk","platform":"LINUX","webStorageEnabled":false,"takesScreenshot":true,"javascriptEnabled":true,"databaseEnabled":false,"networkConnectionEnabled":true,"locationContextEnabled":false,"warnings":{},"desired":{"platformName":"ANDROID","chromedriverUseSystemExecutable":true,"deviceName":"HarshEmulator","automationName":"UIAutomator2","app":"D:\\Android Automation Framework\\Android_Framework\\App\\General-Store.apk"},"deviceUDID":"emulator-5554","appPackage":"com.androidsample.generalstore"}],"alwaysMatch":{}},"sessionId":"e23438fc-b621-44cf-8203-c91c66728ec9"}}
&amp#27;[38;5;219m[b661273f]&amp#27;[0m&amp#27;[38;5;-71m[AndroidUiautomator2Driver@1b1d]&amp#27;[0m Determined the downstream protocol as 'W3C'
&amp#27;[38;5;219m[b661273f]&amp#27;[0m&amp#27;[38;5;-71m[AndroidUiautomator2Driver@1b1d]&amp#27;[0m Proxying [GET /appium/device/pixel_ratio] to [GET http://127.0.0.1:8200/session/e23438fc-b621-44cf-8203-c91c66728ec9/appium/device/pixel_ratio] with no body
&amp#27;[38;5;219m[b661273f]&amp#27;[0m&amp#27;[38;5;-71m[AndroidUiautomator2Driver@1b1d]&amp#27;[0m Matched '/appium/device/system_bars' to command name 'getSystemBars'
&amp#27;[38;5;219m[b661273f]&amp#27;[0m&amp#27;[38;5;-71m[AndroidUiautomator2Driver@1b1d]&amp#27;[0m Proxying [GET /appium/device/system_bars] to [GET http://127.0.0.1:8200/session/e23438fc-b621-44cf-8203-c91c66728ec9/appium/device/system_bars] with no body
&amp#27;[38;5;219m[b661273f]&amp#27;[0m&amp#27;[38;5;-71m[AndroidUiautomator2Driver@1b1d]&amp#27;[0m Matched '/window/current/size' to command name 'getWindowSize'
&amp#27;[38;5;219m[b661273f]&amp#27;[0m&amp#27;[38;5;-71m[AndroidUiautomator2Driver@1b1d]&amp#27;[0m Proxying [GET /window/current/size] to [GET http://127.0.0.1:8200/session/e23438fc-b621-44cf-8203-c91c66728ec9/window/current/size] with no body
&amp#27;[38;5;219m[b661273f]&amp#27;[0m&amp#27;[38;5;-71m[AndroidUiautomator2Driver@1b1d]&amp#27;[0m Proxying [GET /appium/device/info] to [GET http://127.0.0.1:8200/session/e23438fc-b621-44cf-8203-c91c66728ec9/appium/device/info] with no body
&amp#27;[38;5;219m[b661273f]&amp#27;[0m&amp#27;[38;5;229m[ADB]&amp#27;[0m Running 'C:\Users\Harsh Vardhan Singh\AppData\Local\Android\Sdk\platform-tools\adb.exe -P 5037 -s emulator-5554 shell dumpsys window'
&amp#27;[38;5;219m[b661273f]&amp#27;[0m&amp#27;[38;5;229m[ADB]&amp#27;[0m Running 'C:\Users\Harsh Vardhan Singh\AppData\Local\Android\Sdk\platform-tools\adb.exe -P 5037 -s emulator-5554 shell dumpsys power'
&amp#27;[38;5;219m[b661273f]&amp#27;[0m&amp#27;[38;5;-71m[AndroidUiautomator2Driver@1b1d]&amp#27;[0m Got response with status 200: {"sessionId":"e23438fc-b621-44cf-8203-c91c66728ec9","value":2.75}
&amp#27;[38;5;219m[b661273f]&amp#27;[0m&amp#27;[38;5;-71m[AndroidUiautomator2Driver@1b1d]&amp#27;[0m Got response with status 200: {"sessionId":"e23438fc-b621-44cf-8203-c91c66728ec9","value":{"statusBar":83}}
&amp#27;[38;5;219m[b661273f]&amp#27;[0m&amp#27;[38;5;-71m[AndroidUiautomator2Driver@1b1d]&amp#27;[0m Got response with status 200: {"sessionId":"e23438fc-b621-44cf-8203-c91c66728ec9","value":{"height":2280,"width":1080}}
&amp#27;[38;5;219m[b661273f]&amp#27;[0m&amp#27;[38;5;-71m[AndroidUiautomator2Driver@1b1d]&amp#27;[0m Got response with status 200: {"sessionId":"e23438fc-b621-44cf-8203-c91c66728ec9","value":{"androidId":"1ff6e7570d05646c","apiVersion":"35","bluetooth":{"state":"ON"},"brand":"google","carrierName":"T-Mobile","displayDensity":440,"locale":"en_US","manufacturer":"Google","model":"sdk_gphone64_x86_64","networks":[{"capabilities":{"SSID":null,"linkDownBandwidthKbps":4300,"linkUpstreamBandwidthKbps":1800,"networkCapabilities":"NET_CAPABILITY_MMS,NET_CAPABILITY_SUPL,NET_CAPABILITY_IA,NET_CAPABILITY_XCAP,NET_CAPABILITY_INTERNET,NET_CAPABILITY_NOT_RESTRICTED,NET_CAPABILITY_TRUSTED,NET_CAPABILITY_NOT_VPN,NET_CAPABILITY_VALIDATED,NET_CAPABILITY_NOT_ROAMING,NET_CAPABILITY_NOT_CONGESTED,NET_CAPABILITY_NOT_SUSPENDED","signalStrength":-2147483648,"transportTypes":"TRANSPORT_CELLULAR"},"detailedState":"CONNECTED","extraInfo":"fast.t-mobile.com","isAvailable":true,"isConnected":true,"isFailover":false,"isRoaming":false,"state":"CONNECTED","subtype":10,"subtypeName":"HSPA","type":0,"typeName":"MOBILE"},{"capabilities":{"SSID":null,"linkDownBandwidthKb...
&amp#27;[38;5;219m[b661273f]&amp#27;[0m&amp#27;[38;5;-71m[AndroidUiautomator2Driver@1b1d]&amp#27;[0m Screen already unlocked, doing nothing
&amp#27;[38;5;219m[b661273f]&amp#27;[0m&amp#27;[38;5;-71m[AndroidUiautomator2Driver@1b1d]&amp#27;[0m Starting 'com.androidsample.generalstore/com.androidsample.generalstore.SplashActivity and waiting for 'com.androidsample.generalstore/com.androidsample.generalstore.SplashActivity'
&amp#27;[38;5;219m[b661273f]&amp#27;[0m&amp#27;[38;5;229m[ADB]&amp#27;[0m Running 'C:\Users\Harsh Vardhan Singh\AppData\Local\Android\Sdk\platform-tools\adb.exe -P 5037 -s emulator-5554 shell am start -W -n com.androidsample.generalstore/com.androidsample.generalstore.SplashActivity -S -a android.intent.action.MAIN -c android.intent.category.LAUNCHER -f 0x10200000'
&amp#27;[38;5;219m[b661273f]&amp#27;[0m&amp#27;[38;5;229m[ADB]&amp#27;[0m Waiting up to 20000ms for activity matching pkg: 'com.androidsample.generalstore' and activity: 'com.androidsample.generalstore.SplashActivity' to be focused
&amp#27;[38;5;219m[b661273f]&amp#27;[0m&amp#27;[38;5;229m[ADB]&amp#27;[0m Possible activities, to be checked: 'com.androidsample.generalstore.SplashActivity', 'com.androidsample.generalstore.com.androidsample.generalstore.SplashActivity'
&amp#27;[38;5;219m[b661273f]&amp#27;[0m&amp#27;[38;5;229m[ADB]&amp#27;[0m Getting focused package and activity
&amp#27;[38;5;219m[b661273f]&amp#27;[0m&amp#27;[38;5;229m[ADB]&amp#27;[0m Running 'C:\Users\Harsh Vardhan Singh\AppData\Local\Android\Sdk\platform-tools\adb.exe -P 5037 -s emulator-5554 shell dumpsys window displays'
&amp#27;[38;5;219m[b661273f]&amp#27;[0m&amp#27;[38;5;229m[ADB]&amp#27;[0m Found package: 'com.androidsample.generalstore' and fully qualified activity name : 'com.androidsample.generalstore.SplashActivity'
&amp#27;[38;5;219m[b661273f]&amp#27;[0m&amp#27;[38;5;24m[AppiumDriver@0307]&amp#27;[0m New AndroidUiautomator2Driver session created successfully, session b661273f-1b2a-4143-96fb-ecd96d7b6e9e added to master session list
&amp#27;[38;5;219m[b661273f]&amp#27;[0m&amp#27;[38;5;24m[AppiumDriver@0307]&amp#27;[0m Event 'newSessionStarted' logged at 1732112496820 (19:51:36 GMT+0530 (India Standard Time))
&amp#27;[38;5;219m[b661273f]&amp#27;[0m&amp#27;[38;5;-71m[AndroidUiautomator2Driver@1b1d]&amp#27;[0m Cached the protocol value 'W3C' for the new session b661273f-1b2a-4143-96fb-ecd96d7b6e9e
&amp#27;[38;5;219m[b661273f]&amp#27;[0m&amp#27;[38;5;-71m[AndroidUiautomator2Driver@1b1d]&amp#27;[0m Responding to client with driver.createSession() result: {"capabilities":{"platformName":"ANDROID","chromedriverUseSystemExecutable":true,"deviceName":"emulator-5554","automationName":"UIAutomator2","app":"D:\\Android Automation Framework\\Android_Framework\\App\\General-Store.apk","platform":"LINUX","webStorageEnabled":false,"takesScreenshot":true,"javascriptEnabled":true,"databaseEnabled":false,"networkConnectionEnabled":true,"locationContextEnabled":false,"warnings":{},"desired":{"platformName":"ANDROID","chromedriverUseSystemExecutable":true,"deviceName":"HarshEmulator","automationName":"UIAutomator2","app":"D:\\Android Automation Framework\\Android_Framework\\App\\General-Store.apk"},"deviceUDID":"emulator-5554","appPackage":"com.androidsample.generalstore","pixelRatio":"2.75","statBarHeight":83,"viewportRect":{"left":0,"top":83,"width":1080,"height":2197},"deviceApiLevel":35,"platformVersion":"15","deviceManufacturer":"Google","deviceModel":"sdk_gphone64_x86_64","deviceScreenSize":"1080x2280","deviceScreenDensity":440}}
&amp#27;[38;5;219m[b661273f]&amp#27;[0m&amp#27;[38;5;86m[HTTP]&amp#27;[0m &amp#27;[37m<-- POST /session &amp#27;[39m&amp#27;[32m200&amp#27;[39m &amp#27;[90m4413 ms - 1045&amp#27;[39m &amp#27;[90m&amp#27;[39m
&amp#27;[38;5;219m[b661273f]&amp#27;[0m&amp#27;[38;5;86m[HTTP]&amp#27;[0m &amp#27;[37m-->&amp#27;[39m &amp#27;[37mPOST&amp#27;[39m &amp#27;[37m/session/b661273f-1b2a-4143-96fb-ecd96d7b6e9e/timeouts&amp#27;[39m &amp#27;[90m{"implicit":20000}&amp#27;[39m
&amp#27;[38;5;219m[b661273f]&amp#27;[0m&amp#27;[38;5;-71m[AndroidUiautomator2Driver@1b1d]&amp#27;[0m Calling AppiumDriver.timeouts() with args: [null,null,null,null,20000,"b661273f-1b2a-4143-96fb-ecd96d7b6e9e"]
&amp#27;[38;5;219m[b661273f]&amp#27;[0m&amp#27;[38;5;-71m[AndroidUiautomator2Driver@1b1d]&amp#27;[0m W3C timeout argument: {"implicit":20000}}
&amp#27;[38;5;219m[b661273f]&amp#27;[0m&amp#27;[38;5;-71m[AndroidUiautomator2Driver@1b1d]&amp#27;[0m Set implicit wait to 20000ms
&amp#27;[38;5;219m[b661273f]&amp#27;[0m&amp#27;[38;5;-71m[AndroidUiautomator2Driver@1b1d]&amp#27;[0m Responding to client with driver.timeouts() result: null
&amp#27;[38;5;219m[b661273f]&amp#27;[0m&amp#27;[38;5;86m[HTTP]&amp#27;[0m &amp#27;[37m<-- POST /session/b661273f-1b2a-4143-96fb-ecd96d7b6e9e/timeouts &amp#27;[39m&amp#27;[32m200&amp#27;[39m &amp#27;[90m2 ms - 14&amp#27;[39m &amp#27;[90m&amp#27;[39m
&amp#27;[38;5;219m[b661273f]&amp#27;[0m&amp#27;[38;5;86m[HTTP]&amp#27;[0m &amp#27;[37m-->&amp#27;[39m &amp#27;[37mGET&amp#27;[39m &amp#27;[37m/session/b661273f-1b2a-4143-96fb-ecd96d7b6e9e/context&amp#27;[39m &amp#27;[90m{}&amp#27;[39m
&amp#27;[38;5;219m[b661273f]&amp#27;[0m&amp#27;[38;5;-71m[AndroidUiautomator2Driver@1b1d]&amp#27;[0m Calling AppiumDriver.getCurrentContext() with args: ["b661273f-1b2a-4143-96fb-ecd96d7b6e9e"]
&amp#27;[38;5;219m[b661273f]&amp#27;[0m&amp#27;[38;5;-71m[AndroidUiautomator2Driver@1b1d]&amp#27;[0m Responding to client with driver.getCurrentContext() result: "NATIVE_APP"
&amp#27;[38;5;219m[b661273f]&amp#27;[0m&amp#27;[38;5;86m[HTTP]&amp#27;[0m &amp#27;[37m<-- GET /session/b661273f-1b2a-4143-96fb-ecd96d7b6e9e/context &amp#27;[39m&amp#27;[32m200&amp#27;[39m &amp#27;[90m3 ms - 22&amp#27;[39m &amp#27;[90m&amp#27;[39m
&amp#27;[38;5;219m[b661273f]&amp#27;[0m&amp#27;[38;5;86m[HTTP]&amp#27;[0m &amp#27;[37m-->&amp#27;[39m &amp#27;[37mPOST&amp#27;[39m &amp#27;[37m/session/b661273f-1b2a-4143-96fb-ecd96d7b6e9e/element&amp#27;[39m &amp#27;[90m{"value":"com.androidsample.generalstore:id/radioFemale","using":"id"}&amp#27;[39m
&amp#27;[38;5;219m[b661273f]&amp#27;[0m&amp#27;[38;5;-71m[AndroidUiautomator2Driver@1b1d]&amp#27;[0m Calling AppiumDriver.findElement() with args: ["id","com.androidsample.generalstore:id/radioFemale","b661273f-1b2a-4143-96fb-ecd96d7b6e9e"]
&amp#27;[38;5;219m[b661273f]&amp#27;[0m&amp#27;[38;5;-71m[AndroidUiautomator2Driver@1b1d]&amp#27;[0m Valid locator strategies for this request: xpath, id, class name, accessibility id, css selector, -android uiautomator
&amp#27;[38;5;219m[b661273f]&amp#27;[0m&amp#27;[38;5;-71m[AndroidUiautomator2Driver@1b1d]&amp#27;[0m Waiting up to 20000 ms for condition
&amp#27;[38;5;219m[b661273f]&amp#27;[0m&amp#27;[38;5;-71m[AndroidUiautomator2Driver@1b1d]&amp#27;[0m Matched '/element' to command name 'findElement'
&amp#27;[38;5;219m[b661273f]&amp#27;[0m&amp#27;[38;5;-71m[AndroidUiautomator2Driver@1b1d]&amp#27;[0m Proxying [POST /element] to [POST http://127.0.0.1:8200/session/e23438fc-b621-44cf-8203-c91c66728ec9/element] with body: {"strategy":"id","selector":"com.androidsample.generalstore:id/radioFemale","context":"","multiple":false}
&amp#27;[38;5;219m[b661273f]&amp#27;[0m&amp#27;[38;5;-71m[AndroidUiautomator2Driver@1b1d]&amp#27;[0m Got response with status 404: {"sessionId":"e23438fc-b621-44cf-8203-c91c66728ec9","value":{"error":"no such element","message":"An element could not be located on the page using the given search parameters","stacktrace":"io.appium.uiautomator2.common.exceptions.ElementNotFoundException: An element could not be located on the page using the given search parameters\n\tat io.appium.uiautomator2.handler.FindElement.safeHandle(FindElement.java:63)\n\tat io.appium.uiautomator2.handler.request.SafeRequestHandler.handle(SafeRequestHandler.java:59)\n\tat io.appium.uiautomator2.server.AppiumServlet.handleRequest(AppiumServlet.java:259)\n\tat io.appium.uiautomator2.server.AppiumServlet.handleHttpRequest(AppiumServlet.java:253)\n\tat io.appium.uiautomator2.http.ServerHandler.channelRead(ServerHandler.java:77)\n\tat io.netty.channel.AbstractChannelHandlerContext.invokeChannelRead(AbstractChannelHandlerContext.java:366)\n\tat io.netty.channel.AbstractChannelHandlerContext.invokeChannelRead(AbstractChannelHandlerContext.java:352)\n\tat io.netty.chann...
&amp#27;[38;5;219m[b661273f]&amp#27;[0m&amp#27;[38;5;123m[W3C]&amp#27;[0m Matched W3C error code 'no such element' to NoSuchElementError
&amp#27;[38;5;219m[b661273f]&amp#27;[0m&amp#27;[38;5;-71m[AndroidUiautomator2Driver@1b1d]&amp#27;[0m Waited for 646 ms so far
&amp#27;[38;5;219m[b661273f]&amp#27;[0m&amp#27;[38;5;-71m[AndroidUiautomator2Driver@1b1d]&amp#27;[0m Matched '/element' to command name 'findElement'
&amp#27;[38;5;219m[b661273f]&amp#27;[0m&amp#27;[38;5;-71m[AndroidUiautomator2Driver@1b1d]&amp#27;[0m Proxying [POST /element] to [POST http://127.0.0.1:8200/session/e23438fc-b621-44cf-8203-c91c66728ec9/element] with body: {"strategy":"id","selector":"com.androidsample.generalstore:id/radioFemale","context":"","multiple":false}
&amp#27;[38;5;219m[b661273f]&amp#27;[0m&amp#27;[38;5;-71m[AndroidUiautomator2Driver@1b1d]&amp#27;[0m Got response with status 404: {"sessionId":"e23438fc-b621-44cf-8203-c91c66728ec9","value":{"error":"no such element","message":"An element could not be located on the page using the given search parameters","stacktrace":"io.appium.uiautomator2.common.exceptions.ElementNotFoundException: An element could not be located on the page using the given search parameters\n\tat io.appium.uiautomator2.handler.FindElement.safeHandle(FindElement.java:63)\n\tat io.appium.uiautomator2.handler.request.SafeRequestHandler.handle(SafeRequestHandler.java:59)\n\tat io.appium.uiautomator2.server.AppiumServlet.handleRequest(AppiumServlet.java:259)\n\tat io.appium.uiautomator2.server.AppiumServlet.handleHttpRequest(AppiumServlet.java:253)\n\tat io.appium.uiautomator2.http.ServerHandler.channelRead(ServerHandler.java:77)\n\tat io.netty.channel.AbstractChannelHandlerContext.invokeChannelRead(AbstractChannelHandlerContext.java:366)\n\tat io.netty.channel.AbstractChannelHandlerContext.invokeChannelRead(AbstractChannelHandlerContext.java:352)\n\tat io.netty.chann...
&amp#27;[38;5;219m[b661273f]&amp#27;[0m&amp#27;[38;5;123m[W3C]&amp#27;[0m Matched W3C error code 'no such element' to NoSuchElementError
&amp#27;[38;5;219m[b661273f]&amp#27;[0m&amp#27;[38;5;-71m[AndroidUiautomator2Driver@1b1d]&amp#27;[0m Waited for 1178 ms so far
&amp#27;[38;5;219m[b661273f]&amp#27;[0m&amp#27;[38;5;-71m[AndroidUiautomator2Driver@1b1d]&amp#27;[0m Matched '/element' to command name 'findElement'
&amp#27;[38;5;219m[b661273f]&amp#27;[0m&amp#27;[38;5;-71m[AndroidUiautomator2Driver@1b1d]&amp#27;[0m Proxying [POST /element] to [POST http://127.0.0.1:8200/session/e23438fc-b621-44cf-8203-c91c66728ec9/element] with body: {"strategy":"id","selector":"com.androidsample.generalstore:id/radioFemale","context":"","multiple":false}
&amp#27;[38;5;219m[b661273f]&amp#27;[0m&amp#27;[38;5;-71m[AndroidUiautomator2Driver@1b1d]&amp#27;[0m Got response with status 404: {"sessionId":"e23438fc-b621-44cf-8203-c91c66728ec9","value":{"error":"no such element","message":"An element could not be located on the page using the given search parameters","stacktrace":"io.appium.uiautomator2.common.exceptions.ElementNotFoundException: An element could not be located on the page using the given search parameters\n\tat io.appium.uiautomator2.handler.FindElement.safeHandle(FindElement.java:63)\n\tat io.appium.uiautomator2.handler.request.SafeRequestHandler.handle(SafeRequestHandler.java:59)\n\tat io.appium.uiautomator2.server.AppiumServlet.handleRequest(AppiumServlet.java:259)\n\tat io.appium.uiautomator2.server.AppiumServlet.handleHttpRequest(AppiumServlet.java:253)\n\tat io.appium.uiautomator2.http.ServerHandler.channelRead(ServerHandler.java:77)\n\tat io.netty.channel.AbstractChannelHandlerContext.invokeChannelRead(AbstractChannelHandlerContext.java:366)\n\tat io.netty.channel.AbstractChannelHandlerContext.invokeChannelRead(AbstractChannelHandlerContext.java:352)\n\tat io.netty.chann...
&amp#27;[38;5;219m[b661273f]&amp#27;[0m&amp#27;[38;5;123m[W3C]&amp#27;[0m Matched W3C error code 'no such element' to NoSuchElementError
&amp#27;[38;5;219m[b661273f]&amp#27;[0m&amp#27;[38;5;-71m[AndroidUiautomator2Driver@1b1d]&amp#27;[0m Waited for 1716 ms so far
&amp#27;[38;5;219m[b661273f]&amp#27;[0m&amp#27;[38;5;-71m[AndroidUiautomator2Driver@1b1d]&amp#27;[0m Matched '/element' to command name 'findElement'
&amp#27;[38;5;219m[b661273f]&amp#27;[0m&amp#27;[38;5;-71m[AndroidUiautomator2Driver@1b1d]&amp#27;[0m Proxying [POST /element] to [POST http://127.0.0.1:8200/session/e23438fc-b621-44cf-8203-c91c66728ec9/element] with body: {"strategy":"id","selector":"com.androidsample.generalstore:id/radioFemale","context":"","multiple":false}
&amp#27;[38;5;219m[b661273f]&amp#27;[0m&amp#27;[38;5;-71m[AndroidUiautomator2Driver@1b1d]&amp#27;[0m Got response with status 404: {"sessionId":"e23438fc-b621-44cf-8203-c91c66728ec9","value":{"error":"no such element","message":"An element could not be located on the page using the given search parameters","stacktrace":"io.appium.uiautomator2.common.exceptions.ElementNotFoundException: An element could not be located on the page using the given search parameters\n\tat io.appium.uiautomator2.handler.FindElement.safeHandle(FindElement.java:63)\n\tat io.appium.uiautomator2.handler.request.SafeRequestHandler.handle(SafeRequestHandler.java:59)\n\tat io.appium.uiautomator2.server.AppiumServlet.handleRequest(AppiumServlet.java:259)\n\tat io.appium.uiautomator2.server.AppiumServlet.handleHttpRequest(AppiumServlet.java:253)\n\tat io.appium.uiautomator2.http.ServerHandler.channelRead(ServerHandler.java:77)\n\tat io.netty.channel.AbstractChannelHandlerContext.invokeChannelRead(AbstractChannelHandlerContext.java:366)\n\tat io.netty.channel.AbstractChannelHandlerContext.invokeChannelRead(AbstractChannelHandlerContext.java:352)\n\tat io.netty.chann...
&amp#27;[38;5;219m[b661273f]&amp#27;[0m&amp#27;[38;5;123m[W3C]&amp#27;[0m Matched W3C error code 'no such element' to NoSuchElementError
&amp#27;[38;5;219m[b661273f]&amp#27;[0m&amp#27;[38;5;-71m[AndroidUiautomator2Driver@1b1d]&amp#27;[0m Waited for 2239 ms so far
&amp#27;[38;5;219m[b661273f]&amp#27;[0m&amp#27;[38;5;-71m[AndroidUiautomator2Driver@1b1d]&amp#27;[0m Matched '/element' to command name 'findElement'
&amp#27;[38;5;219m[b661273f]&amp#27;[0m&amp#27;[38;5;-71m[AndroidUiautomator2Driver@1b1d]&amp#27;[0m Proxying [POST /element] to [POST http://127.0.0.1:8200/session/e23438fc-b621-44cf-8203-c91c66728ec9/element] with body: {"strategy":"id","selector":"com.androidsample.generalstore:id/radioFemale","context":"","multiple":false}
&amp#27;[38;5;219m[b661273f]&amp#27;[0m&amp#27;[38;5;-71m[AndroidUiautomator2Driver@1b1d]&amp#27;[0m Got response with status 200: {"sessionId":"e23438fc-b621-44cf-8203-c91c66728ec9","value":{"ELEMENT":"00000000-0000-04b8-ffff-ffff00000020","element-6066-11e4-a52e-4f735466cecf":"00000000-0000-04b8-ffff-ffff00000020"}}
&amp#27;[38;5;219m[b661273f]&amp#27;[0m&amp#27;[38;5;-71m[AndroidUiautomator2Driver@1b1d]&amp#27;[0m Responding to client with driver.findElement() result: {"element-6066-11e4-a52e-4f735466cecf":"00000000-0000-04b8-ffff-ffff00000020","ELEMENT":"00000000-0000-04b8-ffff-ffff00000020"}
&amp#27;[38;5;219m[b661273f]&amp#27;[0m&amp#27;[38;5;86m[HTTP]&amp#27;[0m &amp#27;[37m<-- POST /session/b661273f-1b2a-4143-96fb-ecd96d7b6e9e/element &amp#27;[39m&amp#27;[32m200&amp#27;[39m &amp#27;[90m4163 ms - 137&amp#27;[39m &amp#27;[90m&amp#27;[39m
&amp#27;[38;5;219m[b661273f]&amp#27;[0m&amp#27;[38;5;86m[HTTP]&amp#27;[0m &amp#27;[37m-->&amp#27;[39m &amp#27;[37mPOST&amp#27;[39m &amp#27;[37m/session/b661273f-1b2a-4143-96fb-ecd96d7b6e9e/element/00000000-0000-04b8-ffff-ffff00000020/click&amp#27;[39m &amp#27;[90m{"id":"00000000-0000-04b8-ffff-ffff00000020"}&amp#27;[39m
&amp#27;[38;5;219m[b661273f]&amp#27;[0m&amp#27;[38;5;-71m[AndroidUiautomator2Driver@1b1d]&amp#27;[0m Calling AppiumDriver.click() with args: ["00000000-0000-04b8-ffff-ffff00000020","b661273f-1b2a-4143-96fb-ecd96d7b6e9e"]
&amp#27;[38;5;219m[b661273f]&amp#27;[0m&amp#27;[38;5;-71m[AndroidUiautomator2Driver@1b1d]&amp#27;[0m Matched '/element/00000000-0000-04b8-ffff-ffff00000020/click' to command name 'click'
&amp#27;[38;5;219m[b661273f]&amp#27;[0m&amp#27;[38;5;-71m[AndroidUiautomator2Driver@1b1d]&amp#27;[0m Proxying [POST /element/00000000-0000-04b8-ffff-ffff00000020/click] to [POST http://127.0.0.1:8200/session/e23438fc-b621-44cf-8203-c91c66728ec9/element/00000000-0000-04b8-ffff-ffff00000020/click] with body: {"element":"00000000-0000-04b8-ffff-ffff00000020"}
&amp#27;[38;5;219m[b661273f]&amp#27;[0m&amp#27;[38;5;-71m[AndroidUiautomator2Driver@1b1d]&amp#27;[0m Got response with status 200: {"sessionId":"e23438fc-b621-44cf-8203-c91c66728ec9","value":null}
&amp#27;[38;5;219m[b661273f]&amp#27;[0m&amp#27;[38;5;-71m[AndroidUiautomator2Driver@1b1d]&amp#27;[0m Responding to client with driver.click() result: null
&amp#27;[38;5;219m[b661273f]&amp#27;[0m&amp#27;[38;5;86m[HTTP]&amp#27;[0m &amp#27;[37m<-- POST /session/b661273f-1b2a-4143-96fb-ecd96d7b6e9e/element/00000000-0000-04b8-ffff-ffff00000020/click &amp#27;[39m&amp#27;[32m200&amp#27;[39m &amp#27;[90m83 ms - 14&amp#27;[39m &amp#27;[90m&amp#27;[39m
&amp#27;[38;5;219m[b661273f]&amp#27;[0m&amp#27;[38;5;86m[HTTP]&amp#27;[0m &amp#27;[37m-->&amp#27;[39m &amp#27;[37mGET&amp#27;[39m &amp#27;[37m/session/b661273f-1b2a-4143-96fb-ecd96d7b6e9e/context&amp#27;[39m &amp#27;[90m{}&amp#27;[39m
&amp#27;[38;5;219m[b661273f]&amp#27;[0m&amp#27;[38;5;-71m[AndroidUiautomator2Driver@1b1d]&amp#27;[0m Calling AppiumDriver.getCurrentContext() with args: ["b661273f-1b2a-4143-96fb-ecd96d7b6e9e"]
&amp#27;[38;5;219m[b661273f]&amp#27;[0m&amp#27;[38;5;-71m[AndroidUiautomator2Driver@1b1d]&amp#27;[0m Responding to client with driver.getCurrentContext() result: "NATIVE_APP"
&amp#27;[38;5;219m[b661273f]&amp#27;[0m&amp#27;[38;5;86m[HTTP]&amp#27;[0m &amp#27;[37m<-- GET /session/b661273f-1b2a-4143-96fb-ecd96d7b6e9e/context &amp#27;[39m&amp#27;[32m200&amp#27;[39m &amp#27;[90m1 ms - 22&amp#27;[39m &amp#27;[90m&amp#27;[39m
&amp#27;[38;5;219m[b661273f]&amp#27;[0m&amp#27;[38;5;86m[HTTP]&amp#27;[0m &amp#27;[37m-->&amp#27;[39m &amp#27;[37mPOST&amp#27;[39m &amp#27;[37m/session/b661273f-1b2a-4143-96fb-ecd96d7b6e9e/element&amp#27;[39m &amp#27;[90m{"value":"com.androidsample.generalstore:id/spinnerCountry","using":"id"}&amp#27;[39m
&amp#27;[38;5;219m[b661273f]&amp#27;[0m&amp#27;[38;5;-71m[AndroidUiautomator2Driver@1b1d]&amp#27;[0m Calling AppiumDriver.findElement() with args: ["id","com.androidsample.generalstore:id/spinnerCountry","b661273f-1b2a-4143-96fb-ecd96d7b6e9e"]
&amp#27;[38;5;219m[b661273f]&amp#27;[0m&amp#27;[38;5;-71m[AndroidUiautomator2Driver@1b1d]&amp#27;[0m Valid locator strategies for this request: xpath, id, class name, accessibility id, css selector, -android uiautomator
&amp#27;[38;5;219m[b661273f]&amp#27;[0m&amp#27;[38;5;-71m[AndroidUiautomator2Driver@1b1d]&amp#27;[0m Waiting up to 20000 ms for condition
&amp#27;[38;5;219m[b661273f]&amp#27;[0m&amp#27;[38;5;-71m[AndroidUiautomator2Driver@1b1d]&amp#27;[0m Matched '/element' to command name 'findElement'
&amp#27;[38;5;219m[b661273f]&amp#27;[0m&amp#27;[38;5;-71m[AndroidUiautomator2Driver@1b1d]&amp#27;[0m Proxying [POST /element] to [POST http://127.0.0.1:8200/session/e23438fc-b621-44cf-8203-c91c66728ec9/element] with body: {"strategy":"id","selector":"com.androidsample.generalstore:id/spinnerCountry","context":"","multiple":false}
&amp#27;[38;5;219m[b661273f]&amp#27;[0m&amp#27;[38;5;-71m[AndroidUiautomator2Driver@1b1d]&amp#27;[0m Got response with status 200: {"sessionId":"e23438fc-b621-44cf-8203-c91c66728ec9","value":{"ELEMENT":"00000000-0000-04b8-ffff-ffff0000001a","element-6066-11e4-a52e-4f735466cecf":"00000000-0000-04b8-ffff-ffff0000001a"}}
&amp#27;[38;5;219m[b661273f]&amp#27;[0m&amp#27;[38;5;-71m[AndroidUiautomator2Driver@1b1d]&amp#27;[0m Responding to client with driver.findElement() result: {"element-6066-11e4-a52e-4f735466cecf":"00000000-0000-04b8-ffff-ffff0000001a","ELEMENT":"00000000-0000-04b8-ffff-ffff0000001a"}
&amp#27;[38;5;219m[b661273f]&amp#27;[0m&amp#27;[38;5;86m[HTTP]&amp#27;[0m &amp#27;[37m<-- POST /session/b661273f-1b2a-4143-96fb-ecd96d7b6e9e/element &amp#27;[39m&amp#27;[32m200&amp#27;[39m &amp#27;[90m585 ms - 137&amp#27;[39m &amp#27;[90m&amp#27;[39m
&amp#27;[38;5;219m[b661273f]&amp#27;[0m&amp#27;[38;5;86m[HTTP]&amp#27;[0m &amp#27;[37m-->&amp#27;[39m &amp#27;[37mPOST&amp#27;[39m &amp#27;[37m/session/b661273f-1b2a-4143-96fb-ecd96d7b6e9e/element/00000000-0000-04b8-ffff-ffff0000001a/click&amp#27;[39m &amp#27;[90m{"id":"00000000-0000-04b8-ffff-ffff0000001a"}&amp#27;[39m
&amp#27;[38;5;219m[b661273f]&amp#27;[0m&amp#27;[38;5;-71m[AndroidUiautomator2Driver@1b1d]&amp#27;[0m Calling AppiumDriver.click() with args: ["00000000-0000-04b8-ffff-ffff0000001a","b661273f-1b2a-4143-96fb-ecd96d7b6e9e"]
&amp#27;[38;5;219m[b661273f]&amp#27;[0m&amp#27;[38;5;-71m[AndroidUiautomator2Driver@1b1d]&amp#27;[0m Matched '/element/00000000-0000-04b8-ffff-ffff0000001a/click' to command name 'click'
&amp#27;[38;5;219m[b661273f]&amp#27;[0m&amp#27;[38;5;-71m[AndroidUiautomator2Driver@1b1d]&amp#27;[0m Proxying [POST /element/00000000-0000-04b8-ffff-ffff0000001a/click] to [POST http://127.0.0.1:8200/session/e23438fc-b621-44cf-8203-c91c66728ec9/element/00000000-0000-04b8-ffff-ffff0000001a/click] with body: {"element":"00000000-0000-04b8-ffff-ffff0000001a"}
&amp#27;[38;5;219m[b661273f]&amp#27;[0m&amp#27;[38;5;-71m[AndroidUiautomator2Driver@1b1d]&amp#27;[0m Got response with status 200: {"sessionId":"e23438fc-b621-44cf-8203-c91c66728ec9","value":null}
&amp#27;[38;5;219m[b661273f]&amp#27;[0m&amp#27;[38;5;-71m[AndroidUiautomator2Driver@1b1d]&amp#27;[0m Responding to client with driver.click() result: null
&amp#27;[38;5;219m[b661273f]&amp#27;[0m&amp#27;[38;5;86m[HTTP]&amp#27;[0m &amp#27;[37m<-- POST /session/b661273f-1b2a-4143-96fb-ecd96d7b6e9e/element/00000000-0000-04b8-ffff-ffff0000001a/click &amp#27;[39m&amp#27;[32m200&amp#27;[39m &amp#27;[90m45 ms - 14&amp#27;[39m &amp#27;[90m&amp#27;[39m
&amp#27;[38;5;219m[b661273f]&amp#27;[0m&amp#27;[38;5;86m[HTTP]&amp#27;[0m &amp#27;[37m-->&amp#27;[39m &amp#27;[37mPOST&amp#27;[39m &amp#27;[37m/session/b661273f-1b2a-4143-96fb-ecd96d7b6e9e/element&amp#27;[39m &amp#27;[90m{"value":"new UiScrollable(new UiSelector()).scrollIntoView(text(\"Australia\"))","using":"-android uiautomator"}&amp#27;[39m
&amp#27;[38;5;219m[b661273f]&amp#27;[0m&amp#27;[38;5;-71m[AndroidUiautomator2Driver@1b1d]&amp#27;[0m Calling AppiumDriver.findElement() with args: ["-android uiautomator","new UiScrollable(new UiSelector()).scrollIntoView(text(\"Australia\"))","b661273f-1b2a-4143-96fb-ecd96d7b6e9e"]
&amp#27;[38;5;219m[b661273f]&amp#27;[0m&amp#27;[38;5;-71m[AndroidUiautomator2Driver@1b1d]&amp#27;[0m Valid locator strategies for this request: xpath, id, class name, accessibility id, css selector, -android uiautomator
&amp#27;[38;5;219m[b661273f]&amp#27;[0m&amp#27;[38;5;-71m[AndroidUiautomator2Driver@1b1d]&amp#27;[0m Waiting up to 20000 ms for condition
&amp#27;[38;5;219m[b661273f]&amp#27;[0m&amp#27;[38;5;-71m[AndroidUiautomator2Driver@1b1d]&amp#27;[0m Matched '/element' to command name 'findElement'
&amp#27;[38;5;219m[b661273f]&amp#27;[0m&amp#27;[38;5;-71m[AndroidUiautomator2Driver@1b1d]&amp#27;[0m Proxying [POST /element] to [POST http://127.0.0.1:8200/session/e23438fc-b621-44cf-8203-c91c66728ec9/element] with body: {"strategy":"-android uiautomator","selector":"new UiScrollable(new UiSelector()).scrollIntoView(text(\"Australia\"))","context":"","multiple":false}
&amp#27;[38;5;219m[b661273f]&amp#27;[0m&amp#27;[38;5;-71m[AndroidUiautomator2Driver@1b1d]&amp#27;[0m Got response with status 200: {"sessionId":"e23438fc-b621-44cf-8203-c91c66728ec9","value":{"ELEMENT":"00000000-0000-04b9-ffff-ffff0000002b","element-6066-11e4-a52e-4f735466cecf":"00000000-0000-04b9-ffff-ffff0000002b"}}
&amp#27;[38;5;219m[b661273f]&amp#27;[0m&amp#27;[38;5;-71m[AndroidUiautomator2Driver@1b1d]&amp#27;[0m Responding to client with driver.findElement() result: {"element-6066-11e4-a52e-4f735466cecf":"00000000-0000-04b9-ffff-ffff0000002b","ELEMENT":"00000000-0000-04b9-ffff-ffff0000002b"}
&amp#27;[38;5;219m[b661273f]&amp#27;[0m&amp#27;[38;5;86m[HTTP]&amp#27;[0m &amp#27;[37m<-- POST /session/b661273f-1b2a-4143-96fb-ecd96d7b6e9e/element &amp#27;[39m&amp#27;[32m200&amp#27;[39m &amp#27;[90m4190 ms - 137&amp#27;[39m &amp#27;[90m&amp#27;[39m
&amp#27;[38;5;219m[b661273f]&amp#27;[0m&amp#27;[38;5;86m[HTTP]&amp#27;[0m &amp#27;[37m-->&amp#27;[39m &amp#27;[37mPOST&amp#27;[39m &amp#27;[37m/session/b661273f-1b2a-4143-96fb-ecd96d7b6e9e/element&amp#27;[39m &amp#27;[90m{"value":"//android.widget.TextView[@resource-id= 'android:id/text1' and @text= 'Australia']","using":"xpath"}&amp#27;[39m
&amp#27;[38;5;219m[b661273f]&amp#27;[0m&amp#27;[38;5;-71m[AndroidUiautomator2Driver@1b1d]&amp#27;[0m Calling AppiumDriver.findElement() with args: ["xpath","//android.widget.TextView[@resource-id= 'android:id/text1' and @text= 'Australia']","b661273f-1b2a-4143-96fb-ecd96d7b6e9e"]
&amp#27;[38;5;219m[b661273f]&amp#27;[0m&amp#27;[38;5;-71m[AndroidUiautomator2Driver@1b1d]&amp#27;[0m Valid locator strategies for this request: xpath, id, class name, accessibility id, css selector, -android uiautomator
&amp#27;[38;5;219m[b661273f]&amp#27;[0m&amp#27;[38;5;-71m[AndroidUiautomator2Driver@1b1d]&amp#27;[0m Waiting up to 20000 ms for condition
&amp#27;[38;5;219m[b661273f]&amp#27;[0m&amp#27;[38;5;-71m[AndroidUiautomator2Driver@1b1d]&amp#27;[0m Matched '/element' to command name 'findElement'
&amp#27;[38;5;219m[b661273f]&amp#27;[0m&amp#27;[38;5;-71m[AndroidUiautomator2Driver@1b1d]&amp#27;[0m Proxying [POST /element] to [POST http://127.0.0.1:8200/session/e23438fc-b621-44cf-8203-c91c66728ec9/element] with body: {"strategy":"xpath","selector":"//android.widget.TextView[@resource-id= 'android:id/text1' and @text= 'Australia']","context":"","multiple":false}
&amp#27;[38;5;219m[b661273f]&amp#27;[0m&amp#27;[38;5;-71m[AndroidUiautomator2Driver@1b1d]&amp#27;[0m Got response with status 200: {"sessionId":"e23438fc-b621-44cf-8203-c91c66728ec9","value":{"ELEMENT":"00000000-0000-04b9-ffff-ffff0000002b","element-6066-11e4-a52e-4f735466cecf":"00000000-0000-04b9-ffff-ffff0000002b"}}
&amp#27;[38;5;219m[b661273f]&amp#27;[0m&amp#27;[38;5;-71m[AndroidUiautomator2Driver@1b1d]&amp#27;[0m Responding to client with driver.findElement() result: {"element-6066-11e4-a52e-4f735466cecf":"00000000-0000-04b9-ffff-ffff0000002b","ELEMENT":"00000000-0000-04b9-ffff-ffff0000002b"}
&amp#27;[38;5;219m[b661273f]&amp#27;[0m&amp#27;[38;5;86m[HTTP]&amp#27;[0m &amp#27;[37m<-- POST /session/b661273f-1b2a-4143-96fb-ecd96d7b6e9e/element &amp#27;[39m&amp#27;[32m200&amp#27;[39m &amp#27;[90m381 ms - 137&amp#27;[39m &amp#27;[90m&amp#27;[39m
&amp#27;[38;5;219m[b661273f]&amp#27;[0m&amp#27;[38;5;86m[HTTP]&amp#27;[0m &amp#27;[37m-->&amp#27;[39m &amp#27;[37mPOST&amp#27;[39m &amp#27;[37m/session/b661273f-1b2a-4143-96fb-ecd96d7b6e9e/element/00000000-0000-04b9-ffff-ffff0000002b/click&amp#27;[39m &amp#27;[90m{"id":"00000000-0000-04b9-ffff-ffff0000002b"}&amp#27;[39m
&amp#27;[38;5;219m[b661273f]&amp#27;[0m&amp#27;[38;5;-71m[AndroidUiautomator2Driver@1b1d]&amp#27;[0m Calling AppiumDriver.click() with args: ["00000000-0000-04b9-ffff-ffff0000002b","b661273f-1b2a-4143-96fb-ecd96d7b6e9e"]
&amp#27;[38;5;219m[b661273f]&amp#27;[0m&amp#27;[38;5;-71m[AndroidUiautomator2Driver@1b1d]&amp#27;[0m Matched '/element/00000000-0000-04b9-ffff-ffff0000002b/click' to command name 'click'
&amp#27;[38;5;219m[b661273f]&amp#27;[0m&amp#27;[38;5;-71m[AndroidUiautomator2Driver@1b1d]&amp#27;[0m Proxying [POST /element/00000000-0000-04b9-ffff-ffff0000002b/click] to [POST http://127.0.0.1:8200/session/e23438fc-b621-44cf-8203-c91c66728ec9/element/00000000-0000-04b9-ffff-ffff0000002b/click] with body: {"element":"00000000-0000-04b9-ffff-ffff0000002b"}
&amp#27;[38;5;219m[b661273f]&amp#27;[0m&amp#27;[38;5;-71m[AndroidUiautomator2Driver@1b1d]&amp#27;[0m Got response with status 200: {"sessionId":"e23438fc-b621-44cf-8203-c91c66728ec9","value":null}
&amp#27;[38;5;219m[b661273f]&amp#27;[0m&amp#27;[38;5;-71m[AndroidUiautomator2Driver@1b1d]&amp#27;[0m Responding to client with driver.click() result: null
&amp#27;[38;5;219m[b661273f]&amp#27;[0m&amp#27;[38;5;86m[HTTP]&amp#27;[0m &amp#27;[37m<-- POST /session/b661273f-1b2a-4143-96fb-ecd96d7b6e9e/element/00000000-0000-04b9-ffff-ffff0000002b/click &amp#27;[39m&amp#27;[32m200&amp#27;[39m &amp#27;[90m666 ms - 14&amp#27;[39m &amp#27;[90m&amp#27;[39m
&amp#27;[38;5;219m[b661273f]&amp#27;[0m&amp#27;[38;5;86m[HTTP]&amp#27;[0m &amp#27;[37m-->&amp#27;[39m &amp#27;[37mGET&amp#27;[39m &amp#27;[37m/session/b661273f-1b2a-4143-96fb-ecd96d7b6e9e/context&amp#27;[39m &amp#27;[90m{}&amp#27;[39m
&amp#27;[38;5;219m[b661273f]&amp#27;[0m&amp#27;[38;5;-71m[AndroidUiautomator2Driver@1b1d]&amp#27;[0m Calling AppiumDriver.getCurrentContext() with args: ["b661273f-1b2a-4143-96fb-ecd96d7b6e9e"]
&amp#27;[38;5;219m[b661273f]&amp#27;[0m&amp#27;[38;5;-71m[AndroidUiautomator2Driver@1b1d]&amp#27;[0m Responding to client with driver.getCurrentContext() result: "NATIVE_APP"
&amp#27;[38;5;219m[b661273f]&amp#27;[0m&amp#27;[38;5;86m[HTTP]&amp#27;[0m &amp#27;[37m<-- GET /session/b661273f-1b2a-4143-96fb-ecd96d7b6e9e/context &amp#27;[39m&amp#27;[32m200&amp#27;[39m &amp#27;[90m1 ms - 22&amp#27;[39m &amp#27;[90m&amp#27;[39m
&amp#27;[38;5;219m[b661273f]&amp#27;[0m&amp#27;[38;5;86m[HTTP]&amp#27;[0m &amp#27;[37m-->&amp#27;[39m &amp#27;[37mPOST&amp#27;[39m &amp#27;[37m/session/b661273f-1b2a-4143-96fb-ecd96d7b6e9e/element&amp#27;[39m &amp#27;[90m{"value":"com.androidsample.generalstore:id/btnLetsShop","using":"id"}&amp#27;[39m
&amp#27;[38;5;219m[b661273f]&amp#27;[0m&amp#27;[38;5;-71m[AndroidUiautomator2Driver@1b1d]&amp#27;[0m Calling AppiumDriver.findElement() with args: ["id","com.androidsample.generalstore:id/btnLetsShop","b661273f-1b2a-4143-96fb-ecd96d7b6e9e"]
&amp#27;[38;5;219m[b661273f]&amp#27;[0m&amp#27;[38;5;-71m[AndroidUiautomator2Driver@1b1d]&amp#27;[0m Valid locator strategies for this request: xpath, id, class name, accessibility id, css selector, -android uiautomator
&amp#27;[38;5;219m[b661273f]&amp#27;[0m&amp#27;[38;5;-71m[AndroidUiautomator2Driver@1b1d]&amp#27;[0m Waiting up to 20000 ms for condition
&amp#27;[38;5;219m[b661273f]&amp#27;[0m&amp#27;[38;5;-71m[AndroidUiautomator2Driver@1b1d]&amp#27;[0m Matched '/element' to command name 'findElement'
&amp#27;[38;5;219m[b661273f]&amp#27;[0m&amp#27;[38;5;-71m[AndroidUiautomator2Driver@1b1d]&amp#27;[0m Proxying [POST /element] to [POST http://127.0.0.1:8200/session/e23438fc-b621-44cf-8203-c91c66728ec9/element] with body: {"strategy":"id","selector":"com.androidsample.generalstore:id/btnLetsShop","context":"","multiple":false}
&amp#27;[38;5;219m[b661273f]&amp#27;[0m&amp#27;[38;5;-71m[AndroidUiautomator2Driver@1b1d]&amp#27;[0m Got response with status 200: {"sessionId":"e23438fc-b621-44cf-8203-c91c66728ec9","value":{"ELEMENT":"00000000-0000-04b8-ffff-ffff00000021","element-6066-11e4-a52e-4f735466cecf":"00000000-0000-04b8-ffff-ffff00000021"}}
&amp#27;[38;5;219m[b661273f]&amp#27;[0m&amp#27;[38;5;-71m[AndroidUiautomator2Driver@1b1d]&amp#27;[0m Responding to client with driver.findElement() result: {"element-6066-11e4-a52e-4f735466cecf":"00000000-0000-04b8-ffff-ffff00000021","ELEMENT":"00000000-0000-04b8-ffff-ffff00000021"}
&amp#27;[38;5;219m[b661273f]&amp#27;[0m&amp#27;[38;5;86m[HTTP]&amp#27;[0m &amp#27;[37m<-- POST /session/b661273f-1b2a-4143-96fb-ecd96d7b6e9e/element &amp#27;[39m&amp#27;[32m200&amp#27;[39m &amp#27;[90m11 ms - 137&amp#27;[39m &amp#27;[90m&amp#27;[39m
&amp#27;[38;5;219m[b661273f]&amp#27;[0m&amp#27;[38;5;86m[HTTP]&amp#27;[0m &amp#27;[37m-->&amp#27;[39m &amp#27;[37mPOST&amp#27;[39m &amp#27;[37m/session/b661273f-1b2a-4143-96fb-ecd96d7b6e9e/element/00000000-0000-04b8-ffff-ffff00000021/click&amp#27;[39m &amp#27;[90m{"id":"00000000-0000-04b8-ffff-ffff00000021"}&amp#27;[39m
&amp#27;[38;5;219m[b661273f]&amp#27;[0m&amp#27;[38;5;-71m[AndroidUiautomator2Driver@1b1d]&amp#27;[0m Calling AppiumDriver.click() with args: ["00000000-0000-04b8-ffff-ffff00000021","b661273f-1b2a-4143-96fb-ecd96d7b6e9e"]
&amp#27;[38;5;219m[b661273f]&amp#27;[0m&amp#27;[38;5;-71m[AndroidUiautomator2Driver@1b1d]&amp#27;[0m Matched '/element/00000000-0000-04b8-ffff-ffff00000021/click' to command name 'click'
&amp#27;[38;5;219m[b661273f]&amp#27;[0m&amp#27;[38;5;-71m[AndroidUiautomator2Driver@1b1d]&amp#27;[0m Proxying [POST /element/00000000-0000-04b8-ffff-ffff00000021/click] to [POST http://127.0.0.1:8200/session/e23438fc-b621-44cf-8203-c91c66728ec9/element/00000000-0000-04b8-ffff-ffff00000021/click] with body: {"element":"00000000-0000-04b8-ffff-ffff00000021"}
&amp#27;[38;5;219m[b661273f]&amp#27;[0m&amp#27;[38;5;-71m[AndroidUiautomator2Driver@1b1d]&amp#27;[0m Got response with status 200: {"sessionId":"e23438fc-b621-44cf-8203-c91c66728ec9","value":null}
&amp#27;[38;5;219m[b661273f]&amp#27;[0m&amp#27;[38;5;-71m[AndroidUiautomator2Driver@1b1d]&amp#27;[0m Responding to client with driver.click() result: null
&amp#27;[38;5;219m[b661273f]&amp#27;[0m&amp#27;[38;5;86m[HTTP]&amp#27;[0m &amp#27;[37m<-- POST /session/b661273f-1b2a-4143-96fb-ecd96d7b6e9e/element/00000000-0000-04b8-ffff-ffff00000021/click &amp#27;[39m&amp#27;[32m200&amp#27;[39m &amp#27;[90m73 ms - 14&amp#27;[39m &amp#27;[90m&amp#27;[39m
&amp#27;[38;5;219m[b661273f]&amp#27;[0m&amp#27;[38;5;86m[HTTP]&amp#27;[0m &amp#27;[37m-->&amp#27;[39m &amp#27;[37mGET&amp#27;[39m &amp#27;[37m/session/b661273f-1b2a-4143-96fb-ecd96d7b6e9e/context&amp#27;[39m &amp#27;[90m{}&amp#27;[39m
&amp#27;[38;5;219m[b661273f]&amp#27;[0m&amp#27;[38;5;-71m[AndroidUiautomator2Driver@1b1d]&amp#27;[0m Calling AppiumDriver.getCurrentContext() with args: ["b661273f-1b2a-4143-96fb-ecd96d7b6e9e"]
&amp#27;[38;5;219m[b661273f]&amp#27;[0m&amp#27;[38;5;-71m[AndroidUiautomator2Driver@1b1d]&amp#27;[0m Responding to client with driver.getCurrentContext() result: "NATIVE_APP"
&amp#27;[38;5;219m[b661273f]&amp#27;[0m&amp#27;[38;5;86m[HTTP]&amp#27;[0m &amp#27;[37m<-- GET /session/b661273f-1b2a-4143-96fb-ecd96d7b6e9e/context &amp#27;[39m&amp#27;[32m200&amp#27;[39m &amp#27;[90m1 ms - 22&amp#27;[39m &amp#27;[90m&amp#27;[39m
&amp#27;[38;5;219m[b661273f]&amp#27;[0m&amp#27;[38;5;86m[HTTP]&amp#27;[0m &amp#27;[37m-->&amp#27;[39m &amp#27;[37mPOST&amp#27;[39m &amp#27;[37m/session/b661273f-1b2a-4143-96fb-ecd96d7b6e9e/element&amp#27;[39m &amp#27;[90m{"value":"//android.widget.Toast[1]","using":"xpath"}&amp#27;[39m
&amp#27;[38;5;219m[b661273f]&amp#27;[0m&amp#27;[38;5;-71m[AndroidUiautomator2Driver@1b1d]&amp#27;[0m Calling AppiumDriver.findElement() with args: ["xpath","//android.widget.Toast[1]","b661273f-1b2a-4143-96fb-ecd96d7b6e9e"]
&amp#27;[38;5;219m[b661273f]&amp#27;[0m&amp#27;[38;5;-71m[AndroidUiautomator2Driver@1b1d]&amp#27;[0m Valid locator strategies for this request: xpath, id, class name, accessibility id, css selector, -android uiautomator
&amp#27;[38;5;219m[b661273f]&amp#27;[0m&amp#27;[38;5;-71m[AndroidUiautomator2Driver@1b1d]&amp#27;[0m Waiting up to 20000 ms for condition
&amp#27;[38;5;219m[b661273f]&amp#27;[0m&amp#27;[38;5;-71m[AndroidUiautomator2Driver@1b1d]&amp#27;[0m Matched '/element' to command name 'findElement'
&amp#27;[38;5;219m[b661273f]&amp#27;[0m&amp#27;[38;5;-71m[AndroidUiautomator2Driver@1b1d]&amp#27;[0m Proxying [POST /element] to [POST http://127.0.0.1:8200/session/e23438fc-b621-44cf-8203-c91c66728ec9/element] with body: {"strategy":"xpath","selector":"//android.widget.Toast[1]","context":"","multiple":false}
&amp#27;[38;5;219m[b661273f]&amp#27;[0m&amp#27;[38;5;-71m[AndroidUiautomator2Driver@1b1d]&amp#27;[0m Got response with status 200: {"sessionId":"e23438fc-b621-44cf-8203-c91c66728ec9","value":{"ELEMENT":"087508c0-21d8-4915-84ba-9815a93ffc73","element-6066-11e4-a52e-4f735466cecf":"087508c0-21d8-4915-84ba-9815a93ffc73"}}
&amp#27;[38;5;219m[b661273f]&amp#27;[0m&amp#27;[38;5;-71m[AndroidUiautomator2Driver@1b1d]&amp#27;[0m Responding to client with driver.findElement() result: {"element-6066-11e4-a52e-4f735466cecf":"087508c0-21d8-4915-84ba-9815a93ffc73","ELEMENT":"087508c0-21d8-4915-84ba-9815a93ffc73"}
&amp#27;[38;5;219m[b661273f]&amp#27;[0m&amp#27;[38;5;86m[HTTP]&amp#27;[0m &amp#27;[37m<-- POST /session/b661273f-1b2a-4143-96fb-ecd96d7b6e9e/element &amp#27;[39m&amp#27;[32m200&amp#27;[39m &amp#27;[90m45 ms - 137&amp#27;[39m &amp#27;[90m&amp#27;[39m
&amp#27;[38;5;219m[b661273f]&amp#27;[0m&amp#27;[38;5;86m[HTTP]&amp#27;[0m &amp#27;[37m-->&amp#27;[39m &amp#27;[37mGET&amp#27;[39m &amp#27;[37m/session/b661273f-1b2a-4143-96fb-ecd96d7b6e9e/element/087508c0-21d8-4915-84ba-9815a93ffc73/attribute/name&amp#27;[39m &amp#27;[90m{}&amp#27;[39m
&amp#27;[38;5;219m[b661273f]&amp#27;[0m&amp#27;[38;5;-71m[AndroidUiautomator2Driver@1b1d]&amp#27;[0m Calling AppiumDriver.getAttribute() with args: ["name","087508c0-21d8-4915-84ba-9815a93ffc73","b661273f-1b2a-4143-96fb-ecd96d7b6e9e"]
&amp#27;[38;5;219m[b661273f]&amp#27;[0m&amp#27;[38;5;-71m[AndroidUiautomator2Driver@1b1d]&amp#27;[0m Matched '/element/087508c0-21d8-4915-84ba-9815a93ffc73/attribute/name' to command name 'getAttribute'
&amp#27;[38;5;219m[b661273f]&amp#27;[0m&amp#27;[38;5;-71m[AndroidUiautomator2Driver@1b1d]&amp#27;[0m Proxying [GET /element/087508c0-21d8-4915-84ba-9815a93ffc73/attribute/name] to [GET http://127.0.0.1:8200/session/e23438fc-b621-44cf-8203-c91c66728ec9/element/087508c0-21d8-4915-84ba-9815a93ffc73/attribute/name] with no body
&amp#27;[38;5;219m[b661273f]&amp#27;[0m&amp#27;[38;5;-71m[AndroidUiautomator2Driver@1b1d]&amp#27;[0m Got response with status 200: {"sessionId":"e23438fc-b621-44cf-8203-c91c66728ec9","value":"Please enter your name"}
&amp#27;[38;5;219m[b661273f]&amp#27;[0m&amp#27;[38;5;-71m[AndroidUiautomator2Driver@1b1d]&amp#27;[0m Responding to client with driver.getAttribute() result: "Please enter your name"
&amp#27;[38;5;219m[b661273f]&amp#27;[0m&amp#27;[38;5;86m[HTTP]&amp#27;[0m &amp#27;[37m<-- GET /session/b661273f-1b2a-4143-96fb-ecd96d7b6e9e/element/087508c0-21d8-4915-84ba-9815a93ffc73/attribute/name &amp#27;[39m&amp#27;[32m200&amp#27;[39m &amp#27;[90m21 ms - 34&amp#27;[39m &amp#27;[90m&amp#27;[39m
]]></system-out>
  </testcase>
  <testcase name="ProdCatalogTest" classname="android_TestScripts.Android_TC002" time="27.18">
    <system-out><![CDATA[&amp#27;[38;5;219m[b661273f]&amp#27;[0m&amp#27;[38;5;86m[HTTP]&amp#27;[0m &amp#27;[37m-->&amp#27;[39m &amp#27;[37mDELETE&amp#27;[39m &amp#27;[37m/session/b661273f-1b2a-4143-96fb-ecd96d7b6e9e&amp#27;[39m &amp#27;[90m{}&amp#27;[39m
&amp#27;[38;5;219m[b661273f]&amp#27;[0m&amp#27;[38;5;-71m[AndroidUiautomator2Driver@1b1d]&amp#27;[0m Calling AppiumDriver.deleteSession() with args: ["b661273f-1b2a-4143-96fb-ecd96d7b6e9e"]
&amp#27;[38;5;219m[b661273f]&amp#27;[0m&amp#27;[38;5;24m[AppiumDriver@0307]&amp#27;[0m Event 'quitSessionRequested' logged at 1732112509328 (19:51:49 GMT+0530 (India Standard Time))
&amp#27;[38;5;219m[b661273f]&amp#27;[0m&amp#27;[38;5;24m[AppiumDriver@0307]&amp#27;[0m Removing session b661273f-1b2a-4143-96fb-ecd96d7b6e9e from our master session list
&amp#27;[38;5;219m[b661273f]&amp#27;[0m&amp#27;[38;5;-71m[AndroidUiautomator2Driver@1b1d]&amp#27;[0m Deleting UiAutomator2 session
&amp#27;[38;5;219m[b661273f]&amp#27;[0m&amp#27;[38;5;-71m[AndroidUiautomator2Driver@1b1d]&amp#27;[0m Deleting UiAutomator2 server session
&amp#27;[38;5;219m[b661273f]&amp#27;[0m&amp#27;[38;5;-71m[AndroidUiautomator2Driver@1b1d]&amp#27;[0m Matched '/' to command name 'deleteSession'
&amp#27;[38;5;219m[b661273f]&amp#27;[0m&amp#27;[38;5;-71m[AndroidUiautomator2Driver@1b1d]&amp#27;[0m Proxying [DELETE /] to [DELETE http://127.0.0.1:8200/session/e23438fc-b621-44cf-8203-c91c66728ec9] with no body
&amp#27;[38;5;219m[b661273f]&amp#27;[0m&amp#27;[38;5;-71m[AndroidUiautomator2Driver@1b1d]&amp#27;[0m Got response with status 200: {"sessionId":"e23438fc-b621-44cf-8203-c91c66728ec9","value":null}
&amp#27;[38;5;219m[b661273f]&amp#27;[0m&amp#27;[38;5;-71m[AndroidUiautomator2Driver@1b1d]&amp#27;[0m [Instrumentation] io.appium.uiautomator2.server.test.AppiumUiAutomator2Server:
&amp#27;[38;5;219m[b661273f]&amp#27;[0m&amp#27;[38;5;-71m[AndroidUiautomator2Driver@1b1d]&amp#27;[0m [Instrumentation] The process has exited with code null, signal SIGTERM
&amp#27;[38;5;219m[b661273f]&amp#27;[0m&amp#27;[38;5;229m[ADB]&amp#27;[0m Running 'C:\Users\Harsh Vardhan Singh\AppData\Local\Android\Sdk\platform-tools\adb.exe -P 5037 -s emulator-5554 shell dumpsys activity services io.appium.settings/.recorder.RecorderService'
&amp#27;[38;5;219m[b661273f]&amp#27;[0m&amp#27;[38;5;229m[ADB]&amp#27;[0m Running 'C:\Users\Harsh Vardhan Singh\AppData\Local\Android\Sdk\platform-tools\adb.exe -P 5037 -s emulator-5554 shell am force-stop com.androidsample.generalstore'
&amp#27;[38;5;219m[b661273f]&amp#27;[0m&amp#27;[38;5;229m[ADB]&amp#27;[0m Removing forwarded port socket connection: 8200 
&amp#27;[38;5;219m[b661273f]&amp#27;[0m&amp#27;[38;5;229m[ADB]&amp#27;[0m Running 'C:\Users\Harsh Vardhan Singh\AppData\Local\Android\Sdk\platform-tools\adb.exe -P 5037 -s emulator-5554 forward --remove tcp:8200'
&amp#27;[38;5;219m[b661273f]&amp#27;[0m&amp#27;[38;5;-71m[AndroidUiautomator2Driver@1b1d]&amp#27;[0m Restoring hidden api policy to the device default configuration
&amp#27;[38;5;219m[b661273f]&amp#27;[0m&amp#27;[38;5;229m[ADB]&amp#27;[0m Running 'C:\Users\Harsh Vardhan Singh\AppData\Local\Android\Sdk\platform-tools\adb.exe -P 5037 -s emulator-5554 shell 'settings delete global hidden_api_policy_pre_p_apps;settings delete global hidden_api_policy_p_apps;settings delete global hidden_api_policy''
&amp#27;[38;5;219m[b661273f]&amp#27;[0m&amp#27;[38;5;160m[Logcat]&amp#27;[0m Stopping logcat capture
&amp#27;[38;5;219m[b661273f]&amp#27;[0m&amp#27;[38;5;24m[AppiumDriver@0307]&amp#27;[0m Event 'quitSessionFinished' logged at 1732112509637 (19:51:49 GMT+0530 (India Standard Time))
&amp#27;[38;5;219m[b661273f]&amp#27;[0m&amp#27;[38;5;24m[AppiumDriver@0307]&amp#27;[0m Received response: null
&amp#27;[38;5;219m[b661273f]&amp#27;[0m&amp#27;[38;5;24m[AppiumDriver@0307]&amp#27;[0m But deleting session, so not returning
&amp#27;[38;5;219m[b661273f]&amp#27;[0m&amp#27;[38;5;24m[AppiumDriver@0307]&amp#27;[0m Responding to client with driver.deleteSession() result: null
&amp#27;[38;5;219m[b661273f]&amp#27;[0m&amp#27;[38;5;86m[HTTP]&amp#27;[0m &amp#27;[37m<-- DELETE /session/b661273f-1b2a-4143-96fb-ecd96d7b6e9e &amp#27;[39m&amp#27;[32m200&amp#27;[39m &amp#27;[90m309 ms - 14&amp#27;[39m &amp#27;[90m&amp#27;[39m
&amp#27;[38;5;112m[Appium]&amp#27;[0m Welcome to Appium v2.12.1
&amp#27;[38;5;112m[Appium]&amp#27;[0m Non-default server args:
&amp#27;[38;5;112m[Appium]&amp#27;[0m { address: &amp#27;[32m'127.0.0.1'&amp#27;[39m }
&amp#27;[38;5;112m[Appium]&amp#27;[0m The autodetected Appium home path: C:\Users\Harsh Vardhan Singh\.appium
&amp#27;[38;5;112m[Appium]&amp#27;[0m Attempting to load driver uiautomator2...
&amp#27;[38;5;112m[Appium]&amp#27;[0m Attempting to load driver xcuitest...
&amp#27;[38;5;112m[Appium]&amp#27;[0m Requiring driver at C:\Users\Harsh Vardhan Singh\.appium\node_modules\appium-uiautomator2-driver\build\index.js
&amp#27;[38;5;112m[Appium]&amp#27;[0m Requiring driver at C:\Users\Harsh Vardhan Singh\.appium\node_modules\appium-xcuitest-driver\build\index.js
&amp#27;[38;5;112m[Appium]&amp#27;[0m AndroidUiautomator2Driver has been successfully loaded in 0.537s
&amp#27;[38;5;112m[Appium]&amp#27;[0m XCUITestDriver has been successfully loaded in 1.117s
&amp#27;[38;5;112m[Appium]&amp#27;[0m Appium REST http interface listener started on http://127.0.0.1:4723
&amp#27;[38;5;112m[Appium]&amp#27;[0m Available drivers:
&amp#27;[38;5;112m[Appium]&amp#27;[0m   - uiautomator2@3.8.1 (automationName 'UiAutomator2')
&amp#27;[38;5;112m[Appium]&amp#27;[0m   - xcuitest@7.28.3 (automationName 'XCUITest')
&amp#27;[38;5;112m[Appium]&amp#27;[0m No plugins have been installed. Use the "appium plugin" command to install the one(s) you want to use.
&amp#27;[38;5;86m[HTTP]&amp#27;[0m &amp#27;[37m-->&amp#27;[39m &amp#27;[37mGET&amp#27;[39m &amp#27;[37m/status&amp#27;[39m &amp#27;[90m{}&amp#27;[39m
&amp#27;[38;5;17m[AppiumDriver@75a4]&amp#27;[0m Calling AppiumDriver.getStatus() with args: []
&amp#27;[38;5;17m[AppiumDriver@75a4]&amp#27;[0m Responding to client with driver.getStatus() result: {"ready":true,"message":"The server is ready to accept new connections","build":{"version":"2.12.1"}}
&amp#27;[38;5;86m[HTTP]&amp#27;[0m &amp#27;[37m<-- GET /status &amp#27;[39m&amp#27;[32m200&amp#27;[39m &amp#27;[90m3 ms - 111&amp#27;[39m &amp#27;[90m&amp#27;[39m
&amp#27;[38;5;86m[HTTP]&amp#27;[0m Request idempotency key: d1bdc671-f0ec-4977-aac5-d4b430f75403
&amp#27;[38;5;86m[HTTP]&amp#27;[0m &amp#27;[37m-->&amp#27;[39m &amp#27;[37mPOST&amp#27;[39m &amp#27;[37m/session&amp#27;[39m &amp#27;[90m{"capabilities":{"firstMatch":[{"appium:chromedriverUseSystemExecutable":true,"appium:deviceName":"HarshEmulator","platformName":"ANDROID","appium:automationName":"UIAutomator2","appium:app":"D:\\Android Automation Framework\\Android_Framework\\App\\General-Store.apk"}]}}&amp#27;[39m
&amp#27;[38;5;17m[AppiumDriver@75a4]&amp#27;[0m Calling AppiumDriver.createSession() with args: [null,null,{"firstMatch":[{"appium:chromedriverUseSystemExecutable":true,"appium:deviceName":"HarshEmulator","platformName":"ANDROID","appium:automationName":"UIAutomator2","appium:app":"D:\\Android Automation Framework\\Android_Framework\\App\\General-Store.apk"}]}]
&amp#27;[38;5;17m[AppiumDriver@75a4]&amp#27;[0m Event 'newSessionRequested' logged at 1732112511785 (19:51:51 GMT+0530 (India Standard Time))
&amp#27;[38;5;112m[Appium]&amp#27;[0m Attempting to find matching driver for automationName 'UIAutomator2' and platformName 'ANDROID'
&amp#27;[38;5;112m[Appium]&amp#27;[0m The 'uiautomator2' driver was installed and matched caps.
&amp#27;[38;5;112m[Appium]&amp#27;[0m Will require it at C:\Users\Harsh Vardhan Singh\.appium\node_modules\appium-uiautomator2-driver
&amp#27;[38;5;112m[Appium]&amp#27;[0m Requiring driver at C:\Users\Harsh Vardhan Singh\.appium\node_modules\appium-uiautomator2-driver\build\index.js
&amp#27;[38;5;17m[AppiumDriver@75a4]&amp#27;[0m Appium v2.12.1 creating new AndroidUiautomator2Driver (v3.8.1) session
&amp#27;[38;5;17m[AppiumDriver@75a4]&amp#27;[0m Checking BaseDriver versions for Appium and AndroidUiautomator2Driver
&amp#27;[38;5;17m[AppiumDriver@75a4]&amp#27;[0m Appium's BaseDriver version is 9.12.1
&amp#27;[38;5;17m[AppiumDriver@75a4]&amp#27;[0m AndroidUiautomator2Driver's BaseDriver version is 9.12.1
&amp#27;[38;5;-17m[AndroidUiautomator2Driver@f846]&amp#27;[0m 
&amp#27;[38;5;-17m[AndroidUiautomator2Driver@f846]&amp#27;[0m Creating session with W3C capabilities: {
  "alwaysMatch": {
    "platformName": "ANDROID",
    "appium:chromedriverUseSystemExecutable": true,
    "appium:deviceName": "HarshEmulator",
    "appium:automationName": "UIAutomator2",
    "appium:app": "D:\\Android Automation Framework\\Android_Framework\\App\\General-Store.apk"
  },
  "firstMatch": [
    {}
  ]
}
&amp#27;[38;5;228m[9800b23b]&amp#27;[0m&amp#27;[38;5;-17m[AndroidUiautomator2Driver@f846]&amp#27;[0m Session created with session id: 9800b23b-2eb3-4b09-91bc-9731b683abce
&amp#27;[38;5;228m[9800b23b]&amp#27;[0m&amp#27;[38;5;229m[ADB]&amp#27;[0m Found 2 'build-tools' folders under 'C:\Users\Harsh Vardhan Singh\AppData\Local\Android\Sdk' (newest first):
&amp#27;[38;5;228m[9800b23b]&amp#27;[0m&amp#27;[38;5;229m[ADB]&amp#27;[0m     C:\Users\Harsh Vardhan Singh\AppData\Local\Android\Sdk\build-tools\35.0.0
&amp#27;[38;5;228m[9800b23b]&amp#27;[0m&amp#27;[38;5;229m[ADB]&amp#27;[0m     C:\Users\Harsh Vardhan Singh\AppData\Local\Android\Sdk\build-tools\34.0.0
&amp#27;[38;5;228m[9800b23b]&amp#27;[0m&amp#27;[38;5;229m[ADB]&amp#27;[0m Using 'adb.exe' from 'C:\Users\Harsh Vardhan Singh\AppData\Local\Android\Sdk\platform-tools\adb.exe'
&amp#27;[38;5;228m[9800b23b]&amp#27;[0m&amp#27;[38;5;229m[ADB]&amp#27;[0m Running 'C:\Users\Harsh Vardhan Singh\AppData\Local\Android\Sdk\platform-tools\adb.exe -P 5037 start-server'
&amp#27;[38;5;228m[9800b23b]&amp#27;[0m&amp#27;[38;5;-17m[AndroidUiautomator2Driver@f846]&amp#27;[0m Retrieving device list
&amp#27;[38;5;228m[9800b23b]&amp#27;[0m&amp#27;[38;5;229m[ADB]&amp#27;[0m Trying to find connected Android devices
&amp#27;[38;5;228m[9800b23b]&amp#27;[0m&amp#27;[38;5;229m[ADB]&amp#27;[0m Getting connected devices
&amp#27;[38;5;228m[9800b23b]&amp#27;[0m&amp#27;[38;5;229m[ADB]&amp#27;[0m Connected devices: [{"udid":"emulator-5554","state":"device"}]
&amp#27;[38;5;228m[9800b23b]&amp#27;[0m&amp#27;[38;5;-17m[AndroidUiautomator2Driver@f846]&amp#27;[0m Using device: emulator-5554
&amp#27;[38;5;228m[9800b23b]&amp#27;[0m&amp#27;[38;5;229m[ADB]&amp#27;[0m Using 'adb.exe' from 'C:\Users\Harsh Vardhan Singh\AppData\Local\Android\Sdk\platform-tools\adb.exe'
&amp#27;[38;5;228m[9800b23b]&amp#27;[0m&amp#27;[38;5;229m[ADB]&amp#27;[0m Running 'C:\Users\Harsh Vardhan Singh\AppData\Local\Android\Sdk\platform-tools\adb.exe -P 5037 start-server'
&amp#27;[38;5;228m[9800b23b]&amp#27;[0m&amp#27;[38;5;229m[ADB]&amp#27;[0m Setting device id to emulator-5554
&amp#27;[38;5;228m[9800b23b]&amp#27;[0m&amp#27;[38;5;123m[BaseDriver]&amp#27;[0m Using local app 'D:\Android Automation Framework\Android_Framework\App\General-Store.apk'
&amp#27;[38;5;228m[9800b23b]&amp#27;[0m&amp#27;[38;5;-17m[AndroidUiautomator2Driver@f846]&amp#27;[0m Checking whether app is actually present
&amp#27;[38;5;228m[9800b23b]&amp#27;[0m&amp#27;[38;5;229m[ADB]&amp#27;[0m Running 'C:\Users\Harsh Vardhan Singh\AppData\Local\Android\Sdk\platform-tools\adb.exe -P 5037 -s emulator-5554 shell getprop ro.build.version.sdk'
&amp#27;[38;5;228m[9800b23b]&amp#27;[0m&amp#27;[38;5;229m[ADB]&amp#27;[0m Current device property 'ro.build.version.sdk': 35
&amp#27;[38;5;228m[9800b23b]&amp#27;[0m&amp#27;[38;5;229m[ADB]&amp#27;[0m Getting device platform version
&amp#27;[38;5;228m[9800b23b]&amp#27;[0m&amp#27;[38;5;229m[ADB]&amp#27;[0m Running 'C:\Users\Harsh Vardhan Singh\AppData\Local\Android\Sdk\platform-tools\adb.exe -P 5037 -s emulator-5554 shell getprop ro.build.version.release'
&amp#27;[38;5;228m[9800b23b]&amp#27;[0m&amp#27;[38;5;229m[ADB]&amp#27;[0m Current device property 'ro.build.version.release': 15
&amp#27;[38;5;228m[9800b23b]&amp#27;[0m&amp#27;[38;5;229m[ADB]&amp#27;[0m Device API level: 35
&amp#27;[38;5;228m[9800b23b]&amp#27;[0m&amp#27;[38;5;-17m[AndroidUiautomator2Driver@f846]&amp#27;[0m Relaxing hidden api policy
&amp#27;[38;5;228m[9800b23b]&amp#27;[0m&amp#27;[38;5;229m[ADB]&amp#27;[0m Running 'C:\Users\Harsh Vardhan Singh\AppData\Local\Android\Sdk\platform-tools\adb.exe -P 5037 -s emulator-5554 shell 'settings put global hidden_api_policy_pre_p_apps 1;settings put global hidden_api_policy_p_apps 1;settings put global hidden_api_policy 1''
&amp#27;[38;5;228m[9800b23b]&amp#27;[0m&amp#27;[38;5;-17m[AndroidUiautomator2Driver@f846]&amp#27;[0m Parsing package and activity from app manifest
&amp#27;[38;5;228m[9800b23b]&amp#27;[0m&amp#27;[38;5;229m[ADB]&amp#27;[0m Running 'C:\Users\Harsh Vardhan Singh\AppData\Local\Android\Sdk\platform-tools\adb.exe -P 5037 -s emulator-5554 wait-for-device'
&amp#27;[38;5;228m[9800b23b]&amp#27;[0m&amp#27;[38;5;229m[ADB]&amp#27;[0m Using 'aapt2.exe' from 'C:\Users\Harsh Vardhan Singh\AppData\Local\Android\Sdk\build-tools\35.0.0\aapt2.exe'
&amp#27;[38;5;228m[9800b23b]&amp#27;[0m&amp#27;[38;5;229m[ADB]&amp#27;[0m Reading package manifest: ''C:\\Users\\Harsh Vardhan Singh\\AppData\\Local\\Android\\Sdk\\build-tools\\35.0.0\\aapt2.exe' dump badging 'D:\\Android Automation Framework\\Android_Framework\\App\\General-Store.apk''
&amp#27;[38;5;228m[9800b23b]&amp#27;[0m&amp#27;[38;5;229m[ADB]&amp#27;[0m Running 'C:\Users\Harsh Vardhan Singh\AppData\Local\Android\Sdk\platform-tools\adb.exe -P 5037 -s emulator-5554 shell echo ping'
&amp#27;[38;5;228m[9800b23b]&amp#27;[0m&amp#27;[38;5;229m[ADB]&amp#27;[0m Package name: 'com.androidsample.generalstore'
&amp#27;[38;5;228m[9800b23b]&amp#27;[0m&amp#27;[38;5;229m[ADB]&amp#27;[0m Main activity name: 'com.androidsample.generalstore.SplashActivity'
&amp#27;[38;5;228m[9800b23b]&amp#27;[0m&amp#27;[38;5;-17m[AndroidUiautomator2Driver@f846]&amp#27;[0m Parsed package and activity are: com.androidsample.generalstore/com.androidsample.generalstore.SplashActivity
&amp#27;[38;5;228m[9800b23b]&amp#27;[0m&amp#27;[38;5;-17m[AndroidUiautomator2Driver@f846]&amp#27;[0m Pushing settings apk to the device...
&amp#27;[38;5;228m[9800b23b]&amp#27;[0m&amp#27;[38;5;229m[ADB]&amp#27;[0m Getting package info for 'io.appium.settings'
&amp#27;[38;5;228m[9800b23b]&amp#27;[0m&amp#27;[38;5;229m[ADB]&amp#27;[0m Running 'C:\Users\Harsh Vardhan Singh\AppData\Local\Android\Sdk\platform-tools\adb.exe -P 5037 -s emulator-5554 shell dumpsys package io.appium.settings'
&amp#27;[38;5;228m[9800b23b]&amp#27;[0m&amp#27;[38;5;229m[ADB]&amp#27;[0m Reading package manifest: ''C:\\Users\\Harsh Vardhan Singh\\AppData\\Local\\Android\\Sdk\\build-tools\\35.0.0\\aapt2.exe' dump badging 'C:\\Users\\Harsh Vardhan Singh\\.appium\\node_modules\\appium-uiautomator2-driver\\node_modules\\io.appium.settings\\apks\\settings_apk-debug.apk''
&amp#27;[38;5;228m[9800b23b]&amp#27;[0m&amp#27;[38;5;229m[ADB]&amp#27;[0m The version name of the installed 'io.appium.settings' is greater or equal to the application version name ('5.12.16' >= '5.12.16')
&amp#27;[38;5;228m[9800b23b]&amp#27;[0m&amp#27;[38;5;229m[ADB]&amp#27;[0m There is no need to install/upgrade 'C:\Users\Harsh Vardhan Singh\.appium\node_modules\appium-uiautomator2-driver\node_modules\io.appium.settings\apks\settings_apk-debug.apk'
&amp#27;[38;5;228m[9800b23b]&amp#27;[0m&amp#27;[38;5;229m[ADB]&amp#27;[0m Running 'C:\Users\Harsh Vardhan Singh\AppData\Local\Android\Sdk\platform-tools\adb.exe -P 5037 -s emulator-5554 shell dumpsys activity services io.appium.settings'
&amp#27;[38;5;228m[9800b23b]&amp#27;[0m&amp#27;[38;5;-17m[AndroidUiautomator2Driver@f846]&amp#27;[0m io.appium.settings is already running. There is no need to reset its permissions.
&amp#27;[38;5;228m[9800b23b]&amp#27;[0m&amp#27;[38;5;160m[Logcat]&amp#27;[0m Starting logs capture with command: 'C:\\Users\\Harsh Vardhan Singh\\AppData\\Local\\Android\\Sdk\\platform-tools\\adb.exe' -P 5037 -s emulator-5554 logcat -v threadtime
&amp#27;[38;5;228m[9800b23b]&amp#27;[0m&amp#27;[38;5;-17m[AndroidUiautomator2Driver@f846]&amp#27;[0m Forwarding UiAutomator2 Server port 6790 to local port 8200
&amp#27;[38;5;228m[9800b23b]&amp#27;[0m&amp#27;[38;5;229m[ADB]&amp#27;[0m Forwarding system: 8200 to device: 6790
&amp#27;[38;5;228m[9800b23b]&amp#27;[0m&amp#27;[38;5;229m[ADB]&amp#27;[0m Running 'C:\Users\Harsh Vardhan Singh\AppData\Local\Android\Sdk\platform-tools\adb.exe -P 5037 -s emulator-5554 forward tcp:8200 tcp:6790'
&amp#27;[38;5;228m[9800b23b]&amp#27;[0m&amp#27;[38;5;229m[ADB]&amp#27;[0m Getting package info for 'io.appium.uiautomator2.server'
&amp#27;[38;5;228m[9800b23b]&amp#27;[0m&amp#27;[38;5;229m[ADB]&amp#27;[0m Running 'C:\Users\Harsh Vardhan Singh\AppData\Local\Android\Sdk\platform-tools\adb.exe -P 5037 -s emulator-5554 shell dumpsys package io.appium.uiautomator2.server'
&amp#27;[38;5;228m[9800b23b]&amp#27;[0m&amp#27;[38;5;229m[ADB]&amp#27;[0m Getting install status for io.appium.uiautomator2.server.test
&amp#27;[38;5;228m[9800b23b]&amp#27;[0m&amp#27;[38;5;229m[ADB]&amp#27;[0m Checking app cert for D:\Android Automation Framework\Android_Framework\App\General-Store.apk
&amp#27;[38;5;228m[9800b23b]&amp#27;[0m&amp#27;[38;5;229m[ADB]&amp#27;[0m Running 'C:\Users\Harsh Vardhan Singh\AppData\Local\Android\Sdk\platform-tools\adb.exe -P 5037 -s emulator-5554 shell cmd package list packages'
&amp#27;[38;5;228m[9800b23b]&amp#27;[0m&amp#27;[38;5;229m[ADB]&amp#27;[0m Using 'apksigner.jar' from 'C:\Users\Harsh Vardhan Singh\AppData\Local\Android\Sdk\build-tools\35.0.0\lib\apksigner.jar'
&amp#27;[38;5;228m[9800b23b]&amp#27;[0m&amp#27;[38;5;229m[ADB]&amp#27;[0m Starting apksigner: 'C:\\Program Files\\Common Files\\Oracle\\Java\\javapath\\java.exe' -Xmx1024M -Xss1m -jar 'C:\\Users\\Harsh Vardhan Singh\\AppData\\Local\\Android\\Sdk\\build-tools\\35.0.0\\lib\\apksigner.jar' verify --print-certs 'D:\\Android Automation Framework\\Android_Framework\\App\\General-Store.apk'
&amp#27;[38;5;228m[9800b23b]&amp#27;[0m&amp#27;[38;5;229m[ADB]&amp#27;[0m Reading package manifest: ''C:\\Users\\Harsh Vardhan Singh\\AppData\\Local\\Android\\Sdk\\build-tools\\35.0.0\\aapt2.exe' dump badging 'C:\\Users\\Harsh Vardhan Singh\\.appium\\node_modules\\appium-uiautomator2-driver\\node_modules\\appium-uiautomator2-server\\apks\\appium-uiautomator2-server-v7.1.1.apk''
&amp#27;[38;5;228m[9800b23b]&amp#27;[0m&amp#27;[38;5;229m[ADB]&amp#27;[0m 'io.appium.uiautomator2.server.test' is installed
&amp#27;[38;5;228m[9800b23b]&amp#27;[0m&amp#27;[38;5;229m[ADB]&amp#27;[0m The version name of the installed 'io.appium.uiautomator2.server' is greater or equal to the application version name ('7.1.1' >= '7.1.1')
&amp#27;[38;5;228m[9800b23b]&amp#27;[0m&amp#27;[38;5;-17m[AndroidUiautomator2Driver@f846]&amp#27;[0m Server packages status: [{"installState":"sameVersionInstalled","appPath":"C:\\Users\\Harsh Vardhan Singh\\.appium\\node_modules\\appium-uiautomator2-driver\\node_modules\\appium-uiautomator2-server\\apks\\appium-uiautomator2-server-v7.1.1.apk","appId":"io.appium.uiautomator2.server"},{"installState":"sameVersionInstalled","appPath":"C:\\Users\\Harsh Vardhan Singh\\.appium\\node_modules\\appium-uiautomator2-driver\\node_modules\\appium-uiautomator2-server\\apks\\appium-uiautomator2-server-debug-androidTest.apk","appId":"io.appium.uiautomator2.server.test"}]
&amp#27;[38;5;228m[9800b23b]&amp#27;[0m&amp#27;[38;5;-17m[AndroidUiautomator2Driver@f846]&amp#27;[0m Server packages are not going to be (re)installed
&amp#27;[38;5;228m[9800b23b]&amp#27;[0m&amp#27;[38;5;-17m[AndroidUiautomator2Driver@f846]&amp#27;[0m Waiting up to 30000ms for services to be available
&amp#27;[38;5;228m[9800b23b]&amp#27;[0m&amp#27;[38;5;229m[ADB]&amp#27;[0m Running 'C:\Users\Harsh Vardhan Singh\AppData\Local\Android\Sdk\platform-tools\adb.exe -P 5037 -s emulator-5554 shell pm list instrumentation'
&amp#27;[38;5;228m[9800b23b]&amp#27;[0m&amp#27;[38;5;-17m[AndroidUiautomator2Driver@f846]&amp#27;[0m Instrumentation target 'io.appium.uiautomator2.server.test/androidx.test.runner.AndroidJUnitRunner' is available
&amp#27;[38;5;228m[9800b23b]&amp#27;[0m&amp#27;[38;5;229m[ADB]&amp#27;[0m Adding packages ["io.appium.settings","io.appium.uiautomator2.server","io.appium.uiautomator2.server.test"] to Doze whitelist
&amp#27;[38;5;228m[9800b23b]&amp#27;[0m&amp#27;[38;5;229m[ADB]&amp#27;[0m Got the following command chunks to execute: [["dumpsys","deviceidle","whitelist","+io.appium.settings",";","dumpsys","deviceidle","whitelist","+io.appium.uiautomator2.server",";","dumpsys","deviceidle","whitelist","+io.appium.uiautomator2.server.test",";"]]
&amp#27;[38;5;228m[9800b23b]&amp#27;[0m&amp#27;[38;5;229m[ADB]&amp#27;[0m Running 'C:\Users\Harsh Vardhan Singh\AppData\Local\Android\Sdk\platform-tools\adb.exe -P 5037 -s emulator-5554 shell dumpsys deviceidle whitelist +io.appium.settings ; dumpsys deviceidle whitelist +io.appium.uiautomator2.server ; dumpsys deviceidle whitelist +io.appium.uiautomator2.server.test ;'
&amp#27;[38;5;228m[9800b23b]&amp#27;[0m&amp#27;[38;5;229m[ADB]&amp#27;[0m apksigner stdout: Signer #1 certificate DN: EMAILADDRESS=android@android.com, CN=Android, OU=Android, O=Android, L=Mountain View, ST=California, C=US
Signer #1 certificate SHA-256 digest: a40da80a59d170caa950cf15c18c454d47a39b26989d8b640ecd745ba71bf5dc
Signer #1 certificate SHA-1 digest: 61ed377e85d386a8dfee6b864bd85b0bfaa5af81
Signer #1 certificate MD5 digest: e89b158e4bcf988ebd09eb83f5378e87

&amp#27;[38;5;228m[9800b23b]&amp#27;[0m&amp#27;[38;5;229m[ADB]&amp#27;[0m sha256 hash did match for 'General-Store.apk'
&amp#27;[38;5;228m[9800b23b]&amp#27;[0m&amp#27;[38;5;229m[ADB]&amp#27;[0m 'D:\Android Automation Framework\Android_Framework\App\General-Store.apk' is signed with the default certificate
&amp#27;[38;5;228m[9800b23b]&amp#27;[0m&amp#27;[38;5;229m[ADB]&amp#27;[0m Getting package info for 'com.androidsample.generalstore'
&amp#27;[38;5;228m[9800b23b]&amp#27;[0m&amp#27;[38;5;229m[ADB]&amp#27;[0m Running 'C:\Users\Harsh Vardhan Singh\AppData\Local\Android\Sdk\platform-tools\adb.exe -P 5037 -s emulator-5554 shell dumpsys package com.androidsample.generalstore'
&amp#27;[38;5;228m[9800b23b]&amp#27;[0m&amp#27;[38;5;229m[ADB]&amp#27;[0m Reading package manifest: ''C:\\Users\\Harsh Vardhan Singh\\AppData\\Local\\Android\\Sdk\\build-tools\\35.0.0\\aapt2.exe' dump badging 'D:\\Android Automation Framework\\Android_Framework\\App\\General-Store.apk''
&amp#27;[38;5;228m[9800b23b]&amp#27;[0m&amp#27;[38;5;229m[ADB]&amp#27;[0m The version name of the installed 'com.androidsample.generalstore' is greater or equal to the application version name ('1.0.0' >= '1.0.0')
&amp#27;[38;5;228m[9800b23b]&amp#27;[0m&amp#27;[38;5;229m[ADB]&amp#27;[0m There is no need to install/upgrade 'D:\Android Automation Framework\Android_Framework\App\General-Store.apk'
&amp#27;[38;5;228m[9800b23b]&amp#27;[0m&amp#27;[38;5;-17m[AndroidUiautomator2Driver@f846]&amp#27;[0m Performing fast reset on 'com.androidsample.generalstore'
&amp#27;[38;5;228m[9800b23b]&amp#27;[0m&amp#27;[38;5;229m[ADB]&amp#27;[0m Getting install status for com.androidsample.generalstore
&amp#27;[38;5;228m[9800b23b]&amp#27;[0m&amp#27;[38;5;229m[ADB]&amp#27;[0m Running 'C:\Users\Harsh Vardhan Singh\AppData\Local\Android\Sdk\platform-tools\adb.exe -P 5037 -s emulator-5554 shell cmd package list packages'
&amp#27;[38;5;228m[9800b23b]&amp#27;[0m&amp#27;[38;5;229m[ADB]&amp#27;[0m 'com.androidsample.generalstore' is installed
&amp#27;[38;5;228m[9800b23b]&amp#27;[0m&amp#27;[38;5;229m[ADB]&amp#27;[0m Running 'C:\Users\Harsh Vardhan Singh\AppData\Local\Android\Sdk\platform-tools\adb.exe -P 5037 -s emulator-5554 shell am force-stop com.androidsample.generalstore'
&amp#27;[38;5;228m[9800b23b]&amp#27;[0m&amp#27;[38;5;229m[ADB]&amp#27;[0m Running 'C:\Users\Harsh Vardhan Singh\AppData\Local\Android\Sdk\platform-tools\adb.exe -P 5037 -s emulator-5554 shell pm clear com.androidsample.generalstore'
&amp#27;[38;5;228m[9800b23b]&amp#27;[0m&amp#27;[38;5;-17m[AndroidUiautomator2Driver@f846]&amp#27;[0m Performed fast reset on the installed 'com.androidsample.generalstore' application (stop and clear)
&amp#27;[38;5;228m[9800b23b]&amp#27;[0m&amp#27;[38;5;-17m[AndroidUiautomator2Driver@f846]&amp#27;[0m Performing shallow cleanup of automation leftovers
&amp#27;[38;5;228m[9800b23b]&amp#27;[0m&amp#27;[38;5;-17m[AndroidUiautomator2Driver@f846]&amp#27;[0m No obsolete sessions have been detected (socket hang up)
&amp#27;[38;5;228m[9800b23b]&amp#27;[0m&amp#27;[38;5;229m[ADB]&amp#27;[0m Running 'C:\Users\Harsh Vardhan Singh\AppData\Local\Android\Sdk\platform-tools\adb.exe -P 5037 -s emulator-5554 shell am force-stop io.appium.uiautomator2.server'
&amp#27;[38;5;228m[9800b23b]&amp#27;[0m&amp#27;[38;5;229m[ADB]&amp#27;[0m Running 'C:\Users\Harsh Vardhan Singh\AppData\Local\Android\Sdk\platform-tools\adb.exe -P 5037 -s emulator-5554 shell am force-stop io.appium.uiautomator2.server.test'
&amp#27;[38;5;228m[9800b23b]&amp#27;[0m&amp#27;[38;5;-17m[AndroidUiautomator2Driver@f846]&amp#27;[0m Starting UIAutomator2 server 7.1.1
&amp#27;[38;5;228m[9800b23b]&amp#27;[0m&amp#27;[38;5;-17m[AndroidUiautomator2Driver@f846]&amp#27;[0m Using UIAutomator2 server from 'C:\Users\Harsh Vardhan Singh\.appium\node_modules\appium-uiautomator2-driver\node_modules\appium-uiautomator2-server\apks\appium-uiautomator2-server-v7.1.1.apk' and test from 'C:\Users\Harsh Vardhan Singh\.appium\node_modules\appium-uiautomator2-driver\node_modules\appium-uiautomator2-server\apks\appium-uiautomator2-server-debug-androidTest.apk'
&amp#27;[38;5;228m[9800b23b]&amp#27;[0m&amp#27;[38;5;-17m[AndroidUiautomator2Driver@f846]&amp#27;[0m Waiting up to 30000ms for UiAutomator2 to be online...
&amp#27;[38;5;228m[9800b23b]&amp#27;[0m&amp#27;[38;5;229m[ADB]&amp#27;[0m Creating ADB subprocess with args: ["-P","5037","-s","emulator-5554","shell","am","instrument","-w","-e","disableAnalytics","true","io.appium.uiautomator2.server.test/androidx.test.runner.AndroidJUnitRunner"]
&amp#27;[38;5;228m[9800b23b]&amp#27;[0m&amp#27;[38;5;-17m[AndroidUiautomator2Driver@f846]&amp#27;[0m Matched '/status' to command name 'getStatus'
&amp#27;[38;5;228m[9800b23b]&amp#27;[0m&amp#27;[38;5;-17m[AndroidUiautomator2Driver@f846]&amp#27;[0m Proxying [GET /status] to [GET http://127.0.0.1:8200/status] with no body
&amp#27;[38;5;228m[9800b23b]&amp#27;[0m&amp#27;[38;5;-17m[AndroidUiautomator2Driver@f846]&amp#27;[0m socket hang up
&amp#27;[38;5;228m[9800b23b]&amp#27;[0m&amp#27;[38;5;-17m[AndroidUiautomator2Driver@f846]&amp#27;[0m [Instrumentation] 
&amp#27;[38;5;228m[9800b23b]&amp#27;[0m&amp#27;[38;5;-17m[AndroidUiautomator2Driver@f846]&amp#27;[0m Matched '/status' to command name 'getStatus'
&amp#27;[38;5;228m[9800b23b]&amp#27;[0m&amp#27;[38;5;-17m[AndroidUiautomator2Driver@f846]&amp#27;[0m Proxying [GET /status] to [GET http://127.0.0.1:8200/status] with no body
&amp#27;[38;5;228m[9800b23b]&amp#27;[0m&amp#27;[38;5;-17m[AndroidUiautomator2Driver@f846]&amp#27;[0m socket hang up
&amp#27;[38;5;228m[9800b23b]&amp#27;[0m&amp#27;[38;5;-17m[AndroidUiautomator2Driver@f846]&amp#27;[0m Matched '/status' to command name 'getStatus'
&amp#27;[38;5;228m[9800b23b]&amp#27;[0m&amp#27;[38;5;-17m[AndroidUiautomator2Driver@f846]&amp#27;[0m Proxying [GET /status] to [GET http://127.0.0.1:8200/status] with no body
&amp#27;[38;5;228m[9800b23b]&amp#27;[0m&amp#27;[38;5;-17m[AndroidUiautomator2Driver@f846]&amp#27;[0m Got response with status 200: {"sessionId":"None","value":{"message":"UiAutomator2 Server is ready to accept commands","ready":true}}
&amp#27;[38;5;228m[9800b23b]&amp#27;[0m&amp#27;[38;5;-17m[AndroidUiautomator2Driver@f846]&amp#27;[0m The initialization of the instrumentation process took 2150ms
&amp#27;[38;5;228m[9800b23b]&amp#27;[0m&amp#27;[38;5;-17m[AndroidUiautomator2Driver@f846]&amp#27;[0m Matched '/session' to command name 'createSession'
&amp#27;[38;5;228m[9800b23b]&amp#27;[0m&amp#27;[38;5;-17m[AndroidUiautomator2Driver@f846]&amp#27;[0m Proxying [POST /session] to [POST http://127.0.0.1:8200/session] with body: {"capabilities":{"firstMatch":[{"platformName":"ANDROID","chromedriverUseSystemExecutable":true,"deviceName":"emulator-5554","automationName":"UIAutomator2","app":"D:\\Android Automation Framework\\Android_Framework\\App\\General-Store.apk","platform":"LINUX","webStorageEnabled":false,"takesScreenshot":true,"javascriptEnabled":true,"databaseEnabled":false,"networkConnectionEnabled":true,"locationContextEnabled":false,"warnings":{},"desired":{"platformName":"ANDROID","chromedriverUseSystemExecutable":true,"deviceName":"HarshEmulator","automationName":"UIAutomator2","app":"D:\\Android Automation Framework\\Android_Framework\\App\\General-Store.apk"},"deviceUDID":"emulator-5554","appPackage":"com.androidsample.generalstore"}],"alwaysMatch":{}}}
&amp#27;[38;5;228m[9800b23b]&amp#27;[0m&amp#27;[38;5;-17m[AndroidUiautomator2Driver@f846]&amp#27;[0m Got response with status 200: {"sessionId":"34248231-3590-41f4-a0a5-4d54d92b3cbf","value":{"capabilities":{"firstMatch":[{"platformName":"ANDROID","chromedriverUseSystemExecutable":true,"deviceName":"emulator-5554","automationName":"UIAutomator2","app":"D:\\Android Automation Framework\\Android_Framework\\App\\General-Store.apk","platform":"LINUX","webStorageEnabled":false,"takesScreenshot":true,"javascriptEnabled":true,"databaseEnabled":false,"networkConnectionEnabled":true,"locationContextEnabled":false,"warnings":{},"desired":{"platformName":"ANDROID","chromedriverUseSystemExecutable":true,"deviceName":"HarshEmulator","automationName":"UIAutomator2","app":"D:\\Android Automation Framework\\Android_Framework\\App\\General-Store.apk"},"deviceUDID":"emulator-5554","appPackage":"com.androidsample.generalstore"}],"alwaysMatch":{}},"sessionId":"34248231-3590-41f4-a0a5-4d54d92b3cbf"}}
&amp#27;[38;5;228m[9800b23b]&amp#27;[0m&amp#27;[38;5;-17m[AndroidUiautomator2Driver@f846]&amp#27;[0m Determined the downstream protocol as 'W3C'
&amp#27;[38;5;228m[9800b23b]&amp#27;[0m&amp#27;[38;5;-17m[AndroidUiautomator2Driver@f846]&amp#27;[0m Proxying [GET /appium/device/pixel_ratio] to [GET http://127.0.0.1:8200/session/34248231-3590-41f4-a0a5-4d54d92b3cbf/appium/device/pixel_ratio] with no body
&amp#27;[38;5;228m[9800b23b]&amp#27;[0m&amp#27;[38;5;-17m[AndroidUiautomator2Driver@f846]&amp#27;[0m Matched '/appium/device/system_bars' to command name 'getSystemBars'
&amp#27;[38;5;228m[9800b23b]&amp#27;[0m&amp#27;[38;5;-17m[AndroidUiautomator2Driver@f846]&amp#27;[0m Proxying [GET /appium/device/system_bars] to [GET http://127.0.0.1:8200/session/34248231-3590-41f4-a0a5-4d54d92b3cbf/appium/device/system_bars] with no body
&amp#27;[38;5;228m[9800b23b]&amp#27;[0m&amp#27;[38;5;-17m[AndroidUiautomator2Driver@f846]&amp#27;[0m Matched '/window/current/size' to command name 'getWindowSize'
&amp#27;[38;5;228m[9800b23b]&amp#27;[0m&amp#27;[38;5;-17m[AndroidUiautomator2Driver@f846]&amp#27;[0m Proxying [GET /window/current/size] to [GET http://127.0.0.1:8200/session/34248231-3590-41f4-a0a5-4d54d92b3cbf/window/current/size] with no body
&amp#27;[38;5;228m[9800b23b]&amp#27;[0m&amp#27;[38;5;-17m[AndroidUiautomator2Driver@f846]&amp#27;[0m Proxying [GET /appium/device/info] to [GET http://127.0.0.1:8200/session/34248231-3590-41f4-a0a5-4d54d92b3cbf/appium/device/info] with no body
&amp#27;[38;5;228m[9800b23b]&amp#27;[0m&amp#27;[38;5;229m[ADB]&amp#27;[0m Running 'C:\Users\Harsh Vardhan Singh\AppData\Local\Android\Sdk\platform-tools\adb.exe -P 5037 -s emulator-5554 shell dumpsys window'
&amp#27;[38;5;228m[9800b23b]&amp#27;[0m&amp#27;[38;5;229m[ADB]&amp#27;[0m Running 'C:\Users\Harsh Vardhan Singh\AppData\Local\Android\Sdk\platform-tools\adb.exe -P 5037 -s emulator-5554 shell dumpsys power'
&amp#27;[38;5;228m[9800b23b]&amp#27;[0m&amp#27;[38;5;-17m[AndroidUiautomator2Driver@f846]&amp#27;[0m Got response with status 200: {"sessionId":"34248231-3590-41f4-a0a5-4d54d92b3cbf","value":2.75}
&amp#27;[38;5;228m[9800b23b]&amp#27;[0m&amp#27;[38;5;-17m[AndroidUiautomator2Driver@f846]&amp#27;[0m Got response with status 200: {"sessionId":"34248231-3590-41f4-a0a5-4d54d92b3cbf","value":{"statusBar":83}}
&amp#27;[38;5;228m[9800b23b]&amp#27;[0m&amp#27;[38;5;-17m[AndroidUiautomator2Driver@f846]&amp#27;[0m Got response with status 200: {"sessionId":"34248231-3590-41f4-a0a5-4d54d92b3cbf","value":{"height":2280,"width":1080}}
&amp#27;[38;5;228m[9800b23b]&amp#27;[0m&amp#27;[38;5;-17m[AndroidUiautomator2Driver@f846]&amp#27;[0m Screen already unlocked, doing nothing
&amp#27;[38;5;228m[9800b23b]&amp#27;[0m&amp#27;[38;5;-17m[AndroidUiautomator2Driver@f846]&amp#27;[0m Starting 'com.androidsample.generalstore/com.androidsample.generalstore.SplashActivity and waiting for 'com.androidsample.generalstore/com.androidsample.generalstore.SplashActivity'
&amp#27;[38;5;228m[9800b23b]&amp#27;[0m&amp#27;[38;5;229m[ADB]&amp#27;[0m Running 'C:\Users\Harsh Vardhan Singh\AppData\Local\Android\Sdk\platform-tools\adb.exe -P 5037 -s emulator-5554 shell am start -W -n com.androidsample.generalstore/com.androidsample.generalstore.SplashActivity -S -a android.intent.action.MAIN -c android.intent.category.LAUNCHER -f 0x10200000'
&amp#27;[38;5;228m[9800b23b]&amp#27;[0m&amp#27;[38;5;-17m[AndroidUiautomator2Driver@f846]&amp#27;[0m Got response with status 200: {"sessionId":"34248231-3590-41f4-a0a5-4d54d92b3cbf","value":{"androidId":"1ff6e7570d05646c","apiVersion":"35","bluetooth":{"state":"ON"},"brand":"google","carrierName":"T-Mobile","displayDensity":440,"locale":"en_US","manufacturer":"Google","model":"sdk_gphone64_x86_64","networks":[{"capabilities":{"SSID":null,"linkDownBandwidthKbps":4300,"linkUpstreamBandwidthKbps":1800,"networkCapabilities":"NET_CAPABILITY_MMS,NET_CAPABILITY_SUPL,NET_CAPABILITY_IA,NET_CAPABILITY_XCAP,NET_CAPABILITY_INTERNET,NET_CAPABILITY_NOT_RESTRICTED,NET_CAPABILITY_TRUSTED,NET_CAPABILITY_NOT_VPN,NET_CAPABILITY_VALIDATED,NET_CAPABILITY_NOT_ROAMING,NET_CAPABILITY_NOT_CONGESTED,NET_CAPABILITY_NOT_SUSPENDED","signalStrength":-2147483648,"transportTypes":"TRANSPORT_CELLULAR"},"detailedState":"CONNECTED","extraInfo":"fast.t-mobile.com","isAvailable":true,"isConnected":true,"isFailover":false,"isRoaming":false,"state":"CONNECTED","subtype":10,"subtypeName":"HSPA","type":0,"typeName":"MOBILE"},{"capabilities":{"SSID":null,"linkDownBandwidthKb...
&amp#27;[38;5;228m[9800b23b]&amp#27;[0m&amp#27;[38;5;229m[ADB]&amp#27;[0m Waiting up to 20000ms for activity matching pkg: 'com.androidsample.generalstore' and activity: 'com.androidsample.generalstore.SplashActivity' to be focused
&amp#27;[38;5;228m[9800b23b]&amp#27;[0m&amp#27;[38;5;229m[ADB]&amp#27;[0m Possible activities, to be checked: 'com.androidsample.generalstore.SplashActivity', 'com.androidsample.generalstore.com.androidsample.generalstore.SplashActivity'
&amp#27;[38;5;228m[9800b23b]&amp#27;[0m&amp#27;[38;5;229m[ADB]&amp#27;[0m Getting focused package and activity
&amp#27;[38;5;228m[9800b23b]&amp#27;[0m&amp#27;[38;5;229m[ADB]&amp#27;[0m Running 'C:\Users\Harsh Vardhan Singh\AppData\Local\Android\Sdk\platform-tools\adb.exe -P 5037 -s emulator-5554 shell dumpsys window displays'
&amp#27;[38;5;228m[9800b23b]&amp#27;[0m&amp#27;[38;5;229m[ADB]&amp#27;[0m Found package: 'com.androidsample.generalstore' and fully qualified activity name : 'com.androidsample.generalstore.SplashActivity'
&amp#27;[38;5;228m[9800b23b]&amp#27;[0m&amp#27;[38;5;17m[AppiumDriver@75a4]&amp#27;[0m New AndroidUiautomator2Driver session created successfully, session 9800b23b-2eb3-4b09-91bc-9731b683abce added to master session list
&amp#27;[38;5;228m[9800b23b]&amp#27;[0m&amp#27;[38;5;17m[AppiumDriver@75a4]&amp#27;[0m Event 'newSessionStarted' logged at 1732112516057 (19:51:56 GMT+0530 (India Standard Time))
&amp#27;[38;5;228m[9800b23b]&amp#27;[0m&amp#27;[38;5;-17m[AndroidUiautomator2Driver@f846]&amp#27;[0m Cached the protocol value 'W3C' for the new session 9800b23b-2eb3-4b09-91bc-9731b683abce
&amp#27;[38;5;228m[9800b23b]&amp#27;[0m&amp#27;[38;5;-17m[AndroidUiautomator2Driver@f846]&amp#27;[0m Responding to client with driver.createSession() result: {"capabilities":{"platformName":"ANDROID","chromedriverUseSystemExecutable":true,"deviceName":"emulator-5554","automationName":"UIAutomator2","app":"D:\\Android Automation Framework\\Android_Framework\\App\\General-Store.apk","platform":"LINUX","webStorageEnabled":false,"takesScreenshot":true,"javascriptEnabled":true,"databaseEnabled":false,"networkConnectionEnabled":true,"locationContextEnabled":false,"warnings":{},"desired":{"platformName":"ANDROID","chromedriverUseSystemExecutable":true,"deviceName":"HarshEmulator","automationName":"UIAutomator2","app":"D:\\Android Automation Framework\\Android_Framework\\App\\General-Store.apk"},"deviceUDID":"emulator-5554","appPackage":"com.androidsample.generalstore","pixelRatio":"2.75","statBarHeight":83,"viewportRect":{"left":0,"top":83,"width":1080,"height":2197},"deviceApiLevel":35,"platformVersion":"15","deviceManufacturer":"Google","deviceModel":"sdk_gphone64_x86_64","deviceScreenSize":"1080x2280","deviceScreenDensity":440}}
&amp#27;[38;5;228m[9800b23b]&amp#27;[0m&amp#27;[38;5;86m[HTTP]&amp#27;[0m &amp#27;[37m<-- POST /session &amp#27;[39m&amp#27;[32m200&amp#27;[39m &amp#27;[90m4273 ms - 1045&amp#27;[39m &amp#27;[90m&amp#27;[39m
&amp#27;[38;5;228m[9800b23b]&amp#27;[0m&amp#27;[38;5;86m[HTTP]&amp#27;[0m &amp#27;[37m-->&amp#27;[39m &amp#27;[37mPOST&amp#27;[39m &amp#27;[37m/session/9800b23b-2eb3-4b09-91bc-9731b683abce/timeouts&amp#27;[39m &amp#27;[90m{"implicit":20000}&amp#27;[39m
&amp#27;[38;5;228m[9800b23b]&amp#27;[0m&amp#27;[38;5;-17m[AndroidUiautomator2Driver@f846]&amp#27;[0m Calling AppiumDriver.timeouts() with args: [null,null,null,null,20000,"9800b23b-2eb3-4b09-91bc-9731b683abce"]
&amp#27;[38;5;228m[9800b23b]&amp#27;[0m&amp#27;[38;5;-17m[AndroidUiautomator2Driver@f846]&amp#27;[0m W3C timeout argument: {"implicit":20000}}
&amp#27;[38;5;228m[9800b23b]&amp#27;[0m&amp#27;[38;5;-17m[AndroidUiautomator2Driver@f846]&amp#27;[0m Set implicit wait to 20000ms
&amp#27;[38;5;228m[9800b23b]&amp#27;[0m&amp#27;[38;5;-17m[AndroidUiautomator2Driver@f846]&amp#27;[0m Responding to client with driver.timeouts() result: null
&amp#27;[38;5;228m[9800b23b]&amp#27;[0m&amp#27;[38;5;86m[HTTP]&amp#27;[0m &amp#27;[37m<-- POST /session/9800b23b-2eb3-4b09-91bc-9731b683abce/timeouts &amp#27;[39m&amp#27;[32m200&amp#27;[39m &amp#27;[90m2 ms - 14&amp#27;[39m &amp#27;[90m&amp#27;[39m
&amp#27;[38;5;228m[9800b23b]&amp#27;[0m&amp#27;[38;5;86m[HTTP]&amp#27;[0m &amp#27;[37m-->&amp#27;[39m &amp#27;[37mGET&amp#27;[39m &amp#27;[37m/session/9800b23b-2eb3-4b09-91bc-9731b683abce/context&amp#27;[39m &amp#27;[90m{}&amp#27;[39m
&amp#27;[38;5;228m[9800b23b]&amp#27;[0m&amp#27;[38;5;-17m[AndroidUiautomator2Driver@f846]&amp#27;[0m Calling AppiumDriver.getCurrentContext() with args: ["9800b23b-2eb3-4b09-91bc-9731b683abce"]
&amp#27;[38;5;228m[9800b23b]&amp#27;[0m&amp#27;[38;5;-17m[AndroidUiautomator2Driver@f846]&amp#27;[0m Responding to client with driver.getCurrentContext() result: "NATIVE_APP"
&amp#27;[38;5;228m[9800b23b]&amp#27;[0m&amp#27;[38;5;86m[HTTP]&amp#27;[0m &amp#27;[37m<-- GET /session/9800b23b-2eb3-4b09-91bc-9731b683abce/context &amp#27;[39m&amp#27;[32m200&amp#27;[39m &amp#27;[90m2 ms - 22&amp#27;[39m &amp#27;[90m&amp#27;[39m
&amp#27;[38;5;228m[9800b23b]&amp#27;[0m&amp#27;[38;5;86m[HTTP]&amp#27;[0m &amp#27;[37m-->&amp#27;[39m &amp#27;[37mPOST&amp#27;[39m &amp#27;[37m/session/9800b23b-2eb3-4b09-91bc-9731b683abce/element&amp#27;[39m &amp#27;[90m{"value":"com.androidsample.generalstore:id/nameField","using":"id"}&amp#27;[39m
&amp#27;[38;5;228m[9800b23b]&amp#27;[0m&amp#27;[38;5;-17m[AndroidUiautomator2Driver@f846]&amp#27;[0m Calling AppiumDriver.findElement() with args: ["id","com.androidsample.generalstore:id/nameField","9800b23b-2eb3-4b09-91bc-9731b683abce"]
&amp#27;[38;5;228m[9800b23b]&amp#27;[0m&amp#27;[38;5;-17m[AndroidUiautomator2Driver@f846]&amp#27;[0m Valid locator strategies for this request: xpath, id, class name, accessibility id, css selector, -android uiautomator
&amp#27;[38;5;228m[9800b23b]&amp#27;[0m&amp#27;[38;5;-17m[AndroidUiautomator2Driver@f846]&amp#27;[0m Waiting up to 20000 ms for condition
&amp#27;[38;5;228m[9800b23b]&amp#27;[0m&amp#27;[38;5;-17m[AndroidUiautomator2Driver@f846]&amp#27;[0m Matched '/element' to command name 'findElement'
&amp#27;[38;5;228m[9800b23b]&amp#27;[0m&amp#27;[38;5;-17m[AndroidUiautomator2Driver@f846]&amp#27;[0m Proxying [POST /element] to [POST http://127.0.0.1:8200/session/34248231-3590-41f4-a0a5-4d54d92b3cbf/element] with body: {"strategy":"id","selector":"com.androidsample.generalstore:id/nameField","context":"","multiple":false}
&amp#27;[38;5;228m[9800b23b]&amp#27;[0m&amp#27;[38;5;-17m[AndroidUiautomator2Driver@f846]&amp#27;[0m Got response with status 404: {"sessionId":"34248231-3590-41f4-a0a5-4d54d92b3cbf","value":{"error":"no such element","message":"An element could not be located on the page using the given search parameters","stacktrace":"io.appium.uiautomator2.common.exceptions.ElementNotFoundException: An element could not be located on the page using the given search parameters\n\tat io.appium.uiautomator2.handler.FindElement.safeHandle(FindElement.java:63)\n\tat io.appium.uiautomator2.handler.request.SafeRequestHandler.handle(SafeRequestHandler.java:59)\n\tat io.appium.uiautomator2.server.AppiumServlet.handleRequest(AppiumServlet.java:259)\n\tat io.appium.uiautomator2.server.AppiumServlet.handleHttpRequest(AppiumServlet.java:253)\n\tat io.appium.uiautomator2.http.ServerHandler.channelRead(ServerHandler.java:77)\n\tat io.netty.channel.AbstractChannelHandlerContext.invokeChannelRead(AbstractChannelHandlerContext.java:366)\n\tat io.netty.channel.AbstractChannelHandlerContext.invokeChannelRead(AbstractChannelHandlerContext.java:352)\n\tat io.netty.chann...
&amp#27;[38;5;228m[9800b23b]&amp#27;[0m&amp#27;[38;5;123m[W3C]&amp#27;[0m Matched W3C error code 'no such element' to NoSuchElementError
&amp#27;[38;5;228m[9800b23b]&amp#27;[0m&amp#27;[38;5;-17m[AndroidUiautomator2Driver@f846]&amp#27;[0m Waited for 730 ms so far
&amp#27;[38;5;228m[9800b23b]&amp#27;[0m&amp#27;[38;5;-17m[AndroidUiautomator2Driver@f846]&amp#27;[0m Matched '/element' to command name 'findElement'
&amp#27;[38;5;228m[9800b23b]&amp#27;[0m&amp#27;[38;5;-17m[AndroidUiautomator2Driver@f846]&amp#27;[0m Proxying [POST /element] to [POST http://127.0.0.1:8200/session/34248231-3590-41f4-a0a5-4d54d92b3cbf/element] with body: {"strategy":"id","selector":"com.androidsample.generalstore:id/nameField","context":"","multiple":false}
&amp#27;[38;5;228m[9800b23b]&amp#27;[0m&amp#27;[38;5;-17m[AndroidUiautomator2Driver@f846]&amp#27;[0m Got response with status 404: {"sessionId":"34248231-3590-41f4-a0a5-4d54d92b3cbf","value":{"error":"no such element","message":"An element could not be located on the page using the given search parameters","stacktrace":"io.appium.uiautomator2.common.exceptions.ElementNotFoundException: An element could not be located on the page using the given search parameters\n\tat io.appium.uiautomator2.handler.FindElement.safeHandle(FindElement.java:63)\n\tat io.appium.uiautomator2.handler.request.SafeRequestHandler.handle(SafeRequestHandler.java:59)\n\tat io.appium.uiautomator2.server.AppiumServlet.handleRequest(AppiumServlet.java:259)\n\tat io.appium.uiautomator2.server.AppiumServlet.handleHttpRequest(AppiumServlet.java:253)\n\tat io.appium.uiautomator2.http.ServerHandler.channelRead(ServerHandler.java:77)\n\tat io.netty.channel.AbstractChannelHandlerContext.invokeChannelRead(AbstractChannelHandlerContext.java:366)\n\tat io.netty.channel.AbstractChannelHandlerContext.invokeChannelRead(AbstractChannelHandlerContext.java:352)\n\tat io.netty.chann...
&amp#27;[38;5;228m[9800b23b]&amp#27;[0m&amp#27;[38;5;123m[W3C]&amp#27;[0m Matched W3C error code 'no such element' to NoSuchElementError
&amp#27;[38;5;228m[9800b23b]&amp#27;[0m&amp#27;[38;5;-17m[AndroidUiautomator2Driver@f846]&amp#27;[0m Waited for 1260 ms so far
&amp#27;[38;5;228m[9800b23b]&amp#27;[0m&amp#27;[38;5;-17m[AndroidUiautomator2Driver@f846]&amp#27;[0m Matched '/element' to command name 'findElement'
&amp#27;[38;5;228m[9800b23b]&amp#27;[0m&amp#27;[38;5;-17m[AndroidUiautomator2Driver@f846]&amp#27;[0m Proxying [POST /element] to [POST http://127.0.0.1:8200/session/34248231-3590-41f4-a0a5-4d54d92b3cbf/element] with body: {"strategy":"id","selector":"com.androidsample.generalstore:id/nameField","context":"","multiple":false}
&amp#27;[38;5;228m[9800b23b]&amp#27;[0m&amp#27;[38;5;-17m[AndroidUiautomator2Driver@f846]&amp#27;[0m Got response with status 404: {"sessionId":"34248231-3590-41f4-a0a5-4d54d92b3cbf","value":{"error":"no such element","message":"An element could not be located on the page using the given search parameters","stacktrace":"io.appium.uiautomator2.common.exceptions.ElementNotFoundException: An element could not be located on the page using the given search parameters\n\tat io.appium.uiautomator2.handler.FindElement.safeHandle(FindElement.java:63)\n\tat io.appium.uiautomator2.handler.request.SafeRequestHandler.handle(SafeRequestHandler.java:59)\n\tat io.appium.uiautomator2.server.AppiumServlet.handleRequest(AppiumServlet.java:259)\n\tat io.appium.uiautomator2.server.AppiumServlet.handleHttpRequest(AppiumServlet.java:253)\n\tat io.appium.uiautomator2.http.ServerHandler.channelRead(ServerHandler.java:77)\n\tat io.netty.channel.AbstractChannelHandlerContext.invokeChannelRead(AbstractChannelHandlerContext.java:366)\n\tat io.netty.channel.AbstractChannelHandlerContext.invokeChannelRead(AbstractChannelHandlerContext.java:352)\n\tat io.netty.chann...
&amp#27;[38;5;228m[9800b23b]&amp#27;[0m&amp#27;[38;5;123m[W3C]&amp#27;[0m Matched W3C error code 'no such element' to NoSuchElementError
&amp#27;[38;5;228m[9800b23b]&amp#27;[0m&amp#27;[38;5;-17m[AndroidUiautomator2Driver@f846]&amp#27;[0m Waited for 1785 ms so far
&amp#27;[38;5;228m[9800b23b]&amp#27;[0m&amp#27;[38;5;-17m[AndroidUiautomator2Driver@f846]&amp#27;[0m Matched '/element' to command name 'findElement'
&amp#27;[38;5;228m[9800b23b]&amp#27;[0m&amp#27;[38;5;-17m[AndroidUiautomator2Driver@f846]&amp#27;[0m Proxying [POST /element] to [POST http://127.0.0.1:8200/session/34248231-3590-41f4-a0a5-4d54d92b3cbf/element] with body: {"strategy":"id","selector":"com.androidsample.generalstore:id/nameField","context":"","multiple":false}
&amp#27;[38;5;228m[9800b23b]&amp#27;[0m&amp#27;[38;5;-17m[AndroidUiautomator2Driver@f846]&amp#27;[0m Got response with status 404: {"sessionId":"34248231-3590-41f4-a0a5-4d54d92b3cbf","value":{"error":"no such element","message":"An element could not be located on the page using the given search parameters","stacktrace":"io.appium.uiautomator2.common.exceptions.ElementNotFoundException: An element could not be located on the page using the given search parameters\n\tat io.appium.uiautomator2.handler.FindElement.safeHandle(FindElement.java:63)\n\tat io.appium.uiautomator2.handler.request.SafeRequestHandler.handle(SafeRequestHandler.java:59)\n\tat io.appium.uiautomator2.server.AppiumServlet.handleRequest(AppiumServlet.java:259)\n\tat io.appium.uiautomator2.server.AppiumServlet.handleHttpRequest(AppiumServlet.java:253)\n\tat io.appium.uiautomator2.http.ServerHandler.channelRead(ServerHandler.java:77)\n\tat io.netty.channel.AbstractChannelHandlerContext.invokeChannelRead(AbstractChannelHandlerContext.java:366)\n\tat io.netty.channel.AbstractChannelHandlerContext.invokeChannelRead(AbstractChannelHandlerContext.java:352)\n\tat io.netty.chann...
&amp#27;[38;5;228m[9800b23b]&amp#27;[0m&amp#27;[38;5;123m[W3C]&amp#27;[0m Matched W3C error code 'no such element' to NoSuchElementError
&amp#27;[38;5;228m[9800b23b]&amp#27;[0m&amp#27;[38;5;-17m[AndroidUiautomator2Driver@f846]&amp#27;[0m Waited for 2322 ms so far
&amp#27;[38;5;228m[9800b23b]&amp#27;[0m&amp#27;[38;5;-17m[AndroidUiautomator2Driver@f846]&amp#27;[0m Matched '/element' to command name 'findElement'
&amp#27;[38;5;228m[9800b23b]&amp#27;[0m&amp#27;[38;5;-17m[AndroidUiautomator2Driver@f846]&amp#27;[0m Proxying [POST /element] to [POST http://127.0.0.1:8200/session/34248231-3590-41f4-a0a5-4d54d92b3cbf/element] with body: {"strategy":"id","selector":"com.androidsample.generalstore:id/nameField","context":"","multiple":false}
&amp#27;[38;5;228m[9800b23b]&amp#27;[0m&amp#27;[38;5;-17m[AndroidUiautomator2Driver@f846]&amp#27;[0m Got response with status 200: {"sessionId":"34248231-3590-41f4-a0a5-4d54d92b3cbf","value":{"ELEMENT":"00000000-0000-04c5-ffff-ffff0000001c","element-6066-11e4-a52e-4f735466cecf":"00000000-0000-04c5-ffff-ffff0000001c"}}
&amp#27;[38;5;228m[9800b23b]&amp#27;[0m&amp#27;[38;5;-17m[AndroidUiautomator2Driver@f846]&amp#27;[0m Responding to client with driver.findElement() result: {"element-6066-11e4-a52e-4f735466cecf":"00000000-0000-04c5-ffff-ffff0000001c","ELEMENT":"00000000-0000-04c5-ffff-ffff0000001c"}
&amp#27;[38;5;228m[9800b23b]&amp#27;[0m&amp#27;[38;5;86m[HTTP]&amp#27;[0m &amp#27;[37m<-- POST /session/9800b23b-2eb3-4b09-91bc-9731b683abce/element &amp#27;[39m&amp#27;[32m200&amp#27;[39m &amp#27;[90m4248 ms - 137&amp#27;[39m &amp#27;[90m&amp#27;[39m
&amp#27;[38;5;228m[9800b23b]&amp#27;[0m&amp#27;[38;5;86m[HTTP]&amp#27;[0m &amp#27;[37m-->&amp#27;[39m &amp#27;[37mPOST&amp#27;[39m &amp#27;[37m/session/9800b23b-2eb3-4b09-91bc-9731b683abce/element/00000000-0000-04c5-ffff-ffff0000001c/value&amp#27;[39m &amp#27;[90m{"text":"Jessica Lambert","value":["J","e","s","s","i","c","a"," ","L","a","m","b","e","r","t"],"id":"00000000-0000-04c5-ffff-ffff0000001c"}&amp#27;[39m
&amp#27;[38;5;228m[9800b23b]&amp#27;[0m&amp#27;[38;5;-17m[AndroidUiautomator2Driver@f846]&amp#27;[0m Calling AppiumDriver.setValue() with args: [["J","e","s","s","i","c","a"," ","L","a","m","b","e","r","t"],"00000000-0000-04c5-ffff-ffff0000001c","9800b23b-2eb3-4b09-91bc-9731b683abce"]
&amp#27;[38;5;228m[9800b23b]&amp#27;[0m&amp#27;[38;5;-17m[AndroidUiautomator2Driver@f846]&amp#27;[0m Matched '/element/00000000-0000-04c5-ffff-ffff0000001c/value' to command name 'setValue'
&amp#27;[38;5;228m[9800b23b]&amp#27;[0m&amp#27;[38;5;-17m[AndroidUiautomator2Driver@f846]&amp#27;[0m Added 'value' property ["J","e","s","s","i","c","a"," ","L","a","m","b","e","r","t"] to 'setValue' request body
&amp#27;[38;5;228m[9800b23b]&amp#27;[0m&amp#27;[38;5;-17m[AndroidUiautomator2Driver@f846]&amp#27;[0m Proxying [POST /element/00000000-0000-04c5-ffff-ffff0000001c/value] to [POST http://127.0.0.1:8200/session/34248231-3590-41f4-a0a5-4d54d92b3cbf/element/00000000-0000-04c5-ffff-ffff0000001c/value] with body: {"elementId":"00000000-0000-04c5-ffff-ffff0000001c","text":"Jessica Lambert","replace":false,"value":["J","e","s","s","i","c","a"," ","L","a","m","b","e","r","t"]}
&amp#27;[38;5;228m[9800b23b]&amp#27;[0m&amp#27;[38;5;-17m[AndroidUiautomator2Driver@f846]&amp#27;[0m Got response with status 200: {"sessionId":"34248231-3590-41f4-a0a5-4d54d92b3cbf","value":null}
&amp#27;[38;5;228m[9800b23b]&amp#27;[0m&amp#27;[38;5;-17m[AndroidUiautomator2Driver@f846]&amp#27;[0m Responding to client with driver.setValue() result: null
&amp#27;[38;5;228m[9800b23b]&amp#27;[0m&amp#27;[38;5;86m[HTTP]&amp#27;[0m &amp#27;[37m<-- POST /session/9800b23b-2eb3-4b09-91bc-9731b683abce/element/00000000-0000-04c5-ffff-ffff0000001c/value &amp#27;[39m&amp#27;[32m200&amp#27;[39m &amp#27;[90m544 ms - 14&amp#27;[39m &amp#27;[90m&amp#27;[39m
&amp#27;[38;5;228m[9800b23b]&amp#27;[0m&amp#27;[38;5;86m[HTTP]&amp#27;[0m &amp#27;[37m-->&amp#27;[39m &amp#27;[37mPOST&amp#27;[39m &amp#27;[37m/session/9800b23b-2eb3-4b09-91bc-9731b683abce/execute/sync&amp#27;[39m &amp#27;[90m{"script":"mobile: hideKeyboard","args":[]}&amp#27;[39m
&amp#27;[38;5;228m[9800b23b]&amp#27;[0m&amp#27;[38;5;-17m[AndroidUiautomator2Driver@f846]&amp#27;[0m Calling AppiumDriver.execute() with args: ["mobile: hideKeyboard",[],"9800b23b-2eb3-4b09-91bc-9731b683abce"]
&amp#27;[38;5;228m[9800b23b]&amp#27;[0m&amp#27;[38;5;-17m[AndroidUiautomator2Driver@f846]&amp#27;[0m Executing native command 'mobile: hideKeyboard'
&amp#27;[38;5;228m[9800b23b]&amp#27;[0m&amp#27;[38;5;229m[ADB]&amp#27;[0m Running 'C:\Users\Harsh Vardhan Singh\AppData\Local\Android\Sdk\platform-tools\adb.exe -P 5037 -s emulator-5554 shell dumpsys input_method'
&amp#27;[38;5;228m[9800b23b]&amp#27;[0m&amp#27;[38;5;229m[ADB]&amp#27;[0m Keyboard has no UI; no closing necessary
&amp#27;[38;5;228m[9800b23b]&amp#27;[0m&amp#27;[38;5;-17m[AndroidUiautomator2Driver@f846]&amp#27;[0m Responding to client with driver.execute() result: false
&amp#27;[38;5;228m[9800b23b]&amp#27;[0m&amp#27;[38;5;86m[HTTP]&amp#27;[0m &amp#27;[37m<-- POST /session/9800b23b-2eb3-4b09-91bc-9731b683abce/execute/sync &amp#27;[39m&amp#27;[32m200&amp#27;[39m &amp#27;[90m154 ms - 15&amp#27;[39m &amp#27;[90m&amp#27;[39m
&amp#27;[38;5;228m[9800b23b]&amp#27;[0m&amp#27;[38;5;86m[HTTP]&amp#27;[0m &amp#27;[37m-->&amp#27;[39m &amp#27;[37mGET&amp#27;[39m &amp#27;[37m/session/9800b23b-2eb3-4b09-91bc-9731b683abce/context&amp#27;[39m &amp#27;[90m{}&amp#27;[39m
&amp#27;[38;5;228m[9800b23b]&amp#27;[0m&amp#27;[38;5;-17m[AndroidUiautomator2Driver@f846]&amp#27;[0m Calling AppiumDriver.getCurrentContext() with args: ["9800b23b-2eb3-4b09-91bc-9731b683abce"]
&amp#27;[38;5;228m[9800b23b]&amp#27;[0m&amp#27;[38;5;-17m[AndroidUiautomator2Driver@f846]&amp#27;[0m Responding to client with driver.getCurrentContext() result: "NATIVE_APP"
&amp#27;[38;5;228m[9800b23b]&amp#27;[0m&amp#27;[38;5;86m[HTTP]&amp#27;[0m &amp#27;[37m<-- GET /session/9800b23b-2eb3-4b09-91bc-9731b683abce/context &amp#27;[39m&amp#27;[32m200&amp#27;[39m &amp#27;[90m1 ms - 22&amp#27;[39m &amp#27;[90m&amp#27;[39m
&amp#27;[38;5;228m[9800b23b]&amp#27;[0m&amp#27;[38;5;86m[HTTP]&amp#27;[0m &amp#27;[37m-->&amp#27;[39m &amp#27;[37mPOST&amp#27;[39m &amp#27;[37m/session/9800b23b-2eb3-4b09-91bc-9731b683abce/element&amp#27;[39m &amp#27;[90m{"value":"com.androidsample.generalstore:id/radioFemale","using":"id"}&amp#27;[39m
&amp#27;[38;5;228m[9800b23b]&amp#27;[0m&amp#27;[38;5;-17m[AndroidUiautomator2Driver@f846]&amp#27;[0m Calling AppiumDriver.findElement() with args: ["id","com.androidsample.generalstore:id/radioFemale","9800b23b-2eb3-4b09-91bc-9731b683abce"]
&amp#27;[38;5;228m[9800b23b]&amp#27;[0m&amp#27;[38;5;-17m[AndroidUiautomator2Driver@f846]&amp#27;[0m Valid locator strategies for this request: xpath, id, class name, accessibility id, css selector, -android uiautomator
&amp#27;[38;5;228m[9800b23b]&amp#27;[0m&amp#27;[38;5;-17m[AndroidUiautomator2Driver@f846]&amp#27;[0m Waiting up to 20000 ms for condition
&amp#27;[38;5;228m[9800b23b]&amp#27;[0m&amp#27;[38;5;-17m[AndroidUiautomator2Driver@f846]&amp#27;[0m Matched '/element' to command name 'findElement'
&amp#27;[38;5;228m[9800b23b]&amp#27;[0m&amp#27;[38;5;-17m[AndroidUiautomator2Driver@f846]&amp#27;[0m Proxying [POST /element] to [POST http://127.0.0.1:8200/session/34248231-3590-41f4-a0a5-4d54d92b3cbf/element] with body: {"strategy":"id","selector":"com.androidsample.generalstore:id/radioFemale","context":"","multiple":false}
&amp#27;[38;5;228m[9800b23b]&amp#27;[0m&amp#27;[38;5;-17m[AndroidUiautomator2Driver@f846]&amp#27;[0m Got response with status 200: {"sessionId":"34248231-3590-41f4-a0a5-4d54d92b3cbf","value":{"ELEMENT":"00000000-0000-04c5-ffff-ffff00000020","element-6066-11e4-a52e-4f735466cecf":"00000000-0000-04c5-ffff-ffff00000020"}}
&amp#27;[38;5;228m[9800b23b]&amp#27;[0m&amp#27;[38;5;-17m[AndroidUiautomator2Driver@f846]&amp#27;[0m Responding to client with driver.findElement() result: {"element-6066-11e4-a52e-4f735466cecf":"00000000-0000-04c5-ffff-ffff00000020","ELEMENT":"00000000-0000-04c5-ffff-ffff00000020"}
&amp#27;[38;5;228m[9800b23b]&amp#27;[0m&amp#27;[38;5;86m[HTTP]&amp#27;[0m &amp#27;[37m<-- POST /session/9800b23b-2eb3-4b09-91bc-9731b683abce/element &amp#27;[39m&amp#27;[32m200&amp#27;[39m &amp#27;[90m349 ms - 137&amp#27;[39m &amp#27;[90m&amp#27;[39m
&amp#27;[38;5;228m[9800b23b]&amp#27;[0m&amp#27;[38;5;86m[HTTP]&amp#27;[0m &amp#27;[37m-->&amp#27;[39m &amp#27;[37mPOST&amp#27;[39m &amp#27;[37m/session/9800b23b-2eb3-4b09-91bc-9731b683abce/element/00000000-0000-04c5-ffff-ffff00000020/click&amp#27;[39m &amp#27;[90m{"id":"00000000-0000-04c5-ffff-ffff00000020"}&amp#27;[39m
&amp#27;[38;5;228m[9800b23b]&amp#27;[0m&amp#27;[38;5;-17m[AndroidUiautomator2Driver@f846]&amp#27;[0m Calling AppiumDriver.click() with args: ["00000000-0000-04c5-ffff-ffff00000020","9800b23b-2eb3-4b09-91bc-9731b683abce"]
&amp#27;[38;5;228m[9800b23b]&amp#27;[0m&amp#27;[38;5;-17m[AndroidUiautomator2Driver@f846]&amp#27;[0m Matched '/element/00000000-0000-04c5-ffff-ffff00000020/click' to command name 'click'
&amp#27;[38;5;228m[9800b23b]&amp#27;[0m&amp#27;[38;5;-17m[AndroidUiautomator2Driver@f846]&amp#27;[0m Proxying [POST /element/00000000-0000-04c5-ffff-ffff00000020/click] to [POST http://127.0.0.1:8200/session/34248231-3590-41f4-a0a5-4d54d92b3cbf/element/00000000-0000-04c5-ffff-ffff00000020/click] with body: {"element":"00000000-0000-04c5-ffff-ffff00000020"}
&amp#27;[38;5;228m[9800b23b]&amp#27;[0m&amp#27;[38;5;-17m[AndroidUiautomator2Driver@f846]&amp#27;[0m Got response with status 200: {"sessionId":"34248231-3590-41f4-a0a5-4d54d92b3cbf","value":null}
&amp#27;[38;5;228m[9800b23b]&amp#27;[0m&amp#27;[38;5;-17m[AndroidUiautomator2Driver@f846]&amp#27;[0m Responding to client with driver.click() result: null
&amp#27;[38;5;228m[9800b23b]&amp#27;[0m&amp#27;[38;5;86m[HTTP]&amp#27;[0m &amp#27;[37m<-- POST /session/9800b23b-2eb3-4b09-91bc-9731b683abce/element/00000000-0000-04c5-ffff-ffff00000020/click &amp#27;[39m&amp#27;[32m200&amp#27;[39m &amp#27;[90m71 ms - 14&amp#27;[39m &amp#27;[90m&amp#27;[39m
&amp#27;[38;5;228m[9800b23b]&amp#27;[0m&amp#27;[38;5;86m[HTTP]&amp#27;[0m &amp#27;[37m-->&amp#27;[39m &amp#27;[37mGET&amp#27;[39m &amp#27;[37m/session/9800b23b-2eb3-4b09-91bc-9731b683abce/context&amp#27;[39m &amp#27;[90m{}&amp#27;[39m
&amp#27;[38;5;228m[9800b23b]&amp#27;[0m&amp#27;[38;5;-17m[AndroidUiautomator2Driver@f846]&amp#27;[0m Calling AppiumDriver.getCurrentContext() with args: ["9800b23b-2eb3-4b09-91bc-9731b683abce"]
&amp#27;[38;5;228m[9800b23b]&amp#27;[0m&amp#27;[38;5;-17m[AndroidUiautomator2Driver@f846]&amp#27;[0m Responding to client with driver.getCurrentContext() result: "NATIVE_APP"
&amp#27;[38;5;228m[9800b23b]&amp#27;[0m&amp#27;[38;5;86m[HTTP]&amp#27;[0m &amp#27;[37m<-- GET /session/9800b23b-2eb3-4b09-91bc-9731b683abce/context &amp#27;[39m&amp#27;[32m200&amp#27;[39m &amp#27;[90m1 ms - 22&amp#27;[39m &amp#27;[90m&amp#27;[39m
&amp#27;[38;5;228m[9800b23b]&amp#27;[0m&amp#27;[38;5;86m[HTTP]&amp#27;[0m &amp#27;[37m-->&amp#27;[39m &amp#27;[37mPOST&amp#27;[39m &amp#27;[37m/session/9800b23b-2eb3-4b09-91bc-9731b683abce/element&amp#27;[39m &amp#27;[90m{"value":"com.androidsample.generalstore:id/spinnerCountry","using":"id"}&amp#27;[39m
&amp#27;[38;5;228m[9800b23b]&amp#27;[0m&amp#27;[38;5;-17m[AndroidUiautomator2Driver@f846]&amp#27;[0m Calling AppiumDriver.findElement() with args: ["id","com.androidsample.generalstore:id/spinnerCountry","9800b23b-2eb3-4b09-91bc-9731b683abce"]
&amp#27;[38;5;228m[9800b23b]&amp#27;[0m&amp#27;[38;5;-17m[AndroidUiautomator2Driver@f846]&amp#27;[0m Valid locator strategies for this request: xpath, id, class name, accessibility id, css selector, -android uiautomator
&amp#27;[38;5;228m[9800b23b]&amp#27;[0m&amp#27;[38;5;-17m[AndroidUiautomator2Driver@f846]&amp#27;[0m Waiting up to 20000 ms for condition
&amp#27;[38;5;228m[9800b23b]&amp#27;[0m&amp#27;[38;5;-17m[AndroidUiautomator2Driver@f846]&amp#27;[0m Matched '/element' to command name 'findElement'
&amp#27;[38;5;228m[9800b23b]&amp#27;[0m&amp#27;[38;5;-17m[AndroidUiautomator2Driver@f846]&amp#27;[0m Proxying [POST /element] to [POST http://127.0.0.1:8200/session/34248231-3590-41f4-a0a5-4d54d92b3cbf/element] with body: {"strategy":"id","selector":"com.androidsample.generalstore:id/spinnerCountry","context":"","multiple":false}
&amp#27;[38;5;228m[9800b23b]&amp#27;[0m&amp#27;[38;5;-17m[AndroidUiautomator2Driver@f846]&amp#27;[0m Got response with status 200: {"sessionId":"34248231-3590-41f4-a0a5-4d54d92b3cbf","value":{"ELEMENT":"00000000-0000-04c5-ffff-ffff0000001a","element-6066-11e4-a52e-4f735466cecf":"00000000-0000-04c5-ffff-ffff0000001a"}}
&amp#27;[38;5;228m[9800b23b]&amp#27;[0m&amp#27;[38;5;-17m[AndroidUiautomator2Driver@f846]&amp#27;[0m Responding to client with driver.findElement() result: {"element-6066-11e4-a52e-4f735466cecf":"00000000-0000-04c5-ffff-ffff0000001a","ELEMENT":"00000000-0000-04c5-ffff-ffff0000001a"}
&amp#27;[38;5;228m[9800b23b]&amp#27;[0m&amp#27;[38;5;86m[HTTP]&amp#27;[0m &amp#27;[37m<-- POST /session/9800b23b-2eb3-4b09-91bc-9731b683abce/element &amp#27;[39m&amp#27;[32m200&amp#27;[39m &amp#27;[90m948 ms - 137&amp#27;[39m &amp#27;[90m&amp#27;[39m
&amp#27;[38;5;228m[9800b23b]&amp#27;[0m&amp#27;[38;5;86m[HTTP]&amp#27;[0m &amp#27;[37m-->&amp#27;[39m &amp#27;[37mPOST&amp#27;[39m &amp#27;[37m/session/9800b23b-2eb3-4b09-91bc-9731b683abce/element/00000000-0000-04c5-ffff-ffff0000001a/click&amp#27;[39m &amp#27;[90m{"id":"00000000-0000-04c5-ffff-ffff0000001a"}&amp#27;[39m
&amp#27;[38;5;228m[9800b23b]&amp#27;[0m&amp#27;[38;5;-17m[AndroidUiautomator2Driver@f846]&amp#27;[0m Calling AppiumDriver.click() with args: ["00000000-0000-04c5-ffff-ffff0000001a","9800b23b-2eb3-4b09-91bc-9731b683abce"]
&amp#27;[38;5;228m[9800b23b]&amp#27;[0m&amp#27;[38;5;-17m[AndroidUiautomator2Driver@f846]&amp#27;[0m Matched '/element/00000000-0000-04c5-ffff-ffff0000001a/click' to command name 'click'
&amp#27;[38;5;228m[9800b23b]&amp#27;[0m&amp#27;[38;5;-17m[AndroidUiautomator2Driver@f846]&amp#27;[0m Proxying [POST /element/00000000-0000-04c5-ffff-ffff0000001a/click] to [POST http://127.0.0.1:8200/session/34248231-3590-41f4-a0a5-4d54d92b3cbf/element/00000000-0000-04c5-ffff-ffff0000001a/click] with body: {"element":"00000000-0000-04c5-ffff-ffff0000001a"}
&amp#27;[38;5;228m[9800b23b]&amp#27;[0m&amp#27;[38;5;-17m[AndroidUiautomator2Driver@f846]&amp#27;[0m Got response with status 200: {"sessionId":"34248231-3590-41f4-a0a5-4d54d92b3cbf","value":null}
&amp#27;[38;5;228m[9800b23b]&amp#27;[0m&amp#27;[38;5;-17m[AndroidUiautomator2Driver@f846]&amp#27;[0m Responding to client with driver.click() result: null
&amp#27;[38;5;228m[9800b23b]&amp#27;[0m&amp#27;[38;5;86m[HTTP]&amp#27;[0m &amp#27;[37m<-- POST /session/9800b23b-2eb3-4b09-91bc-9731b683abce/element/00000000-0000-04c5-ffff-ffff0000001a/click &amp#27;[39m&amp#27;[32m200&amp#27;[39m &amp#27;[90m65 ms - 14&amp#27;[39m &amp#27;[90m&amp#27;[39m
&amp#27;[38;5;228m[9800b23b]&amp#27;[0m&amp#27;[38;5;86m[HTTP]&amp#27;[0m &amp#27;[37m-->&amp#27;[39m &amp#27;[37mPOST&amp#27;[39m &amp#27;[37m/session/9800b23b-2eb3-4b09-91bc-9731b683abce/element&amp#27;[39m &amp#27;[90m{"value":"new UiScrollable(new UiSelector()).scrollIntoView(text(\"Australia\"))","using":"-android uiautomator"}&amp#27;[39m
&amp#27;[38;5;228m[9800b23b]&amp#27;[0m&amp#27;[38;5;-17m[AndroidUiautomator2Driver@f846]&amp#27;[0m Calling AppiumDriver.findElement() with args: ["-android uiautomator","new UiScrollable(new UiSelector()).scrollIntoView(text(\"Australia\"))","9800b23b-2eb3-4b09-91bc-9731b683abce"]
&amp#27;[38;5;228m[9800b23b]&amp#27;[0m&amp#27;[38;5;-17m[AndroidUiautomator2Driver@f846]&amp#27;[0m Valid locator strategies for this request: xpath, id, class name, accessibility id, css selector, -android uiautomator
&amp#27;[38;5;228m[9800b23b]&amp#27;[0m&amp#27;[38;5;-17m[AndroidUiautomator2Driver@f846]&amp#27;[0m Waiting up to 20000 ms for condition
&amp#27;[38;5;228m[9800b23b]&amp#27;[0m&amp#27;[38;5;-17m[AndroidUiautomator2Driver@f846]&amp#27;[0m Matched '/element' to command name 'findElement'
&amp#27;[38;5;228m[9800b23b]&amp#27;[0m&amp#27;[38;5;-17m[AndroidUiautomator2Driver@f846]&amp#27;[0m Proxying [POST /element] to [POST http://127.0.0.1:8200/session/34248231-3590-41f4-a0a5-4d54d92b3cbf/element] with body: {"strategy":"-android uiautomator","selector":"new UiScrollable(new UiSelector()).scrollIntoView(text(\"Australia\"))","context":"","multiple":false}
&amp#27;[38;5;228m[9800b23b]&amp#27;[0m&amp#27;[38;5;-17m[AndroidUiautomator2Driver@f846]&amp#27;[0m Got response with status 200: {"sessionId":"34248231-3590-41f4-a0a5-4d54d92b3cbf","value":{"ELEMENT":"00000000-0000-04c6-ffff-ffff0000002b","element-6066-11e4-a52e-4f735466cecf":"00000000-0000-04c6-ffff-ffff0000002b"}}
&amp#27;[38;5;228m[9800b23b]&amp#27;[0m&amp#27;[38;5;-17m[AndroidUiautomator2Driver@f846]&amp#27;[0m Responding to client with driver.findElement() result: {"element-6066-11e4-a52e-4f735466cecf":"00000000-0000-04c6-ffff-ffff0000002b","ELEMENT":"00000000-0000-04c6-ffff-ffff0000002b"}
&amp#27;[38;5;228m[9800b23b]&amp#27;[0m&amp#27;[38;5;86m[HTTP]&amp#27;[0m &amp#27;[37m<-- POST /session/9800b23b-2eb3-4b09-91bc-9731b683abce/element &amp#27;[39m&amp#27;[32m200&amp#27;[39m &amp#27;[90m4147 ms - 137&amp#27;[39m &amp#27;[90m&amp#27;[39m
&amp#27;[38;5;228m[9800b23b]&amp#27;[0m&amp#27;[38;5;86m[HTTP]&amp#27;[0m &amp#27;[37m-->&amp#27;[39m &amp#27;[37mPOST&amp#27;[39m &amp#27;[37m/session/9800b23b-2eb3-4b09-91bc-9731b683abce/element&amp#27;[39m &amp#27;[90m{"value":"//android.widget.TextView[@resource-id= 'android:id/text1' and @text= 'Australia']","using":"xpath"}&amp#27;[39m
&amp#27;[38;5;228m[9800b23b]&amp#27;[0m&amp#27;[38;5;-17m[AndroidUiautomator2Driver@f846]&amp#27;[0m Calling AppiumDriver.findElement() with args: ["xpath","//android.widget.TextView[@resource-id= 'android:id/text1' and @text= 'Australia']","9800b23b-2eb3-4b09-91bc-9731b683abce"]
&amp#27;[38;5;228m[9800b23b]&amp#27;[0m&amp#27;[38;5;-17m[AndroidUiautomator2Driver@f846]&amp#27;[0m Valid locator strategies for this request: xpath, id, class name, accessibility id, css selector, -android uiautomator
&amp#27;[38;5;228m[9800b23b]&amp#27;[0m&amp#27;[38;5;-17m[AndroidUiautomator2Driver@f846]&amp#27;[0m Waiting up to 20000 ms for condition
&amp#27;[38;5;228m[9800b23b]&amp#27;[0m&amp#27;[38;5;-17m[AndroidUiautomator2Driver@f846]&amp#27;[0m Matched '/element' to command name 'findElement'
&amp#27;[38;5;228m[9800b23b]&amp#27;[0m&amp#27;[38;5;-17m[AndroidUiautomator2Driver@f846]&amp#27;[0m Proxying [POST /element] to [POST http://127.0.0.1:8200/session/34248231-3590-41f4-a0a5-4d54d92b3cbf/element] with body: {"strategy":"xpath","selector":"//android.widget.TextView[@resource-id= 'android:id/text1' and @text= 'Australia']","context":"","multiple":false}
&amp#27;[38;5;228m[9800b23b]&amp#27;[0m&amp#27;[38;5;-17m[AndroidUiautomator2Driver@f846]&amp#27;[0m Got response with status 200: {"sessionId":"34248231-3590-41f4-a0a5-4d54d92b3cbf","value":{"ELEMENT":"00000000-0000-04c6-ffff-ffff0000002b","element-6066-11e4-a52e-4f735466cecf":"00000000-0000-04c6-ffff-ffff0000002b"}}
&amp#27;[38;5;228m[9800b23b]&amp#27;[0m&amp#27;[38;5;-17m[AndroidUiautomator2Driver@f846]&amp#27;[0m Responding to client with driver.findElement() result: {"element-6066-11e4-a52e-4f735466cecf":"00000000-0000-04c6-ffff-ffff0000002b","ELEMENT":"00000000-0000-04c6-ffff-ffff0000002b"}
&amp#27;[38;5;228m[9800b23b]&amp#27;[0m&amp#27;[38;5;86m[HTTP]&amp#27;[0m &amp#27;[37m<-- POST /session/9800b23b-2eb3-4b09-91bc-9731b683abce/element &amp#27;[39m&amp#27;[32m200&amp#27;[39m &amp#27;[90m382 ms - 137&amp#27;[39m &amp#27;[90m&amp#27;[39m
&amp#27;[38;5;228m[9800b23b]&amp#27;[0m&amp#27;[38;5;86m[HTTP]&amp#27;[0m &amp#27;[37m-->&amp#27;[39m &amp#27;[37mPOST&amp#27;[39m &amp#27;[37m/session/9800b23b-2eb3-4b09-91bc-9731b683abce/element/00000000-0000-04c6-ffff-ffff0000002b/click&amp#27;[39m &amp#27;[90m{"id":"00000000-0000-04c6-ffff-ffff0000002b"}&amp#27;[39m
&amp#27;[38;5;228m[9800b23b]&amp#27;[0m&amp#27;[38;5;-17m[AndroidUiautomator2Driver@f846]&amp#27;[0m Calling AppiumDriver.click() with args: ["00000000-0000-04c6-ffff-ffff0000002b","9800b23b-2eb3-4b09-91bc-9731b683abce"]
&amp#27;[38;5;228m[9800b23b]&amp#27;[0m&amp#27;[38;5;-17m[AndroidUiautomator2Driver@f846]&amp#27;[0m Matched '/element/00000000-0000-04c6-ffff-ffff0000002b/click' to command name 'click'
&amp#27;[38;5;228m[9800b23b]&amp#27;[0m&amp#27;[38;5;-17m[AndroidUiautomator2Driver@f846]&amp#27;[0m Proxying [POST /element/00000000-0000-04c6-ffff-ffff0000002b/click] to [POST http://127.0.0.1:8200/session/34248231-3590-41f4-a0a5-4d54d92b3cbf/element/00000000-0000-04c6-ffff-ffff0000002b/click] with body: {"element":"00000000-0000-04c6-ffff-ffff0000002b"}
&amp#27;[38;5;228m[9800b23b]&amp#27;[0m&amp#27;[38;5;-17m[AndroidUiautomator2Driver@f846]&amp#27;[0m Got response with status 200: {"sessionId":"34248231-3590-41f4-a0a5-4d54d92b3cbf","value":null}
&amp#27;[38;5;228m[9800b23b]&amp#27;[0m&amp#27;[38;5;-17m[AndroidUiautomator2Driver@f846]&amp#27;[0m Responding to client with driver.click() result: null
&amp#27;[38;5;228m[9800b23b]&amp#27;[0m&amp#27;[38;5;86m[HTTP]&amp#27;[0m &amp#27;[37m<-- POST /session/9800b23b-2eb3-4b09-91bc-9731b683abce/element/00000000-0000-04c6-ffff-ffff0000002b/click &amp#27;[39m&amp#27;[32m200&amp#27;[39m &amp#27;[90m670 ms - 14&amp#27;[39m &amp#27;[90m&amp#27;[39m
&amp#27;[38;5;228m[9800b23b]&amp#27;[0m&amp#27;[38;5;86m[HTTP]&amp#27;[0m &amp#27;[37m-->&amp#27;[39m &amp#27;[37mGET&amp#27;[39m &amp#27;[37m/session/9800b23b-2eb3-4b09-91bc-9731b683abce/context&amp#27;[39m &amp#27;[90m{}&amp#27;[39m
&amp#27;[38;5;228m[9800b23b]&amp#27;[0m&amp#27;[38;5;-17m[AndroidUiautomator2Driver@f846]&amp#27;[0m Calling AppiumDriver.getCurrentContext() with args: ["9800b23b-2eb3-4b09-91bc-9731b683abce"]
&amp#27;[38;5;228m[9800b23b]&amp#27;[0m&amp#27;[38;5;-17m[AndroidUiautomator2Driver@f846]&amp#27;[0m Responding to client with driver.getCurrentContext() result: "NATIVE_APP"
&amp#27;[38;5;228m[9800b23b]&amp#27;[0m&amp#27;[38;5;86m[HTTP]&amp#27;[0m &amp#27;[37m<-- GET /session/9800b23b-2eb3-4b09-91bc-9731b683abce/context &amp#27;[39m&amp#27;[32m200&amp#27;[39m &amp#27;[90m1 ms - 22&amp#27;[39m &amp#27;[90m&amp#27;[39m
&amp#27;[38;5;228m[9800b23b]&amp#27;[0m&amp#27;[38;5;86m[HTTP]&amp#27;[0m &amp#27;[37m-->&amp#27;[39m &amp#27;[37mPOST&amp#27;[39m &amp#27;[37m/session/9800b23b-2eb3-4b09-91bc-9731b683abce/element&amp#27;[39m &amp#27;[90m{"value":"com.androidsample.generalstore:id/btnLetsShop","using":"id"}&amp#27;[39m
&amp#27;[38;5;228m[9800b23b]&amp#27;[0m&amp#27;[38;5;-17m[AndroidUiautomator2Driver@f846]&amp#27;[0m Calling AppiumDriver.findElement() with args: ["id","com.androidsample.generalstore:id/btnLetsShop","9800b23b-2eb3-4b09-91bc-9731b683abce"]
&amp#27;[38;5;228m[9800b23b]&amp#27;[0m&amp#27;[38;5;-17m[AndroidUiautomator2Driver@f846]&amp#27;[0m Valid locator strategies for this request: xpath, id, class name, accessibility id, css selector, -android uiautomator
&amp#27;[38;5;228m[9800b23b]&amp#27;[0m&amp#27;[38;5;-17m[AndroidUiautomator2Driver@f846]&amp#27;[0m Waiting up to 20000 ms for condition
&amp#27;[38;5;228m[9800b23b]&amp#27;[0m&amp#27;[38;5;-17m[AndroidUiautomator2Driver@f846]&amp#27;[0m Matched '/element' to command name 'findElement'
&amp#27;[38;5;228m[9800b23b]&amp#27;[0m&amp#27;[38;5;-17m[AndroidUiautomator2Driver@f846]&amp#27;[0m Proxying [POST /element] to [POST http://127.0.0.1:8200/session/34248231-3590-41f4-a0a5-4d54d92b3cbf/element] with body: {"strategy":"id","selector":"com.androidsample.generalstore:id/btnLetsShop","context":"","multiple":false}
&amp#27;[38;5;228m[9800b23b]&amp#27;[0m&amp#27;[38;5;-17m[AndroidUiautomator2Driver@f846]&amp#27;[0m Got response with status 200: {"sessionId":"34248231-3590-41f4-a0a5-4d54d92b3cbf","value":{"ELEMENT":"00000000-0000-04c5-ffff-ffff00000021","element-6066-11e4-a52e-4f735466cecf":"00000000-0000-04c5-ffff-ffff00000021"}}
&amp#27;[38;5;228m[9800b23b]&amp#27;[0m&amp#27;[38;5;-17m[AndroidUiautomator2Driver@f846]&amp#27;[0m Responding to client with driver.findElement() result: {"element-6066-11e4-a52e-4f735466cecf":"00000000-0000-04c5-ffff-ffff00000021","ELEMENT":"00000000-0000-04c5-ffff-ffff00000021"}
&amp#27;[38;5;228m[9800b23b]&amp#27;[0m&amp#27;[38;5;86m[HTTP]&amp#27;[0m &amp#27;[37m<-- POST /session/9800b23b-2eb3-4b09-91bc-9731b683abce/element &amp#27;[39m&amp#27;[32m200&amp#27;[39m &amp#27;[90m15 ms - 137&amp#27;[39m &amp#27;[90m&amp#27;[39m
&amp#27;[38;5;228m[9800b23b]&amp#27;[0m&amp#27;[38;5;86m[HTTP]&amp#27;[0m &amp#27;[37m-->&amp#27;[39m &amp#27;[37mPOST&amp#27;[39m &amp#27;[37m/session/9800b23b-2eb3-4b09-91bc-9731b683abce/element/00000000-0000-04c5-ffff-ffff00000021/click&amp#27;[39m &amp#27;[90m{"id":"00000000-0000-04c5-ffff-ffff00000021"}&amp#27;[39m
&amp#27;[38;5;228m[9800b23b]&amp#27;[0m&amp#27;[38;5;-17m[AndroidUiautomator2Driver@f846]&amp#27;[0m Calling AppiumDriver.click() with args: ["00000000-0000-04c5-ffff-ffff00000021","9800b23b-2eb3-4b09-91bc-9731b683abce"]
&amp#27;[38;5;228m[9800b23b]&amp#27;[0m&amp#27;[38;5;-17m[AndroidUiautomator2Driver@f846]&amp#27;[0m Matched '/element/00000000-0000-04c5-ffff-ffff00000021/click' to command name 'click'
&amp#27;[38;5;228m[9800b23b]&amp#27;[0m&amp#27;[38;5;-17m[AndroidUiautomator2Driver@f846]&amp#27;[0m Proxying [POST /element/00000000-0000-04c5-ffff-ffff00000021/click] to [POST http://127.0.0.1:8200/session/34248231-3590-41f4-a0a5-4d54d92b3cbf/element/00000000-0000-04c5-ffff-ffff00000021/click] with body: {"element":"00000000-0000-04c5-ffff-ffff00000021"}
&amp#27;[38;5;228m[9800b23b]&amp#27;[0m&amp#27;[38;5;-17m[AndroidUiautomator2Driver@f846]&amp#27;[0m Got response with status 200: {"sessionId":"34248231-3590-41f4-a0a5-4d54d92b3cbf","value":null}
&amp#27;[38;5;228m[9800b23b]&amp#27;[0m&amp#27;[38;5;-17m[AndroidUiautomator2Driver@f846]&amp#27;[0m Responding to client with driver.click() result: null
&amp#27;[38;5;228m[9800b23b]&amp#27;[0m&amp#27;[38;5;86m[HTTP]&amp#27;[0m &amp#27;[37m<-- POST /session/9800b23b-2eb3-4b09-91bc-9731b683abce/element/00000000-0000-04c5-ffff-ffff00000021/click &amp#27;[39m&amp#27;[32m200&amp#27;[39m &amp#27;[90m46 ms - 14&amp#27;[39m &amp#27;[90m&amp#27;[39m
&amp#27;[38;5;228m[9800b23b]&amp#27;[0m&amp#27;[38;5;86m[HTTP]&amp#27;[0m &amp#27;[37m-->&amp#27;[39m &amp#27;[37mPOST&amp#27;[39m &amp#27;[37m/session/9800b23b-2eb3-4b09-91bc-9731b683abce/element&amp#27;[39m &amp#27;[90m{"value":"new UiScrollable(new UiSelector()).scrollIntoView(text(\"Jordan Lift Off\"))","using":"-android uiautomator"}&amp#27;[39m
&amp#27;[38;5;228m[9800b23b]&amp#27;[0m&amp#27;[38;5;-17m[AndroidUiautomator2Driver@f846]&amp#27;[0m Calling AppiumDriver.findElement() with args: ["-android uiautomator","new UiScrollable(new UiSelector()).scrollIntoView(text(\"Jordan Lift Off\"))","9800b23b-2eb3-4b09-91bc-9731b683abce"]
&amp#27;[38;5;228m[9800b23b]&amp#27;[0m&amp#27;[38;5;-17m[AndroidUiautomator2Driver@f846]&amp#27;[0m Valid locator strategies for this request: xpath, id, class name, accessibility id, css selector, -android uiautomator
&amp#27;[38;5;228m[9800b23b]&amp#27;[0m&amp#27;[38;5;-17m[AndroidUiautomator2Driver@f846]&amp#27;[0m Waiting up to 20000 ms for condition
&amp#27;[38;5;228m[9800b23b]&amp#27;[0m&amp#27;[38;5;-17m[AndroidUiautomator2Driver@f846]&amp#27;[0m Matched '/element' to command name 'findElement'
&amp#27;[38;5;228m[9800b23b]&amp#27;[0m&amp#27;[38;5;-17m[AndroidUiautomator2Driver@f846]&amp#27;[0m Proxying [POST /element] to [POST http://127.0.0.1:8200/session/34248231-3590-41f4-a0a5-4d54d92b3cbf/element] with body: {"strategy":"-android uiautomator","selector":"new UiScrollable(new UiSelector()).scrollIntoView(text(\"Jordan Lift Off\"))","context":"","multiple":false}
&amp#27;[38;5;228m[9800b23b]&amp#27;[0m&amp#27;[38;5;-17m[AndroidUiautomator2Driver@f846]&amp#27;[0m Got response with status 200: {"sessionId":"34248231-3590-41f4-a0a5-4d54d92b3cbf","value":{"ELEMENT":"00000000-0000-04c7-ffff-ffff0000007e","element-6066-11e4-a52e-4f735466cecf":"00000000-0000-04c7-ffff-ffff0000007e"}}
&amp#27;[38;5;228m[9800b23b]&amp#27;[0m&amp#27;[38;5;-17m[AndroidUiautomator2Driver@f846]&amp#27;[0m Responding to client with driver.findElement() result: {"element-6066-11e4-a52e-4f735466cecf":"00000000-0000-04c7-ffff-ffff0000007e","ELEMENT":"00000000-0000-04c7-ffff-ffff0000007e"}
&amp#27;[38;5;228m[9800b23b]&amp#27;[0m&amp#27;[38;5;86m[HTTP]&amp#27;[0m &amp#27;[37m<-- POST /session/9800b23b-2eb3-4b09-91bc-9731b683abce/element &amp#27;[39m&amp#27;[32m200&amp#27;[39m &amp#27;[90m6295 ms - 137&amp#27;[39m &amp#27;[90m&amp#27;[39m
&amp#27;[38;5;228m[9800b23b]&amp#27;[0m&amp#27;[38;5;86m[HTTP]&amp#27;[0m &amp#27;[37m-->&amp#27;[39m &amp#27;[37mGET&amp#27;[39m &amp#27;[37m/session/9800b23b-2eb3-4b09-91bc-9731b683abce/context&amp#27;[39m &amp#27;[90m{}&amp#27;[39m
&amp#27;[38;5;228m[9800b23b]&amp#27;[0m&amp#27;[38;5;-17m[AndroidUiautomator2Driver@f846]&amp#27;[0m Calling AppiumDriver.getCurrentContext() with args: ["9800b23b-2eb3-4b09-91bc-9731b683abce"]
&amp#27;[38;5;228m[9800b23b]&amp#27;[0m&amp#27;[38;5;-17m[AndroidUiautomator2Driver@f846]&amp#27;[0m Responding to client with driver.getCurrentContext() result: "NATIVE_APP"
&amp#27;[38;5;228m[9800b23b]&amp#27;[0m&amp#27;[38;5;86m[HTTP]&amp#27;[0m &amp#27;[37m<-- GET /session/9800b23b-2eb3-4b09-91bc-9731b683abce/context &amp#27;[39m&amp#27;[32m200&amp#27;[39m &amp#27;[90m1 ms - 22&amp#27;[39m &amp#27;[90m&amp#27;[39m
&amp#27;[38;5;228m[9800b23b]&amp#27;[0m&amp#27;[38;5;86m[HTTP]&amp#27;[0m &amp#27;[37m-->&amp#27;[39m &amp#27;[37mPOST&amp#27;[39m &amp#27;[37m/session/9800b23b-2eb3-4b09-91bc-9731b683abce/elements&amp#27;[39m &amp#27;[90m{"value":"//android.widget.TextView[@resource-id='com.androidsample.generalstore:id/productName']","using":"xpath"}&amp#27;[39m
&amp#27;[38;5;228m[9800b23b]&amp#27;[0m&amp#27;[38;5;-17m[AndroidUiautomator2Driver@f846]&amp#27;[0m Calling AppiumDriver.findElements() with args: ["xpath","//android.widget.TextView[@resource-id='com.androidsample.generalstore:id/productName']","9800b23b-2eb3-4b09-91bc-9731b683abce"]
&amp#27;[38;5;228m[9800b23b]&amp#27;[0m&amp#27;[38;5;-17m[AndroidUiautomator2Driver@f846]&amp#27;[0m Valid locator strategies for this request: xpath, id, class name, accessibility id, css selector, -android uiautomator
&amp#27;[38;5;228m[9800b23b]&amp#27;[0m&amp#27;[38;5;-17m[AndroidUiautomator2Driver@f846]&amp#27;[0m Waiting up to 20000 ms for condition
&amp#27;[38;5;228m[9800b23b]&amp#27;[0m&amp#27;[38;5;-17m[AndroidUiautomator2Driver@f846]&amp#27;[0m Matched '/elements' to command name 'findElements'
&amp#27;[38;5;228m[9800b23b]&amp#27;[0m&amp#27;[38;5;-17m[AndroidUiautomator2Driver@f846]&amp#27;[0m Proxying [POST /elements] to [POST http://127.0.0.1:8200/session/34248231-3590-41f4-a0a5-4d54d92b3cbf/elements] with body: {"strategy":"xpath","selector":"//android.widget.TextView[@resource-id='com.androidsample.generalstore:id/productName']","context":"","multiple":true}
&amp#27;[38;5;228m[9800b23b]&amp#27;[0m&amp#27;[38;5;-17m[AndroidUiautomator2Driver@f846]&amp#27;[0m Got response with status 200: {"sessionId":"34248231-3590-41f4-a0a5-4d54d92b3cbf","value":[{"ELEMENT":"00000000-0000-04c7-ffff-ffff00000076","element-6066-11e4-a52e-4f735466cecf":"00000000-0000-04c7-ffff-ffff00000076"},{"ELEMENT":"00000000-0000-04c7-ffff-ffff0000007e","element-6066-11e4-a52e-4f735466cecf":"00000000-0000-04c7-ffff-ffff0000007e"}]}
&amp#27;[38;5;228m[9800b23b]&amp#27;[0m&amp#27;[38;5;-17m[AndroidUiautomator2Driver@f846]&amp#27;[0m Responding to client with driver.findElements() result: [{"element-6066-11e4-a52e-4f735466cecf":"00000000-0000-04c7-ffff-ffff00000076","ELEMENT":"00000000-0000-04c7-ffff-ffff00000076"},{"element-6066-11e4-a52e-4f735466cecf":"00000000-0000-04c7-ffff-ffff0000007e","ELEMENT":"00000000-0000-04c7-ffff-ffff0000007e"}]
&amp#27;[38;5;228m[9800b23b]&amp#27;[0m&amp#27;[38;5;86m[HTTP]&amp#27;[0m &amp#27;[37m<-- POST /session/9800b23b-2eb3-4b09-91bc-9731b683abce/elements &amp#27;[39m&amp#27;[32m200&amp#27;[39m &amp#27;[90m41 ms - 267&amp#27;[39m &amp#27;[90m&amp#27;[39m
&amp#27;[38;5;228m[9800b23b]&amp#27;[0m&amp#27;[38;5;86m[HTTP]&amp#27;[0m &amp#27;[37m-->&amp#27;[39m &amp#27;[37mGET&amp#27;[39m &amp#27;[37m/session/9800b23b-2eb3-4b09-91bc-9731b683abce/element/00000000-0000-04c7-ffff-ffff00000076/text&amp#27;[39m &amp#27;[90m{}&amp#27;[39m
&amp#27;[38;5;228m[9800b23b]&amp#27;[0m&amp#27;[38;5;-17m[AndroidUiautomator2Driver@f846]&amp#27;[0m Driver proxy active, passing request on via HTTP proxy
&amp#27;[38;5;228m[9800b23b]&amp#27;[0m&amp#27;[38;5;-17m[AndroidUiautomator2Driver@f846]&amp#27;[0m Matched '/session/9800b23b-2eb3-4b09-91bc-9731b683abce/element/00000000-0000-04c7-ffff-ffff00000076/text' to command name 'getText'
&amp#27;[38;5;228m[9800b23b]&amp#27;[0m&amp#27;[38;5;-17m[AndroidUiautomator2Driver@f846]&amp#27;[0m Proxying [GET /session/9800b23b-2eb3-4b09-91bc-9731b683abce/element/00000000-0000-04c7-ffff-ffff00000076/text] to [GET http://127.0.0.1:8200/session/34248231-3590-41f4-a0a5-4d54d92b3cbf/element/00000000-0000-04c7-ffff-ffff00000076/text] with no body
&amp#27;[38;5;228m[9800b23b]&amp#27;[0m&amp#27;[38;5;-17m[AndroidUiautomator2Driver@f846]&amp#27;[0m Got response with status 200: {"sessionId":"34248231-3590-41f4-a0a5-4d54d92b3cbf","value":"Jordan 6 Rings"}
&amp#27;[38;5;228m[9800b23b]&amp#27;[0m&amp#27;[38;5;-17m[AndroidUiautomator2Driver@f846]&amp#27;[0m Replacing sessionId 34248231-3590-41f4-a0a5-4d54d92b3cbf with 9800b23b-2eb3-4b09-91bc-9731b683abce
&amp#27;[38;5;228m[9800b23b]&amp#27;[0m&amp#27;[38;5;86m[HTTP]&amp#27;[0m &amp#27;[37m<-- GET /session/9800b23b-2eb3-4b09-91bc-9731b683abce/element/00000000-0000-04c7-ffff-ffff00000076/text &amp#27;[39m&amp#27;[32m200&amp#27;[39m &amp#27;[90m8 ms - 77&amp#27;[39m &amp#27;[90m&amp#27;[39m
&amp#27;[38;5;228m[9800b23b]&amp#27;[0m&amp#27;[38;5;86m[HTTP]&amp#27;[0m &amp#27;[37m-->&amp#27;[39m &amp#27;[37mGET&amp#27;[39m &amp#27;[37m/session/9800b23b-2eb3-4b09-91bc-9731b683abce/element/00000000-0000-04c7-ffff-ffff0000007e/text&amp#27;[39m &amp#27;[90m{}&amp#27;[39m
&amp#27;[38;5;228m[9800b23b]&amp#27;[0m&amp#27;[38;5;-17m[AndroidUiautomator2Driver@f846]&amp#27;[0m Driver proxy active, passing request on via HTTP proxy
&amp#27;[38;5;228m[9800b23b]&amp#27;[0m&amp#27;[38;5;-17m[AndroidUiautomator2Driver@f846]&amp#27;[0m Matched '/session/9800b23b-2eb3-4b09-91bc-9731b683abce/element/00000000-0000-04c7-ffff-ffff0000007e/text' to command name 'getText'
&amp#27;[38;5;228m[9800b23b]&amp#27;[0m&amp#27;[38;5;-17m[AndroidUiautomator2Driver@f846]&amp#27;[0m Proxying [GET /session/9800b23b-2eb3-4b09-91bc-9731b683abce/element/00000000-0000-04c7-ffff-ffff0000007e/text] to [GET http://127.0.0.1:8200/session/34248231-3590-41f4-a0a5-4d54d92b3cbf/element/00000000-0000-04c7-ffff-ffff0000007e/text] with no body
&amp#27;[38;5;228m[9800b23b]&amp#27;[0m&amp#27;[38;5;-17m[AndroidUiautomator2Driver@f846]&amp#27;[0m Got response with status 200: {"sessionId":"34248231-3590-41f4-a0a5-4d54d92b3cbf","value":"Jordan Lift Off"}
&amp#27;[38;5;228m[9800b23b]&amp#27;[0m&amp#27;[38;5;-17m[AndroidUiautomator2Driver@f846]&amp#27;[0m Replacing sessionId 34248231-3590-41f4-a0a5-4d54d92b3cbf with 9800b23b-2eb3-4b09-91bc-9731b683abce
&amp#27;[38;5;228m[9800b23b]&amp#27;[0m&amp#27;[38;5;86m[HTTP]&amp#27;[0m &amp#27;[37m<-- GET /session/9800b23b-2eb3-4b09-91bc-9731b683abce/element/00000000-0000-04c7-ffff-ffff0000007e/text &amp#27;[39m&amp#27;[32m200&amp#27;[39m &amp#27;[90m9 ms - 78&amp#27;[39m &amp#27;[90m&amp#27;[39m
&amp#27;[38;5;228m[9800b23b]&amp#27;[0m&amp#27;[38;5;86m[HTTP]&amp#27;[0m &amp#27;[37m-->&amp#27;[39m &amp#27;[37mPOST&amp#27;[39m &amp#27;[37m/session/9800b23b-2eb3-4b09-91bc-9731b683abce/element&amp#27;[39m &amp#27;[90m{"value":"//android.widget.TextView[@resource-id='com.androidsample.generalstore:id/productName' and @text='Jordan Lift Off']//..","using":"xpath"}&amp#27;[39m
&amp#27;[38;5;228m[9800b23b]&amp#27;[0m&amp#27;[38;5;-17m[AndroidUiautomator2Driver@f846]&amp#27;[0m Calling AppiumDriver.findElement() with args: ["xpath","//android.widget.TextView[@resource-id='com.androidsample.generalstore:id/productName' and @text='Jordan Lift Off']//..","9800b23b-2eb3-4b09-91bc-9731b683abce"]
&amp#27;[38;5;228m[9800b23b]&amp#27;[0m&amp#27;[38;5;-17m[AndroidUiautomator2Driver@f846]&amp#27;[0m Valid locator strategies for this request: xpath, id, class name, accessibility id, css selector, -android uiautomator
&amp#27;[38;5;228m[9800b23b]&amp#27;[0m&amp#27;[38;5;-17m[AndroidUiautomator2Driver@f846]&amp#27;[0m Waiting up to 20000 ms for condition
&amp#27;[38;5;228m[9800b23b]&amp#27;[0m&amp#27;[38;5;-17m[AndroidUiautomator2Driver@f846]&amp#27;[0m Matched '/element' to command name 'findElement'
&amp#27;[38;5;228m[9800b23b]&amp#27;[0m&amp#27;[38;5;-17m[AndroidUiautomator2Driver@f846]&amp#27;[0m Proxying [POST /element] to [POST http://127.0.0.1:8200/session/34248231-3590-41f4-a0a5-4d54d92b3cbf/element] with body: {"strategy":"xpath","selector":"//android.widget.TextView[@resource-id='com.androidsample.generalstore:id/productName' and @text='Jordan Lift Off']//..","context":"","multiple":false}
&amp#27;[38;5;228m[9800b23b]&amp#27;[0m&amp#27;[38;5;-17m[AndroidUiautomator2Driver@f846]&amp#27;[0m Got response with status 200: {"sessionId":"34248231-3590-41f4-a0a5-4d54d92b3cbf","value":{"ELEMENT":"00000000-0000-04c7-ffff-ffff0000007c","element-6066-11e4-a52e-4f735466cecf":"00000000-0000-04c7-ffff-ffff0000007c"}}
&amp#27;[38;5;228m[9800b23b]&amp#27;[0m&amp#27;[38;5;-17m[AndroidUiautomator2Driver@f846]&amp#27;[0m Responding to client with driver.findElement() result: {"element-6066-11e4-a52e-4f735466cecf":"00000000-0000-04c7-ffff-ffff0000007c","ELEMENT":"00000000-0000-04c7-ffff-ffff0000007c"}
&amp#27;[38;5;228m[9800b23b]&amp#27;[0m&amp#27;[38;5;86m[HTTP]&amp#27;[0m &amp#27;[37m<-- POST /session/9800b23b-2eb3-4b09-91bc-9731b683abce/element &amp#27;[39m&amp#27;[32m200&amp#27;[39m &amp#27;[90m36 ms - 137&amp#27;[39m &amp#27;[90m&amp#27;[39m
&amp#27;[38;5;228m[9800b23b]&amp#27;[0m&amp#27;[38;5;86m[HTTP]&amp#27;[0m &amp#27;[37m-->&amp#27;[39m &amp#27;[37mPOST&amp#27;[39m &amp#27;[37m/session/9800b23b-2eb3-4b09-91bc-9731b683abce/element/00000000-0000-04c7-ffff-ffff0000007c/element&amp#27;[39m &amp#27;[90m{"using":"xpath","value":"//android.widget.TextView[@resource-id='com.androidsample.generalstore:id/productAddCart']","id":"00000000-0000-04c7-ffff-ffff0000007c"}&amp#27;[39m
&amp#27;[38;5;228m[9800b23b]&amp#27;[0m&amp#27;[38;5;-17m[AndroidUiautomator2Driver@f846]&amp#27;[0m Calling AppiumDriver.findElementFromElement() with args: ["xpath","//android.widget.TextView[@resource-id='com.androidsample.generalstore:id/productAddCart']","00000000-0000-04c7-ffff-ffff0000007c","9800b23b-2eb3-4b09-91bc-9731b683abce"]
&amp#27;[38;5;228m[9800b23b]&amp#27;[0m&amp#27;[38;5;-17m[AndroidUiautomator2Driver@f846]&amp#27;[0m Valid locator strategies for this request: xpath, id, class name, accessibility id, css selector, -android uiautomator
&amp#27;[38;5;228m[9800b23b]&amp#27;[0m&amp#27;[38;5;-17m[AndroidUiautomator2Driver@f846]&amp#27;[0m Waiting up to 20000 ms for condition
&amp#27;[38;5;228m[9800b23b]&amp#27;[0m&amp#27;[38;5;-17m[AndroidUiautomator2Driver@f846]&amp#27;[0m Matched '/element' to command name 'findElement'
&amp#27;[38;5;228m[9800b23b]&amp#27;[0m&amp#27;[38;5;-17m[AndroidUiautomator2Driver@f846]&amp#27;[0m Proxying [POST /element] to [POST http://127.0.0.1:8200/session/34248231-3590-41f4-a0a5-4d54d92b3cbf/element] with body: {"strategy":"xpath","selector":"//android.widget.TextView[@resource-id='com.androidsample.generalstore:id/productAddCart']","context":"00000000-0000-04c7-ffff-ffff0000007c","multiple":false}
&amp#27;[38;5;228m[9800b23b]&amp#27;[0m&amp#27;[38;5;-17m[AndroidUiautomator2Driver@f846]&amp#27;[0m Got response with status 200: {"sessionId":"34248231-3590-41f4-a0a5-4d54d92b3cbf","value":{"ELEMENT":"00000000-0000-04c7-ffff-ffff00000082","element-6066-11e4-a52e-4f735466cecf":"00000000-0000-04c7-ffff-ffff00000082"}}
&amp#27;[38;5;228m[9800b23b]&amp#27;[0m&amp#27;[38;5;-17m[AndroidUiautomator2Driver@f846]&amp#27;[0m Responding to client with driver.findElementFromElement() result: {"element-6066-11e4-a52e-4f735466cecf":"00000000-0000-04c7-ffff-ffff00000082","ELEMENT":"00000000-0000-04c7-ffff-ffff00000082"}
&amp#27;[38;5;228m[9800b23b]&amp#27;[0m&amp#27;[38;5;86m[HTTP]&amp#27;[0m &amp#27;[37m<-- POST /session/9800b23b-2eb3-4b09-91bc-9731b683abce/element/00000000-0000-04c7-ffff-ffff0000007c/element &amp#27;[39m&amp#27;[32m200&amp#27;[39m &amp#27;[90m18 ms - 137&amp#27;[39m &amp#27;[90m&amp#27;[39m
&amp#27;[38;5;228m[9800b23b]&amp#27;[0m&amp#27;[38;5;86m[HTTP]&amp#27;[0m &amp#27;[37m-->&amp#27;[39m &amp#27;[37mPOST&amp#27;[39m &amp#27;[37m/session/9800b23b-2eb3-4b09-91bc-9731b683abce/element/00000000-0000-04c7-ffff-ffff00000082/click&amp#27;[39m &amp#27;[90m{"id":"00000000-0000-04c7-ffff-ffff00000082"}&amp#27;[39m
&amp#27;[38;5;228m[9800b23b]&amp#27;[0m&amp#27;[38;5;-17m[AndroidUiautomator2Driver@f846]&amp#27;[0m Calling AppiumDriver.click() with args: ["00000000-0000-04c7-ffff-ffff00000082","9800b23b-2eb3-4b09-91bc-9731b683abce"]
&amp#27;[38;5;228m[9800b23b]&amp#27;[0m&amp#27;[38;5;-17m[AndroidUiautomator2Driver@f846]&amp#27;[0m Matched '/element/00000000-0000-04c7-ffff-ffff00000082/click' to command name 'click'
&amp#27;[38;5;228m[9800b23b]&amp#27;[0m&amp#27;[38;5;-17m[AndroidUiautomator2Driver@f846]&amp#27;[0m Proxying [POST /element/00000000-0000-04c7-ffff-ffff00000082/click] to [POST http://127.0.0.1:8200/session/34248231-3590-41f4-a0a5-4d54d92b3cbf/element/00000000-0000-04c7-ffff-ffff00000082/click] with body: {"element":"00000000-0000-04c7-ffff-ffff00000082"}
&amp#27;[38;5;228m[9800b23b]&amp#27;[0m&amp#27;[38;5;-17m[AndroidUiautomator2Driver@f846]&amp#27;[0m Got response with status 200: {"sessionId":"34248231-3590-41f4-a0a5-4d54d92b3cbf","value":null}
&amp#27;[38;5;228m[9800b23b]&amp#27;[0m&amp#27;[38;5;-17m[AndroidUiautomator2Driver@f846]&amp#27;[0m Responding to client with driver.click() result: null
&amp#27;[38;5;228m[9800b23b]&amp#27;[0m&amp#27;[38;5;86m[HTTP]&amp#27;[0m &amp#27;[37m<-- POST /session/9800b23b-2eb3-4b09-91bc-9731b683abce/element/00000000-0000-04c7-ffff-ffff00000082/click &amp#27;[39m&amp#27;[32m200&amp#27;[39m &amp#27;[90m533 ms - 14&amp#27;[39m &amp#27;[90m&amp#27;[39m
&amp#27;[38;5;228m[9800b23b]&amp#27;[0m&amp#27;[38;5;86m[HTTP]&amp#27;[0m &amp#27;[37m-->&amp#27;[39m &amp#27;[37mPOST&amp#27;[39m &amp#27;[37m/session/9800b23b-2eb3-4b09-91bc-9731b683abce/element&amp#27;[39m &amp#27;[90m{"value":"new UiScrollable(new UiSelector()).scrollIntoView(text(\"Air Jordan 4 Retro\"))","using":"-android uiautomator"}&amp#27;[39m
&amp#27;[38;5;228m[9800b23b]&amp#27;[0m&amp#27;[38;5;-17m[AndroidUiautomator2Driver@f846]&amp#27;[0m Calling AppiumDriver.findElement() with args: ["-android uiautomator","new UiScrollable(new UiSelector()).scrollIntoView(text(\"Air Jordan 4 Retro\"))","9800b23b-2eb3-4b09-91bc-9731b683abce"]
&amp#27;[38;5;228m[9800b23b]&amp#27;[0m&amp#27;[38;5;-17m[AndroidUiautomator2Driver@f846]&amp#27;[0m Valid locator strategies for this request: xpath, id, class name, accessibility id, css selector, -android uiautomator
&amp#27;[38;5;228m[9800b23b]&amp#27;[0m&amp#27;[38;5;-17m[AndroidUiautomator2Driver@f846]&amp#27;[0m Waiting up to 20000 ms for condition
&amp#27;[38;5;228m[9800b23b]&amp#27;[0m&amp#27;[38;5;-17m[AndroidUiautomator2Driver@f846]&amp#27;[0m Matched '/element' to command name 'findElement'
&amp#27;[38;5;228m[9800b23b]&amp#27;[0m&amp#27;[38;5;-17m[AndroidUiautomator2Driver@f846]&amp#27;[0m Proxying [POST /element] to [POST http://127.0.0.1:8200/session/34248231-3590-41f4-a0a5-4d54d92b3cbf/element] with body: {"strategy":"-android uiautomator","selector":"new UiScrollable(new UiSelector()).scrollIntoView(text(\"Air Jordan 4 Retro\"))","context":"","multiple":false}
&amp#27;[38;5;228m[9800b23b]&amp#27;[0m&amp#27;[38;5;-17m[AndroidUiautomator2Driver@f846]&amp#27;[0m Got response with status 200: {"sessionId":"34248231-3590-41f4-a0a5-4d54d92b3cbf","value":{"ELEMENT":"00000000-0000-04c7-ffff-ffff0000004d","element-6066-11e4-a52e-4f735466cecf":"00000000-0000-04c7-ffff-ffff0000004d"}}
&amp#27;[38;5;228m[9800b23b]&amp#27;[0m&amp#27;[38;5;-17m[AndroidUiautomator2Driver@f846]&amp#27;[0m Responding to client with driver.findElement() result: {"element-6066-11e4-a52e-4f735466cecf":"00000000-0000-04c7-ffff-ffff0000004d","ELEMENT":"00000000-0000-04c7-ffff-ffff0000004d"}
&amp#27;[38;5;228m[9800b23b]&amp#27;[0m&amp#27;[38;5;86m[HTTP]&amp#27;[0m &amp#27;[37m<-- POST /session/9800b23b-2eb3-4b09-91bc-9731b683abce/element &amp#27;[39m&amp#27;[32m200&amp#27;[39m &amp#27;[90m3573 ms - 137&amp#27;[39m &amp#27;[90m&amp#27;[39m
&amp#27;[38;5;228m[9800b23b]&amp#27;[0m&amp#27;[38;5;86m[HTTP]&amp#27;[0m &amp#27;[37m-->&amp#27;[39m &amp#27;[37mGET&amp#27;[39m &amp#27;[37m/session/9800b23b-2eb3-4b09-91bc-9731b683abce/context&amp#27;[39m &amp#27;[90m{}&amp#27;[39m
&amp#27;[38;5;228m[9800b23b]&amp#27;[0m&amp#27;[38;5;-17m[AndroidUiautomator2Driver@f846]&amp#27;[0m Calling AppiumDriver.getCurrentContext() with args: ["9800b23b-2eb3-4b09-91bc-9731b683abce"]
&amp#27;[38;5;228m[9800b23b]&amp#27;[0m&amp#27;[38;5;-17m[AndroidUiautomator2Driver@f846]&amp#27;[0m Responding to client with driver.getCurrentContext() result: "NATIVE_APP"
&amp#27;[38;5;228m[9800b23b]&amp#27;[0m&amp#27;[38;5;86m[HTTP]&amp#27;[0m &amp#27;[37m<-- GET /session/9800b23b-2eb3-4b09-91bc-9731b683abce/context &amp#27;[39m&amp#27;[32m200&amp#27;[39m &amp#27;[90m1 ms - 22&amp#27;[39m &amp#27;[90m&amp#27;[39m
&amp#27;[38;5;228m[9800b23b]&amp#27;[0m&amp#27;[38;5;86m[HTTP]&amp#27;[0m &amp#27;[37m-->&amp#27;[39m &amp#27;[37mPOST&amp#27;[39m &amp#27;[37m/session/9800b23b-2eb3-4b09-91bc-9731b683abce/elements&amp#27;[39m &amp#27;[90m{"value":"//android.widget.TextView[@resource-id='com.androidsample.generalstore:id/productName']","using":"xpath"}&amp#27;[39m
&amp#27;[38;5;228m[9800b23b]&amp#27;[0m&amp#27;[38;5;-17m[AndroidUiautomator2Driver@f846]&amp#27;[0m Calling AppiumDriver.findElements() with args: ["xpath","//android.widget.TextView[@resource-id='com.androidsample.generalstore:id/productName']","9800b23b-2eb3-4b09-91bc-9731b683abce"]
&amp#27;[38;5;228m[9800b23b]&amp#27;[0m&amp#27;[38;5;-17m[AndroidUiautomator2Driver@f846]&amp#27;[0m Valid locator strategies for this request: xpath, id, class name, accessibility id, css selector, -android uiautomator
&amp#27;[38;5;228m[9800b23b]&amp#27;[0m&amp#27;[38;5;-17m[AndroidUiautomator2Driver@f846]&amp#27;[0m Waiting up to 20000 ms for condition
&amp#27;[38;5;228m[9800b23b]&amp#27;[0m&amp#27;[38;5;-17m[AndroidUiautomator2Driver@f846]&amp#27;[0m Matched '/elements' to command name 'findElements'
&amp#27;[38;5;228m[9800b23b]&amp#27;[0m&amp#27;[38;5;-17m[AndroidUiautomator2Driver@f846]&amp#27;[0m Proxying [POST /elements] to [POST http://127.0.0.1:8200/session/34248231-3590-41f4-a0a5-4d54d92b3cbf/elements] with body: {"strategy":"xpath","selector":"//android.widget.TextView[@resource-id='com.androidsample.generalstore:id/productName']","context":"","multiple":true}
&amp#27;[38;5;228m[9800b23b]&amp#27;[0m&amp#27;[38;5;-17m[AndroidUiautomator2Driver@f846]&amp#27;[0m Got response with status 200: {"sessionId":"34248231-3590-41f4-a0a5-4d54d92b3cbf","value":[{"ELEMENT":"00000000-0000-04c7-ffff-ffff0000004d","element-6066-11e4-a52e-4f735466cecf":"00000000-0000-04c7-ffff-ffff0000004d"},{"ELEMENT":"00000000-0000-04c7-ffff-ffff00000055","element-6066-11e4-a52e-4f735466cecf":"00000000-0000-04c7-ffff-ffff00000055"}]}
&amp#27;[38;5;228m[9800b23b]&amp#27;[0m&amp#27;[38;5;-17m[AndroidUiautomator2Driver@f846]&amp#27;[0m Responding to client with driver.findElements() result: [{"element-6066-11e4-a52e-4f735466cecf":"00000000-0000-04c7-ffff-ffff0000004d","ELEMENT":"00000000-0000-04c7-ffff-ffff0000004d"},{"element-6066-11e4-a52e-4f735466cecf":"00000000-0000-04c7-ffff-ffff00000055","ELEMENT":"00000000-0000-04c7-ffff-ffff00000055"}]
&amp#27;[38;5;228m[9800b23b]&amp#27;[0m&amp#27;[38;5;86m[HTTP]&amp#27;[0m &amp#27;[37m<-- POST /session/9800b23b-2eb3-4b09-91bc-9731b683abce/elements &amp#27;[39m&amp#27;[32m200&amp#27;[39m &amp#27;[90m31 ms - 267&amp#27;[39m &amp#27;[90m&amp#27;[39m
&amp#27;[38;5;228m[9800b23b]&amp#27;[0m&amp#27;[38;5;86m[HTTP]&amp#27;[0m &amp#27;[37m-->&amp#27;[39m &amp#27;[37mGET&amp#27;[39m &amp#27;[37m/session/9800b23b-2eb3-4b09-91bc-9731b683abce/element/00000000-0000-04c7-ffff-ffff0000004d/text&amp#27;[39m &amp#27;[90m{}&amp#27;[39m
&amp#27;[38;5;228m[9800b23b]&amp#27;[0m&amp#27;[38;5;-17m[AndroidUiautomator2Driver@f846]&amp#27;[0m Driver proxy active, passing request on via HTTP proxy
&amp#27;[38;5;228m[9800b23b]&amp#27;[0m&amp#27;[38;5;-17m[AndroidUiautomator2Driver@f846]&amp#27;[0m Matched '/session/9800b23b-2eb3-4b09-91bc-9731b683abce/element/00000000-0000-04c7-ffff-ffff0000004d/text' to command name 'getText'
&amp#27;[38;5;228m[9800b23b]&amp#27;[0m&amp#27;[38;5;-17m[AndroidUiautomator2Driver@f846]&amp#27;[0m Proxying [GET /session/9800b23b-2eb3-4b09-91bc-9731b683abce/element/00000000-0000-04c7-ffff-ffff0000004d/text] to [GET http://127.0.0.1:8200/session/34248231-3590-41f4-a0a5-4d54d92b3cbf/element/00000000-0000-04c7-ffff-ffff0000004d/text] with no body
&amp#27;[38;5;228m[9800b23b]&amp#27;[0m&amp#27;[38;5;-17m[AndroidUiautomator2Driver@f846]&amp#27;[0m Got response with status 200: {"sessionId":"34248231-3590-41f4-a0a5-4d54d92b3cbf","value":"Air Jordan 4 Retro"}
&amp#27;[38;5;228m[9800b23b]&amp#27;[0m&amp#27;[38;5;-17m[AndroidUiautomator2Driver@f846]&amp#27;[0m Replacing sessionId 34248231-3590-41f4-a0a5-4d54d92b3cbf with 9800b23b-2eb3-4b09-91bc-9731b683abce
&amp#27;[38;5;228m[9800b23b]&amp#27;[0m&amp#27;[38;5;86m[HTTP]&amp#27;[0m &amp#27;[37m<-- GET /session/9800b23b-2eb3-4b09-91bc-9731b683abce/element/00000000-0000-04c7-ffff-ffff0000004d/text &amp#27;[39m&amp#27;[32m200&amp#27;[39m &amp#27;[90m10 ms - 81&amp#27;[39m &amp#27;[90m&amp#27;[39m
&amp#27;[38;5;228m[9800b23b]&amp#27;[0m&amp#27;[38;5;86m[HTTP]&amp#27;[0m &amp#27;[37m-->&amp#27;[39m &amp#27;[37mPOST&amp#27;[39m &amp#27;[37m/session/9800b23b-2eb3-4b09-91bc-9731b683abce/element&amp#27;[39m &amp#27;[90m{"value":"//android.widget.TextView[@resource-id='com.androidsample.generalstore:id/productName' and @text='Air Jordan 4 Retro']//..","using":"xpath"}&amp#27;[39m
&amp#27;[38;5;228m[9800b23b]&amp#27;[0m&amp#27;[38;5;-17m[AndroidUiautomator2Driver@f846]&amp#27;[0m Calling AppiumDriver.findElement() with args: ["xpath","//android.widget.TextView[@resource-id='com.androidsample.generalstore:id/productName' and @text='Air Jordan 4 Retro']//..","9800b23b-2eb3-4b09-91bc-9731b683abce"]
&amp#27;[38;5;228m[9800b23b]&amp#27;[0m&amp#27;[38;5;-17m[AndroidUiautomator2Driver@f846]&amp#27;[0m Valid locator strategies for this request: xpath, id, class name, accessibility id, css selector, -android uiautomator
&amp#27;[38;5;228m[9800b23b]&amp#27;[0m&amp#27;[38;5;-17m[AndroidUiautomator2Driver@f846]&amp#27;[0m Waiting up to 20000 ms for condition
&amp#27;[38;5;228m[9800b23b]&amp#27;[0m&amp#27;[38;5;-17m[AndroidUiautomator2Driver@f846]&amp#27;[0m Matched '/element' to command name 'findElement'
&amp#27;[38;5;228m[9800b23b]&amp#27;[0m&amp#27;[38;5;-17m[AndroidUiautomator2Driver@f846]&amp#27;[0m Proxying [POST /element] to [POST http://127.0.0.1:8200/session/34248231-3590-41f4-a0a5-4d54d92b3cbf/element] with body: {"strategy":"xpath","selector":"//android.widget.TextView[@resource-id='com.androidsample.generalstore:id/productName' and @text='Air Jordan 4 Retro']//..","context":"","multiple":false}
&amp#27;[38;5;228m[9800b23b]&amp#27;[0m&amp#27;[38;5;-17m[AndroidUiautomator2Driver@f846]&amp#27;[0m Got response with status 200: {"sessionId":"34248231-3590-41f4-a0a5-4d54d92b3cbf","value":{"ELEMENT":"00000000-0000-04c7-ffff-ffff0000004b","element-6066-11e4-a52e-4f735466cecf":"00000000-0000-04c7-ffff-ffff0000004b"}}
&amp#27;[38;5;228m[9800b23b]&amp#27;[0m&amp#27;[38;5;-17m[AndroidUiautomator2Driver@f846]&amp#27;[0m Responding to client with driver.findElement() result: {"element-6066-11e4-a52e-4f735466cecf":"00000000-0000-04c7-ffff-ffff0000004b","ELEMENT":"00000000-0000-04c7-ffff-ffff0000004b"}
&amp#27;[38;5;228m[9800b23b]&amp#27;[0m&amp#27;[38;5;86m[HTTP]&amp#27;[0m &amp#27;[37m<-- POST /session/9800b23b-2eb3-4b09-91bc-9731b683abce/element &amp#27;[39m&amp#27;[32m200&amp#27;[39m &amp#27;[90m31 ms - 137&amp#27;[39m &amp#27;[90m&amp#27;[39m
&amp#27;[38;5;228m[9800b23b]&amp#27;[0m&amp#27;[38;5;86m[HTTP]&amp#27;[0m &amp#27;[37m-->&amp#27;[39m &amp#27;[37mPOST&amp#27;[39m &amp#27;[37m/session/9800b23b-2eb3-4b09-91bc-9731b683abce/element/00000000-0000-04c7-ffff-ffff0000004b/element&amp#27;[39m &amp#27;[90m{"using":"xpath","value":"//android.widget.TextView[@resource-id='com.androidsample.generalstore:id/productAddCart']","id":"00000000-0000-04c7-ffff-ffff0000004b"}&amp#27;[39m
&amp#27;[38;5;228m[9800b23b]&amp#27;[0m&amp#27;[38;5;-17m[AndroidUiautomator2Driver@f846]&amp#27;[0m Calling AppiumDriver.findElementFromElement() with args: ["xpath","//android.widget.TextView[@resource-id='com.androidsample.generalstore:id/productAddCart']","00000000-0000-04c7-ffff-ffff0000004b","9800b23b-2eb3-4b09-91bc-9731b683abce"]
&amp#27;[38;5;228m[9800b23b]&amp#27;[0m&amp#27;[38;5;-17m[AndroidUiautomator2Driver@f846]&amp#27;[0m Valid locator strategies for this request: xpath, id, class name, accessibility id, css selector, -android uiautomator
&amp#27;[38;5;228m[9800b23b]&amp#27;[0m&amp#27;[38;5;-17m[AndroidUiautomator2Driver@f846]&amp#27;[0m Waiting up to 20000 ms for condition
&amp#27;[38;5;228m[9800b23b]&amp#27;[0m&amp#27;[38;5;-17m[AndroidUiautomator2Driver@f846]&amp#27;[0m Matched '/element' to command name 'findElement'
&amp#27;[38;5;228m[9800b23b]&amp#27;[0m&amp#27;[38;5;-17m[AndroidUiautomator2Driver@f846]&amp#27;[0m Proxying [POST /element] to [POST http://127.0.0.1:8200/session/34248231-3590-41f4-a0a5-4d54d92b3cbf/element] with body: {"strategy":"xpath","selector":"//android.widget.TextView[@resource-id='com.androidsample.generalstore:id/productAddCart']","context":"00000000-0000-04c7-ffff-ffff0000004b","multiple":false}
&amp#27;[38;5;228m[9800b23b]&amp#27;[0m&amp#27;[38;5;-17m[AndroidUiautomator2Driver@f846]&amp#27;[0m Got response with status 200: {"sessionId":"34248231-3590-41f4-a0a5-4d54d92b3cbf","value":{"ELEMENT":"00000000-0000-04c7-ffff-ffff00000051","element-6066-11e4-a52e-4f735466cecf":"00000000-0000-04c7-ffff-ffff00000051"}}
&amp#27;[38;5;228m[9800b23b]&amp#27;[0m&amp#27;[38;5;-17m[AndroidUiautomator2Driver@f846]&amp#27;[0m Responding to client with driver.findElementFromElement() result: {"element-6066-11e4-a52e-4f735466cecf":"00000000-0000-04c7-ffff-ffff00000051","ELEMENT":"00000000-0000-04c7-ffff-ffff00000051"}
&amp#27;[38;5;228m[9800b23b]&amp#27;[0m&amp#27;[38;5;86m[HTTP]&amp#27;[0m &amp#27;[37m<-- POST /session/9800b23b-2eb3-4b09-91bc-9731b683abce/element/00000000-0000-04c7-ffff-ffff0000004b/element &amp#27;[39m&amp#27;[32m200&amp#27;[39m &amp#27;[90m15 ms - 137&amp#27;[39m &amp#27;[90m&amp#27;[39m
&amp#27;[38;5;228m[9800b23b]&amp#27;[0m&amp#27;[38;5;86m[HTTP]&amp#27;[0m &amp#27;[37m-->&amp#27;[39m &amp#27;[37mPOST&amp#27;[39m &amp#27;[37m/session/9800b23b-2eb3-4b09-91bc-9731b683abce/element/00000000-0000-04c7-ffff-ffff00000051/click&amp#27;[39m &amp#27;[90m{"id":"00000000-0000-04c7-ffff-ffff00000051"}&amp#27;[39m
&amp#27;[38;5;228m[9800b23b]&amp#27;[0m&amp#27;[38;5;-17m[AndroidUiautomator2Driver@f846]&amp#27;[0m Calling AppiumDriver.click() with args: ["00000000-0000-04c7-ffff-ffff00000051","9800b23b-2eb3-4b09-91bc-9731b683abce"]
&amp#27;[38;5;228m[9800b23b]&amp#27;[0m&amp#27;[38;5;-17m[AndroidUiautomator2Driver@f846]&amp#27;[0m Matched '/element/00000000-0000-04c7-ffff-ffff00000051/click' to command name 'click'
&amp#27;[38;5;228m[9800b23b]&amp#27;[0m&amp#27;[38;5;-17m[AndroidUiautomator2Driver@f846]&amp#27;[0m Proxying [POST /element/00000000-0000-04c7-ffff-ffff00000051/click] to [POST http://127.0.0.1:8200/session/34248231-3590-41f4-a0a5-4d54d92b3cbf/element/00000000-0000-04c7-ffff-ffff00000051/click] with body: {"element":"00000000-0000-04c7-ffff-ffff00000051"}
&amp#27;[38;5;228m[9800b23b]&amp#27;[0m&amp#27;[38;5;-17m[AndroidUiautomator2Driver@f846]&amp#27;[0m Got response with status 200: {"sessionId":"34248231-3590-41f4-a0a5-4d54d92b3cbf","value":null}
&amp#27;[38;5;228m[9800b23b]&amp#27;[0m&amp#27;[38;5;-17m[AndroidUiautomator2Driver@f846]&amp#27;[0m Responding to client with driver.click() result: null
&amp#27;[38;5;228m[9800b23b]&amp#27;[0m&amp#27;[38;5;86m[HTTP]&amp#27;[0m &amp#27;[37m<-- POST /session/9800b23b-2eb3-4b09-91bc-9731b683abce/element/00000000-0000-04c7-ffff-ffff00000051/click &amp#27;[39m&amp#27;[32m200&amp#27;[39m &amp#27;[90m548 ms - 14&amp#27;[39m &amp#27;[90m&amp#27;[39m
&amp#27;[38;5;228m[9800b23b]&amp#27;[0m&amp#27;[38;5;86m[HTTP]&amp#27;[0m &amp#27;[37m-->&amp#27;[39m &amp#27;[37mGET&amp#27;[39m &amp#27;[37m/session/9800b23b-2eb3-4b09-91bc-9731b683abce/element/00000000-0000-04c7-ffff-ffff00000055/text&amp#27;[39m &amp#27;[90m{}&amp#27;[39m
&amp#27;[38;5;228m[9800b23b]&amp#27;[0m&amp#27;[38;5;-17m[AndroidUiautomator2Driver@f846]&amp#27;[0m Driver proxy active, passing request on via HTTP proxy
&amp#27;[38;5;228m[9800b23b]&amp#27;[0m&amp#27;[38;5;-17m[AndroidUiautomator2Driver@f846]&amp#27;[0m Matched '/session/9800b23b-2eb3-4b09-91bc-9731b683abce/element/00000000-0000-04c7-ffff-ffff00000055/text' to command name 'getText'
&amp#27;[38;5;228m[9800b23b]&amp#27;[0m&amp#27;[38;5;-17m[AndroidUiautomator2Driver@f846]&amp#27;[0m Proxying [GET /session/9800b23b-2eb3-4b09-91bc-9731b683abce/element/00000000-0000-04c7-ffff-ffff00000055/text] to [GET http://127.0.0.1:8200/session/34248231-3590-41f4-a0a5-4d54d92b3cbf/element/00000000-0000-04c7-ffff-ffff00000055/text] with no body
&amp#27;[38;5;228m[9800b23b]&amp#27;[0m&amp#27;[38;5;-17m[AndroidUiautomator2Driver@f846]&amp#27;[0m Got response with status 200: {"sessionId":"34248231-3590-41f4-a0a5-4d54d92b3cbf","value":"Air Jordan 1 Mid SE"}
&amp#27;[38;5;228m[9800b23b]&amp#27;[0m&amp#27;[38;5;-17m[AndroidUiautomator2Driver@f846]&amp#27;[0m Replacing sessionId 34248231-3590-41f4-a0a5-4d54d92b3cbf with 9800b23b-2eb3-4b09-91bc-9731b683abce
&amp#27;[38;5;228m[9800b23b]&amp#27;[0m&amp#27;[38;5;86m[HTTP]&amp#27;[0m &amp#27;[37m<-- GET /session/9800b23b-2eb3-4b09-91bc-9731b683abce/element/00000000-0000-04c7-ffff-ffff00000055/text &amp#27;[39m&amp#27;[32m200&amp#27;[39m &amp#27;[90m11 ms - 82&amp#27;[39m &amp#27;[90m&amp#27;[39m
&amp#27;[38;5;228m[9800b23b]&amp#27;[0m&amp#27;[38;5;86m[HTTP]&amp#27;[0m &amp#27;[37m-->&amp#27;[39m &amp#27;[37mGET&amp#27;[39m &amp#27;[37m/session/9800b23b-2eb3-4b09-91bc-9731b683abce/context&amp#27;[39m &amp#27;[90m{}&amp#27;[39m
&amp#27;[38;5;228m[9800b23b]&amp#27;[0m&amp#27;[38;5;-17m[AndroidUiautomator2Driver@f846]&amp#27;[0m Calling AppiumDriver.getCurrentContext() with args: ["9800b23b-2eb3-4b09-91bc-9731b683abce"]
&amp#27;[38;5;228m[9800b23b]&amp#27;[0m&amp#27;[38;5;-17m[AndroidUiautomator2Driver@f846]&amp#27;[0m Responding to client with driver.getCurrentContext() result: "NATIVE_APP"
&amp#27;[38;5;228m[9800b23b]&amp#27;[0m&amp#27;[38;5;86m[HTTP]&amp#27;[0m &amp#27;[37m<-- GET /session/9800b23b-2eb3-4b09-91bc-9731b683abce/context &amp#27;[39m&amp#27;[32m200&amp#27;[39m &amp#27;[90m1 ms - 22&amp#27;[39m &amp#27;[90m&amp#27;[39m
&amp#27;[38;5;228m[9800b23b]&amp#27;[0m&amp#27;[38;5;86m[HTTP]&amp#27;[0m &amp#27;[37m-->&amp#27;[39m &amp#27;[37mPOST&amp#27;[39m &amp#27;[37m/session/9800b23b-2eb3-4b09-91bc-9731b683abce/element&amp#27;[39m &amp#27;[90m{"value":"com.androidsample.generalstore:id/appbar_btn_cart","using":"id"}&amp#27;[39m
&amp#27;[38;5;228m[9800b23b]&amp#27;[0m&amp#27;[38;5;-17m[AndroidUiautomator2Driver@f846]&amp#27;[0m Calling AppiumDriver.findElement() with args: ["id","com.androidsample.generalstore:id/appbar_btn_cart","9800b23b-2eb3-4b09-91bc-9731b683abce"]
&amp#27;[38;5;228m[9800b23b]&amp#27;[0m&amp#27;[38;5;-17m[AndroidUiautomator2Driver@f846]&amp#27;[0m Valid locator strategies for this request: xpath, id, class name, accessibility id, css selector, -android uiautomator
&amp#27;[38;5;228m[9800b23b]&amp#27;[0m&amp#27;[38;5;-17m[AndroidUiautomator2Driver@f846]&amp#27;[0m Waiting up to 20000 ms for condition
&amp#27;[38;5;228m[9800b23b]&amp#27;[0m&amp#27;[38;5;-17m[AndroidUiautomator2Driver@f846]&amp#27;[0m Matched '/element' to command name 'findElement'
&amp#27;[38;5;228m[9800b23b]&amp#27;[0m&amp#27;[38;5;-17m[AndroidUiautomator2Driver@f846]&amp#27;[0m Proxying [POST /element] to [POST http://127.0.0.1:8200/session/34248231-3590-41f4-a0a5-4d54d92b3cbf/element] with body: {"strategy":"id","selector":"com.androidsample.generalstore:id/appbar_btn_cart","context":"","multiple":false}
&amp#27;[38;5;228m[9800b23b]&amp#27;[0m&amp#27;[38;5;-17m[AndroidUiautomator2Driver@f846]&amp#27;[0m Got response with status 200: {"sessionId":"34248231-3590-41f4-a0a5-4d54d92b3cbf","value":{"ELEMENT":"00000000-0000-04c7-ffff-ffff00000044","element-6066-11e4-a52e-4f735466cecf":"00000000-0000-04c7-ffff-ffff00000044"}}
&amp#27;[38;5;228m[9800b23b]&amp#27;[0m&amp#27;[38;5;-17m[AndroidUiautomator2Driver@f846]&amp#27;[0m Responding to client with driver.findElement() result: {"element-6066-11e4-a52e-4f735466cecf":"00000000-0000-04c7-ffff-ffff00000044","ELEMENT":"00000000-0000-04c7-ffff-ffff00000044"}
&amp#27;[38;5;228m[9800b23b]&amp#27;[0m&amp#27;[38;5;86m[HTTP]&amp#27;[0m &amp#27;[37m<-- POST /session/9800b23b-2eb3-4b09-91bc-9731b683abce/element &amp#27;[39m&amp#27;[32m200&amp#27;[39m &amp#27;[90m10 ms - 137&amp#27;[39m &amp#27;[90m&amp#27;[39m
&amp#27;[38;5;228m[9800b23b]&amp#27;[0m&amp#27;[38;5;86m[HTTP]&amp#27;[0m &amp#27;[37m-->&amp#27;[39m &amp#27;[37mPOST&amp#27;[39m &amp#27;[37m/session/9800b23b-2eb3-4b09-91bc-9731b683abce/element/00000000-0000-04c7-ffff-ffff00000044/click&amp#27;[39m &amp#27;[90m{"id":"00000000-0000-04c7-ffff-ffff00000044"}&amp#27;[39m
&amp#27;[38;5;228m[9800b23b]&amp#27;[0m&amp#27;[38;5;-17m[AndroidUiautomator2Driver@f846]&amp#27;[0m Calling AppiumDriver.click() with args: ["00000000-0000-04c7-ffff-ffff00000044","9800b23b-2eb3-4b09-91bc-9731b683abce"]
&amp#27;[38;5;228m[9800b23b]&amp#27;[0m&amp#27;[38;5;-17m[AndroidUiautomator2Driver@f846]&amp#27;[0m Matched '/element/00000000-0000-04c7-ffff-ffff00000044/click' to command name 'click'
&amp#27;[38;5;228m[9800b23b]&amp#27;[0m&amp#27;[38;5;-17m[AndroidUiautomator2Driver@f846]&amp#27;[0m Proxying [POST /element/00000000-0000-04c7-ffff-ffff00000044/click] to [POST http://127.0.0.1:8200/session/34248231-3590-41f4-a0a5-4d54d92b3cbf/element/00000000-0000-04c7-ffff-ffff00000044/click] with body: {"element":"00000000-0000-04c7-ffff-ffff00000044"}
&amp#27;[38;5;228m[9800b23b]&amp#27;[0m&amp#27;[38;5;-17m[AndroidUiautomator2Driver@f846]&amp#27;[0m Got response with status 200: {"sessionId":"34248231-3590-41f4-a0a5-4d54d92b3cbf","value":null}
&amp#27;[38;5;228m[9800b23b]&amp#27;[0m&amp#27;[38;5;-17m[AndroidUiautomator2Driver@f846]&amp#27;[0m Responding to client with driver.click() result: null
&amp#27;[38;5;228m[9800b23b]&amp#27;[0m&amp#27;[38;5;86m[HTTP]&amp#27;[0m &amp#27;[37m<-- POST /session/9800b23b-2eb3-4b09-91bc-9731b683abce/element/00000000-0000-04c7-ffff-ffff00000044/click &amp#27;[39m&amp#27;[32m200&amp#27;[39m &amp#27;[90m52 ms - 14&amp#27;[39m &amp#27;[90m&amp#27;[39m
]]></system-out>
  </testcase>
  <testcase name="CartTest" classname="android_TestScripts.Android_TC003" time="34.876">
    <system-out><![CDATA[&amp#27;[38;5;228m[9800b23b]&amp#27;[0m&amp#27;[38;5;86m[HTTP]&amp#27;[0m &amp#27;[37m-->&amp#27;[39m &amp#27;[37mDELETE&amp#27;[39m &amp#27;[37m/session/9800b23b-2eb3-4b09-91bc-9731b683abce&amp#27;[39m &amp#27;[90m{}&amp#27;[39m
&amp#27;[38;5;228m[9800b23b]&amp#27;[0m&amp#27;[38;5;-17m[AndroidUiautomator2Driver@f846]&amp#27;[0m Calling AppiumDriver.deleteSession() with args: ["9800b23b-2eb3-4b09-91bc-9731b683abce"]
&amp#27;[38;5;228m[9800b23b]&amp#27;[0m&amp#27;[38;5;17m[AppiumDriver@75a4]&amp#27;[0m Event 'quitSessionRequested' logged at 1732112543250 (19:52:23 GMT+0530 (India Standard Time))
&amp#27;[38;5;228m[9800b23b]&amp#27;[0m&amp#27;[38;5;17m[AppiumDriver@75a4]&amp#27;[0m Removing session 9800b23b-2eb3-4b09-91bc-9731b683abce from our master session list
&amp#27;[38;5;228m[9800b23b]&amp#27;[0m&amp#27;[38;5;-17m[AndroidUiautomator2Driver@f846]&amp#27;[0m Deleting UiAutomator2 session
&amp#27;[38;5;228m[9800b23b]&amp#27;[0m&amp#27;[38;5;-17m[AndroidUiautomator2Driver@f846]&amp#27;[0m Deleting UiAutomator2 server session
&amp#27;[38;5;228m[9800b23b]&amp#27;[0m&amp#27;[38;5;-17m[AndroidUiautomator2Driver@f846]&amp#27;[0m Matched '/' to command name 'deleteSession'
&amp#27;[38;5;228m[9800b23b]&amp#27;[0m&amp#27;[38;5;-17m[AndroidUiautomator2Driver@f846]&amp#27;[0m Proxying [DELETE /] to [DELETE http://127.0.0.1:8200/session/34248231-3590-41f4-a0a5-4d54d92b3cbf] with no body
&amp#27;[38;5;228m[9800b23b]&amp#27;[0m&amp#27;[38;5;-17m[AndroidUiautomator2Driver@f846]&amp#27;[0m Got response with status 200: {"sessionId":"34248231-3590-41f4-a0a5-4d54d92b3cbf","value":null}
&amp#27;[38;5;228m[9800b23b]&amp#27;[0m&amp#27;[38;5;-17m[AndroidUiautomator2Driver@f846]&amp#27;[0m [Instrumentation] io.appium.uiautomator2.server.test.AppiumUiAutomator2Server:
&amp#27;[38;5;228m[9800b23b]&amp#27;[0m&amp#27;[38;5;-17m[AndroidUiautomator2Driver@f846]&amp#27;[0m [Instrumentation] The process has exited with code null, signal SIGTERM
&amp#27;[38;5;228m[9800b23b]&amp#27;[0m&amp#27;[38;5;229m[ADB]&amp#27;[0m Running 'C:\Users\Harsh Vardhan Singh\AppData\Local\Android\Sdk\platform-tools\adb.exe -P 5037 -s emulator-5554 shell dumpsys activity services io.appium.settings/.recorder.RecorderService'
&amp#27;[38;5;228m[9800b23b]&amp#27;[0m&amp#27;[38;5;229m[ADB]&amp#27;[0m Running 'C:\Users\Harsh Vardhan Singh\AppData\Local\Android\Sdk\platform-tools\adb.exe -P 5037 -s emulator-5554 shell am force-stop com.androidsample.generalstore'
&amp#27;[38;5;228m[9800b23b]&amp#27;[0m&amp#27;[38;5;229m[ADB]&amp#27;[0m Removing forwarded port socket connection: 8200 
&amp#27;[38;5;228m[9800b23b]&amp#27;[0m&amp#27;[38;5;229m[ADB]&amp#27;[0m Running 'C:\Users\Harsh Vardhan Singh\AppData\Local\Android\Sdk\platform-tools\adb.exe -P 5037 -s emulator-5554 forward --remove tcp:8200'
&amp#27;[38;5;228m[9800b23b]&amp#27;[0m&amp#27;[38;5;-17m[AndroidUiautomator2Driver@f846]&amp#27;[0m Restoring hidden api policy to the device default configuration
&amp#27;[38;5;228m[9800b23b]&amp#27;[0m&amp#27;[38;5;229m[ADB]&amp#27;[0m Running 'C:\Users\Harsh Vardhan Singh\AppData\Local\Android\Sdk\platform-tools\adb.exe -P 5037 -s emulator-5554 shell 'settings delete global hidden_api_policy_pre_p_apps;settings delete global hidden_api_policy_p_apps;settings delete global hidden_api_policy''
&amp#27;[38;5;228m[9800b23b]&amp#27;[0m&amp#27;[38;5;160m[Logcat]&amp#27;[0m Stopping logcat capture
&amp#27;[38;5;228m[9800b23b]&amp#27;[0m&amp#27;[38;5;17m[AppiumDriver@75a4]&amp#27;[0m Event 'quitSessionFinished' logged at 1732112543757 (19:52:23 GMT+0530 (India Standard Time))
&amp#27;[38;5;228m[9800b23b]&amp#27;[0m&amp#27;[38;5;17m[AppiumDriver@75a4]&amp#27;[0m Received response: null
&amp#27;[38;5;228m[9800b23b]&amp#27;[0m&amp#27;[38;5;17m[AppiumDriver@75a4]&amp#27;[0m But deleting session, so not returning
&amp#27;[38;5;228m[9800b23b]&amp#27;[0m&amp#27;[38;5;17m[AppiumDriver@75a4]&amp#27;[0m Responding to client with driver.deleteSession() result: null
&amp#27;[38;5;228m[9800b23b]&amp#27;[0m&amp#27;[38;5;86m[HTTP]&amp#27;[0m &amp#27;[37m<-- DELETE /session/9800b23b-2eb3-4b09-91bc-9731b683abce &amp#27;[39m&amp#27;[32m200&amp#27;[39m &amp#27;[90m508 ms - 14&amp#27;[39m &amp#27;[90m&amp#27;[39m
&amp#27;[38;5;112m[Appium]&amp#27;[0m Welcome to Appium v2.12.1
&amp#27;[38;5;112m[Appium]&amp#27;[0m Non-default server args:
&amp#27;[38;5;112m[Appium]&amp#27;[0m { address: &amp#27;[32m'127.0.0.1'&amp#27;[39m }
&amp#27;[38;5;112m[Appium]&amp#27;[0m The autodetected Appium home path: C:\Users\Harsh Vardhan Singh\.appium
&amp#27;[38;5;112m[Appium]&amp#27;[0m Attempting to load driver uiautomator2...
&amp#27;[38;5;112m[Appium]&amp#27;[0m Attempting to load driver xcuitest...
&amp#27;[38;5;112m[Appium]&amp#27;[0m Requiring driver at C:\Users\Harsh Vardhan Singh\.appium\node_modules\appium-uiautomator2-driver\build\index.js
&amp#27;[38;5;112m[Appium]&amp#27;[0m Requiring driver at C:\Users\Harsh Vardhan Singh\.appium\node_modules\appium-xcuitest-driver\build\index.js
&amp#27;[38;5;112m[Appium]&amp#27;[0m XCUITestDriver has been successfully loaded in 0.613s
&amp#27;[38;5;112m[Appium]&amp#27;[0m AndroidUiautomator2Driver has been successfully loaded in 1.115s
&amp#27;[38;5;112m[Appium]&amp#27;[0m Appium REST http interface listener started on http://127.0.0.1:4723
&amp#27;[38;5;112m[Appium]&amp#27;[0m Available drivers:
&amp#27;[38;5;112m[Appium]&amp#27;[0m   - uiautomator2@3.8.1 (automationName 'UiAutomator2')
&amp#27;[38;5;112m[Appium]&amp#27;[0m   - xcuitest@7.28.3 (automationName 'XCUITest')
&amp#27;[38;5;112m[Appium]&amp#27;[0m No plugins have been installed. Use the "appium plugin" command to install the one(s) you want to use.
&amp#27;[38;5;86m[HTTP]&amp#27;[0m &amp#27;[37m-->&amp#27;[39m &amp#27;[37mGET&amp#27;[39m &amp#27;[37m/status&amp#27;[39m &amp#27;[90m{}&amp#27;[39m
&amp#27;[38;5;17m[AppiumDriver@f818]&amp#27;[0m Calling AppiumDriver.getStatus() with args: []
&amp#27;[38;5;17m[AppiumDriver@f818]&amp#27;[0m Responding to client with driver.getStatus() result: {"ready":true,"message":"The server is ready to accept new connections","build":{"version":"2.12.1"}}
&amp#27;[38;5;86m[HTTP]&amp#27;[0m &amp#27;[37m<-- GET /status &amp#27;[39m&amp#27;[32m200&amp#27;[39m &amp#27;[90m4 ms - 111&amp#27;[39m &amp#27;[90m&amp#27;[39m
&amp#27;[38;5;86m[HTTP]&amp#27;[0m Request idempotency key: 5faffbac-2523-44c4-a6a1-44ecd863af23
&amp#27;[38;5;86m[HTTP]&amp#27;[0m &amp#27;[37m-->&amp#27;[39m &amp#27;[37mPOST&amp#27;[39m &amp#27;[37m/session&amp#27;[39m &amp#27;[90m{"capabilities":{"firstMatch":[{"appium:chromedriverUseSystemExecutable":true,"appium:deviceName":"HarshEmulator","platformName":"ANDROID","appium:automationName":"UIAutomator2","appium:app":"D:\\Android Automation Framework\\Android_Framework\\App\\General-Store.apk"}]}}&amp#27;[39m
&amp#27;[38;5;17m[AppiumDriver@f818]&amp#27;[0m Calling AppiumDriver.createSession() with args: [null,null,{"firstMatch":[{"appium:chromedriverUseSystemExecutable":true,"appium:deviceName":"HarshEmulator","platformName":"ANDROID","appium:automationName":"UIAutomator2","appium:app":"D:\\Android Automation Framework\\Android_Framework\\App\\General-Store.apk"}]}]
&amp#27;[38;5;17m[AppiumDriver@f818]&amp#27;[0m Event 'newSessionRequested' logged at 1732112545899 (19:52:25 GMT+0530 (India Standard Time))
&amp#27;[38;5;112m[Appium]&amp#27;[0m Attempting to find matching driver for automationName 'UIAutomator2' and platformName 'ANDROID'
&amp#27;[38;5;112m[Appium]&amp#27;[0m The 'uiautomator2' driver was installed and matched caps.
&amp#27;[38;5;112m[Appium]&amp#27;[0m Will require it at C:\Users\Harsh Vardhan Singh\.appium\node_modules\appium-uiautomator2-driver
&amp#27;[38;5;112m[Appium]&amp#27;[0m Requiring driver at C:\Users\Harsh Vardhan Singh\.appium\node_modules\appium-uiautomator2-driver\build\index.js
&amp#27;[38;5;17m[AppiumDriver@f818]&amp#27;[0m Appium v2.12.1 creating new AndroidUiautomator2Driver (v3.8.1) session
&amp#27;[38;5;17m[AppiumDriver@f818]&amp#27;[0m Checking BaseDriver versions for Appium and AndroidUiautomator2Driver
&amp#27;[38;5;17m[AppiumDriver@f818]&amp#27;[0m Appium's BaseDriver version is 9.12.1
&amp#27;[38;5;17m[AppiumDriver@f818]&amp#27;[0m AndroidUiautomator2Driver's BaseDriver version is 9.12.1
&amp#27;[38;5;-132m[AndroidUiautomator2Driver@7639]&amp#27;[0m 
&amp#27;[38;5;-132m[AndroidUiautomator2Driver@7639]&amp#27;[0m Creating session with W3C capabilities: {
  "alwaysMatch": {
    "platformName": "ANDROID",
    "appium:chromedriverUseSystemExecutable": true,
    "appium:deviceName": "HarshEmulator",
    "appium:automationName": "UIAutomator2",
    "appium:app": "D:\\Android Automation Framework\\Android_Framework\\App\\General-Store.apk"
  },
  "firstMatch": [
    {}
  ]
}
&amp#27;[38;5;147m[401eeab7]&amp#27;[0m&amp#27;[38;5;-132m[AndroidUiautomator2Driver@7639]&amp#27;[0m Session created with session id: 401eeab7-9725-4285-8dc7-bd8b07cbae2f
&amp#27;[38;5;147m[401eeab7]&amp#27;[0m&amp#27;[38;5;229m[ADB]&amp#27;[0m Found 2 'build-tools' folders under 'C:\Users\Harsh Vardhan Singh\AppData\Local\Android\Sdk' (newest first):
&amp#27;[38;5;147m[401eeab7]&amp#27;[0m&amp#27;[38;5;229m[ADB]&amp#27;[0m     C:\Users\Harsh Vardhan Singh\AppData\Local\Android\Sdk\build-tools\35.0.0
&amp#27;[38;5;147m[401eeab7]&amp#27;[0m&amp#27;[38;5;229m[ADB]&amp#27;[0m     C:\Users\Harsh Vardhan Singh\AppData\Local\Android\Sdk\build-tools\34.0.0
&amp#27;[38;5;147m[401eeab7]&amp#27;[0m&amp#27;[38;5;229m[ADB]&amp#27;[0m Using 'adb.exe' from 'C:\Users\Harsh Vardhan Singh\AppData\Local\Android\Sdk\platform-tools\adb.exe'
&amp#27;[38;5;147m[401eeab7]&amp#27;[0m&amp#27;[38;5;229m[ADB]&amp#27;[0m Running 'C:\Users\Harsh Vardhan Singh\AppData\Local\Android\Sdk\platform-tools\adb.exe -P 5037 start-server'
&amp#27;[38;5;147m[401eeab7]&amp#27;[0m&amp#27;[38;5;-132m[AndroidUiautomator2Driver@7639]&amp#27;[0m Retrieving device list
&amp#27;[38;5;147m[401eeab7]&amp#27;[0m&amp#27;[38;5;229m[ADB]&amp#27;[0m Trying to find connected Android devices
&amp#27;[38;5;147m[401eeab7]&amp#27;[0m&amp#27;[38;5;229m[ADB]&amp#27;[0m Getting connected devices
&amp#27;[38;5;147m[401eeab7]&amp#27;[0m&amp#27;[38;5;229m[ADB]&amp#27;[0m Connected devices: [{"udid":"emulator-5554","state":"device"}]
&amp#27;[38;5;147m[401eeab7]&amp#27;[0m&amp#27;[38;5;-132m[AndroidUiautomator2Driver@7639]&amp#27;[0m Using device: emulator-5554
&amp#27;[38;5;147m[401eeab7]&amp#27;[0m&amp#27;[38;5;229m[ADB]&amp#27;[0m Using 'adb.exe' from 'C:\Users\Harsh Vardhan Singh\AppData\Local\Android\Sdk\platform-tools\adb.exe'
&amp#27;[38;5;147m[401eeab7]&amp#27;[0m&amp#27;[38;5;229m[ADB]&amp#27;[0m Running 'C:\Users\Harsh Vardhan Singh\AppData\Local\Android\Sdk\platform-tools\adb.exe -P 5037 start-server'
&amp#27;[38;5;147m[401eeab7]&amp#27;[0m&amp#27;[38;5;229m[ADB]&amp#27;[0m Setting device id to emulator-5554
&amp#27;[38;5;147m[401eeab7]&amp#27;[0m&amp#27;[38;5;123m[BaseDriver]&amp#27;[0m Using local app 'D:\Android Automation Framework\Android_Framework\App\General-Store.apk'
&amp#27;[38;5;147m[401eeab7]&amp#27;[0m&amp#27;[38;5;-132m[AndroidUiautomator2Driver@7639]&amp#27;[0m Checking whether app is actually present
&amp#27;[38;5;147m[401eeab7]&amp#27;[0m&amp#27;[38;5;229m[ADB]&amp#27;[0m Running 'C:\Users\Harsh Vardhan Singh\AppData\Local\Android\Sdk\platform-tools\adb.exe -P 5037 -s emulator-5554 shell getprop ro.build.version.sdk'
&amp#27;[38;5;147m[401eeab7]&amp#27;[0m&amp#27;[38;5;229m[ADB]&amp#27;[0m Current device property 'ro.build.version.sdk': 35
&amp#27;[38;5;147m[401eeab7]&amp#27;[0m&amp#27;[38;5;229m[ADB]&amp#27;[0m Getting device platform version
&amp#27;[38;5;147m[401eeab7]&amp#27;[0m&amp#27;[38;5;229m[ADB]&amp#27;[0m Running 'C:\Users\Harsh Vardhan Singh\AppData\Local\Android\Sdk\platform-tools\adb.exe -P 5037 -s emulator-5554 shell getprop ro.build.version.release'
&amp#27;[38;5;147m[401eeab7]&amp#27;[0m&amp#27;[38;5;229m[ADB]&amp#27;[0m Current device property 'ro.build.version.release': 15
&amp#27;[38;5;147m[401eeab7]&amp#27;[0m&amp#27;[38;5;229m[ADB]&amp#27;[0m Device API level: 35
&amp#27;[38;5;147m[401eeab7]&amp#27;[0m&amp#27;[38;5;-132m[AndroidUiautomator2Driver@7639]&amp#27;[0m Relaxing hidden api policy
&amp#27;[38;5;147m[401eeab7]&amp#27;[0m&amp#27;[38;5;229m[ADB]&amp#27;[0m Running 'C:\Users\Harsh Vardhan Singh\AppData\Local\Android\Sdk\platform-tools\adb.exe -P 5037 -s emulator-5554 shell 'settings put global hidden_api_policy_pre_p_apps 1;settings put global hidden_api_policy_p_apps 1;settings put global hidden_api_policy 1''
&amp#27;[38;5;147m[401eeab7]&amp#27;[0m&amp#27;[38;5;-132m[AndroidUiautomator2Driver@7639]&amp#27;[0m Parsing package and activity from app manifest
&amp#27;[38;5;147m[401eeab7]&amp#27;[0m&amp#27;[38;5;229m[ADB]&amp#27;[0m Running 'C:\Users\Harsh Vardhan Singh\AppData\Local\Android\Sdk\platform-tools\adb.exe -P 5037 -s emulator-5554 wait-for-device'
&amp#27;[38;5;147m[401eeab7]&amp#27;[0m&amp#27;[38;5;229m[ADB]&amp#27;[0m Using 'aapt2.exe' from 'C:\Users\Harsh Vardhan Singh\AppData\Local\Android\Sdk\build-tools\35.0.0\aapt2.exe'
&amp#27;[38;5;147m[401eeab7]&amp#27;[0m&amp#27;[38;5;229m[ADB]&amp#27;[0m Reading package manifest: ''C:\\Users\\Harsh Vardhan Singh\\AppData\\Local\\Android\\Sdk\\build-tools\\35.0.0\\aapt2.exe' dump badging 'D:\\Android Automation Framework\\Android_Framework\\App\\General-Store.apk''
&amp#27;[38;5;147m[401eeab7]&amp#27;[0m&amp#27;[38;5;229m[ADB]&amp#27;[0m Running 'C:\Users\Harsh Vardhan Singh\AppData\Local\Android\Sdk\platform-tools\adb.exe -P 5037 -s emulator-5554 shell echo ping'
&amp#27;[38;5;147m[401eeab7]&amp#27;[0m&amp#27;[38;5;229m[ADB]&amp#27;[0m Package name: 'com.androidsample.generalstore'
&amp#27;[38;5;147m[401eeab7]&amp#27;[0m&amp#27;[38;5;229m[ADB]&amp#27;[0m Main activity name: 'com.androidsample.generalstore.SplashActivity'
&amp#27;[38;5;147m[401eeab7]&amp#27;[0m&amp#27;[38;5;-132m[AndroidUiautomator2Driver@7639]&amp#27;[0m Parsed package and activity are: com.androidsample.generalstore/com.androidsample.generalstore.SplashActivity
&amp#27;[38;5;147m[401eeab7]&amp#27;[0m&amp#27;[38;5;-132m[AndroidUiautomator2Driver@7639]&amp#27;[0m Pushing settings apk to the device...
&amp#27;[38;5;147m[401eeab7]&amp#27;[0m&amp#27;[38;5;229m[ADB]&amp#27;[0m Getting package info for 'io.appium.settings'
&amp#27;[38;5;147m[401eeab7]&amp#27;[0m&amp#27;[38;5;229m[ADB]&amp#27;[0m Running 'C:\Users\Harsh Vardhan Singh\AppData\Local\Android\Sdk\platform-tools\adb.exe -P 5037 -s emulator-5554 shell dumpsys package io.appium.settings'
&amp#27;[38;5;147m[401eeab7]&amp#27;[0m&amp#27;[38;5;229m[ADB]&amp#27;[0m Reading package manifest: ''C:\\Users\\Harsh Vardhan Singh\\AppData\\Local\\Android\\Sdk\\build-tools\\35.0.0\\aapt2.exe' dump badging 'C:\\Users\\Harsh Vardhan Singh\\.appium\\node_modules\\appium-uiautomator2-driver\\node_modules\\io.appium.settings\\apks\\settings_apk-debug.apk''
&amp#27;[38;5;147m[401eeab7]&amp#27;[0m&amp#27;[38;5;229m[ADB]&amp#27;[0m The version name of the installed 'io.appium.settings' is greater or equal to the application version name ('5.12.16' >= '5.12.16')
&amp#27;[38;5;147m[401eeab7]&amp#27;[0m&amp#27;[38;5;229m[ADB]&amp#27;[0m There is no need to install/upgrade 'C:\Users\Harsh Vardhan Singh\.appium\node_modules\appium-uiautomator2-driver\node_modules\io.appium.settings\apks\settings_apk-debug.apk'
&amp#27;[38;5;147m[401eeab7]&amp#27;[0m&amp#27;[38;5;229m[ADB]&amp#27;[0m Running 'C:\Users\Harsh Vardhan Singh\AppData\Local\Android\Sdk\platform-tools\adb.exe -P 5037 -s emulator-5554 shell dumpsys activity services io.appium.settings'
&amp#27;[38;5;147m[401eeab7]&amp#27;[0m&amp#27;[38;5;-132m[AndroidUiautomator2Driver@7639]&amp#27;[0m io.appium.settings is already running. There is no need to reset its permissions.
&amp#27;[38;5;147m[401eeab7]&amp#27;[0m&amp#27;[38;5;160m[Logcat]&amp#27;[0m Starting logs capture with command: 'C:\\Users\\Harsh Vardhan Singh\\AppData\\Local\\Android\\Sdk\\platform-tools\\adb.exe' -P 5037 -s emulator-5554 logcat -v threadtime
&amp#27;[38;5;147m[401eeab7]&amp#27;[0m&amp#27;[38;5;-132m[AndroidUiautomator2Driver@7639]&amp#27;[0m Forwarding UiAutomator2 Server port 6790 to local port 8200
&amp#27;[38;5;147m[401eeab7]&amp#27;[0m&amp#27;[38;5;229m[ADB]&amp#27;[0m Forwarding system: 8200 to device: 6790
&amp#27;[38;5;147m[401eeab7]&amp#27;[0m&amp#27;[38;5;229m[ADB]&amp#27;[0m Running 'C:\Users\Harsh Vardhan Singh\AppData\Local\Android\Sdk\platform-tools\adb.exe -P 5037 -s emulator-5554 forward tcp:8200 tcp:6790'
&amp#27;[38;5;147m[401eeab7]&amp#27;[0m&amp#27;[38;5;229m[ADB]&amp#27;[0m Getting package info for 'io.appium.uiautomator2.server'
&amp#27;[38;5;147m[401eeab7]&amp#27;[0m&amp#27;[38;5;229m[ADB]&amp#27;[0m Running 'C:\Users\Harsh Vardhan Singh\AppData\Local\Android\Sdk\platform-tools\adb.exe -P 5037 -s emulator-5554 shell dumpsys package io.appium.uiautomator2.server'
&amp#27;[38;5;147m[401eeab7]&amp#27;[0m&amp#27;[38;5;229m[ADB]&amp#27;[0m Getting install status for io.appium.uiautomator2.server.test
&amp#27;[38;5;147m[401eeab7]&amp#27;[0m&amp#27;[38;5;229m[ADB]&amp#27;[0m Checking app cert for D:\Android Automation Framework\Android_Framework\App\General-Store.apk
&amp#27;[38;5;147m[401eeab7]&amp#27;[0m&amp#27;[38;5;229m[ADB]&amp#27;[0m Running 'C:\Users\Harsh Vardhan Singh\AppData\Local\Android\Sdk\platform-tools\adb.exe -P 5037 -s emulator-5554 shell cmd package list packages'
&amp#27;[38;5;147m[401eeab7]&amp#27;[0m&amp#27;[38;5;229m[ADB]&amp#27;[0m Using 'apksigner.jar' from 'C:\Users\Harsh Vardhan Singh\AppData\Local\Android\Sdk\build-tools\35.0.0\lib\apksigner.jar'
&amp#27;[38;5;147m[401eeab7]&amp#27;[0m&amp#27;[38;5;229m[ADB]&amp#27;[0m Starting apksigner: 'C:\\Program Files\\Common Files\\Oracle\\Java\\javapath\\java.exe' -Xmx1024M -Xss1m -jar 'C:\\Users\\Harsh Vardhan Singh\\AppData\\Local\\Android\\Sdk\\build-tools\\35.0.0\\lib\\apksigner.jar' verify --print-certs 'D:\\Android Automation Framework\\Android_Framework\\App\\General-Store.apk'
&amp#27;[38;5;147m[401eeab7]&amp#27;[0m&amp#27;[38;5;229m[ADB]&amp#27;[0m 'io.appium.uiautomator2.server.test' is installed
&amp#27;[38;5;147m[401eeab7]&amp#27;[0m&amp#27;[38;5;229m[ADB]&amp#27;[0m Reading package manifest: ''C:\\Users\\Harsh Vardhan Singh\\AppData\\Local\\Android\\Sdk\\build-tools\\35.0.0\\aapt2.exe' dump badging 'C:\\Users\\Harsh Vardhan Singh\\.appium\\node_modules\\appium-uiautomator2-driver\\node_modules\\appium-uiautomator2-server\\apks\\appium-uiautomator2-server-v7.1.1.apk''
&amp#27;[38;5;147m[401eeab7]&amp#27;[0m&amp#27;[38;5;229m[ADB]&amp#27;[0m The version name of the installed 'io.appium.uiautomator2.server' is greater or equal to the application version name ('7.1.1' >= '7.1.1')
&amp#27;[38;5;147m[401eeab7]&amp#27;[0m&amp#27;[38;5;-132m[AndroidUiautomator2Driver@7639]&amp#27;[0m Server packages status: [{"installState":"sameVersionInstalled","appPath":"C:\\Users\\Harsh Vardhan Singh\\.appium\\node_modules\\appium-uiautomator2-driver\\node_modules\\appium-uiautomator2-server\\apks\\appium-uiautomator2-server-v7.1.1.apk","appId":"io.appium.uiautomator2.server"},{"installState":"sameVersionInstalled","appPath":"C:\\Users\\Harsh Vardhan Singh\\.appium\\node_modules\\appium-uiautomator2-driver\\node_modules\\appium-uiautomator2-server\\apks\\appium-uiautomator2-server-debug-androidTest.apk","appId":"io.appium.uiautomator2.server.test"}]
&amp#27;[38;5;147m[401eeab7]&amp#27;[0m&amp#27;[38;5;-132m[AndroidUiautomator2Driver@7639]&amp#27;[0m Server packages are not going to be (re)installed
&amp#27;[38;5;147m[401eeab7]&amp#27;[0m&amp#27;[38;5;-132m[AndroidUiautomator2Driver@7639]&amp#27;[0m Waiting up to 30000ms for services to be available
&amp#27;[38;5;147m[401eeab7]&amp#27;[0m&amp#27;[38;5;229m[ADB]&amp#27;[0m Running 'C:\Users\Harsh Vardhan Singh\AppData\Local\Android\Sdk\platform-tools\adb.exe -P 5037 -s emulator-5554 shell pm list instrumentation'
&amp#27;[38;5;147m[401eeab7]&amp#27;[0m&amp#27;[38;5;-132m[AndroidUiautomator2Driver@7639]&amp#27;[0m Instrumentation target 'io.appium.uiautomator2.server.test/androidx.test.runner.AndroidJUnitRunner' is available
&amp#27;[38;5;147m[401eeab7]&amp#27;[0m&amp#27;[38;5;229m[ADB]&amp#27;[0m Adding packages ["io.appium.settings","io.appium.uiautomator2.server","io.appium.uiautomator2.server.test"] to Doze whitelist
&amp#27;[38;5;147m[401eeab7]&amp#27;[0m&amp#27;[38;5;229m[ADB]&amp#27;[0m Got the following command chunks to execute: [["dumpsys","deviceidle","whitelist","+io.appium.settings",";","dumpsys","deviceidle","whitelist","+io.appium.uiautomator2.server",";","dumpsys","deviceidle","whitelist","+io.appium.uiautomator2.server.test",";"]]
&amp#27;[38;5;147m[401eeab7]&amp#27;[0m&amp#27;[38;5;229m[ADB]&amp#27;[0m Running 'C:\Users\Harsh Vardhan Singh\AppData\Local\Android\Sdk\platform-tools\adb.exe -P 5037 -s emulator-5554 shell dumpsys deviceidle whitelist +io.appium.settings ; dumpsys deviceidle whitelist +io.appium.uiautomator2.server ; dumpsys deviceidle whitelist +io.appium.uiautomator2.server.test ;'
&amp#27;[38;5;147m[401eeab7]&amp#27;[0m&amp#27;[38;5;229m[ADB]&amp#27;[0m apksigner stdout: Signer #1 certificate DN: EMAILADDRESS=android@android.com, CN=Android, OU=Android, O=Android, L=Mountain View, ST=California, C=US
Signer #1 certificate SHA-256 digest: a40da80a59d170caa950cf15c18c454d47a39b26989d8b640ecd745ba71bf5dc
Signer #1 certificate SHA-1 digest: 61ed377e85d386a8dfee6b864bd85b0bfaa5af81
Signer #1 certificate MD5 digest: e89b158e4bcf988ebd09eb83f5378e87

&amp#27;[38;5;147m[401eeab7]&amp#27;[0m&amp#27;[38;5;229m[ADB]&amp#27;[0m sha256 hash did match for 'General-Store.apk'
&amp#27;[38;5;147m[401eeab7]&amp#27;[0m&amp#27;[38;5;229m[ADB]&amp#27;[0m 'D:\Android Automation Framework\Android_Framework\App\General-Store.apk' is signed with the default certificate
&amp#27;[38;5;147m[401eeab7]&amp#27;[0m&amp#27;[38;5;229m[ADB]&amp#27;[0m Getting package info for 'com.androidsample.generalstore'
&amp#27;[38;5;147m[401eeab7]&amp#27;[0m&amp#27;[38;5;229m[ADB]&amp#27;[0m Running 'C:\Users\Harsh Vardhan Singh\AppData\Local\Android\Sdk\platform-tools\adb.exe -P 5037 -s emulator-5554 shell dumpsys package com.androidsample.generalstore'
&amp#27;[38;5;147m[401eeab7]&amp#27;[0m&amp#27;[38;5;229m[ADB]&amp#27;[0m Reading package manifest: ''C:\\Users\\Harsh Vardhan Singh\\AppData\\Local\\Android\\Sdk\\build-tools\\35.0.0\\aapt2.exe' dump badging 'D:\\Android Automation Framework\\Android_Framework\\App\\General-Store.apk''
&amp#27;[38;5;147m[401eeab7]&amp#27;[0m&amp#27;[38;5;229m[ADB]&amp#27;[0m The version name of the installed 'com.androidsample.generalstore' is greater or equal to the application version name ('1.0.0' >= '1.0.0')
&amp#27;[38;5;147m[401eeab7]&amp#27;[0m&amp#27;[38;5;229m[ADB]&amp#27;[0m There is no need to install/upgrade 'D:\Android Automation Framework\Android_Framework\App\General-Store.apk'
&amp#27;[38;5;147m[401eeab7]&amp#27;[0m&amp#27;[38;5;-132m[AndroidUiautomator2Driver@7639]&amp#27;[0m Performing fast reset on 'com.androidsample.generalstore'
&amp#27;[38;5;147m[401eeab7]&amp#27;[0m&amp#27;[38;5;229m[ADB]&amp#27;[0m Getting install status for com.androidsample.generalstore
&amp#27;[38;5;147m[401eeab7]&amp#27;[0m&amp#27;[38;5;229m[ADB]&amp#27;[0m Running 'C:\Users\Harsh Vardhan Singh\AppData\Local\Android\Sdk\platform-tools\adb.exe -P 5037 -s emulator-5554 shell cmd package list packages'
&amp#27;[38;5;147m[401eeab7]&amp#27;[0m&amp#27;[38;5;229m[ADB]&amp#27;[0m 'com.androidsample.generalstore' is installed
&amp#27;[38;5;147m[401eeab7]&amp#27;[0m&amp#27;[38;5;229m[ADB]&amp#27;[0m Running 'C:\Users\Harsh Vardhan Singh\AppData\Local\Android\Sdk\platform-tools\adb.exe -P 5037 -s emulator-5554 shell am force-stop com.androidsample.generalstore'
&amp#27;[38;5;147m[401eeab7]&amp#27;[0m&amp#27;[38;5;229m[ADB]&amp#27;[0m Running 'C:\Users\Harsh Vardhan Singh\AppData\Local\Android\Sdk\platform-tools\adb.exe -P 5037 -s emulator-5554 shell pm clear com.androidsample.generalstore'
&amp#27;[38;5;147m[401eeab7]&amp#27;[0m&amp#27;[38;5;-132m[AndroidUiautomator2Driver@7639]&amp#27;[0m Performed fast reset on the installed 'com.androidsample.generalstore' application (stop and clear)
&amp#27;[38;5;147m[401eeab7]&amp#27;[0m&amp#27;[38;5;-132m[AndroidUiautomator2Driver@7639]&amp#27;[0m Performing shallow cleanup of automation leftovers
&amp#27;[38;5;147m[401eeab7]&amp#27;[0m&amp#27;[38;5;-132m[AndroidUiautomator2Driver@7639]&amp#27;[0m No obsolete sessions have been detected (socket hang up)
&amp#27;[38;5;147m[401eeab7]&amp#27;[0m&amp#27;[38;5;229m[ADB]&amp#27;[0m Running 'C:\Users\Harsh Vardhan Singh\AppData\Local\Android\Sdk\platform-tools\adb.exe -P 5037 -s emulator-5554 shell am force-stop io.appium.uiautomator2.server'
&amp#27;[38;5;147m[401eeab7]&amp#27;[0m&amp#27;[38;5;229m[ADB]&amp#27;[0m Running 'C:\Users\Harsh Vardhan Singh\AppData\Local\Android\Sdk\platform-tools\adb.exe -P 5037 -s emulator-5554 shell am force-stop io.appium.uiautomator2.server.test'
&amp#27;[38;5;147m[401eeab7]&amp#27;[0m&amp#27;[38;5;-132m[AndroidUiautomator2Driver@7639]&amp#27;[0m Starting UIAutomator2 server 7.1.1
&amp#27;[38;5;147m[401eeab7]&amp#27;[0m&amp#27;[38;5;-132m[AndroidUiautomator2Driver@7639]&amp#27;[0m Using UIAutomator2 server from 'C:\Users\Harsh Vardhan Singh\.appium\node_modules\appium-uiautomator2-driver\node_modules\appium-uiautomator2-server\apks\appium-uiautomator2-server-v7.1.1.apk' and test from 'C:\Users\Harsh Vardhan Singh\.appium\node_modules\appium-uiautomator2-driver\node_modules\appium-uiautomator2-server\apks\appium-uiautomator2-server-debug-androidTest.apk'
&amp#27;[38;5;147m[401eeab7]&amp#27;[0m&amp#27;[38;5;-132m[AndroidUiautomator2Driver@7639]&amp#27;[0m Waiting up to 30000ms for UiAutomator2 to be online...
&amp#27;[38;5;147m[401eeab7]&amp#27;[0m&amp#27;[38;5;229m[ADB]&amp#27;[0m Creating ADB subprocess with args: ["-P","5037","-s","emulator-5554","shell","am","instrument","-w","-e","disableAnalytics","true","io.appium.uiautomator2.server.test/androidx.test.runner.AndroidJUnitRunner"]
&amp#27;[38;5;147m[401eeab7]&amp#27;[0m&amp#27;[38;5;-132m[AndroidUiautomator2Driver@7639]&amp#27;[0m Matched '/status' to command name 'getStatus'
&amp#27;[38;5;147m[401eeab7]&amp#27;[0m&amp#27;[38;5;-132m[AndroidUiautomator2Driver@7639]&amp#27;[0m Proxying [GET /status] to [GET http://127.0.0.1:8200/status] with no body
&amp#27;[38;5;147m[401eeab7]&amp#27;[0m&amp#27;[38;5;-132m[AndroidUiautomator2Driver@7639]&amp#27;[0m socket hang up
&amp#27;[38;5;147m[401eeab7]&amp#27;[0m&amp#27;[38;5;-132m[AndroidUiautomator2Driver@7639]&amp#27;[0m [Instrumentation] 
&amp#27;[38;5;147m[401eeab7]&amp#27;[0m&amp#27;[38;5;-132m[AndroidUiautomator2Driver@7639]&amp#27;[0m Matched '/status' to command name 'getStatus'
&amp#27;[38;5;147m[401eeab7]&amp#27;[0m&amp#27;[38;5;-132m[AndroidUiautomator2Driver@7639]&amp#27;[0m Proxying [GET /status] to [GET http://127.0.0.1:8200/status] with no body
&amp#27;[38;5;147m[401eeab7]&amp#27;[0m&amp#27;[38;5;-132m[AndroidUiautomator2Driver@7639]&amp#27;[0m socket hang up
&amp#27;[38;5;147m[401eeab7]&amp#27;[0m&amp#27;[38;5;-132m[AndroidUiautomator2Driver@7639]&amp#27;[0m Matched '/status' to command name 'getStatus'
&amp#27;[38;5;147m[401eeab7]&amp#27;[0m&amp#27;[38;5;-132m[AndroidUiautomator2Driver@7639]&amp#27;[0m Proxying [GET /status] to [GET http://127.0.0.1:8200/status] with no body
&amp#27;[38;5;147m[401eeab7]&amp#27;[0m&amp#27;[38;5;-132m[AndroidUiautomator2Driver@7639]&amp#27;[0m Got response with status 200: {"sessionId":"None","value":{"message":"UiAutomator2 Server is ready to accept commands","ready":true}}
&amp#27;[38;5;147m[401eeab7]&amp#27;[0m&amp#27;[38;5;-132m[AndroidUiautomator2Driver@7639]&amp#27;[0m The initialization of the instrumentation process took 2175ms
&amp#27;[38;5;147m[401eeab7]&amp#27;[0m&amp#27;[38;5;-132m[AndroidUiautomator2Driver@7639]&amp#27;[0m Matched '/session' to command name 'createSession'
&amp#27;[38;5;147m[401eeab7]&amp#27;[0m&amp#27;[38;5;-132m[AndroidUiautomator2Driver@7639]&amp#27;[0m Proxying [POST /session] to [POST http://127.0.0.1:8200/session] with body: {"capabilities":{"firstMatch":[{"platformName":"ANDROID","chromedriverUseSystemExecutable":true,"deviceName":"emulator-5554","automationName":"UIAutomator2","app":"D:\\Android Automation Framework\\Android_Framework\\App\\General-Store.apk","platform":"LINUX","webStorageEnabled":false,"takesScreenshot":true,"javascriptEnabled":true,"databaseEnabled":false,"networkConnectionEnabled":true,"locationContextEnabled":false,"warnings":{},"desired":{"platformName":"ANDROID","chromedriverUseSystemExecutable":true,"deviceName":"HarshEmulator","automationName":"UIAutomator2","app":"D:\\Android Automation Framework\\Android_Framework\\App\\General-Store.apk"},"deviceUDID":"emulator-5554","appPackage":"com.androidsample.generalstore"}],"alwaysMatch":{}}}
&amp#27;[38;5;147m[401eeab7]&amp#27;[0m&amp#27;[38;5;-132m[AndroidUiautomator2Driver@7639]&amp#27;[0m Got response with status 200: {"sessionId":"df998279-dd8f-4f95-aed1-c9f2098dcb06","value":{"capabilities":{"firstMatch":[{"platformName":"ANDROID","chromedriverUseSystemExecutable":true,"deviceName":"emulator-5554","automationName":"UIAutomator2","app":"D:\\Android Automation Framework\\Android_Framework\\App\\General-Store.apk","platform":"LINUX","webStorageEnabled":false,"takesScreenshot":true,"javascriptEnabled":true,"databaseEnabled":false,"networkConnectionEnabled":true,"locationContextEnabled":false,"warnings":{},"desired":{"platformName":"ANDROID","chromedriverUseSystemExecutable":true,"deviceName":"HarshEmulator","automationName":"UIAutomator2","app":"D:\\Android Automation Framework\\Android_Framework\\App\\General-Store.apk"},"deviceUDID":"emulator-5554","appPackage":"com.androidsample.generalstore"}],"alwaysMatch":{}},"sessionId":"df998279-dd8f-4f95-aed1-c9f2098dcb06"}}
&amp#27;[38;5;147m[401eeab7]&amp#27;[0m&amp#27;[38;5;-132m[AndroidUiautomator2Driver@7639]&amp#27;[0m Determined the downstream protocol as 'W3C'
&amp#27;[38;5;147m[401eeab7]&amp#27;[0m&amp#27;[38;5;-132m[AndroidUiautomator2Driver@7639]&amp#27;[0m Proxying [GET /appium/device/pixel_ratio] to [GET http://127.0.0.1:8200/session/df998279-dd8f-4f95-aed1-c9f2098dcb06/appium/device/pixel_ratio] with no body
&amp#27;[38;5;147m[401eeab7]&amp#27;[0m&amp#27;[38;5;-132m[AndroidUiautomator2Driver@7639]&amp#27;[0m Matched '/appium/device/system_bars' to command name 'getSystemBars'
&amp#27;[38;5;147m[401eeab7]&amp#27;[0m&amp#27;[38;5;-132m[AndroidUiautomator2Driver@7639]&amp#27;[0m Proxying [GET /appium/device/system_bars] to [GET http://127.0.0.1:8200/session/df998279-dd8f-4f95-aed1-c9f2098dcb06/appium/device/system_bars] with no body
&amp#27;[38;5;147m[401eeab7]&amp#27;[0m&amp#27;[38;5;-132m[AndroidUiautomator2Driver@7639]&amp#27;[0m Matched '/window/current/size' to command name 'getWindowSize'
&amp#27;[38;5;147m[401eeab7]&amp#27;[0m&amp#27;[38;5;-132m[AndroidUiautomator2Driver@7639]&amp#27;[0m Proxying [GET /window/current/size] to [GET http://127.0.0.1:8200/session/df998279-dd8f-4f95-aed1-c9f2098dcb06/window/current/size] with no body
&amp#27;[38;5;147m[401eeab7]&amp#27;[0m&amp#27;[38;5;-132m[AndroidUiautomator2Driver@7639]&amp#27;[0m Proxying [GET /appium/device/info] to [GET http://127.0.0.1:8200/session/df998279-dd8f-4f95-aed1-c9f2098dcb06/appium/device/info] with no body
&amp#27;[38;5;147m[401eeab7]&amp#27;[0m&amp#27;[38;5;229m[ADB]&amp#27;[0m Running 'C:\Users\Harsh Vardhan Singh\AppData\Local\Android\Sdk\platform-tools\adb.exe -P 5037 -s emulator-5554 shell dumpsys window'
&amp#27;[38;5;147m[401eeab7]&amp#27;[0m&amp#27;[38;5;229m[ADB]&amp#27;[0m Running 'C:\Users\Harsh Vardhan Singh\AppData\Local\Android\Sdk\platform-tools\adb.exe -P 5037 -s emulator-5554 shell dumpsys power'
&amp#27;[38;5;147m[401eeab7]&amp#27;[0m&amp#27;[38;5;-132m[AndroidUiautomator2Driver@7639]&amp#27;[0m Got response with status 200: {"sessionId":"df998279-dd8f-4f95-aed1-c9f2098dcb06","value":2.75}
&amp#27;[38;5;147m[401eeab7]&amp#27;[0m&amp#27;[38;5;-132m[AndroidUiautomator2Driver@7639]&amp#27;[0m Got response with status 200: {"sessionId":"df998279-dd8f-4f95-aed1-c9f2098dcb06","value":{"statusBar":83}}
&amp#27;[38;5;147m[401eeab7]&amp#27;[0m&amp#27;[38;5;-132m[AndroidUiautomator2Driver@7639]&amp#27;[0m Got response with status 200: {"sessionId":"df998279-dd8f-4f95-aed1-c9f2098dcb06","value":{"height":2280,"width":1080}}
&amp#27;[38;5;147m[401eeab7]&amp#27;[0m&amp#27;[38;5;-132m[AndroidUiautomator2Driver@7639]&amp#27;[0m Screen already unlocked, doing nothing
&amp#27;[38;5;147m[401eeab7]&amp#27;[0m&amp#27;[38;5;-132m[AndroidUiautomator2Driver@7639]&amp#27;[0m Starting 'com.androidsample.generalstore/com.androidsample.generalstore.SplashActivity and waiting for 'com.androidsample.generalstore/com.androidsample.generalstore.SplashActivity'
&amp#27;[38;5;147m[401eeab7]&amp#27;[0m&amp#27;[38;5;229m[ADB]&amp#27;[0m Running 'C:\Users\Harsh Vardhan Singh\AppData\Local\Android\Sdk\platform-tools\adb.exe -P 5037 -s emulator-5554 shell am start -W -n com.androidsample.generalstore/com.androidsample.generalstore.SplashActivity -S -a android.intent.action.MAIN -c android.intent.category.LAUNCHER -f 0x10200000'
&amp#27;[38;5;147m[401eeab7]&amp#27;[0m&amp#27;[38;5;-132m[AndroidUiautomator2Driver@7639]&amp#27;[0m Got response with status 200: {"sessionId":"df998279-dd8f-4f95-aed1-c9f2098dcb06","value":{"androidId":"1ff6e7570d05646c","apiVersion":"35","bluetooth":{"state":"ON"},"brand":"google","carrierName":"T-Mobile","displayDensity":440,"locale":"en_US","manufacturer":"Google","model":"sdk_gphone64_x86_64","networks":[{"capabilities":{"SSID":null,"linkDownBandwidthKbps":4300,"linkUpstreamBandwidthKbps":1800,"networkCapabilities":"NET_CAPABILITY_MMS,NET_CAPABILITY_SUPL,NET_CAPABILITY_IA,NET_CAPABILITY_XCAP,NET_CAPABILITY_INTERNET,NET_CAPABILITY_NOT_RESTRICTED,NET_CAPABILITY_TRUSTED,NET_CAPABILITY_NOT_VPN,NET_CAPABILITY_VALIDATED,NET_CAPABILITY_NOT_ROAMING,NET_CAPABILITY_NOT_CONGESTED,NET_CAPABILITY_NOT_SUSPENDED","signalStrength":-2147483648,"transportTypes":"TRANSPORT_CELLULAR"},"detailedState":"CONNECTED","extraInfo":"fast.t-mobile.com","isAvailable":true,"isConnected":true,"isFailover":false,"isRoaming":false,"state":"CONNECTED","subtype":10,"subtypeName":"HSPA","type":0,"typeName":"MOBILE"},{"capabilities":{"SSID":null,"linkDownBandwidthKb...
&amp#27;[38;5;147m[401eeab7]&amp#27;[0m&amp#27;[38;5;229m[ADB]&amp#27;[0m Waiting up to 20000ms for activity matching pkg: 'com.androidsample.generalstore' and activity: 'com.androidsample.generalstore.SplashActivity' to be focused
&amp#27;[38;5;147m[401eeab7]&amp#27;[0m&amp#27;[38;5;229m[ADB]&amp#27;[0m Possible activities, to be checked: 'com.androidsample.generalstore.SplashActivity', 'com.androidsample.generalstore.com.androidsample.generalstore.SplashActivity'
&amp#27;[38;5;147m[401eeab7]&amp#27;[0m&amp#27;[38;5;229m[ADB]&amp#27;[0m Getting focused package and activity
&amp#27;[38;5;147m[401eeab7]&amp#27;[0m&amp#27;[38;5;229m[ADB]&amp#27;[0m Running 'C:\Users\Harsh Vardhan Singh\AppData\Local\Android\Sdk\platform-tools\adb.exe -P 5037 -s emulator-5554 shell dumpsys window displays'
&amp#27;[38;5;147m[401eeab7]&amp#27;[0m&amp#27;[38;5;229m[ADB]&amp#27;[0m Found package: 'com.androidsample.generalstore' and fully qualified activity name : 'com.androidsample.generalstore.SplashActivity'
&amp#27;[38;5;147m[401eeab7]&amp#27;[0m&amp#27;[38;5;17m[AppiumDriver@f818]&amp#27;[0m New AndroidUiautomator2Driver session created successfully, session 401eeab7-9725-4285-8dc7-bd8b07cbae2f added to master session list
&amp#27;[38;5;147m[401eeab7]&amp#27;[0m&amp#27;[38;5;17m[AppiumDriver@f818]&amp#27;[0m Event 'newSessionStarted' logged at 1732112550224 (19:52:30 GMT+0530 (India Standard Time))
&amp#27;[38;5;147m[401eeab7]&amp#27;[0m&amp#27;[38;5;-132m[AndroidUiautomator2Driver@7639]&amp#27;[0m Cached the protocol value 'W3C' for the new session 401eeab7-9725-4285-8dc7-bd8b07cbae2f
&amp#27;[38;5;147m[401eeab7]&amp#27;[0m&amp#27;[38;5;-132m[AndroidUiautomator2Driver@7639]&amp#27;[0m Responding to client with driver.createSession() result: {"capabilities":{"platformName":"ANDROID","chromedriverUseSystemExecutable":true,"deviceName":"emulator-5554","automationName":"UIAutomator2","app":"D:\\Android Automation Framework\\Android_Framework\\App\\General-Store.apk","platform":"LINUX","webStorageEnabled":false,"takesScreenshot":true,"javascriptEnabled":true,"databaseEnabled":false,"networkConnectionEnabled":true,"locationContextEnabled":false,"warnings":{},"desired":{"platformName":"ANDROID","chromedriverUseSystemExecutable":true,"deviceName":"HarshEmulator","automationName":"UIAutomator2","app":"D:\\Android Automation Framework\\Android_Framework\\App\\General-Store.apk"},"deviceUDID":"emulator-5554","appPackage":"com.androidsample.generalstore","pixelRatio":"2.75","statBarHeight":83,"viewportRect":{"left":0,"top":83,"width":1080,"height":2197},"deviceApiLevel":35,"platformVersion":"15","deviceManufacturer":"Google","deviceModel":"sdk_gphone64_x86_64","deviceScreenSize":"1080x2280","deviceScreenDensity":440}}
&amp#27;[38;5;147m[401eeab7]&amp#27;[0m&amp#27;[38;5;86m[HTTP]&amp#27;[0m &amp#27;[37m<-- POST /session &amp#27;[39m&amp#27;[32m200&amp#27;[39m &amp#27;[90m4326 ms - 1045&amp#27;[39m &amp#27;[90m&amp#27;[39m
&amp#27;[38;5;147m[401eeab7]&amp#27;[0m&amp#27;[38;5;86m[HTTP]&amp#27;[0m &amp#27;[37m-->&amp#27;[39m &amp#27;[37mPOST&amp#27;[39m &amp#27;[37m/session/401eeab7-9725-4285-8dc7-bd8b07cbae2f/timeouts&amp#27;[39m &amp#27;[90m{"implicit":20000}&amp#27;[39m
&amp#27;[38;5;147m[401eeab7]&amp#27;[0m&amp#27;[38;5;-132m[AndroidUiautomator2Driver@7639]&amp#27;[0m Calling AppiumDriver.timeouts() with args: [null,null,null,null,20000,"401eeab7-9725-4285-8dc7-bd8b07cbae2f"]
&amp#27;[38;5;147m[401eeab7]&amp#27;[0m&amp#27;[38;5;-132m[AndroidUiautomator2Driver@7639]&amp#27;[0m W3C timeout argument: {"implicit":20000}}
&amp#27;[38;5;147m[401eeab7]&amp#27;[0m&amp#27;[38;5;-132m[AndroidUiautomator2Driver@7639]&amp#27;[0m Set implicit wait to 20000ms
&amp#27;[38;5;147m[401eeab7]&amp#27;[0m&amp#27;[38;5;-132m[AndroidUiautomator2Driver@7639]&amp#27;[0m Responding to client with driver.timeouts() result: null
&amp#27;[38;5;147m[401eeab7]&amp#27;[0m&amp#27;[38;5;86m[HTTP]&amp#27;[0m &amp#27;[37m<-- POST /session/401eeab7-9725-4285-8dc7-bd8b07cbae2f/timeouts &amp#27;[39m&amp#27;[32m200&amp#27;[39m &amp#27;[90m2 ms - 14&amp#27;[39m &amp#27;[90m&amp#27;[39m
&amp#27;[38;5;147m[401eeab7]&amp#27;[0m&amp#27;[38;5;86m[HTTP]&amp#27;[0m &amp#27;[37m-->&amp#27;[39m &amp#27;[37mGET&amp#27;[39m &amp#27;[37m/session/401eeab7-9725-4285-8dc7-bd8b07cbae2f/context&amp#27;[39m &amp#27;[90m{}&amp#27;[39m
&amp#27;[38;5;147m[401eeab7]&amp#27;[0m&amp#27;[38;5;-132m[AndroidUiautomator2Driver@7639]&amp#27;[0m Calling AppiumDriver.getCurrentContext() with args: ["401eeab7-9725-4285-8dc7-bd8b07cbae2f"]
&amp#27;[38;5;147m[401eeab7]&amp#27;[0m&amp#27;[38;5;-132m[AndroidUiautomator2Driver@7639]&amp#27;[0m Responding to client with driver.getCurrentContext() result: "NATIVE_APP"
&amp#27;[38;5;147m[401eeab7]&amp#27;[0m&amp#27;[38;5;86m[HTTP]&amp#27;[0m &amp#27;[37m<-- GET /session/401eeab7-9725-4285-8dc7-bd8b07cbae2f/context &amp#27;[39m&amp#27;[32m200&amp#27;[39m &amp#27;[90m3 ms - 22&amp#27;[39m &amp#27;[90m&amp#27;[39m
&amp#27;[38;5;147m[401eeab7]&amp#27;[0m&amp#27;[38;5;86m[HTTP]&amp#27;[0m &amp#27;[37m-->&amp#27;[39m &amp#27;[37mPOST&amp#27;[39m &amp#27;[37m/session/401eeab7-9725-4285-8dc7-bd8b07cbae2f/element&amp#27;[39m &amp#27;[90m{"value":"com.androidsample.generalstore:id/nameField","using":"id"}&amp#27;[39m
&amp#27;[38;5;147m[401eeab7]&amp#27;[0m&amp#27;[38;5;-132m[AndroidUiautomator2Driver@7639]&amp#27;[0m Calling AppiumDriver.findElement() with args: ["id","com.androidsample.generalstore:id/nameField","401eeab7-9725-4285-8dc7-bd8b07cbae2f"]
&amp#27;[38;5;147m[401eeab7]&amp#27;[0m&amp#27;[38;5;-132m[AndroidUiautomator2Driver@7639]&amp#27;[0m Valid locator strategies for this request: xpath, id, class name, accessibility id, css selector, -android uiautomator
&amp#27;[38;5;147m[401eeab7]&amp#27;[0m&amp#27;[38;5;-132m[AndroidUiautomator2Driver@7639]&amp#27;[0m Waiting up to 20000 ms for condition
&amp#27;[38;5;147m[401eeab7]&amp#27;[0m&amp#27;[38;5;-132m[AndroidUiautomator2Driver@7639]&amp#27;[0m Matched '/element' to command name 'findElement'
&amp#27;[38;5;147m[401eeab7]&amp#27;[0m&amp#27;[38;5;-132m[AndroidUiautomator2Driver@7639]&amp#27;[0m Proxying [POST /element] to [POST http://127.0.0.1:8200/session/df998279-dd8f-4f95-aed1-c9f2098dcb06/element] with body: {"strategy":"id","selector":"com.androidsample.generalstore:id/nameField","context":"","multiple":false}
&amp#27;[38;5;147m[401eeab7]&amp#27;[0m&amp#27;[38;5;-132m[AndroidUiautomator2Driver@7639]&amp#27;[0m Got response with status 404: {"sessionId":"df998279-dd8f-4f95-aed1-c9f2098dcb06","value":{"error":"no such element","message":"An element could not be located on the page using the given search parameters","stacktrace":"io.appium.uiautomator2.common.exceptions.ElementNotFoundException: An element could not be located on the page using the given search parameters\n\tat io.appium.uiautomator2.handler.FindElement.safeHandle(FindElement.java:63)\n\tat io.appium.uiautomator2.handler.request.SafeRequestHandler.handle(SafeRequestHandler.java:59)\n\tat io.appium.uiautomator2.server.AppiumServlet.handleRequest(AppiumServlet.java:259)\n\tat io.appium.uiautomator2.server.AppiumServlet.handleHttpRequest(AppiumServlet.java:253)\n\tat io.appium.uiautomator2.http.ServerHandler.channelRead(ServerHandler.java:77)\n\tat io.netty.channel.AbstractChannelHandlerContext.invokeChannelRead(AbstractChannelHandlerContext.java:366)\n\tat io.netty.channel.AbstractChannelHandlerContext.invokeChannelRead(AbstractChannelHandlerContext.java:352)\n\tat io.netty.chann...
&amp#27;[38;5;147m[401eeab7]&amp#27;[0m&amp#27;[38;5;123m[W3C]&amp#27;[0m Matched W3C error code 'no such element' to NoSuchElementError
&amp#27;[38;5;147m[401eeab7]&amp#27;[0m&amp#27;[38;5;-132m[AndroidUiautomator2Driver@7639]&amp#27;[0m Waited for 735 ms so far
&amp#27;[38;5;147m[401eeab7]&amp#27;[0m&amp#27;[38;5;-132m[AndroidUiautomator2Driver@7639]&amp#27;[0m Matched '/element' to command name 'findElement'
&amp#27;[38;5;147m[401eeab7]&amp#27;[0m&amp#27;[38;5;-132m[AndroidUiautomator2Driver@7639]&amp#27;[0m Proxying [POST /element] to [POST http://127.0.0.1:8200/session/df998279-dd8f-4f95-aed1-c9f2098dcb06/element] with body: {"strategy":"id","selector":"com.androidsample.generalstore:id/nameField","context":"","multiple":false}
&amp#27;[38;5;147m[401eeab7]&amp#27;[0m&amp#27;[38;5;-132m[AndroidUiautomator2Driver@7639]&amp#27;[0m Got response with status 404: {"sessionId":"df998279-dd8f-4f95-aed1-c9f2098dcb06","value":{"error":"no such element","message":"An element could not be located on the page using the given search parameters","stacktrace":"io.appium.uiautomator2.common.exceptions.ElementNotFoundException: An element could not be located on the page using the given search parameters\n\tat io.appium.uiautomator2.handler.FindElement.safeHandle(FindElement.java:63)\n\tat io.appium.uiautomator2.handler.request.SafeRequestHandler.handle(SafeRequestHandler.java:59)\n\tat io.appium.uiautomator2.server.AppiumServlet.handleRequest(AppiumServlet.java:259)\n\tat io.appium.uiautomator2.server.AppiumServlet.handleHttpRequest(AppiumServlet.java:253)\n\tat io.appium.uiautomator2.http.ServerHandler.channelRead(ServerHandler.java:77)\n\tat io.netty.channel.AbstractChannelHandlerContext.invokeChannelRead(AbstractChannelHandlerContext.java:366)\n\tat io.netty.channel.AbstractChannelHandlerContext.invokeChannelRead(AbstractChannelHandlerContext.java:352)\n\tat io.netty.chann...
&amp#27;[38;5;147m[401eeab7]&amp#27;[0m&amp#27;[38;5;123m[W3C]&amp#27;[0m Matched W3C error code 'no such element' to NoSuchElementError
&amp#27;[38;5;147m[401eeab7]&amp#27;[0m&amp#27;[38;5;-132m[AndroidUiautomator2Driver@7639]&amp#27;[0m Waited for 1286 ms so far
&amp#27;[38;5;147m[401eeab7]&amp#27;[0m&amp#27;[38;5;-132m[AndroidUiautomator2Driver@7639]&amp#27;[0m Matched '/element' to command name 'findElement'
&amp#27;[38;5;147m[401eeab7]&amp#27;[0m&amp#27;[38;5;-132m[AndroidUiautomator2Driver@7639]&amp#27;[0m Proxying [POST /element] to [POST http://127.0.0.1:8200/session/df998279-dd8f-4f95-aed1-c9f2098dcb06/element] with body: {"strategy":"id","selector":"com.androidsample.generalstore:id/nameField","context":"","multiple":false}
&amp#27;[38;5;147m[401eeab7]&amp#27;[0m&amp#27;[38;5;-132m[AndroidUiautomator2Driver@7639]&amp#27;[0m Got response with status 404: {"sessionId":"df998279-dd8f-4f95-aed1-c9f2098dcb06","value":{"error":"no such element","message":"An element could not be located on the page using the given search parameters","stacktrace":"io.appium.uiautomator2.common.exceptions.ElementNotFoundException: An element could not be located on the page using the given search parameters\n\tat io.appium.uiautomator2.handler.FindElement.safeHandle(FindElement.java:63)\n\tat io.appium.uiautomator2.handler.request.SafeRequestHandler.handle(SafeRequestHandler.java:59)\n\tat io.appium.uiautomator2.server.AppiumServlet.handleRequest(AppiumServlet.java:259)\n\tat io.appium.uiautomator2.server.AppiumServlet.handleHttpRequest(AppiumServlet.java:253)\n\tat io.appium.uiautomator2.http.ServerHandler.channelRead(ServerHandler.java:77)\n\tat io.netty.channel.AbstractChannelHandlerContext.invokeChannelRead(AbstractChannelHandlerContext.java:366)\n\tat io.netty.channel.AbstractChannelHandlerContext.invokeChannelRead(AbstractChannelHandlerContext.java:352)\n\tat io.netty.chann...
&amp#27;[38;5;147m[401eeab7]&amp#27;[0m&amp#27;[38;5;123m[W3C]&amp#27;[0m Matched W3C error code 'no such element' to NoSuchElementError
&amp#27;[38;5;147m[401eeab7]&amp#27;[0m&amp#27;[38;5;-132m[AndroidUiautomator2Driver@7639]&amp#27;[0m Waited for 1815 ms so far
&amp#27;[38;5;147m[401eeab7]&amp#27;[0m&amp#27;[38;5;-132m[AndroidUiautomator2Driver@7639]&amp#27;[0m Matched '/element' to command name 'findElement'
&amp#27;[38;5;147m[401eeab7]&amp#27;[0m&amp#27;[38;5;-132m[AndroidUiautomator2Driver@7639]&amp#27;[0m Proxying [POST /element] to [POST http://127.0.0.1:8200/session/df998279-dd8f-4f95-aed1-c9f2098dcb06/element] with body: {"strategy":"id","selector":"com.androidsample.generalstore:id/nameField","context":"","multiple":false}
&amp#27;[38;5;147m[401eeab7]&amp#27;[0m&amp#27;[38;5;-132m[AndroidUiautomator2Driver@7639]&amp#27;[0m Got response with status 404: {"sessionId":"df998279-dd8f-4f95-aed1-c9f2098dcb06","value":{"error":"no such element","message":"An element could not be located on the page using the given search parameters","stacktrace":"io.appium.uiautomator2.common.exceptions.ElementNotFoundException: An element could not be located on the page using the given search parameters\n\tat io.appium.uiautomator2.handler.FindElement.safeHandle(FindElement.java:63)\n\tat io.appium.uiautomator2.handler.request.SafeRequestHandler.handle(SafeRequestHandler.java:59)\n\tat io.appium.uiautomator2.server.AppiumServlet.handleRequest(AppiumServlet.java:259)\n\tat io.appium.uiautomator2.server.AppiumServlet.handleHttpRequest(AppiumServlet.java:253)\n\tat io.appium.uiautomator2.http.ServerHandler.channelRead(ServerHandler.java:77)\n\tat io.netty.channel.AbstractChannelHandlerContext.invokeChannelRead(AbstractChannelHandlerContext.java:366)\n\tat io.netty.channel.AbstractChannelHandlerContext.invokeChannelRead(AbstractChannelHandlerContext.java:352)\n\tat io.netty.chann...
&amp#27;[38;5;147m[401eeab7]&amp#27;[0m&amp#27;[38;5;123m[W3C]&amp#27;[0m Matched W3C error code 'no such element' to NoSuchElementError
&amp#27;[38;5;147m[401eeab7]&amp#27;[0m&amp#27;[38;5;-132m[AndroidUiautomator2Driver@7639]&amp#27;[0m Waited for 2366 ms so far
&amp#27;[38;5;147m[401eeab7]&amp#27;[0m&amp#27;[38;5;-132m[AndroidUiautomator2Driver@7639]&amp#27;[0m Matched '/element' to command name 'findElement'
&amp#27;[38;5;147m[401eeab7]&amp#27;[0m&amp#27;[38;5;-132m[AndroidUiautomator2Driver@7639]&amp#27;[0m Proxying [POST /element] to [POST http://127.0.0.1:8200/session/df998279-dd8f-4f95-aed1-c9f2098dcb06/element] with body: {"strategy":"id","selector":"com.androidsample.generalstore:id/nameField","context":"","multiple":false}
&amp#27;[38;5;147m[401eeab7]&amp#27;[0m&amp#27;[38;5;-132m[AndroidUiautomator2Driver@7639]&amp#27;[0m Got response with status 200: {"sessionId":"df998279-dd8f-4f95-aed1-c9f2098dcb06","value":{"ELEMENT":"00000000-0000-04d3-ffff-ffff0000001c","element-6066-11e4-a52e-4f735466cecf":"00000000-0000-04d3-ffff-ffff0000001c"}}
&amp#27;[38;5;147m[401eeab7]&amp#27;[0m&amp#27;[38;5;-132m[AndroidUiautomator2Driver@7639]&amp#27;[0m Responding to client with driver.findElement() result: {"element-6066-11e4-a52e-4f735466cecf":"00000000-0000-04d3-ffff-ffff0000001c","ELEMENT":"00000000-0000-04d3-ffff-ffff0000001c"}
&amp#27;[38;5;147m[401eeab7]&amp#27;[0m&amp#27;[38;5;86m[HTTP]&amp#27;[0m &amp#27;[37m<-- POST /session/401eeab7-9725-4285-8dc7-bd8b07cbae2f/element &amp#27;[39m&amp#27;[32m200&amp#27;[39m &amp#27;[90m4246 ms - 137&amp#27;[39m &amp#27;[90m&amp#27;[39m
&amp#27;[38;5;147m[401eeab7]&amp#27;[0m&amp#27;[38;5;86m[HTTP]&amp#27;[0m &amp#27;[37m-->&amp#27;[39m &amp#27;[37mPOST&amp#27;[39m &amp#27;[37m/session/401eeab7-9725-4285-8dc7-bd8b07cbae2f/element/00000000-0000-04d3-ffff-ffff0000001c/value&amp#27;[39m &amp#27;[90m{"text":"Jessica Lambert","value":["J","e","s","s","i","c","a"," ","L","a","m","b","e","r","t"],"id":"00000000-0000-04d3-ffff-ffff0000001c"}&amp#27;[39m
&amp#27;[38;5;147m[401eeab7]&amp#27;[0m&amp#27;[38;5;-132m[AndroidUiautomator2Driver@7639]&amp#27;[0m Calling AppiumDriver.setValue() with args: [["J","e","s","s","i","c","a"," ","L","a","m","b","e","r","t"],"00000000-0000-04d3-ffff-ffff0000001c","401eeab7-9725-4285-8dc7-bd8b07cbae2f"]
&amp#27;[38;5;147m[401eeab7]&amp#27;[0m&amp#27;[38;5;-132m[AndroidUiautomator2Driver@7639]&amp#27;[0m Matched '/element/00000000-0000-04d3-ffff-ffff0000001c/value' to command name 'setValue'
&amp#27;[38;5;147m[401eeab7]&amp#27;[0m&amp#27;[38;5;-132m[AndroidUiautomator2Driver@7639]&amp#27;[0m Added 'value' property ["J","e","s","s","i","c","a"," ","L","a","m","b","e","r","t"] to 'setValue' request body
&amp#27;[38;5;147m[401eeab7]&amp#27;[0m&amp#27;[38;5;-132m[AndroidUiautomator2Driver@7639]&amp#27;[0m Proxying [POST /element/00000000-0000-04d3-ffff-ffff0000001c/value] to [POST http://127.0.0.1:8200/session/df998279-dd8f-4f95-aed1-c9f2098dcb06/element/00000000-0000-04d3-ffff-ffff0000001c/value] with body: {"elementId":"00000000-0000-04d3-ffff-ffff0000001c","text":"Jessica Lambert","replace":false,"value":["J","e","s","s","i","c","a"," ","L","a","m","b","e","r","t"]}
&amp#27;[38;5;147m[401eeab7]&amp#27;[0m&amp#27;[38;5;-132m[AndroidUiautomator2Driver@7639]&amp#27;[0m Got response with status 200: {"sessionId":"df998279-dd8f-4f95-aed1-c9f2098dcb06","value":null}
&amp#27;[38;5;147m[401eeab7]&amp#27;[0m&amp#27;[38;5;-132m[AndroidUiautomator2Driver@7639]&amp#27;[0m Responding to client with driver.setValue() result: null
&amp#27;[38;5;147m[401eeab7]&amp#27;[0m&amp#27;[38;5;86m[HTTP]&amp#27;[0m &amp#27;[37m<-- POST /session/401eeab7-9725-4285-8dc7-bd8b07cbae2f/element/00000000-0000-04d3-ffff-ffff0000001c/value &amp#27;[39m&amp#27;[32m200&amp#27;[39m &amp#27;[90m554 ms - 14&amp#27;[39m &amp#27;[90m&amp#27;[39m
&amp#27;[38;5;147m[401eeab7]&amp#27;[0m&amp#27;[38;5;86m[HTTP]&amp#27;[0m &amp#27;[37m-->&amp#27;[39m &amp#27;[37mPOST&amp#27;[39m &amp#27;[37m/session/401eeab7-9725-4285-8dc7-bd8b07cbae2f/execute/sync&amp#27;[39m &amp#27;[90m{"script":"mobile: hideKeyboard","args":[]}&amp#27;[39m
&amp#27;[38;5;147m[401eeab7]&amp#27;[0m&amp#27;[38;5;-132m[AndroidUiautomator2Driver@7639]&amp#27;[0m Calling AppiumDriver.execute() with args: ["mobile: hideKeyboard",[],"401eeab7-9725-4285-8dc7-bd8b07cbae2f"]
&amp#27;[38;5;147m[401eeab7]&amp#27;[0m&amp#27;[38;5;-132m[AndroidUiautomator2Driver@7639]&amp#27;[0m Executing native command 'mobile: hideKeyboard'
&amp#27;[38;5;147m[401eeab7]&amp#27;[0m&amp#27;[38;5;229m[ADB]&amp#27;[0m Running 'C:\Users\Harsh Vardhan Singh\AppData\Local\Android\Sdk\platform-tools\adb.exe -P 5037 -s emulator-5554 shell dumpsys input_method'
&amp#27;[38;5;147m[401eeab7]&amp#27;[0m&amp#27;[38;5;229m[ADB]&amp#27;[0m Keyboard has no UI; no closing necessary
&amp#27;[38;5;147m[401eeab7]&amp#27;[0m&amp#27;[38;5;-132m[AndroidUiautomator2Driver@7639]&amp#27;[0m Responding to client with driver.execute() result: false
&amp#27;[38;5;147m[401eeab7]&amp#27;[0m&amp#27;[38;5;86m[HTTP]&amp#27;[0m &amp#27;[37m<-- POST /session/401eeab7-9725-4285-8dc7-bd8b07cbae2f/execute/sync &amp#27;[39m&amp#27;[32m200&amp#27;[39m &amp#27;[90m147 ms - 15&amp#27;[39m &amp#27;[90m&amp#27;[39m
&amp#27;[38;5;147m[401eeab7]&amp#27;[0m&amp#27;[38;5;86m[HTTP]&amp#27;[0m &amp#27;[37m-->&amp#27;[39m &amp#27;[37mGET&amp#27;[39m &amp#27;[37m/session/401eeab7-9725-4285-8dc7-bd8b07cbae2f/context&amp#27;[39m &amp#27;[90m{}&amp#27;[39m
&amp#27;[38;5;147m[401eeab7]&amp#27;[0m&amp#27;[38;5;-132m[AndroidUiautomator2Driver@7639]&amp#27;[0m Calling AppiumDriver.getCurrentContext() with args: ["401eeab7-9725-4285-8dc7-bd8b07cbae2f"]
&amp#27;[38;5;147m[401eeab7]&amp#27;[0m&amp#27;[38;5;-132m[AndroidUiautomator2Driver@7639]&amp#27;[0m Responding to client with driver.getCurrentContext() result: "NATIVE_APP"
&amp#27;[38;5;147m[401eeab7]&amp#27;[0m&amp#27;[38;5;86m[HTTP]&amp#27;[0m &amp#27;[37m<-- GET /session/401eeab7-9725-4285-8dc7-bd8b07cbae2f/context &amp#27;[39m&amp#27;[32m200&amp#27;[39m &amp#27;[90m1 ms - 22&amp#27;[39m &amp#27;[90m&amp#27;[39m
&amp#27;[38;5;147m[401eeab7]&amp#27;[0m&amp#27;[38;5;86m[HTTP]&amp#27;[0m &amp#27;[37m-->&amp#27;[39m &amp#27;[37mPOST&amp#27;[39m &amp#27;[37m/session/401eeab7-9725-4285-8dc7-bd8b07cbae2f/element&amp#27;[39m &amp#27;[90m{"value":"com.androidsample.generalstore:id/radioFemale","using":"id"}&amp#27;[39m
&amp#27;[38;5;147m[401eeab7]&amp#27;[0m&amp#27;[38;5;-132m[AndroidUiautomator2Driver@7639]&amp#27;[0m Calling AppiumDriver.findElement() with args: ["id","com.androidsample.generalstore:id/radioFemale","401eeab7-9725-4285-8dc7-bd8b07cbae2f"]
&amp#27;[38;5;147m[401eeab7]&amp#27;[0m&amp#27;[38;5;-132m[AndroidUiautomator2Driver@7639]&amp#27;[0m Valid locator strategies for this request: xpath, id, class name, accessibility id, css selector, -android uiautomator
&amp#27;[38;5;147m[401eeab7]&amp#27;[0m&amp#27;[38;5;-132m[AndroidUiautomator2Driver@7639]&amp#27;[0m Waiting up to 20000 ms for condition
&amp#27;[38;5;147m[401eeab7]&amp#27;[0m&amp#27;[38;5;-132m[AndroidUiautomator2Driver@7639]&amp#27;[0m Matched '/element' to command name 'findElement'
&amp#27;[38;5;147m[401eeab7]&amp#27;[0m&amp#27;[38;5;-132m[AndroidUiautomator2Driver@7639]&amp#27;[0m Proxying [POST /element] to [POST http://127.0.0.1:8200/session/df998279-dd8f-4f95-aed1-c9f2098dcb06/element] with body: {"strategy":"id","selector":"com.androidsample.generalstore:id/radioFemale","context":"","multiple":false}
&amp#27;[38;5;147m[401eeab7]&amp#27;[0m&amp#27;[38;5;-132m[AndroidUiautomator2Driver@7639]&amp#27;[0m Got response with status 200: {"sessionId":"df998279-dd8f-4f95-aed1-c9f2098dcb06","value":{"ELEMENT":"00000000-0000-04d3-ffff-ffff00000020","element-6066-11e4-a52e-4f735466cecf":"00000000-0000-04d3-ffff-ffff00000020"}}
&amp#27;[38;5;147m[401eeab7]&amp#27;[0m&amp#27;[38;5;-132m[AndroidUiautomator2Driver@7639]&amp#27;[0m Responding to client with driver.findElement() result: {"element-6066-11e4-a52e-4f735466cecf":"00000000-0000-04d3-ffff-ffff00000020","ELEMENT":"00000000-0000-04d3-ffff-ffff00000020"}
&amp#27;[38;5;147m[401eeab7]&amp#27;[0m&amp#27;[38;5;86m[HTTP]&amp#27;[0m &amp#27;[37m<-- POST /session/401eeab7-9725-4285-8dc7-bd8b07cbae2f/element &amp#27;[39m&amp#27;[32m200&amp#27;[39m &amp#27;[90m354 ms - 137&amp#27;[39m &amp#27;[90m&amp#27;[39m
&amp#27;[38;5;147m[401eeab7]&amp#27;[0m&amp#27;[38;5;86m[HTTP]&amp#27;[0m &amp#27;[37m-->&amp#27;[39m &amp#27;[37mPOST&amp#27;[39m &amp#27;[37m/session/401eeab7-9725-4285-8dc7-bd8b07cbae2f/element/00000000-0000-04d3-ffff-ffff00000020/click&amp#27;[39m &amp#27;[90m{"id":"00000000-0000-04d3-ffff-ffff00000020"}&amp#27;[39m
&amp#27;[38;5;147m[401eeab7]&amp#27;[0m&amp#27;[38;5;-132m[AndroidUiautomator2Driver@7639]&amp#27;[0m Calling AppiumDriver.click() with args: ["00000000-0000-04d3-ffff-ffff00000020","401eeab7-9725-4285-8dc7-bd8b07cbae2f"]
&amp#27;[38;5;147m[401eeab7]&amp#27;[0m&amp#27;[38;5;-132m[AndroidUiautomator2Driver@7639]&amp#27;[0m Matched '/element/00000000-0000-04d3-ffff-ffff00000020/click' to command name 'click'
&amp#27;[38;5;147m[401eeab7]&amp#27;[0m&amp#27;[38;5;-132m[AndroidUiautomator2Driver@7639]&amp#27;[0m Proxying [POST /element/00000000-0000-04d3-ffff-ffff00000020/click] to [POST http://127.0.0.1:8200/session/df998279-dd8f-4f95-aed1-c9f2098dcb06/element/00000000-0000-04d3-ffff-ffff00000020/click] with body: {"element":"00000000-0000-04d3-ffff-ffff00000020"}
&amp#27;[38;5;147m[401eeab7]&amp#27;[0m&amp#27;[38;5;-132m[AndroidUiautomator2Driver@7639]&amp#27;[0m Got response with status 200: {"sessionId":"df998279-dd8f-4f95-aed1-c9f2098dcb06","value":null}
&amp#27;[38;5;147m[401eeab7]&amp#27;[0m&amp#27;[38;5;-132m[AndroidUiautomator2Driver@7639]&amp#27;[0m Responding to client with driver.click() result: null
&amp#27;[38;5;147m[401eeab7]&amp#27;[0m&amp#27;[38;5;86m[HTTP]&amp#27;[0m &amp#27;[37m<-- POST /session/401eeab7-9725-4285-8dc7-bd8b07cbae2f/element/00000000-0000-04d3-ffff-ffff00000020/click &amp#27;[39m&amp#27;[32m200&amp#27;[39m &amp#27;[90m102 ms - 14&amp#27;[39m &amp#27;[90m&amp#27;[39m
&amp#27;[38;5;147m[401eeab7]&amp#27;[0m&amp#27;[38;5;86m[HTTP]&amp#27;[0m &amp#27;[37m-->&amp#27;[39m &amp#27;[37mGET&amp#27;[39m &amp#27;[37m/session/401eeab7-9725-4285-8dc7-bd8b07cbae2f/context&amp#27;[39m &amp#27;[90m{}&amp#27;[39m
&amp#27;[38;5;147m[401eeab7]&amp#27;[0m&amp#27;[38;5;-132m[AndroidUiautomator2Driver@7639]&amp#27;[0m Calling AppiumDriver.getCurrentContext() with args: ["401eeab7-9725-4285-8dc7-bd8b07cbae2f"]
&amp#27;[38;5;147m[401eeab7]&amp#27;[0m&amp#27;[38;5;-132m[AndroidUiautomator2Driver@7639]&amp#27;[0m Responding to client with driver.getCurrentContext() result: "NATIVE_APP"
&amp#27;[38;5;147m[401eeab7]&amp#27;[0m&amp#27;[38;5;86m[HTTP]&amp#27;[0m &amp#27;[37m<-- GET /session/401eeab7-9725-4285-8dc7-bd8b07cbae2f/context &amp#27;[39m&amp#27;[32m200&amp#27;[39m &amp#27;[90m1 ms - 22&amp#27;[39m &amp#27;[90m&amp#27;[39m
&amp#27;[38;5;147m[401eeab7]&amp#27;[0m&amp#27;[38;5;86m[HTTP]&amp#27;[0m &amp#27;[37m-->&amp#27;[39m &amp#27;[37mPOST&amp#27;[39m &amp#27;[37m/session/401eeab7-9725-4285-8dc7-bd8b07cbae2f/element&amp#27;[39m &amp#27;[90m{"value":"com.androidsample.generalstore:id/spinnerCountry","using":"id"}&amp#27;[39m
&amp#27;[38;5;147m[401eeab7]&amp#27;[0m&amp#27;[38;5;-132m[AndroidUiautomator2Driver@7639]&amp#27;[0m Calling AppiumDriver.findElement() with args: ["id","com.androidsample.generalstore:id/spinnerCountry","401eeab7-9725-4285-8dc7-bd8b07cbae2f"]
&amp#27;[38;5;147m[401eeab7]&amp#27;[0m&amp#27;[38;5;-132m[AndroidUiautomator2Driver@7639]&amp#27;[0m Valid locator strategies for this request: xpath, id, class name, accessibility id, css selector, -android uiautomator
&amp#27;[38;5;147m[401eeab7]&amp#27;[0m&amp#27;[38;5;-132m[AndroidUiautomator2Driver@7639]&amp#27;[0m Waiting up to 20000 ms for condition
&amp#27;[38;5;147m[401eeab7]&amp#27;[0m&amp#27;[38;5;-132m[AndroidUiautomator2Driver@7639]&amp#27;[0m Matched '/element' to command name 'findElement'
&amp#27;[38;5;147m[401eeab7]&amp#27;[0m&amp#27;[38;5;-132m[AndroidUiautomator2Driver@7639]&amp#27;[0m Proxying [POST /element] to [POST http://127.0.0.1:8200/session/df998279-dd8f-4f95-aed1-c9f2098dcb06/element] with body: {"strategy":"id","selector":"com.androidsample.generalstore:id/spinnerCountry","context":"","multiple":false}
&amp#27;[38;5;147m[401eeab7]&amp#27;[0m&amp#27;[38;5;-132m[AndroidUiautomator2Driver@7639]&amp#27;[0m Got response with status 200: {"sessionId":"df998279-dd8f-4f95-aed1-c9f2098dcb06","value":{"ELEMENT":"00000000-0000-04d3-ffff-ffff0000001a","element-6066-11e4-a52e-4f735466cecf":"00000000-0000-04d3-ffff-ffff0000001a"}}
&amp#27;[38;5;147m[401eeab7]&amp#27;[0m&amp#27;[38;5;-132m[AndroidUiautomator2Driver@7639]&amp#27;[0m Responding to client with driver.findElement() result: {"element-6066-11e4-a52e-4f735466cecf":"00000000-0000-04d3-ffff-ffff0000001a","ELEMENT":"00000000-0000-04d3-ffff-ffff0000001a"}
&amp#27;[38;5;147m[401eeab7]&amp#27;[0m&amp#27;[38;5;86m[HTTP]&amp#27;[0m &amp#27;[37m<-- POST /session/401eeab7-9725-4285-8dc7-bd8b07cbae2f/element &amp#27;[39m&amp#27;[32m200&amp#27;[39m &amp#27;[90m593 ms - 137&amp#27;[39m &amp#27;[90m&amp#27;[39m
&amp#27;[38;5;147m[401eeab7]&amp#27;[0m&amp#27;[38;5;86m[HTTP]&amp#27;[0m &amp#27;[37m-->&amp#27;[39m &amp#27;[37mPOST&amp#27;[39m &amp#27;[37m/session/401eeab7-9725-4285-8dc7-bd8b07cbae2f/element/00000000-0000-04d3-ffff-ffff0000001a/click&amp#27;[39m &amp#27;[90m{"id":"00000000-0000-04d3-ffff-ffff0000001a"}&amp#27;[39m
&amp#27;[38;5;147m[401eeab7]&amp#27;[0m&amp#27;[38;5;-132m[AndroidUiautomator2Driver@7639]&amp#27;[0m Calling AppiumDriver.click() with args: ["00000000-0000-04d3-ffff-ffff0000001a","401eeab7-9725-4285-8dc7-bd8b07cbae2f"]
&amp#27;[38;5;147m[401eeab7]&amp#27;[0m&amp#27;[38;5;-132m[AndroidUiautomator2Driver@7639]&amp#27;[0m Matched '/element/00000000-0000-04d3-ffff-ffff0000001a/click' to command name 'click'
&amp#27;[38;5;147m[401eeab7]&amp#27;[0m&amp#27;[38;5;-132m[AndroidUiautomator2Driver@7639]&amp#27;[0m Proxying [POST /element/00000000-0000-04d3-ffff-ffff0000001a/click] to [POST http://127.0.0.1:8200/session/df998279-dd8f-4f95-aed1-c9f2098dcb06/element/00000000-0000-04d3-ffff-ffff0000001a/click] with body: {"element":"00000000-0000-04d3-ffff-ffff0000001a"}
&amp#27;[38;5;147m[401eeab7]&amp#27;[0m&amp#27;[38;5;-132m[AndroidUiautomator2Driver@7639]&amp#27;[0m Got response with status 200: {"sessionId":"df998279-dd8f-4f95-aed1-c9f2098dcb06","value":null}
&amp#27;[38;5;147m[401eeab7]&amp#27;[0m&amp#27;[38;5;-132m[AndroidUiautomator2Driver@7639]&amp#27;[0m Responding to client with driver.click() result: null
&amp#27;[38;5;147m[401eeab7]&amp#27;[0m&amp#27;[38;5;86m[HTTP]&amp#27;[0m &amp#27;[37m<-- POST /session/401eeab7-9725-4285-8dc7-bd8b07cbae2f/element/00000000-0000-04d3-ffff-ffff0000001a/click &amp#27;[39m&amp#27;[32m200&amp#27;[39m &amp#27;[90m48 ms - 14&amp#27;[39m &amp#27;[90m&amp#27;[39m
&amp#27;[38;5;147m[401eeab7]&amp#27;[0m&amp#27;[38;5;86m[HTTP]&amp#27;[0m &amp#27;[37m-->&amp#27;[39m &amp#27;[37mPOST&amp#27;[39m &amp#27;[37m/session/401eeab7-9725-4285-8dc7-bd8b07cbae2f/element&amp#27;[39m &amp#27;[90m{"value":"new UiScrollable(new UiSelector()).scrollIntoView(text(\"Australia\"))","using":"-android uiautomator"}&amp#27;[39m
&amp#27;[38;5;147m[401eeab7]&amp#27;[0m&amp#27;[38;5;-132m[AndroidUiautomator2Driver@7639]&amp#27;[0m Calling AppiumDriver.findElement() with args: ["-android uiautomator","new UiScrollable(new UiSelector()).scrollIntoView(text(\"Australia\"))","401eeab7-9725-4285-8dc7-bd8b07cbae2f"]
&amp#27;[38;5;147m[401eeab7]&amp#27;[0m&amp#27;[38;5;-132m[AndroidUiautomator2Driver@7639]&amp#27;[0m Valid locator strategies for this request: xpath, id, class name, accessibility id, css selector, -android uiautomator
&amp#27;[38;5;147m[401eeab7]&amp#27;[0m&amp#27;[38;5;-132m[AndroidUiautomator2Driver@7639]&amp#27;[0m Waiting up to 20000 ms for condition
&amp#27;[38;5;147m[401eeab7]&amp#27;[0m&amp#27;[38;5;-132m[AndroidUiautomator2Driver@7639]&amp#27;[0m Matched '/element' to command name 'findElement'
&amp#27;[38;5;147m[401eeab7]&amp#27;[0m&amp#27;[38;5;-132m[AndroidUiautomator2Driver@7639]&amp#27;[0m Proxying [POST /element] to [POST http://127.0.0.1:8200/session/df998279-dd8f-4f95-aed1-c9f2098dcb06/element] with body: {"strategy":"-android uiautomator","selector":"new UiScrollable(new UiSelector()).scrollIntoView(text(\"Australia\"))","context":"","multiple":false}
&amp#27;[38;5;147m[401eeab7]&amp#27;[0m&amp#27;[38;5;-132m[AndroidUiautomator2Driver@7639]&amp#27;[0m Got response with status 200: {"sessionId":"df998279-dd8f-4f95-aed1-c9f2098dcb06","value":{"ELEMENT":"00000000-0000-04d4-ffff-ffff0000002b","element-6066-11e4-a52e-4f735466cecf":"00000000-0000-04d4-ffff-ffff0000002b"}}
&amp#27;[38;5;147m[401eeab7]&amp#27;[0m&amp#27;[38;5;-132m[AndroidUiautomator2Driver@7639]&amp#27;[0m Responding to client with driver.findElement() result: {"element-6066-11e4-a52e-4f735466cecf":"00000000-0000-04d4-ffff-ffff0000002b","ELEMENT":"00000000-0000-04d4-ffff-ffff0000002b"}
&amp#27;[38;5;147m[401eeab7]&amp#27;[0m&amp#27;[38;5;86m[HTTP]&amp#27;[0m &amp#27;[37m<-- POST /session/401eeab7-9725-4285-8dc7-bd8b07cbae2f/element &amp#27;[39m&amp#27;[32m200&amp#27;[39m &amp#27;[90m4090 ms - 137&amp#27;[39m &amp#27;[90m&amp#27;[39m
&amp#27;[38;5;147m[401eeab7]&amp#27;[0m&amp#27;[38;5;86m[HTTP]&amp#27;[0m &amp#27;[37m-->&amp#27;[39m &amp#27;[37mPOST&amp#27;[39m &amp#27;[37m/session/401eeab7-9725-4285-8dc7-bd8b07cbae2f/element&amp#27;[39m &amp#27;[90m{"value":"//android.widget.TextView[@resource-id= 'android:id/text1' and @text= 'Australia']","using":"xpath"}&amp#27;[39m
&amp#27;[38;5;147m[401eeab7]&amp#27;[0m&amp#27;[38;5;-132m[AndroidUiautomator2Driver@7639]&amp#27;[0m Calling AppiumDriver.findElement() with args: ["xpath","//android.widget.TextView[@resource-id= 'android:id/text1' and @text= 'Australia']","401eeab7-9725-4285-8dc7-bd8b07cbae2f"]
&amp#27;[38;5;147m[401eeab7]&amp#27;[0m&amp#27;[38;5;-132m[AndroidUiautomator2Driver@7639]&amp#27;[0m Valid locator strategies for this request: xpath, id, class name, accessibility id, css selector, -android uiautomator
&amp#27;[38;5;147m[401eeab7]&amp#27;[0m&amp#27;[38;5;-132m[AndroidUiautomator2Driver@7639]&amp#27;[0m Waiting up to 20000 ms for condition
&amp#27;[38;5;147m[401eeab7]&amp#27;[0m&amp#27;[38;5;-132m[AndroidUiautomator2Driver@7639]&amp#27;[0m Matched '/element' to command name 'findElement'
&amp#27;[38;5;147m[401eeab7]&amp#27;[0m&amp#27;[38;5;-132m[AndroidUiautomator2Driver@7639]&amp#27;[0m Proxying [POST /element] to [POST http://127.0.0.1:8200/session/df998279-dd8f-4f95-aed1-c9f2098dcb06/element] with body: {"strategy":"xpath","selector":"//android.widget.TextView[@resource-id= 'android:id/text1' and @text= 'Australia']","context":"","multiple":false}
&amp#27;[38;5;147m[401eeab7]&amp#27;[0m&amp#27;[38;5;-132m[AndroidUiautomator2Driver@7639]&amp#27;[0m Got response with status 200: {"sessionId":"df998279-dd8f-4f95-aed1-c9f2098dcb06","value":{"ELEMENT":"00000000-0000-04d4-ffff-ffff0000002b","element-6066-11e4-a52e-4f735466cecf":"00000000-0000-04d4-ffff-ffff0000002b"}}
&amp#27;[38;5;147m[401eeab7]&amp#27;[0m&amp#27;[38;5;-132m[AndroidUiautomator2Driver@7639]&amp#27;[0m Responding to client with driver.findElement() result: {"element-6066-11e4-a52e-4f735466cecf":"00000000-0000-04d4-ffff-ffff0000002b","ELEMENT":"00000000-0000-04d4-ffff-ffff0000002b"}
&amp#27;[38;5;147m[401eeab7]&amp#27;[0m&amp#27;[38;5;86m[HTTP]&amp#27;[0m &amp#27;[37m<-- POST /session/401eeab7-9725-4285-8dc7-bd8b07cbae2f/element &amp#27;[39m&amp#27;[32m200&amp#27;[39m &amp#27;[90m367 ms - 137&amp#27;[39m &amp#27;[90m&amp#27;[39m
&amp#27;[38;5;147m[401eeab7]&amp#27;[0m&amp#27;[38;5;86m[HTTP]&amp#27;[0m &amp#27;[37m-->&amp#27;[39m &amp#27;[37mPOST&amp#27;[39m &amp#27;[37m/session/401eeab7-9725-4285-8dc7-bd8b07cbae2f/element/00000000-0000-04d4-ffff-ffff0000002b/click&amp#27;[39m &amp#27;[90m{"id":"00000000-0000-04d4-ffff-ffff0000002b"}&amp#27;[39m
&amp#27;[38;5;147m[401eeab7]&amp#27;[0m&amp#27;[38;5;-132m[AndroidUiautomator2Driver@7639]&amp#27;[0m Calling AppiumDriver.click() with args: ["00000000-0000-04d4-ffff-ffff0000002b","401eeab7-9725-4285-8dc7-bd8b07cbae2f"]
&amp#27;[38;5;147m[401eeab7]&amp#27;[0m&amp#27;[38;5;-132m[AndroidUiautomator2Driver@7639]&amp#27;[0m Matched '/element/00000000-0000-04d4-ffff-ffff0000002b/click' to command name 'click'
&amp#27;[38;5;147m[401eeab7]&amp#27;[0m&amp#27;[38;5;-132m[AndroidUiautomator2Driver@7639]&amp#27;[0m Proxying [POST /element/00000000-0000-04d4-ffff-ffff0000002b/click] to [POST http://127.0.0.1:8200/session/df998279-dd8f-4f95-aed1-c9f2098dcb06/element/00000000-0000-04d4-ffff-ffff0000002b/click] with body: {"element":"00000000-0000-04d4-ffff-ffff0000002b"}
&amp#27;[38;5;147m[401eeab7]&amp#27;[0m&amp#27;[38;5;-132m[AndroidUiautomator2Driver@7639]&amp#27;[0m Got response with status 200: {"sessionId":"df998279-dd8f-4f95-aed1-c9f2098dcb06","value":null}
&amp#27;[38;5;147m[401eeab7]&amp#27;[0m&amp#27;[38;5;-132m[AndroidUiautomator2Driver@7639]&amp#27;[0m Responding to client with driver.click() result: null
&amp#27;[38;5;147m[401eeab7]&amp#27;[0m&amp#27;[38;5;86m[HTTP]&amp#27;[0m &amp#27;[37m<-- POST /session/401eeab7-9725-4285-8dc7-bd8b07cbae2f/element/00000000-0000-04d4-ffff-ffff0000002b/click &amp#27;[39m&amp#27;[32m200&amp#27;[39m &amp#27;[90m701 ms - 14&amp#27;[39m &amp#27;[90m&amp#27;[39m
&amp#27;[38;5;147m[401eeab7]&amp#27;[0m&amp#27;[38;5;86m[HTTP]&amp#27;[0m &amp#27;[37m-->&amp#27;[39m &amp#27;[37mGET&amp#27;[39m &amp#27;[37m/session/401eeab7-9725-4285-8dc7-bd8b07cbae2f/context&amp#27;[39m &amp#27;[90m{}&amp#27;[39m
&amp#27;[38;5;147m[401eeab7]&amp#27;[0m&amp#27;[38;5;-132m[AndroidUiautomator2Driver@7639]&amp#27;[0m Calling AppiumDriver.getCurrentContext() with args: ["401eeab7-9725-4285-8dc7-bd8b07cbae2f"]
&amp#27;[38;5;147m[401eeab7]&amp#27;[0m&amp#27;[38;5;-132m[AndroidUiautomator2Driver@7639]&amp#27;[0m Responding to client with driver.getCurrentContext() result: "NATIVE_APP"
&amp#27;[38;5;147m[401eeab7]&amp#27;[0m&amp#27;[38;5;86m[HTTP]&amp#27;[0m &amp#27;[37m<-- GET /session/401eeab7-9725-4285-8dc7-bd8b07cbae2f/context &amp#27;[39m&amp#27;[32m200&amp#27;[39m &amp#27;[90m0 ms - 22&amp#27;[39m &amp#27;[90m&amp#27;[39m
&amp#27;[38;5;147m[401eeab7]&amp#27;[0m&amp#27;[38;5;86m[HTTP]&amp#27;[0m &amp#27;[37m-->&amp#27;[39m &amp#27;[37mPOST&amp#27;[39m &amp#27;[37m/session/401eeab7-9725-4285-8dc7-bd8b07cbae2f/element&amp#27;[39m &amp#27;[90m{"value":"com.androidsample.generalstore:id/btnLetsShop","using":"id"}&amp#27;[39m
&amp#27;[38;5;147m[401eeab7]&amp#27;[0m&amp#27;[38;5;-132m[AndroidUiautomator2Driver@7639]&amp#27;[0m Calling AppiumDriver.findElement() with args: ["id","com.androidsample.generalstore:id/btnLetsShop","401eeab7-9725-4285-8dc7-bd8b07cbae2f"]
&amp#27;[38;5;147m[401eeab7]&amp#27;[0m&amp#27;[38;5;-132m[AndroidUiautomator2Driver@7639]&amp#27;[0m Valid locator strategies for this request: xpath, id, class name, accessibility id, css selector, -android uiautomator
&amp#27;[38;5;147m[401eeab7]&amp#27;[0m&amp#27;[38;5;-132m[AndroidUiautomator2Driver@7639]&amp#27;[0m Waiting up to 20000 ms for condition
&amp#27;[38;5;147m[401eeab7]&amp#27;[0m&amp#27;[38;5;-132m[AndroidUiautomator2Driver@7639]&amp#27;[0m Matched '/element' to command name 'findElement'
&amp#27;[38;5;147m[401eeab7]&amp#27;[0m&amp#27;[38;5;-132m[AndroidUiautomator2Driver@7639]&amp#27;[0m Proxying [POST /element] to [POST http://127.0.0.1:8200/session/df998279-dd8f-4f95-aed1-c9f2098dcb06/element] with body: {"strategy":"id","selector":"com.androidsample.generalstore:id/btnLetsShop","context":"","multiple":false}
&amp#27;[38;5;147m[401eeab7]&amp#27;[0m&amp#27;[38;5;-132m[AndroidUiautomator2Driver@7639]&amp#27;[0m Got response with status 200: {"sessionId":"df998279-dd8f-4f95-aed1-c9f2098dcb06","value":{"ELEMENT":"00000000-0000-04d3-ffff-ffff00000021","element-6066-11e4-a52e-4f735466cecf":"00000000-0000-04d3-ffff-ffff00000021"}}
&amp#27;[38;5;147m[401eeab7]&amp#27;[0m&amp#27;[38;5;-132m[AndroidUiautomator2Driver@7639]&amp#27;[0m Responding to client with driver.findElement() result: {"element-6066-11e4-a52e-4f735466cecf":"00000000-0000-04d3-ffff-ffff00000021","ELEMENT":"00000000-0000-04d3-ffff-ffff00000021"}
&amp#27;[38;5;147m[401eeab7]&amp#27;[0m&amp#27;[38;5;86m[HTTP]&amp#27;[0m &amp#27;[37m<-- POST /session/401eeab7-9725-4285-8dc7-bd8b07cbae2f/element &amp#27;[39m&amp#27;[32m200&amp#27;[39m &amp#27;[90m12 ms - 137&amp#27;[39m &amp#27;[90m&amp#27;[39m
&amp#27;[38;5;147m[401eeab7]&amp#27;[0m&amp#27;[38;5;86m[HTTP]&amp#27;[0m &amp#27;[37m-->&amp#27;[39m &amp#27;[37mPOST&amp#27;[39m &amp#27;[37m/session/401eeab7-9725-4285-8dc7-bd8b07cbae2f/element/00000000-0000-04d3-ffff-ffff00000021/click&amp#27;[39m &amp#27;[90m{"id":"00000000-0000-04d3-ffff-ffff00000021"}&amp#27;[39m
&amp#27;[38;5;147m[401eeab7]&amp#27;[0m&amp#27;[38;5;-132m[AndroidUiautomator2Driver@7639]&amp#27;[0m Calling AppiumDriver.click() with args: ["00000000-0000-04d3-ffff-ffff00000021","401eeab7-9725-4285-8dc7-bd8b07cbae2f"]
&amp#27;[38;5;147m[401eeab7]&amp#27;[0m&amp#27;[38;5;-132m[AndroidUiautomator2Driver@7639]&amp#27;[0m Matched '/element/00000000-0000-04d3-ffff-ffff00000021/click' to command name 'click'
&amp#27;[38;5;147m[401eeab7]&amp#27;[0m&amp#27;[38;5;-132m[AndroidUiautomator2Driver@7639]&amp#27;[0m Proxying [POST /element/00000000-0000-04d3-ffff-ffff00000021/click] to [POST http://127.0.0.1:8200/session/df998279-dd8f-4f95-aed1-c9f2098dcb06/element/00000000-0000-04d3-ffff-ffff00000021/click] with body: {"element":"00000000-0000-04d3-ffff-ffff00000021"}
&amp#27;[38;5;147m[401eeab7]&amp#27;[0m&amp#27;[38;5;-132m[AndroidUiautomator2Driver@7639]&amp#27;[0m Got response with status 200: {"sessionId":"df998279-dd8f-4f95-aed1-c9f2098dcb06","value":null}
&amp#27;[38;5;147m[401eeab7]&amp#27;[0m&amp#27;[38;5;-132m[AndroidUiautomator2Driver@7639]&amp#27;[0m Responding to client with driver.click() result: null
&amp#27;[38;5;147m[401eeab7]&amp#27;[0m&amp#27;[38;5;86m[HTTP]&amp#27;[0m &amp#27;[37m<-- POST /session/401eeab7-9725-4285-8dc7-bd8b07cbae2f/element/00000000-0000-04d3-ffff-ffff00000021/click &amp#27;[39m&amp#27;[32m200&amp#27;[39m &amp#27;[90m70 ms - 14&amp#27;[39m &amp#27;[90m&amp#27;[39m
&amp#27;[38;5;147m[401eeab7]&amp#27;[0m&amp#27;[38;5;86m[HTTP]&amp#27;[0m &amp#27;[37m-->&amp#27;[39m &amp#27;[37mPOST&amp#27;[39m &amp#27;[37m/session/401eeab7-9725-4285-8dc7-bd8b07cbae2f/element&amp#27;[39m &amp#27;[90m{"value":"new UiScrollable(new UiSelector()).scrollIntoView(text(\"Jordan Lift Off\"))","using":"-android uiautomator"}&amp#27;[39m
&amp#27;[38;5;147m[401eeab7]&amp#27;[0m&amp#27;[38;5;-132m[AndroidUiautomator2Driver@7639]&amp#27;[0m Calling AppiumDriver.findElement() with args: ["-android uiautomator","new UiScrollable(new UiSelector()).scrollIntoView(text(\"Jordan Lift Off\"))","401eeab7-9725-4285-8dc7-bd8b07cbae2f"]
&amp#27;[38;5;147m[401eeab7]&amp#27;[0m&amp#27;[38;5;-132m[AndroidUiautomator2Driver@7639]&amp#27;[0m Valid locator strategies for this request: xpath, id, class name, accessibility id, css selector, -android uiautomator
&amp#27;[38;5;147m[401eeab7]&amp#27;[0m&amp#27;[38;5;-132m[AndroidUiautomator2Driver@7639]&amp#27;[0m Waiting up to 20000 ms for condition
&amp#27;[38;5;147m[401eeab7]&amp#27;[0m&amp#27;[38;5;-132m[AndroidUiautomator2Driver@7639]&amp#27;[0m Matched '/element' to command name 'findElement'
&amp#27;[38;5;147m[401eeab7]&amp#27;[0m&amp#27;[38;5;-132m[AndroidUiautomator2Driver@7639]&amp#27;[0m Proxying [POST /element] to [POST http://127.0.0.1:8200/session/df998279-dd8f-4f95-aed1-c9f2098dcb06/element] with body: {"strategy":"-android uiautomator","selector":"new UiScrollable(new UiSelector()).scrollIntoView(text(\"Jordan Lift Off\"))","context":"","multiple":false}
&amp#27;[38;5;147m[401eeab7]&amp#27;[0m&amp#27;[38;5;-132m[AndroidUiautomator2Driver@7639]&amp#27;[0m Got response with status 200: {"sessionId":"df998279-dd8f-4f95-aed1-c9f2098dcb06","value":{"ELEMENT":"00000000-0000-04d5-ffff-ffff0000007e","element-6066-11e4-a52e-4f735466cecf":"00000000-0000-04d5-ffff-ffff0000007e"}}
&amp#27;[38;5;147m[401eeab7]&amp#27;[0m&amp#27;[38;5;-132m[AndroidUiautomator2Driver@7639]&amp#27;[0m Responding to client with driver.findElement() result: {"element-6066-11e4-a52e-4f735466cecf":"00000000-0000-04d5-ffff-ffff0000007e","ELEMENT":"00000000-0000-04d5-ffff-ffff0000007e"}
&amp#27;[38;5;147m[401eeab7]&amp#27;[0m&amp#27;[38;5;86m[HTTP]&amp#27;[0m &amp#27;[37m<-- POST /session/401eeab7-9725-4285-8dc7-bd8b07cbae2f/element &amp#27;[39m&amp#27;[32m200&amp#27;[39m &amp#27;[90m6467 ms - 137&amp#27;[39m &amp#27;[90m&amp#27;[39m
&amp#27;[38;5;147m[401eeab7]&amp#27;[0m&amp#27;[38;5;86m[HTTP]&amp#27;[0m &amp#27;[37m-->&amp#27;[39m &amp#27;[37mGET&amp#27;[39m &amp#27;[37m/session/401eeab7-9725-4285-8dc7-bd8b07cbae2f/context&amp#27;[39m &amp#27;[90m{}&amp#27;[39m
&amp#27;[38;5;147m[401eeab7]&amp#27;[0m&amp#27;[38;5;-132m[AndroidUiautomator2Driver@7639]&amp#27;[0m Calling AppiumDriver.getCurrentContext() with args: ["401eeab7-9725-4285-8dc7-bd8b07cbae2f"]
&amp#27;[38;5;147m[401eeab7]&amp#27;[0m&amp#27;[38;5;-132m[AndroidUiautomator2Driver@7639]&amp#27;[0m Responding to client with driver.getCurrentContext() result: "NATIVE_APP"
&amp#27;[38;5;147m[401eeab7]&amp#27;[0m&amp#27;[38;5;86m[HTTP]&amp#27;[0m &amp#27;[37m<-- GET /session/401eeab7-9725-4285-8dc7-bd8b07cbae2f/context &amp#27;[39m&amp#27;[32m200&amp#27;[39m &amp#27;[90m1 ms - 22&amp#27;[39m &amp#27;[90m&amp#27;[39m
&amp#27;[38;5;147m[401eeab7]&amp#27;[0m&amp#27;[38;5;86m[HTTP]&amp#27;[0m &amp#27;[37m-->&amp#27;[39m &amp#27;[37mPOST&amp#27;[39m &amp#27;[37m/session/401eeab7-9725-4285-8dc7-bd8b07cbae2f/elements&amp#27;[39m &amp#27;[90m{"value":"//android.widget.TextView[@resource-id='com.androidsample.generalstore:id/productName']","using":"xpath"}&amp#27;[39m
&amp#27;[38;5;147m[401eeab7]&amp#27;[0m&amp#27;[38;5;-132m[AndroidUiautomator2Driver@7639]&amp#27;[0m Calling AppiumDriver.findElements() with args: ["xpath","//android.widget.TextView[@resource-id='com.androidsample.generalstore:id/productName']","401eeab7-9725-4285-8dc7-bd8b07cbae2f"]
&amp#27;[38;5;147m[401eeab7]&amp#27;[0m&amp#27;[38;5;-132m[AndroidUiautomator2Driver@7639]&amp#27;[0m Valid locator strategies for this request: xpath, id, class name, accessibility id, css selector, -android uiautomator
&amp#27;[38;5;147m[401eeab7]&amp#27;[0m&amp#27;[38;5;-132m[AndroidUiautomator2Driver@7639]&amp#27;[0m Waiting up to 20000 ms for condition
&amp#27;[38;5;147m[401eeab7]&amp#27;[0m&amp#27;[38;5;-132m[AndroidUiautomator2Driver@7639]&amp#27;[0m Matched '/elements' to command name 'findElements'
&amp#27;[38;5;147m[401eeab7]&amp#27;[0m&amp#27;[38;5;-132m[AndroidUiautomator2Driver@7639]&amp#27;[0m Proxying [POST /elements] to [POST http://127.0.0.1:8200/session/df998279-dd8f-4f95-aed1-c9f2098dcb06/elements] with body: {"strategy":"xpath","selector":"//android.widget.TextView[@resource-id='com.androidsample.generalstore:id/productName']","context":"","multiple":true}
&amp#27;[38;5;147m[401eeab7]&amp#27;[0m&amp#27;[38;5;-132m[AndroidUiautomator2Driver@7639]&amp#27;[0m Got response with status 200: {"sessionId":"df998279-dd8f-4f95-aed1-c9f2098dcb06","value":[{"ELEMENT":"00000000-0000-04d5-ffff-ffff00000076","element-6066-11e4-a52e-4f735466cecf":"00000000-0000-04d5-ffff-ffff00000076"},{"ELEMENT":"00000000-0000-04d5-ffff-ffff0000007e","element-6066-11e4-a52e-4f735466cecf":"00000000-0000-04d5-ffff-ffff0000007e"}]}
&amp#27;[38;5;147m[401eeab7]&amp#27;[0m&amp#27;[38;5;-132m[AndroidUiautomator2Driver@7639]&amp#27;[0m Responding to client with driver.findElements() result: [{"element-6066-11e4-a52e-4f735466cecf":"00000000-0000-04d5-ffff-ffff00000076","ELEMENT":"00000000-0000-04d5-ffff-ffff00000076"},{"element-6066-11e4-a52e-4f735466cecf":"00000000-0000-04d5-ffff-ffff0000007e","ELEMENT":"00000000-0000-04d5-ffff-ffff0000007e"}]
&amp#27;[38;5;147m[401eeab7]&amp#27;[0m&amp#27;[38;5;86m[HTTP]&amp#27;[0m &amp#27;[37m<-- POST /session/401eeab7-9725-4285-8dc7-bd8b07cbae2f/elements &amp#27;[39m&amp#27;[32m200&amp#27;[39m &amp#27;[90m36 ms - 267&amp#27;[39m &amp#27;[90m&amp#27;[39m
&amp#27;[38;5;147m[401eeab7]&amp#27;[0m&amp#27;[38;5;86m[HTTP]&amp#27;[0m &amp#27;[37m-->&amp#27;[39m &amp#27;[37mGET&amp#27;[39m &amp#27;[37m/session/401eeab7-9725-4285-8dc7-bd8b07cbae2f/element/00000000-0000-04d5-ffff-ffff00000076/text&amp#27;[39m &amp#27;[90m{}&amp#27;[39m
&amp#27;[38;5;147m[401eeab7]&amp#27;[0m&amp#27;[38;5;-132m[AndroidUiautomator2Driver@7639]&amp#27;[0m Driver proxy active, passing request on via HTTP proxy
&amp#27;[38;5;147m[401eeab7]&amp#27;[0m&amp#27;[38;5;-132m[AndroidUiautomator2Driver@7639]&amp#27;[0m Matched '/session/401eeab7-9725-4285-8dc7-bd8b07cbae2f/element/00000000-0000-04d5-ffff-ffff00000076/text' to command name 'getText'
&amp#27;[38;5;147m[401eeab7]&amp#27;[0m&amp#27;[38;5;-132m[AndroidUiautomator2Driver@7639]&amp#27;[0m Proxying [GET /session/401eeab7-9725-4285-8dc7-bd8b07cbae2f/element/00000000-0000-04d5-ffff-ffff00000076/text] to [GET http://127.0.0.1:8200/session/df998279-dd8f-4f95-aed1-c9f2098dcb06/element/00000000-0000-04d5-ffff-ffff00000076/text] with no body
&amp#27;[38;5;147m[401eeab7]&amp#27;[0m&amp#27;[38;5;-132m[AndroidUiautomator2Driver@7639]&amp#27;[0m Got response with status 200: {"sessionId":"df998279-dd8f-4f95-aed1-c9f2098dcb06","value":"Jordan 6 Rings"}
&amp#27;[38;5;147m[401eeab7]&amp#27;[0m&amp#27;[38;5;-132m[AndroidUiautomator2Driver@7639]&amp#27;[0m Replacing sessionId df998279-dd8f-4f95-aed1-c9f2098dcb06 with 401eeab7-9725-4285-8dc7-bd8b07cbae2f
&amp#27;[38;5;147m[401eeab7]&amp#27;[0m&amp#27;[38;5;86m[HTTP]&amp#27;[0m &amp#27;[37m<-- GET /session/401eeab7-9725-4285-8dc7-bd8b07cbae2f/element/00000000-0000-04d5-ffff-ffff00000076/text &amp#27;[39m&amp#27;[32m200&amp#27;[39m &amp#27;[90m8 ms - 77&amp#27;[39m &amp#27;[90m&amp#27;[39m
&amp#27;[38;5;147m[401eeab7]&amp#27;[0m&amp#27;[38;5;86m[HTTP]&amp#27;[0m &amp#27;[37m-->&amp#27;[39m &amp#27;[37mGET&amp#27;[39m &amp#27;[37m/session/401eeab7-9725-4285-8dc7-bd8b07cbae2f/element/00000000-0000-04d5-ffff-ffff0000007e/text&amp#27;[39m &amp#27;[90m{}&amp#27;[39m
&amp#27;[38;5;147m[401eeab7]&amp#27;[0m&amp#27;[38;5;-132m[AndroidUiautomator2Driver@7639]&amp#27;[0m Driver proxy active, passing request on via HTTP proxy
&amp#27;[38;5;147m[401eeab7]&amp#27;[0m&amp#27;[38;5;-132m[AndroidUiautomator2Driver@7639]&amp#27;[0m Matched '/session/401eeab7-9725-4285-8dc7-bd8b07cbae2f/element/00000000-0000-04d5-ffff-ffff0000007e/text' to command name 'getText'
&amp#27;[38;5;147m[401eeab7]&amp#27;[0m&amp#27;[38;5;-132m[AndroidUiautomator2Driver@7639]&amp#27;[0m Proxying [GET /session/401eeab7-9725-4285-8dc7-bd8b07cbae2f/element/00000000-0000-04d5-ffff-ffff0000007e/text] to [GET http://127.0.0.1:8200/session/df998279-dd8f-4f95-aed1-c9f2098dcb06/element/00000000-0000-04d5-ffff-ffff0000007e/text] with no body
&amp#27;[38;5;147m[401eeab7]&amp#27;[0m&amp#27;[38;5;-132m[AndroidUiautomator2Driver@7639]&amp#27;[0m Got response with status 200: {"sessionId":"df998279-dd8f-4f95-aed1-c9f2098dcb06","value":"Jordan Lift Off"}
&amp#27;[38;5;147m[401eeab7]&amp#27;[0m&amp#27;[38;5;-132m[AndroidUiautomator2Driver@7639]&amp#27;[0m Replacing sessionId df998279-dd8f-4f95-aed1-c9f2098dcb06 with 401eeab7-9725-4285-8dc7-bd8b07cbae2f
&amp#27;[38;5;147m[401eeab7]&amp#27;[0m&amp#27;[38;5;86m[HTTP]&amp#27;[0m &amp#27;[37m<-- GET /session/401eeab7-9725-4285-8dc7-bd8b07cbae2f/element/00000000-0000-04d5-ffff-ffff0000007e/text &amp#27;[39m&amp#27;[32m200&amp#27;[39m &amp#27;[90m10 ms - 78&amp#27;[39m &amp#27;[90m&amp#27;[39m
&amp#27;[38;5;147m[401eeab7]&amp#27;[0m&amp#27;[38;5;86m[HTTP]&amp#27;[0m &amp#27;[37m-->&amp#27;[39m &amp#27;[37mPOST&amp#27;[39m &amp#27;[37m/session/401eeab7-9725-4285-8dc7-bd8b07cbae2f/element&amp#27;[39m &amp#27;[90m{"value":"//android.widget.TextView[@resource-id='com.androidsample.generalstore:id/productName' and @text='Jordan Lift Off']//..","using":"xpath"}&amp#27;[39m
&amp#27;[38;5;147m[401eeab7]&amp#27;[0m&amp#27;[38;5;-132m[AndroidUiautomator2Driver@7639]&amp#27;[0m Calling AppiumDriver.findElement() with args: ["xpath","//android.widget.TextView[@resource-id='com.androidsample.generalstore:id/productName' and @text='Jordan Lift Off']//..","401eeab7-9725-4285-8dc7-bd8b07cbae2f"]
&amp#27;[38;5;147m[401eeab7]&amp#27;[0m&amp#27;[38;5;-132m[AndroidUiautomator2Driver@7639]&amp#27;[0m Valid locator strategies for this request: xpath, id, class name, accessibility id, css selector, -android uiautomator
&amp#27;[38;5;147m[401eeab7]&amp#27;[0m&amp#27;[38;5;-132m[AndroidUiautomator2Driver@7639]&amp#27;[0m Waiting up to 20000 ms for condition
&amp#27;[38;5;147m[401eeab7]&amp#27;[0m&amp#27;[38;5;-132m[AndroidUiautomator2Driver@7639]&amp#27;[0m Matched '/element' to command name 'findElement'
&amp#27;[38;5;147m[401eeab7]&amp#27;[0m&amp#27;[38;5;-132m[AndroidUiautomator2Driver@7639]&amp#27;[0m Proxying [POST /element] to [POST http://127.0.0.1:8200/session/df998279-dd8f-4f95-aed1-c9f2098dcb06/element] with body: {"strategy":"xpath","selector":"//android.widget.TextView[@resource-id='com.androidsample.generalstore:id/productName' and @text='Jordan Lift Off']//..","context":"","multiple":false}
&amp#27;[38;5;147m[401eeab7]&amp#27;[0m&amp#27;[38;5;-132m[AndroidUiautomator2Driver@7639]&amp#27;[0m Got response with status 200: {"sessionId":"df998279-dd8f-4f95-aed1-c9f2098dcb06","value":{"ELEMENT":"00000000-0000-04d5-ffff-ffff0000007c","element-6066-11e4-a52e-4f735466cecf":"00000000-0000-04d5-ffff-ffff0000007c"}}
&amp#27;[38;5;147m[401eeab7]&amp#27;[0m&amp#27;[38;5;-132m[AndroidUiautomator2Driver@7639]&amp#27;[0m Responding to client with driver.findElement() result: {"element-6066-11e4-a52e-4f735466cecf":"00000000-0000-04d5-ffff-ffff0000007c","ELEMENT":"00000000-0000-04d5-ffff-ffff0000007c"}
&amp#27;[38;5;147m[401eeab7]&amp#27;[0m&amp#27;[38;5;86m[HTTP]&amp#27;[0m &amp#27;[37m<-- POST /session/401eeab7-9725-4285-8dc7-bd8b07cbae2f/element &amp#27;[39m&amp#27;[32m200&amp#27;[39m &amp#27;[90m26 ms - 137&amp#27;[39m &amp#27;[90m&amp#27;[39m
&amp#27;[38;5;147m[401eeab7]&amp#27;[0m&amp#27;[38;5;86m[HTTP]&amp#27;[0m &amp#27;[37m-->&amp#27;[39m &amp#27;[37mPOST&amp#27;[39m &amp#27;[37m/session/401eeab7-9725-4285-8dc7-bd8b07cbae2f/element/00000000-0000-04d5-ffff-ffff0000007c/element&amp#27;[39m &amp#27;[90m{"using":"xpath","value":"//android.widget.TextView[@resource-id='com.androidsample.generalstore:id/productAddCart']","id":"00000000-0000-04d5-ffff-ffff0000007c"}&amp#27;[39m
&amp#27;[38;5;147m[401eeab7]&amp#27;[0m&amp#27;[38;5;-132m[AndroidUiautomator2Driver@7639]&amp#27;[0m Calling AppiumDriver.findElementFromElement() with args: ["xpath","//android.widget.TextView[@resource-id='com.androidsample.generalstore:id/productAddCart']","00000000-0000-04d5-ffff-ffff0000007c","401eeab7-9725-4285-8dc7-bd8b07cbae2f"]
&amp#27;[38;5;147m[401eeab7]&amp#27;[0m&amp#27;[38;5;-132m[AndroidUiautomator2Driver@7639]&amp#27;[0m Valid locator strategies for this request: xpath, id, class name, accessibility id, css selector, -android uiautomator
&amp#27;[38;5;147m[401eeab7]&amp#27;[0m&amp#27;[38;5;-132m[AndroidUiautomator2Driver@7639]&amp#27;[0m Waiting up to 20000 ms for condition
&amp#27;[38;5;147m[401eeab7]&amp#27;[0m&amp#27;[38;5;-132m[AndroidUiautomator2Driver@7639]&amp#27;[0m Matched '/element' to command name 'findElement'
&amp#27;[38;5;147m[401eeab7]&amp#27;[0m&amp#27;[38;5;-132m[AndroidUiautomator2Driver@7639]&amp#27;[0m Proxying [POST /element] to [POST http://127.0.0.1:8200/session/df998279-dd8f-4f95-aed1-c9f2098dcb06/element] with body: {"strategy":"xpath","selector":"//android.widget.TextView[@resource-id='com.androidsample.generalstore:id/productAddCart']","context":"00000000-0000-04d5-ffff-ffff0000007c","multiple":false}
&amp#27;[38;5;147m[401eeab7]&amp#27;[0m&amp#27;[38;5;-132m[AndroidUiautomator2Driver@7639]&amp#27;[0m Got response with status 200: {"sessionId":"df998279-dd8f-4f95-aed1-c9f2098dcb06","value":{"ELEMENT":"00000000-0000-04d5-ffff-ffff00000082","element-6066-11e4-a52e-4f735466cecf":"00000000-0000-04d5-ffff-ffff00000082"}}
&amp#27;[38;5;147m[401eeab7]&amp#27;[0m&amp#27;[38;5;-132m[AndroidUiautomator2Driver@7639]&amp#27;[0m Responding to client with driver.findElementFromElement() result: {"element-6066-11e4-a52e-4f735466cecf":"00000000-0000-04d5-ffff-ffff00000082","ELEMENT":"00000000-0000-04d5-ffff-ffff00000082"}
&amp#27;[38;5;147m[401eeab7]&amp#27;[0m&amp#27;[38;5;86m[HTTP]&amp#27;[0m &amp#27;[37m<-- POST /session/401eeab7-9725-4285-8dc7-bd8b07cbae2f/element/00000000-0000-04d5-ffff-ffff0000007c/element &amp#27;[39m&amp#27;[32m200&amp#27;[39m &amp#27;[90m15 ms - 137&amp#27;[39m &amp#27;[90m&amp#27;[39m
&amp#27;[38;5;147m[401eeab7]&amp#27;[0m&amp#27;[38;5;86m[HTTP]&amp#27;[0m &amp#27;[37m-->&amp#27;[39m &amp#27;[37mPOST&amp#27;[39m &amp#27;[37m/session/401eeab7-9725-4285-8dc7-bd8b07cbae2f/element/00000000-0000-04d5-ffff-ffff00000082/click&amp#27;[39m &amp#27;[90m{"id":"00000000-0000-04d5-ffff-ffff00000082"}&amp#27;[39m
&amp#27;[38;5;147m[401eeab7]&amp#27;[0m&amp#27;[38;5;-132m[AndroidUiautomator2Driver@7639]&amp#27;[0m Calling AppiumDriver.click() with args: ["00000000-0000-04d5-ffff-ffff00000082","401eeab7-9725-4285-8dc7-bd8b07cbae2f"]
&amp#27;[38;5;147m[401eeab7]&amp#27;[0m&amp#27;[38;5;-132m[AndroidUiautomator2Driver@7639]&amp#27;[0m Matched '/element/00000000-0000-04d5-ffff-ffff00000082/click' to command name 'click'
&amp#27;[38;5;147m[401eeab7]&amp#27;[0m&amp#27;[38;5;-132m[AndroidUiautomator2Driver@7639]&amp#27;[0m Proxying [POST /element/00000000-0000-04d5-ffff-ffff00000082/click] to [POST http://127.0.0.1:8200/session/df998279-dd8f-4f95-aed1-c9f2098dcb06/element/00000000-0000-04d5-ffff-ffff00000082/click] with body: {"element":"00000000-0000-04d5-ffff-ffff00000082"}
&amp#27;[38;5;147m[401eeab7]&amp#27;[0m&amp#27;[38;5;-132m[AndroidUiautomator2Driver@7639]&amp#27;[0m Got response with status 200: {"sessionId":"df998279-dd8f-4f95-aed1-c9f2098dcb06","value":null}
&amp#27;[38;5;147m[401eeab7]&amp#27;[0m&amp#27;[38;5;-132m[AndroidUiautomator2Driver@7639]&amp#27;[0m Responding to client with driver.click() result: null
&amp#27;[38;5;147m[401eeab7]&amp#27;[0m&amp#27;[38;5;86m[HTTP]&amp#27;[0m &amp#27;[37m<-- POST /session/401eeab7-9725-4285-8dc7-bd8b07cbae2f/element/00000000-0000-04d5-ffff-ffff00000082/click &amp#27;[39m&amp#27;[32m200&amp#27;[39m &amp#27;[90m542 ms - 14&amp#27;[39m &amp#27;[90m&amp#27;[39m
&amp#27;[38;5;147m[401eeab7]&amp#27;[0m&amp#27;[38;5;86m[HTTP]&amp#27;[0m &amp#27;[37m-->&amp#27;[39m &amp#27;[37mPOST&amp#27;[39m &amp#27;[37m/session/401eeab7-9725-4285-8dc7-bd8b07cbae2f/element&amp#27;[39m &amp#27;[90m{"value":"new UiScrollable(new UiSelector()).scrollIntoView(text(\"Air Jordan 4 Retro\"))","using":"-android uiautomator"}&amp#27;[39m
&amp#27;[38;5;147m[401eeab7]&amp#27;[0m&amp#27;[38;5;-132m[AndroidUiautomator2Driver@7639]&amp#27;[0m Calling AppiumDriver.findElement() with args: ["-android uiautomator","new UiScrollable(new UiSelector()).scrollIntoView(text(\"Air Jordan 4 Retro\"))","401eeab7-9725-4285-8dc7-bd8b07cbae2f"]
&amp#27;[38;5;147m[401eeab7]&amp#27;[0m&amp#27;[38;5;-132m[AndroidUiautomator2Driver@7639]&amp#27;[0m Valid locator strategies for this request: xpath, id, class name, accessibility id, css selector, -android uiautomator
&amp#27;[38;5;147m[401eeab7]&amp#27;[0m&amp#27;[38;5;-132m[AndroidUiautomator2Driver@7639]&amp#27;[0m Waiting up to 20000 ms for condition
&amp#27;[38;5;147m[401eeab7]&amp#27;[0m&amp#27;[38;5;-132m[AndroidUiautomator2Driver@7639]&amp#27;[0m Matched '/element' to command name 'findElement'
&amp#27;[38;5;147m[401eeab7]&amp#27;[0m&amp#27;[38;5;-132m[AndroidUiautomator2Driver@7639]&amp#27;[0m Proxying [POST /element] to [POST http://127.0.0.1:8200/session/df998279-dd8f-4f95-aed1-c9f2098dcb06/element] with body: {"strategy":"-android uiautomator","selector":"new UiScrollable(new UiSelector()).scrollIntoView(text(\"Air Jordan 4 Retro\"))","context":"","multiple":false}
&amp#27;[38;5;147m[401eeab7]&amp#27;[0m&amp#27;[38;5;-132m[AndroidUiautomator2Driver@7639]&amp#27;[0m Got response with status 200: {"sessionId":"df998279-dd8f-4f95-aed1-c9f2098dcb06","value":{"ELEMENT":"00000000-0000-04d5-ffff-ffff0000004d","element-6066-11e4-a52e-4f735466cecf":"00000000-0000-04d5-ffff-ffff0000004d"}}
&amp#27;[38;5;147m[401eeab7]&amp#27;[0m&amp#27;[38;5;-132m[AndroidUiautomator2Driver@7639]&amp#27;[0m Responding to client with driver.findElement() result: {"element-6066-11e4-a52e-4f735466cecf":"00000000-0000-04d5-ffff-ffff0000004d","ELEMENT":"00000000-0000-04d5-ffff-ffff0000004d"}
&amp#27;[38;5;147m[401eeab7]&amp#27;[0m&amp#27;[38;5;86m[HTTP]&amp#27;[0m &amp#27;[37m<-- POST /session/401eeab7-9725-4285-8dc7-bd8b07cbae2f/element &amp#27;[39m&amp#27;[32m200&amp#27;[39m &amp#27;[90m3873 ms - 137&amp#27;[39m &amp#27;[90m&amp#27;[39m
&amp#27;[38;5;147m[401eeab7]&amp#27;[0m&amp#27;[38;5;86m[HTTP]&amp#27;[0m &amp#27;[37m-->&amp#27;[39m &amp#27;[37mGET&amp#27;[39m &amp#27;[37m/session/401eeab7-9725-4285-8dc7-bd8b07cbae2f/context&amp#27;[39m &amp#27;[90m{}&amp#27;[39m
&amp#27;[38;5;147m[401eeab7]&amp#27;[0m&amp#27;[38;5;-132m[AndroidUiautomator2Driver@7639]&amp#27;[0m Calling AppiumDriver.getCurrentContext() with args: ["401eeab7-9725-4285-8dc7-bd8b07cbae2f"]
&amp#27;[38;5;147m[401eeab7]&amp#27;[0m&amp#27;[38;5;-132m[AndroidUiautomator2Driver@7639]&amp#27;[0m Responding to client with driver.getCurrentContext() result: "NATIVE_APP"
&amp#27;[38;5;147m[401eeab7]&amp#27;[0m&amp#27;[38;5;86m[HTTP]&amp#27;[0m &amp#27;[37m<-- GET /session/401eeab7-9725-4285-8dc7-bd8b07cbae2f/context &amp#27;[39m&amp#27;[32m200&amp#27;[39m &amp#27;[90m1 ms - 22&amp#27;[39m &amp#27;[90m&amp#27;[39m
&amp#27;[38;5;147m[401eeab7]&amp#27;[0m&amp#27;[38;5;86m[HTTP]&amp#27;[0m &amp#27;[37m-->&amp#27;[39m &amp#27;[37mPOST&amp#27;[39m &amp#27;[37m/session/401eeab7-9725-4285-8dc7-bd8b07cbae2f/elements&amp#27;[39m &amp#27;[90m{"value":"//android.widget.TextView[@resource-id='com.androidsample.generalstore:id/productName']","using":"xpath"}&amp#27;[39m
&amp#27;[38;5;147m[401eeab7]&amp#27;[0m&amp#27;[38;5;-132m[AndroidUiautomator2Driver@7639]&amp#27;[0m Calling AppiumDriver.findElements() with args: ["xpath","//android.widget.TextView[@resource-id='com.androidsample.generalstore:id/productName']","401eeab7-9725-4285-8dc7-bd8b07cbae2f"]
&amp#27;[38;5;147m[401eeab7]&amp#27;[0m&amp#27;[38;5;-132m[AndroidUiautomator2Driver@7639]&amp#27;[0m Valid locator strategies for this request: xpath, id, class name, accessibility id, css selector, -android uiautomator
&amp#27;[38;5;147m[401eeab7]&amp#27;[0m&amp#27;[38;5;-132m[AndroidUiautomator2Driver@7639]&amp#27;[0m Waiting up to 20000 ms for condition
&amp#27;[38;5;147m[401eeab7]&amp#27;[0m&amp#27;[38;5;-132m[AndroidUiautomator2Driver@7639]&amp#27;[0m Matched '/elements' to command name 'findElements'
&amp#27;[38;5;147m[401eeab7]&amp#27;[0m&amp#27;[38;5;-132m[AndroidUiautomator2Driver@7639]&amp#27;[0m Proxying [POST /elements] to [POST http://127.0.0.1:8200/session/df998279-dd8f-4f95-aed1-c9f2098dcb06/elements] with body: {"strategy":"xpath","selector":"//android.widget.TextView[@resource-id='com.androidsample.generalstore:id/productName']","context":"","multiple":true}
&amp#27;[38;5;147m[401eeab7]&amp#27;[0m&amp#27;[38;5;-132m[AndroidUiautomator2Driver@7639]&amp#27;[0m Got response with status 200: {"sessionId":"df998279-dd8f-4f95-aed1-c9f2098dcb06","value":[{"ELEMENT":"00000000-0000-04d5-ffff-ffff0000004d","element-6066-11e4-a52e-4f735466cecf":"00000000-0000-04d5-ffff-ffff0000004d"},{"ELEMENT":"00000000-0000-04d5-ffff-ffff00000055","element-6066-11e4-a52e-4f735466cecf":"00000000-0000-04d5-ffff-ffff00000055"}]}
&amp#27;[38;5;147m[401eeab7]&amp#27;[0m&amp#27;[38;5;-132m[AndroidUiautomator2Driver@7639]&amp#27;[0m Responding to client with driver.findElements() result: [{"element-6066-11e4-a52e-4f735466cecf":"00000000-0000-04d5-ffff-ffff0000004d","ELEMENT":"00000000-0000-04d5-ffff-ffff0000004d"},{"element-6066-11e4-a52e-4f735466cecf":"00000000-0000-04d5-ffff-ffff00000055","ELEMENT":"00000000-0000-04d5-ffff-ffff00000055"}]
&amp#27;[38;5;147m[401eeab7]&amp#27;[0m&amp#27;[38;5;86m[HTTP]&amp#27;[0m &amp#27;[37m<-- POST /session/401eeab7-9725-4285-8dc7-bd8b07cbae2f/elements &amp#27;[39m&amp#27;[32m200&amp#27;[39m &amp#27;[90m29 ms - 267&amp#27;[39m &amp#27;[90m&amp#27;[39m
&amp#27;[38;5;147m[401eeab7]&amp#27;[0m&amp#27;[38;5;86m[HTTP]&amp#27;[0m &amp#27;[37m-->&amp#27;[39m &amp#27;[37mGET&amp#27;[39m &amp#27;[37m/session/401eeab7-9725-4285-8dc7-bd8b07cbae2f/element/00000000-0000-04d5-ffff-ffff0000004d/text&amp#27;[39m &amp#27;[90m{}&amp#27;[39m
&amp#27;[38;5;147m[401eeab7]&amp#27;[0m&amp#27;[38;5;-132m[AndroidUiautomator2Driver@7639]&amp#27;[0m Driver proxy active, passing request on via HTTP proxy
&amp#27;[38;5;147m[401eeab7]&amp#27;[0m&amp#27;[38;5;-132m[AndroidUiautomator2Driver@7639]&amp#27;[0m Matched '/session/401eeab7-9725-4285-8dc7-bd8b07cbae2f/element/00000000-0000-04d5-ffff-ffff0000004d/text' to command name 'getText'
&amp#27;[38;5;147m[401eeab7]&amp#27;[0m&amp#27;[38;5;-132m[AndroidUiautomator2Driver@7639]&amp#27;[0m Proxying [GET /session/401eeab7-9725-4285-8dc7-bd8b07cbae2f/element/00000000-0000-04d5-ffff-ffff0000004d/text] to [GET http://127.0.0.1:8200/session/df998279-dd8f-4f95-aed1-c9f2098dcb06/element/00000000-0000-04d5-ffff-ffff0000004d/text] with no body
&amp#27;[38;5;147m[401eeab7]&amp#27;[0m&amp#27;[38;5;-132m[AndroidUiautomator2Driver@7639]&amp#27;[0m Got response with status 200: {"sessionId":"df998279-dd8f-4f95-aed1-c9f2098dcb06","value":"Air Jordan 4 Retro"}
&amp#27;[38;5;147m[401eeab7]&amp#27;[0m&amp#27;[38;5;-132m[AndroidUiautomator2Driver@7639]&amp#27;[0m Replacing sessionId df998279-dd8f-4f95-aed1-c9f2098dcb06 with 401eeab7-9725-4285-8dc7-bd8b07cbae2f
&amp#27;[38;5;147m[401eeab7]&amp#27;[0m&amp#27;[38;5;86m[HTTP]&amp#27;[0m &amp#27;[37m<-- GET /session/401eeab7-9725-4285-8dc7-bd8b07cbae2f/element/00000000-0000-04d5-ffff-ffff0000004d/text &amp#27;[39m&amp#27;[32m200&amp#27;[39m &amp#27;[90m15 ms - 81&amp#27;[39m &amp#27;[90m&amp#27;[39m
&amp#27;[38;5;147m[401eeab7]&amp#27;[0m&amp#27;[38;5;86m[HTTP]&amp#27;[0m &amp#27;[37m-->&amp#27;[39m &amp#27;[37mPOST&amp#27;[39m &amp#27;[37m/session/401eeab7-9725-4285-8dc7-bd8b07cbae2f/element&amp#27;[39m &amp#27;[90m{"value":"//android.widget.TextView[@resource-id='com.androidsample.generalstore:id/productName' and @text='Air Jordan 4 Retro']//..","using":"xpath"}&amp#27;[39m
&amp#27;[38;5;147m[401eeab7]&amp#27;[0m&amp#27;[38;5;-132m[AndroidUiautomator2Driver@7639]&amp#27;[0m Calling AppiumDriver.findElement() with args: ["xpath","//android.widget.TextView[@resource-id='com.androidsample.generalstore:id/productName' and @text='Air Jordan 4 Retro']//..","401eeab7-9725-4285-8dc7-bd8b07cbae2f"]
&amp#27;[38;5;147m[401eeab7]&amp#27;[0m&amp#27;[38;5;-132m[AndroidUiautomator2Driver@7639]&amp#27;[0m Valid locator strategies for this request: xpath, id, class name, accessibility id, css selector, -android uiautomator
&amp#27;[38;5;147m[401eeab7]&amp#27;[0m&amp#27;[38;5;-132m[AndroidUiautomator2Driver@7639]&amp#27;[0m Waiting up to 20000 ms for condition
&amp#27;[38;5;147m[401eeab7]&amp#27;[0m&amp#27;[38;5;-132m[AndroidUiautomator2Driver@7639]&amp#27;[0m Matched '/element' to command name 'findElement'
&amp#27;[38;5;147m[401eeab7]&amp#27;[0m&amp#27;[38;5;-132m[AndroidUiautomator2Driver@7639]&amp#27;[0m Proxying [POST /element] to [POST http://127.0.0.1:8200/session/df998279-dd8f-4f95-aed1-c9f2098dcb06/element] with body: {"strategy":"xpath","selector":"//android.widget.TextView[@resource-id='com.androidsample.generalstore:id/productName' and @text='Air Jordan 4 Retro']//..","context":"","multiple":false}
&amp#27;[38;5;147m[401eeab7]&amp#27;[0m&amp#27;[38;5;-132m[AndroidUiautomator2Driver@7639]&amp#27;[0m Got response with status 200: {"sessionId":"df998279-dd8f-4f95-aed1-c9f2098dcb06","value":{"ELEMENT":"00000000-0000-04d5-ffff-ffff0000004b","element-6066-11e4-a52e-4f735466cecf":"00000000-0000-04d5-ffff-ffff0000004b"}}
&amp#27;[38;5;147m[401eeab7]&amp#27;[0m&amp#27;[38;5;-132m[AndroidUiautomator2Driver@7639]&amp#27;[0m Responding to client with driver.findElement() result: {"element-6066-11e4-a52e-4f735466cecf":"00000000-0000-04d5-ffff-ffff0000004b","ELEMENT":"00000000-0000-04d5-ffff-ffff0000004b"}
&amp#27;[38;5;147m[401eeab7]&amp#27;[0m&amp#27;[38;5;86m[HTTP]&amp#27;[0m &amp#27;[37m<-- POST /session/401eeab7-9725-4285-8dc7-bd8b07cbae2f/element &amp#27;[39m&amp#27;[32m200&amp#27;[39m &amp#27;[90m36 ms - 137&amp#27;[39m &amp#27;[90m&amp#27;[39m
&amp#27;[38;5;147m[401eeab7]&amp#27;[0m&amp#27;[38;5;86m[HTTP]&amp#27;[0m &amp#27;[37m-->&amp#27;[39m &amp#27;[37mPOST&amp#27;[39m &amp#27;[37m/session/401eeab7-9725-4285-8dc7-bd8b07cbae2f/element/00000000-0000-04d5-ffff-ffff0000004b/element&amp#27;[39m &amp#27;[90m{"using":"xpath","value":"//android.widget.TextView[@resource-id='com.androidsample.generalstore:id/productAddCart']","id":"00000000-0000-04d5-ffff-ffff0000004b"}&amp#27;[39m
&amp#27;[38;5;147m[401eeab7]&amp#27;[0m&amp#27;[38;5;-132m[AndroidUiautomator2Driver@7639]&amp#27;[0m Calling AppiumDriver.findElementFromElement() with args: ["xpath","//android.widget.TextView[@resource-id='com.androidsample.generalstore:id/productAddCart']","00000000-0000-04d5-ffff-ffff0000004b","401eeab7-9725-4285-8dc7-bd8b07cbae2f"]
&amp#27;[38;5;147m[401eeab7]&amp#27;[0m&amp#27;[38;5;-132m[AndroidUiautomator2Driver@7639]&amp#27;[0m Valid locator strategies for this request: xpath, id, class name, accessibility id, css selector, -android uiautomator
&amp#27;[38;5;147m[401eeab7]&amp#27;[0m&amp#27;[38;5;-132m[AndroidUiautomator2Driver@7639]&amp#27;[0m Waiting up to 20000 ms for condition
&amp#27;[38;5;147m[401eeab7]&amp#27;[0m&amp#27;[38;5;-132m[AndroidUiautomator2Driver@7639]&amp#27;[0m Matched '/element' to command name 'findElement'
&amp#27;[38;5;147m[401eeab7]&amp#27;[0m&amp#27;[38;5;-132m[AndroidUiautomator2Driver@7639]&amp#27;[0m Proxying [POST /element] to [POST http://127.0.0.1:8200/session/df998279-dd8f-4f95-aed1-c9f2098dcb06/element] with body: {"strategy":"xpath","selector":"//android.widget.TextView[@resource-id='com.androidsample.generalstore:id/productAddCart']","context":"00000000-0000-04d5-ffff-ffff0000004b","multiple":false}
&amp#27;[38;5;147m[401eeab7]&amp#27;[0m&amp#27;[38;5;-132m[AndroidUiautomator2Driver@7639]&amp#27;[0m Got response with status 200: {"sessionId":"df998279-dd8f-4f95-aed1-c9f2098dcb06","value":{"ELEMENT":"00000000-0000-04d5-ffff-ffff00000051","element-6066-11e4-a52e-4f735466cecf":"00000000-0000-04d5-ffff-ffff00000051"}}
&amp#27;[38;5;147m[401eeab7]&amp#27;[0m&amp#27;[38;5;-132m[AndroidUiautomator2Driver@7639]&amp#27;[0m Responding to client with driver.findElementFromElement() result: {"element-6066-11e4-a52e-4f735466cecf":"00000000-0000-04d5-ffff-ffff00000051","ELEMENT":"00000000-0000-04d5-ffff-ffff00000051"}
&amp#27;[38;5;147m[401eeab7]&amp#27;[0m&amp#27;[38;5;86m[HTTP]&amp#27;[0m &amp#27;[37m<-- POST /session/401eeab7-9725-4285-8dc7-bd8b07cbae2f/element/00000000-0000-04d5-ffff-ffff0000004b/element &amp#27;[39m&amp#27;[32m200&amp#27;[39m &amp#27;[90m14 ms - 137&amp#27;[39m &amp#27;[90m&amp#27;[39m
&amp#27;[38;5;147m[401eeab7]&amp#27;[0m&amp#27;[38;5;86m[HTTP]&amp#27;[0m &amp#27;[37m-->&amp#27;[39m &amp#27;[37mPOST&amp#27;[39m &amp#27;[37m/session/401eeab7-9725-4285-8dc7-bd8b07cbae2f/element/00000000-0000-04d5-ffff-ffff00000051/click&amp#27;[39m &amp#27;[90m{"id":"00000000-0000-04d5-ffff-ffff00000051"}&amp#27;[39m
&amp#27;[38;5;147m[401eeab7]&amp#27;[0m&amp#27;[38;5;-132m[AndroidUiautomator2Driver@7639]&amp#27;[0m Calling AppiumDriver.click() with args: ["00000000-0000-04d5-ffff-ffff00000051","401eeab7-9725-4285-8dc7-bd8b07cbae2f"]
&amp#27;[38;5;147m[401eeab7]&amp#27;[0m&amp#27;[38;5;-132m[AndroidUiautomator2Driver@7639]&amp#27;[0m Matched '/element/00000000-0000-04d5-ffff-ffff00000051/click' to command name 'click'
&amp#27;[38;5;147m[401eeab7]&amp#27;[0m&amp#27;[38;5;-132m[AndroidUiautomator2Driver@7639]&amp#27;[0m Proxying [POST /element/00000000-0000-04d5-ffff-ffff00000051/click] to [POST http://127.0.0.1:8200/session/df998279-dd8f-4f95-aed1-c9f2098dcb06/element/00000000-0000-04d5-ffff-ffff00000051/click] with body: {"element":"00000000-0000-04d5-ffff-ffff00000051"}
&amp#27;[38;5;147m[401eeab7]&amp#27;[0m&amp#27;[38;5;-132m[AndroidUiautomator2Driver@7639]&amp#27;[0m Got response with status 200: {"sessionId":"df998279-dd8f-4f95-aed1-c9f2098dcb06","value":null}
&amp#27;[38;5;147m[401eeab7]&amp#27;[0m&amp#27;[38;5;-132m[AndroidUiautomator2Driver@7639]&amp#27;[0m Responding to client with driver.click() result: null
&amp#27;[38;5;147m[401eeab7]&amp#27;[0m&amp#27;[38;5;86m[HTTP]&amp#27;[0m &amp#27;[37m<-- POST /session/401eeab7-9725-4285-8dc7-bd8b07cbae2f/element/00000000-0000-04d5-ffff-ffff00000051/click &amp#27;[39m&amp#27;[32m200&amp#27;[39m &amp#27;[90m42 ms - 14&amp#27;[39m &amp#27;[90m&amp#27;[39m
&amp#27;[38;5;147m[401eeab7]&amp#27;[0m&amp#27;[38;5;86m[HTTP]&amp#27;[0m &amp#27;[37m-->&amp#27;[39m &amp#27;[37mGET&amp#27;[39m &amp#27;[37m/session/401eeab7-9725-4285-8dc7-bd8b07cbae2f/element/00000000-0000-04d5-ffff-ffff00000055/text&amp#27;[39m &amp#27;[90m{}&amp#27;[39m
&amp#27;[38;5;147m[401eeab7]&amp#27;[0m&amp#27;[38;5;-132m[AndroidUiautomator2Driver@7639]&amp#27;[0m Driver proxy active, passing request on via HTTP proxy
&amp#27;[38;5;147m[401eeab7]&amp#27;[0m&amp#27;[38;5;-132m[AndroidUiautomator2Driver@7639]&amp#27;[0m Matched '/session/401eeab7-9725-4285-8dc7-bd8b07cbae2f/element/00000000-0000-04d5-ffff-ffff00000055/text' to command name 'getText'
&amp#27;[38;5;147m[401eeab7]&amp#27;[0m&amp#27;[38;5;-132m[AndroidUiautomator2Driver@7639]&amp#27;[0m Proxying [GET /session/401eeab7-9725-4285-8dc7-bd8b07cbae2f/element/00000000-0000-04d5-ffff-ffff00000055/text] to [GET http://127.0.0.1:8200/session/df998279-dd8f-4f95-aed1-c9f2098dcb06/element/00000000-0000-04d5-ffff-ffff00000055/text] with no body
&amp#27;[38;5;147m[401eeab7]&amp#27;[0m&amp#27;[38;5;-132m[AndroidUiautomator2Driver@7639]&amp#27;[0m Got response with status 200: {"sessionId":"df998279-dd8f-4f95-aed1-c9f2098dcb06","value":"Air Jordan 1 Mid SE"}
&amp#27;[38;5;147m[401eeab7]&amp#27;[0m&amp#27;[38;5;-132m[AndroidUiautomator2Driver@7639]&amp#27;[0m Replacing sessionId df998279-dd8f-4f95-aed1-c9f2098dcb06 with 401eeab7-9725-4285-8dc7-bd8b07cbae2f
&amp#27;[38;5;147m[401eeab7]&amp#27;[0m&amp#27;[38;5;86m[HTTP]&amp#27;[0m &amp#27;[37m<-- GET /session/401eeab7-9725-4285-8dc7-bd8b07cbae2f/element/00000000-0000-04d5-ffff-ffff00000055/text &amp#27;[39m&amp#27;[32m200&amp#27;[39m &amp#27;[90m495 ms - 82&amp#27;[39m &amp#27;[90m&amp#27;[39m
&amp#27;[38;5;147m[401eeab7]&amp#27;[0m&amp#27;[38;5;86m[HTTP]&amp#27;[0m &amp#27;[37m-->&amp#27;[39m &amp#27;[37mGET&amp#27;[39m &amp#27;[37m/session/401eeab7-9725-4285-8dc7-bd8b07cbae2f/context&amp#27;[39m &amp#27;[90m{}&amp#27;[39m
&amp#27;[38;5;147m[401eeab7]&amp#27;[0m&amp#27;[38;5;-132m[AndroidUiautomator2Driver@7639]&amp#27;[0m Calling AppiumDriver.getCurrentContext() with args: ["401eeab7-9725-4285-8dc7-bd8b07cbae2f"]
&amp#27;[38;5;147m[401eeab7]&amp#27;[0m&amp#27;[38;5;-132m[AndroidUiautomator2Driver@7639]&amp#27;[0m Responding to client with driver.getCurrentContext() result: "NATIVE_APP"
&amp#27;[38;5;147m[401eeab7]&amp#27;[0m&amp#27;[38;5;86m[HTTP]&amp#27;[0m &amp#27;[37m<-- GET /session/401eeab7-9725-4285-8dc7-bd8b07cbae2f/context &amp#27;[39m&amp#27;[32m200&amp#27;[39m &amp#27;[90m0 ms - 22&amp#27;[39m &amp#27;[90m&amp#27;[39m
&amp#27;[38;5;147m[401eeab7]&amp#27;[0m&amp#27;[38;5;86m[HTTP]&amp#27;[0m &amp#27;[37m-->&amp#27;[39m &amp#27;[37mPOST&amp#27;[39m &amp#27;[37m/session/401eeab7-9725-4285-8dc7-bd8b07cbae2f/element&amp#27;[39m &amp#27;[90m{"value":"com.androidsample.generalstore:id/appbar_btn_cart","using":"id"}&amp#27;[39m
&amp#27;[38;5;147m[401eeab7]&amp#27;[0m&amp#27;[38;5;-132m[AndroidUiautomator2Driver@7639]&amp#27;[0m Calling AppiumDriver.findElement() with args: ["id","com.androidsample.generalstore:id/appbar_btn_cart","401eeab7-9725-4285-8dc7-bd8b07cbae2f"]
&amp#27;[38;5;147m[401eeab7]&amp#27;[0m&amp#27;[38;5;-132m[AndroidUiautomator2Driver@7639]&amp#27;[0m Valid locator strategies for this request: xpath, id, class name, accessibility id, css selector, -android uiautomator
&amp#27;[38;5;147m[401eeab7]&amp#27;[0m&amp#27;[38;5;-132m[AndroidUiautomator2Driver@7639]&amp#27;[0m Waiting up to 20000 ms for condition
&amp#27;[38;5;147m[401eeab7]&amp#27;[0m&amp#27;[38;5;-132m[AndroidUiautomator2Driver@7639]&amp#27;[0m Matched '/element' to command name 'findElement'
&amp#27;[38;5;147m[401eeab7]&amp#27;[0m&amp#27;[38;5;-132m[AndroidUiautomator2Driver@7639]&amp#27;[0m Proxying [POST /element] to [POST http://127.0.0.1:8200/session/df998279-dd8f-4f95-aed1-c9f2098dcb06/element] with body: {"strategy":"id","selector":"com.androidsample.generalstore:id/appbar_btn_cart","context":"","multiple":false}
&amp#27;[38;5;147m[401eeab7]&amp#27;[0m&amp#27;[38;5;-132m[AndroidUiautomator2Driver@7639]&amp#27;[0m Got response with status 200: {"sessionId":"df998279-dd8f-4f95-aed1-c9f2098dcb06","value":{"ELEMENT":"00000000-0000-04d5-ffff-ffff00000044","element-6066-11e4-a52e-4f735466cecf":"00000000-0000-04d5-ffff-ffff00000044"}}
&amp#27;[38;5;147m[401eeab7]&amp#27;[0m&amp#27;[38;5;-132m[AndroidUiautomator2Driver@7639]&amp#27;[0m Responding to client with driver.findElement() result: {"element-6066-11e4-a52e-4f735466cecf":"00000000-0000-04d5-ffff-ffff00000044","ELEMENT":"00000000-0000-04d5-ffff-ffff00000044"}
&amp#27;[38;5;147m[401eeab7]&amp#27;[0m&amp#27;[38;5;86m[HTTP]&amp#27;[0m &amp#27;[37m<-- POST /session/401eeab7-9725-4285-8dc7-bd8b07cbae2f/element &amp#27;[39m&amp#27;[32m200&amp#27;[39m &amp#27;[90m21 ms - 137&amp#27;[39m &amp#27;[90m&amp#27;[39m
&amp#27;[38;5;147m[401eeab7]&amp#27;[0m&amp#27;[38;5;86m[HTTP]&amp#27;[0m &amp#27;[37m-->&amp#27;[39m &amp#27;[37mPOST&amp#27;[39m &amp#27;[37m/session/401eeab7-9725-4285-8dc7-bd8b07cbae2f/element/00000000-0000-04d5-ffff-ffff00000044/click&amp#27;[39m &amp#27;[90m{"id":"00000000-0000-04d5-ffff-ffff00000044"}&amp#27;[39m
&amp#27;[38;5;147m[401eeab7]&amp#27;[0m&amp#27;[38;5;-132m[AndroidUiautomator2Driver@7639]&amp#27;[0m Calling AppiumDriver.click() with args: ["00000000-0000-04d5-ffff-ffff00000044","401eeab7-9725-4285-8dc7-bd8b07cbae2f"]
&amp#27;[38;5;147m[401eeab7]&amp#27;[0m&amp#27;[38;5;-132m[AndroidUiautomator2Driver@7639]&amp#27;[0m Matched '/element/00000000-0000-04d5-ffff-ffff00000044/click' to command name 'click'
&amp#27;[38;5;147m[401eeab7]&amp#27;[0m&amp#27;[38;5;-132m[AndroidUiautomator2Driver@7639]&amp#27;[0m Proxying [POST /element/00000000-0000-04d5-ffff-ffff00000044/click] to [POST http://127.0.0.1:8200/session/df998279-dd8f-4f95-aed1-c9f2098dcb06/element/00000000-0000-04d5-ffff-ffff00000044/click] with body: {"element":"00000000-0000-04d5-ffff-ffff00000044"}
&amp#27;[38;5;147m[401eeab7]&amp#27;[0m&amp#27;[38;5;-132m[AndroidUiautomator2Driver@7639]&amp#27;[0m Got response with status 200: {"sessionId":"df998279-dd8f-4f95-aed1-c9f2098dcb06","value":null}
&amp#27;[38;5;147m[401eeab7]&amp#27;[0m&amp#27;[38;5;-132m[AndroidUiautomator2Driver@7639]&amp#27;[0m Responding to client with driver.click() result: null
&amp#27;[38;5;147m[401eeab7]&amp#27;[0m&amp#27;[38;5;86m[HTTP]&amp#27;[0m &amp#27;[37m<-- POST /session/401eeab7-9725-4285-8dc7-bd8b07cbae2f/element/00000000-0000-04d5-ffff-ffff00000044/click &amp#27;[39m&amp#27;[32m200&amp#27;[39m &amp#27;[90m40 ms - 14&amp#27;[39m &amp#27;[90m&amp#27;[39m
&amp#27;[38;5;147m[401eeab7]&amp#27;[0m&amp#27;[38;5;86m[HTTP]&amp#27;[0m &amp#27;[37m-->&amp#27;[39m &amp#27;[37mGET&amp#27;[39m &amp#27;[37m/session/401eeab7-9725-4285-8dc7-bd8b07cbae2f/context&amp#27;[39m &amp#27;[90m{}&amp#27;[39m
&amp#27;[38;5;147m[401eeab7]&amp#27;[0m&amp#27;[38;5;-132m[AndroidUiautomator2Driver@7639]&amp#27;[0m Calling AppiumDriver.getCurrentContext() with args: ["401eeab7-9725-4285-8dc7-bd8b07cbae2f"]
&amp#27;[38;5;147m[401eeab7]&amp#27;[0m&amp#27;[38;5;-132m[AndroidUiautomator2Driver@7639]&amp#27;[0m Responding to client with driver.getCurrentContext() result: "NATIVE_APP"
&amp#27;[38;5;147m[401eeab7]&amp#27;[0m&amp#27;[38;5;86m[HTTP]&amp#27;[0m &amp#27;[37m<-- GET /session/401eeab7-9725-4285-8dc7-bd8b07cbae2f/context &amp#27;[39m&amp#27;[32m200&amp#27;[39m &amp#27;[90m1 ms - 22&amp#27;[39m &amp#27;[90m&amp#27;[39m
&amp#27;[38;5;147m[401eeab7]&amp#27;[0m&amp#27;[38;5;86m[HTTP]&amp#27;[0m &amp#27;[37m-->&amp#27;[39m &amp#27;[37mPOST&amp#27;[39m &amp#27;[37m/session/401eeab7-9725-4285-8dc7-bd8b07cbae2f/element&amp#27;[39m &amp#27;[90m{"value":"com.androidsample.generalstore:id/toolbar_title","using":"id"}&amp#27;[39m
&amp#27;[38;5;147m[401eeab7]&amp#27;[0m&amp#27;[38;5;-132m[AndroidUiautomator2Driver@7639]&amp#27;[0m Calling AppiumDriver.findElement() with args: ["id","com.androidsample.generalstore:id/toolbar_title","401eeab7-9725-4285-8dc7-bd8b07cbae2f"]
&amp#27;[38;5;147m[401eeab7]&amp#27;[0m&amp#27;[38;5;-132m[AndroidUiautomator2Driver@7639]&amp#27;[0m Valid locator strategies for this request: xpath, id, class name, accessibility id, css selector, -android uiautomator
&amp#27;[38;5;147m[401eeab7]&amp#27;[0m&amp#27;[38;5;-132m[AndroidUiautomator2Driver@7639]&amp#27;[0m Waiting up to 20000 ms for condition
&amp#27;[38;5;147m[401eeab7]&amp#27;[0m&amp#27;[38;5;-132m[AndroidUiautomator2Driver@7639]&amp#27;[0m Matched '/element' to command name 'findElement'
&amp#27;[38;5;147m[401eeab7]&amp#27;[0m&amp#27;[38;5;-132m[AndroidUiautomator2Driver@7639]&amp#27;[0m Proxying [POST /element] to [POST http://127.0.0.1:8200/session/df998279-dd8f-4f95-aed1-c9f2098dcb06/element] with body: {"strategy":"id","selector":"com.androidsample.generalstore:id/toolbar_title","context":"","multiple":false}
&amp#27;[38;5;147m[401eeab7]&amp#27;[0m&amp#27;[38;5;-132m[AndroidUiautomator2Driver@7639]&amp#27;[0m Got response with status 200: {"sessionId":"df998279-dd8f-4f95-aed1-c9f2098dcb06","value":{"ELEMENT":"00000000-0000-04d6-ffff-ffff0000008f","element-6066-11e4-a52e-4f735466cecf":"00000000-0000-04d6-ffff-ffff0000008f"}}
&amp#27;[38;5;147m[401eeab7]&amp#27;[0m&amp#27;[38;5;-132m[AndroidUiautomator2Driver@7639]&amp#27;[0m Responding to client with driver.findElement() result: {"element-6066-11e4-a52e-4f735466cecf":"00000000-0000-04d6-ffff-ffff0000008f","ELEMENT":"00000000-0000-04d6-ffff-ffff0000008f"}
&amp#27;[38;5;147m[401eeab7]&amp#27;[0m&amp#27;[38;5;86m[HTTP]&amp#27;[0m &amp#27;[37m<-- POST /session/401eeab7-9725-4285-8dc7-bd8b07cbae2f/element &amp#27;[39m&amp#27;[32m200&amp#27;[39m &amp#27;[90m12 ms - 137&amp#27;[39m &amp#27;[90m&amp#27;[39m
&amp#27;[38;5;147m[401eeab7]&amp#27;[0m&amp#27;[38;5;86m[HTTP]&amp#27;[0m &amp#27;[37m-->&amp#27;[39m &amp#27;[37mGET&amp#27;[39m &amp#27;[37m/session/401eeab7-9725-4285-8dc7-bd8b07cbae2f/element/00000000-0000-04d6-ffff-ffff0000008f/text&amp#27;[39m &amp#27;[90m{}&amp#27;[39m
&amp#27;[38;5;147m[401eeab7]&amp#27;[0m&amp#27;[38;5;-132m[AndroidUiautomator2Driver@7639]&amp#27;[0m Driver proxy active, passing request on via HTTP proxy
&amp#27;[38;5;147m[401eeab7]&amp#27;[0m&amp#27;[38;5;-132m[AndroidUiautomator2Driver@7639]&amp#27;[0m Matched '/session/401eeab7-9725-4285-8dc7-bd8b07cbae2f/element/00000000-0000-04d6-ffff-ffff0000008f/text' to command name 'getText'
&amp#27;[38;5;147m[401eeab7]&amp#27;[0m&amp#27;[38;5;-132m[AndroidUiautomator2Driver@7639]&amp#27;[0m Proxying [GET /session/401eeab7-9725-4285-8dc7-bd8b07cbae2f/element/00000000-0000-04d6-ffff-ffff0000008f/text] to [GET http://127.0.0.1:8200/session/df998279-dd8f-4f95-aed1-c9f2098dcb06/element/00000000-0000-04d6-ffff-ffff0000008f/text] with no body
&amp#27;[38;5;147m[401eeab7]&amp#27;[0m&amp#27;[38;5;-132m[AndroidUiautomator2Driver@7639]&amp#27;[0m Got response with status 200: {"sessionId":"df998279-dd8f-4f95-aed1-c9f2098dcb06","value":"Cart"}
&amp#27;[38;5;147m[401eeab7]&amp#27;[0m&amp#27;[38;5;-132m[AndroidUiautomator2Driver@7639]&amp#27;[0m Replacing sessionId df998279-dd8f-4f95-aed1-c9f2098dcb06 with 401eeab7-9725-4285-8dc7-bd8b07cbae2f
&amp#27;[38;5;147m[401eeab7]&amp#27;[0m&amp#27;[38;5;86m[HTTP]&amp#27;[0m &amp#27;[37m<-- GET /session/401eeab7-9725-4285-8dc7-bd8b07cbae2f/element/00000000-0000-04d6-ffff-ffff0000008f/text &amp#27;[39m&amp#27;[32m200&amp#27;[39m &amp#27;[90m7 ms - 67&amp#27;[39m &amp#27;[90m&amp#27;[39m
&amp#27;[38;5;147m[401eeab7]&amp#27;[0m&amp#27;[38;5;86m[HTTP]&amp#27;[0m &amp#27;[37m-->&amp#27;[39m &amp#27;[37mGET&amp#27;[39m &amp#27;[37m/session/401eeab7-9725-4285-8dc7-bd8b07cbae2f/context&amp#27;[39m &amp#27;[90m{}&amp#27;[39m
&amp#27;[38;5;147m[401eeab7]&amp#27;[0m&amp#27;[38;5;-132m[AndroidUiautomator2Driver@7639]&amp#27;[0m Calling AppiumDriver.getCurrentContext() with args: ["401eeab7-9725-4285-8dc7-bd8b07cbae2f"]
&amp#27;[38;5;147m[401eeab7]&amp#27;[0m&amp#27;[38;5;-132m[AndroidUiautomator2Driver@7639]&amp#27;[0m Responding to client with driver.getCurrentContext() result: "NATIVE_APP"
&amp#27;[38;5;147m[401eeab7]&amp#27;[0m&amp#27;[38;5;86m[HTTP]&amp#27;[0m &amp#27;[37m<-- GET /session/401eeab7-9725-4285-8dc7-bd8b07cbae2f/context &amp#27;[39m&amp#27;[32m200&amp#27;[39m &amp#27;[90m0 ms - 22&amp#27;[39m &amp#27;[90m&amp#27;[39m
&amp#27;[38;5;147m[401eeab7]&amp#27;[0m&amp#27;[38;5;86m[HTTP]&amp#27;[0m &amp#27;[37m-->&amp#27;[39m &amp#27;[37mPOST&amp#27;[39m &amp#27;[37m/session/401eeab7-9725-4285-8dc7-bd8b07cbae2f/elements&amp#27;[39m &amp#27;[90m{"value":"com.androidsample.generalstore:id/productName","using":"id"}&amp#27;[39m
&amp#27;[38;5;147m[401eeab7]&amp#27;[0m&amp#27;[38;5;-132m[AndroidUiautomator2Driver@7639]&amp#27;[0m Calling AppiumDriver.findElements() with args: ["id","com.androidsample.generalstore:id/productName","401eeab7-9725-4285-8dc7-bd8b07cbae2f"]
&amp#27;[38;5;147m[401eeab7]&amp#27;[0m&amp#27;[38;5;-132m[AndroidUiautomator2Driver@7639]&amp#27;[0m Valid locator strategies for this request: xpath, id, class name, accessibility id, css selector, -android uiautomator
&amp#27;[38;5;147m[401eeab7]&amp#27;[0m&amp#27;[38;5;-132m[AndroidUiautomator2Driver@7639]&amp#27;[0m Waiting up to 20000 ms for condition
&amp#27;[38;5;147m[401eeab7]&amp#27;[0m&amp#27;[38;5;-132m[AndroidUiautomator2Driver@7639]&amp#27;[0m Matched '/elements' to command name 'findElements'
&amp#27;[38;5;147m[401eeab7]&amp#27;[0m&amp#27;[38;5;-132m[AndroidUiautomator2Driver@7639]&amp#27;[0m Proxying [POST /elements] to [POST http://127.0.0.1:8200/session/df998279-dd8f-4f95-aed1-c9f2098dcb06/elements] with body: {"strategy":"id","selector":"com.androidsample.generalstore:id/productName","context":"","multiple":true}
&amp#27;[38;5;147m[401eeab7]&amp#27;[0m&amp#27;[38;5;-132m[AndroidUiautomator2Driver@7639]&amp#27;[0m Got response with status 200: {"sessionId":"df998279-dd8f-4f95-aed1-c9f2098dcb06","value":[{"ELEMENT":"00000000-0000-04d6-ffff-ffff000000a3","element-6066-11e4-a52e-4f735466cecf":"00000000-0000-04d6-ffff-ffff000000a3"},{"ELEMENT":"00000000-0000-04d6-ffff-ffff000000ab","element-6066-11e4-a52e-4f735466cecf":"00000000-0000-04d6-ffff-ffff000000ab"}]}
&amp#27;[38;5;147m[401eeab7]&amp#27;[0m&amp#27;[38;5;-132m[AndroidUiautomator2Driver@7639]&amp#27;[0m Responding to client with driver.findElements() result: [{"element-6066-11e4-a52e-4f735466cecf":"00000000-0000-04d6-ffff-ffff000000a3","ELEMENT":"00000000-0000-04d6-ffff-ffff000000a3"},{"element-6066-11e4-a52e-4f735466cecf":"00000000-0000-04d6-ffff-ffff000000ab","ELEMENT":"00000000-0000-04d6-ffff-ffff000000ab"}]
&amp#27;[38;5;147m[401eeab7]&amp#27;[0m&amp#27;[38;5;86m[HTTP]&amp#27;[0m &amp#27;[37m<-- POST /session/401eeab7-9725-4285-8dc7-bd8b07cbae2f/elements &amp#27;[39m&amp#27;[32m200&amp#27;[39m &amp#27;[90m16 ms - 267&amp#27;[39m &amp#27;[90m&amp#27;[39m
&amp#27;[38;5;147m[401eeab7]&amp#27;[0m&amp#27;[38;5;86m[HTTP]&amp#27;[0m &amp#27;[37m-->&amp#27;[39m &amp#27;[37mGET&amp#27;[39m &amp#27;[37m/session/401eeab7-9725-4285-8dc7-bd8b07cbae2f/element/00000000-0000-04d6-ffff-ffff000000a3/text&amp#27;[39m &amp#27;[90m{}&amp#27;[39m
&amp#27;[38;5;147m[401eeab7]&amp#27;[0m&amp#27;[38;5;-132m[AndroidUiautomator2Driver@7639]&amp#27;[0m Driver proxy active, passing request on via HTTP proxy
&amp#27;[38;5;147m[401eeab7]&amp#27;[0m&amp#27;[38;5;-132m[AndroidUiautomator2Driver@7639]&amp#27;[0m Matched '/session/401eeab7-9725-4285-8dc7-bd8b07cbae2f/element/00000000-0000-04d6-ffff-ffff000000a3/text' to command name 'getText'
&amp#27;[38;5;147m[401eeab7]&amp#27;[0m&amp#27;[38;5;-132m[AndroidUiautomator2Driver@7639]&amp#27;[0m Proxying [GET /session/401eeab7-9725-4285-8dc7-bd8b07cbae2f/element/00000000-0000-04d6-ffff-ffff000000a3/text] to [GET http://127.0.0.1:8200/session/df998279-dd8f-4f95-aed1-c9f2098dcb06/element/00000000-0000-04d6-ffff-ffff000000a3/text] with no body
&amp#27;[38;5;147m[401eeab7]&amp#27;[0m&amp#27;[38;5;-132m[AndroidUiautomator2Driver@7639]&amp#27;[0m Got response with status 200: {"sessionId":"df998279-dd8f-4f95-aed1-c9f2098dcb06","value":"Jordan Lift Off"}
&amp#27;[38;5;147m[401eeab7]&amp#27;[0m&amp#27;[38;5;-132m[AndroidUiautomator2Driver@7639]&amp#27;[0m Replacing sessionId df998279-dd8f-4f95-aed1-c9f2098dcb06 with 401eeab7-9725-4285-8dc7-bd8b07cbae2f
&amp#27;[38;5;147m[401eeab7]&amp#27;[0m&amp#27;[38;5;86m[HTTP]&amp#27;[0m &amp#27;[37m<-- GET /session/401eeab7-9725-4285-8dc7-bd8b07cbae2f/element/00000000-0000-04d6-ffff-ffff000000a3/text &amp#27;[39m&amp#27;[32m200&amp#27;[39m &amp#27;[90m8 ms - 78&amp#27;[39m &amp#27;[90m&amp#27;[39m
Jordan Lift Off
&amp#27;[38;5;147m[401eeab7]&amp#27;[0m&amp#27;[38;5;86m[HTTP]&amp#27;[0m &amp#27;[37m-->&amp#27;[39m &amp#27;[37mGET&amp#27;[39m &amp#27;[37m/session/401eeab7-9725-4285-8dc7-bd8b07cbae2f/element/00000000-0000-04d6-ffff-ffff000000ab/text&amp#27;[39m &amp#27;[90m{}&amp#27;[39m
&amp#27;[38;5;147m[401eeab7]&amp#27;[0m&amp#27;[38;5;-132m[AndroidUiautomator2Driver@7639]&amp#27;[0m Driver proxy active, passing request on via HTTP proxy
&amp#27;[38;5;147m[401eeab7]&amp#27;[0m&amp#27;[38;5;-132m[AndroidUiautomator2Driver@7639]&amp#27;[0m Matched '/session/401eeab7-9725-4285-8dc7-bd8b07cbae2f/element/00000000-0000-04d6-ffff-ffff000000ab/text' to command name 'getText'
&amp#27;[38;5;147m[401eeab7]&amp#27;[0m&amp#27;[38;5;-132m[AndroidUiautomator2Driver@7639]&amp#27;[0m Proxying [GET /session/401eeab7-9725-4285-8dc7-bd8b07cbae2f/element/00000000-0000-04d6-ffff-ffff000000ab/text] to [GET http://127.0.0.1:8200/session/df998279-dd8f-4f95-aed1-c9f2098dcb06/element/00000000-0000-04d6-ffff-ffff000000ab/text] with no body
&amp#27;[38;5;147m[401eeab7]&amp#27;[0m&amp#27;[38;5;-132m[AndroidUiautomator2Driver@7639]&amp#27;[0m Got response with status 200: {"sessionId":"df998279-dd8f-4f95-aed1-c9f2098dcb06","value":"Air Jordan 4 Retro"}
&amp#27;[38;5;147m[401eeab7]&amp#27;[0m&amp#27;[38;5;-132m[AndroidUiautomator2Driver@7639]&amp#27;[0m Replacing sessionId df998279-dd8f-4f95-aed1-c9f2098dcb06 with 401eeab7-9725-4285-8dc7-bd8b07cbae2f
&amp#27;[38;5;147m[401eeab7]&amp#27;[0m&amp#27;[38;5;86m[HTTP]&amp#27;[0m &amp#27;[37m<-- GET /session/401eeab7-9725-4285-8dc7-bd8b07cbae2f/element/00000000-0000-04d6-ffff-ffff000000ab/text &amp#27;[39m&amp#27;[32m200&amp#27;[39m &amp#27;[90m6 ms - 81&amp#27;[39m &amp#27;[90m&amp#27;[39m
Air Jordan 4 Retro
&amp#27;[38;5;147m[401eeab7]&amp#27;[0m&amp#27;[38;5;86m[HTTP]&amp#27;[0m &amp#27;[37m-->&amp#27;[39m &amp#27;[37mGET&amp#27;[39m &amp#27;[37m/session/401eeab7-9725-4285-8dc7-bd8b07cbae2f/context&amp#27;[39m &amp#27;[90m{}&amp#27;[39m
&amp#27;[38;5;147m[401eeab7]&amp#27;[0m&amp#27;[38;5;-132m[AndroidUiautomator2Driver@7639]&amp#27;[0m Calling AppiumDriver.getCurrentContext() with args: ["401eeab7-9725-4285-8dc7-bd8b07cbae2f"]
&amp#27;[38;5;147m[401eeab7]&amp#27;[0m&amp#27;[38;5;-132m[AndroidUiautomator2Driver@7639]&amp#27;[0m Responding to client with driver.getCurrentContext() result: "NATIVE_APP"
&amp#27;[38;5;147m[401eeab7]&amp#27;[0m&amp#27;[38;5;86m[HTTP]&amp#27;[0m &amp#27;[37m<-- GET /session/401eeab7-9725-4285-8dc7-bd8b07cbae2f/context &amp#27;[39m&amp#27;[32m200&amp#27;[39m &amp#27;[90m0 ms - 22&amp#27;[39m &amp#27;[90m&amp#27;[39m
&amp#27;[38;5;147m[401eeab7]&amp#27;[0m&amp#27;[38;5;86m[HTTP]&amp#27;[0m &amp#27;[37m-->&amp#27;[39m &amp#27;[37mPOST&amp#27;[39m &amp#27;[37m/session/401eeab7-9725-4285-8dc7-bd8b07cbae2f/elements&amp#27;[39m &amp#27;[90m{"value":"com.androidsample.generalstore:id/productPrice","using":"id"}&amp#27;[39m
&amp#27;[38;5;147m[401eeab7]&amp#27;[0m&amp#27;[38;5;-132m[AndroidUiautomator2Driver@7639]&amp#27;[0m Calling AppiumDriver.findElements() with args: ["id","com.androidsample.generalstore:id/productPrice","401eeab7-9725-4285-8dc7-bd8b07cbae2f"]
&amp#27;[38;5;147m[401eeab7]&amp#27;[0m&amp#27;[38;5;-132m[AndroidUiautomator2Driver@7639]&amp#27;[0m Valid locator strategies for this request: xpath, id, class name, accessibility id, css selector, -android uiautomator
&amp#27;[38;5;147m[401eeab7]&amp#27;[0m&amp#27;[38;5;-132m[AndroidUiautomator2Driver@7639]&amp#27;[0m Waiting up to 20000 ms for condition
&amp#27;[38;5;147m[401eeab7]&amp#27;[0m&amp#27;[38;5;-132m[AndroidUiautomator2Driver@7639]&amp#27;[0m Matched '/elements' to command name 'findElements'
&amp#27;[38;5;147m[401eeab7]&amp#27;[0m&amp#27;[38;5;-132m[AndroidUiautomator2Driver@7639]&amp#27;[0m Proxying [POST /elements] to [POST http://127.0.0.1:8200/session/df998279-dd8f-4f95-aed1-c9f2098dcb06/elements] with body: {"strategy":"id","selector":"com.androidsample.generalstore:id/productPrice","context":"","multiple":true}
&amp#27;[38;5;147m[401eeab7]&amp#27;[0m&amp#27;[38;5;-132m[AndroidUiautomator2Driver@7639]&amp#27;[0m Got response with status 200: {"sessionId":"df998279-dd8f-4f95-aed1-c9f2098dcb06","value":[{"ELEMENT":"00000000-0000-04d6-ffff-ffff000000a6","element-6066-11e4-a52e-4f735466cecf":"00000000-0000-04d6-ffff-ffff000000a6"},{"ELEMENT":"00000000-0000-04d6-ffff-ffff000000ae","element-6066-11e4-a52e-4f735466cecf":"00000000-0000-04d6-ffff-ffff000000ae"}]}
&amp#27;[38;5;147m[401eeab7]&amp#27;[0m&amp#27;[38;5;-132m[AndroidUiautomator2Driver@7639]&amp#27;[0m Responding to client with driver.findElements() result: [{"element-6066-11e4-a52e-4f735466cecf":"00000000-0000-04d6-ffff-ffff000000a6","ELEMENT":"00000000-0000-04d6-ffff-ffff000000a6"},{"element-6066-11e4-a52e-4f735466cecf":"00000000-0000-04d6-ffff-ffff000000ae","ELEMENT":"00000000-0000-04d6-ffff-ffff000000ae"}]
&amp#27;[38;5;147m[401eeab7]&amp#27;[0m&amp#27;[38;5;86m[HTTP]&amp#27;[0m &amp#27;[37m<-- POST /session/401eeab7-9725-4285-8dc7-bd8b07cbae2f/elements &amp#27;[39m&amp#27;[32m200&amp#27;[39m &amp#27;[90m11 ms - 267&amp#27;[39m &amp#27;[90m&amp#27;[39m
&amp#27;[38;5;147m[401eeab7]&amp#27;[0m&amp#27;[38;5;86m[HTTP]&amp#27;[0m &amp#27;[37m-->&amp#27;[39m &amp#27;[37mGET&amp#27;[39m &amp#27;[37m/session/401eeab7-9725-4285-8dc7-bd8b07cbae2f/element/00000000-0000-04d6-ffff-ffff000000a6/text&amp#27;[39m &amp#27;[90m{}&amp#27;[39m
&amp#27;[38;5;147m[401eeab7]&amp#27;[0m&amp#27;[38;5;-132m[AndroidUiautomator2Driver@7639]&amp#27;[0m Driver proxy active, passing request on via HTTP proxy
&amp#27;[38;5;147m[401eeab7]&amp#27;[0m&amp#27;[38;5;-132m[AndroidUiautomator2Driver@7639]&amp#27;[0m Matched '/session/401eeab7-9725-4285-8dc7-bd8b07cbae2f/element/00000000-0000-04d6-ffff-ffff000000a6/text' to command name 'getText'
&amp#27;[38;5;147m[401eeab7]&amp#27;[0m&amp#27;[38;5;-132m[AndroidUiautomator2Driver@7639]&amp#27;[0m Proxying [GET /session/401eeab7-9725-4285-8dc7-bd8b07cbae2f/element/00000000-0000-04d6-ffff-ffff000000a6/text] to [GET http://127.0.0.1:8200/session/df998279-dd8f-4f95-aed1-c9f2098dcb06/element/00000000-0000-04d6-ffff-ffff000000a6/text] with no body
&amp#27;[38;5;147m[401eeab7]&amp#27;[0m&amp#27;[38;5;-132m[AndroidUiautomator2Driver@7639]&amp#27;[0m Got response with status 200: {"sessionId":"df998279-dd8f-4f95-aed1-c9f2098dcb06","value":"$115.0"}
&amp#27;[38;5;147m[401eeab7]&amp#27;[0m&amp#27;[38;5;-132m[AndroidUiautomator2Driver@7639]&amp#27;[0m Replacing sessionId df998279-dd8f-4f95-aed1-c9f2098dcb06 with 401eeab7-9725-4285-8dc7-bd8b07cbae2f
&amp#27;[38;5;147m[401eeab7]&amp#27;[0m&amp#27;[38;5;86m[HTTP]&amp#27;[0m &amp#27;[37m<-- GET /session/401eeab7-9725-4285-8dc7-bd8b07cbae2f/element/00000000-0000-04d6-ffff-ffff000000a6/text &amp#27;[39m&amp#27;[32m200&amp#27;[39m &amp#27;[90m6 ms - 69&amp#27;[39m &amp#27;[90m&amp#27;[39m
&amp#27;[38;5;147m[401eeab7]&amp#27;[0m&amp#27;[38;5;86m[HTTP]&amp#27;[0m &amp#27;[37m-->&amp#27;[39m &amp#27;[37mGET&amp#27;[39m &amp#27;[37m/session/401eeab7-9725-4285-8dc7-bd8b07cbae2f/element/00000000-0000-04d6-ffff-ffff000000ae/text&amp#27;[39m &amp#27;[90m{}&amp#27;[39m
&amp#27;[38;5;147m[401eeab7]&amp#27;[0m&amp#27;[38;5;-132m[AndroidUiautomator2Driver@7639]&amp#27;[0m Driver proxy active, passing request on via HTTP proxy
&amp#27;[38;5;147m[401eeab7]&amp#27;[0m&amp#27;[38;5;-132m[AndroidUiautomator2Driver@7639]&amp#27;[0m Matched '/session/401eeab7-9725-4285-8dc7-bd8b07cbae2f/element/00000000-0000-04d6-ffff-ffff000000ae/text' to command name 'getText'
&amp#27;[38;5;147m[401eeab7]&amp#27;[0m&amp#27;[38;5;-132m[AndroidUiautomator2Driver@7639]&amp#27;[0m Proxying [GET /session/401eeab7-9725-4285-8dc7-bd8b07cbae2f/element/00000000-0000-04d6-ffff-ffff000000ae/text] to [GET http://127.0.0.1:8200/session/df998279-dd8f-4f95-aed1-c9f2098dcb06/element/00000000-0000-04d6-ffff-ffff000000ae/text] with no body
&amp#27;[38;5;147m[401eeab7]&amp#27;[0m&amp#27;[38;5;-132m[AndroidUiautomator2Driver@7639]&amp#27;[0m Got response with status 200: {"sessionId":"df998279-dd8f-4f95-aed1-c9f2098dcb06","value":"$160.97"}
&amp#27;[38;5;147m[401eeab7]&amp#27;[0m&amp#27;[38;5;-132m[AndroidUiautomator2Driver@7639]&amp#27;[0m Replacing sessionId df998279-dd8f-4f95-aed1-c9f2098dcb06 with 401eeab7-9725-4285-8dc7-bd8b07cbae2f
&amp#27;[38;5;147m[401eeab7]&amp#27;[0m&amp#27;[38;5;86m[HTTP]&amp#27;[0m &amp#27;[37m<-- GET /session/401eeab7-9725-4285-8dc7-bd8b07cbae2f/element/00000000-0000-04d6-ffff-ffff000000ae/text &amp#27;[39m&amp#27;[32m200&amp#27;[39m &amp#27;[90m7 ms - 70&amp#27;[39m &amp#27;[90m&amp#27;[39m
&amp#27;[38;5;147m[401eeab7]&amp#27;[0m&amp#27;[38;5;86m[HTTP]&amp#27;[0m &amp#27;[37m-->&amp#27;[39m &amp#27;[37mGET&amp#27;[39m &amp#27;[37m/session/401eeab7-9725-4285-8dc7-bd8b07cbae2f/context&amp#27;[39m &amp#27;[90m{}&amp#27;[39m
&amp#27;[38;5;147m[401eeab7]&amp#27;[0m&amp#27;[38;5;-132m[AndroidUiautomator2Driver@7639]&amp#27;[0m Calling AppiumDriver.getCurrentContext() with args: ["401eeab7-9725-4285-8dc7-bd8b07cbae2f"]
&amp#27;[38;5;147m[401eeab7]&amp#27;[0m&amp#27;[38;5;-132m[AndroidUiautomator2Driver@7639]&amp#27;[0m Responding to client with driver.getCurrentContext() result: "NATIVE_APP"
&amp#27;[38;5;147m[401eeab7]&amp#27;[0m&amp#27;[38;5;86m[HTTP]&amp#27;[0m &amp#27;[37m<-- GET /session/401eeab7-9725-4285-8dc7-bd8b07cbae2f/context &amp#27;[39m&amp#27;[32m200&amp#27;[39m &amp#27;[90m1 ms - 22&amp#27;[39m &amp#27;[90m&amp#27;[39m
&amp#27;[38;5;147m[401eeab7]&amp#27;[0m&amp#27;[38;5;86m[HTTP]&amp#27;[0m &amp#27;[37m-->&amp#27;[39m &amp#27;[37mPOST&amp#27;[39m &amp#27;[37m/session/401eeab7-9725-4285-8dc7-bd8b07cbae2f/element&amp#27;[39m &amp#27;[90m{"value":"com.androidsample.generalstore:id/totalAmountLbl","using":"id"}&amp#27;[39m
&amp#27;[38;5;147m[401eeab7]&amp#27;[0m&amp#27;[38;5;-132m[AndroidUiautomator2Driver@7639]&amp#27;[0m Calling AppiumDriver.findElement() with args: ["id","com.androidsample.generalstore:id/totalAmountLbl","401eeab7-9725-4285-8dc7-bd8b07cbae2f"]
&amp#27;[38;5;147m[401eeab7]&amp#27;[0m&amp#27;[38;5;-132m[AndroidUiautomator2Driver@7639]&amp#27;[0m Valid locator strategies for this request: xpath, id, class name, accessibility id, css selector, -android uiautomator
&amp#27;[38;5;147m[401eeab7]&amp#27;[0m&amp#27;[38;5;-132m[AndroidUiautomator2Driver@7639]&amp#27;[0m Waiting up to 20000 ms for condition
&amp#27;[38;5;147m[401eeab7]&amp#27;[0m&amp#27;[38;5;-132m[AndroidUiautomator2Driver@7639]&amp#27;[0m Matched '/element' to command name 'findElement'
&amp#27;[38;5;147m[401eeab7]&amp#27;[0m&amp#27;[38;5;-132m[AndroidUiautomator2Driver@7639]&amp#27;[0m Proxying [POST /element] to [POST http://127.0.0.1:8200/session/df998279-dd8f-4f95-aed1-c9f2098dcb06/element] with body: {"strategy":"id","selector":"com.androidsample.generalstore:id/totalAmountLbl","context":"","multiple":false}
&amp#27;[38;5;147m[401eeab7]&amp#27;[0m&amp#27;[38;5;-132m[AndroidUiautomator2Driver@7639]&amp#27;[0m Got response with status 200: {"sessionId":"df998279-dd8f-4f95-aed1-c9f2098dcb06","value":{"ELEMENT":"00000000-0000-04d6-ffff-ffff0000009a","element-6066-11e4-a52e-4f735466cecf":"00000000-0000-04d6-ffff-ffff0000009a"}}
&amp#27;[38;5;147m[401eeab7]&amp#27;[0m&amp#27;[38;5;-132m[AndroidUiautomator2Driver@7639]&amp#27;[0m Responding to client with driver.findElement() result: {"element-6066-11e4-a52e-4f735466cecf":"00000000-0000-04d6-ffff-ffff0000009a","ELEMENT":"00000000-0000-04d6-ffff-ffff0000009a"}
&amp#27;[38;5;147m[401eeab7]&amp#27;[0m&amp#27;[38;5;86m[HTTP]&amp#27;[0m &amp#27;[37m<-- POST /session/401eeab7-9725-4285-8dc7-bd8b07cbae2f/element &amp#27;[39m&amp#27;[32m200&amp#27;[39m &amp#27;[90m10 ms - 137&amp#27;[39m &amp#27;[90m&amp#27;[39m
&amp#27;[38;5;147m[401eeab7]&amp#27;[0m&amp#27;[38;5;86m[HTTP]&amp#27;[0m &amp#27;[37m-->&amp#27;[39m &amp#27;[37mGET&amp#27;[39m &amp#27;[37m/session/401eeab7-9725-4285-8dc7-bd8b07cbae2f/element/00000000-0000-04d6-ffff-ffff0000009a/text&amp#27;[39m &amp#27;[90m{}&amp#27;[39m
&amp#27;[38;5;147m[401eeab7]&amp#27;[0m&amp#27;[38;5;-132m[AndroidUiautomator2Driver@7639]&amp#27;[0m Driver proxy active, passing request on via HTTP proxy
&amp#27;[38;5;147m[401eeab7]&amp#27;[0m&amp#27;[38;5;-132m[AndroidUiautomator2Driver@7639]&amp#27;[0m Matched '/session/401eeab7-9725-4285-8dc7-bd8b07cbae2f/element/00000000-0000-04d6-ffff-ffff0000009a/text' to command name 'getText'
&amp#27;[38;5;147m[401eeab7]&amp#27;[0m&amp#27;[38;5;-132m[AndroidUiautomator2Driver@7639]&amp#27;[0m Proxying [GET /session/401eeab7-9725-4285-8dc7-bd8b07cbae2f/element/00000000-0000-04d6-ffff-ffff0000009a/text] to [GET http://127.0.0.1:8200/session/df998279-dd8f-4f95-aed1-c9f2098dcb06/element/00000000-0000-04d6-ffff-ffff0000009a/text] with no body
&amp#27;[38;5;147m[401eeab7]&amp#27;[0m&amp#27;[38;5;-132m[AndroidUiautomator2Driver@7639]&amp#27;[0m Got response with status 200: {"sessionId":"df998279-dd8f-4f95-aed1-c9f2098dcb06","value":"$ 275.97"}
&amp#27;[38;5;147m[401eeab7]&amp#27;[0m&amp#27;[38;5;-132m[AndroidUiautomator2Driver@7639]&amp#27;[0m Replacing sessionId df998279-dd8f-4f95-aed1-c9f2098dcb06 with 401eeab7-9725-4285-8dc7-bd8b07cbae2f
&amp#27;[38;5;147m[401eeab7]&amp#27;[0m&amp#27;[38;5;86m[HTTP]&amp#27;[0m &amp#27;[37m<-- GET /session/401eeab7-9725-4285-8dc7-bd8b07cbae2f/element/00000000-0000-04d6-ffff-ffff0000009a/text &amp#27;[39m&amp#27;[32m200&amp#27;[39m &amp#27;[90m6 ms - 71&amp#27;[39m &amp#27;[90m&amp#27;[39m
275.97
275.97
&amp#27;[38;5;147m[401eeab7]&amp#27;[0m&amp#27;[38;5;86m[HTTP]&amp#27;[0m &amp#27;[37m-->&amp#27;[39m &amp#27;[37mGET&amp#27;[39m &amp#27;[37m/session/401eeab7-9725-4285-8dc7-bd8b07cbae2f/context&amp#27;[39m &amp#27;[90m{}&amp#27;[39m
&amp#27;[38;5;147m[401eeab7]&amp#27;[0m&amp#27;[38;5;-132m[AndroidUiautomator2Driver@7639]&amp#27;[0m Calling AppiumDriver.getCurrentContext() with args: ["401eeab7-9725-4285-8dc7-bd8b07cbae2f"]
&amp#27;[38;5;147m[401eeab7]&amp#27;[0m&amp#27;[38;5;-132m[AndroidUiautomator2Driver@7639]&amp#27;[0m Responding to client with driver.getCurrentContext() result: "NATIVE_APP"
&amp#27;[38;5;147m[401eeab7]&amp#27;[0m&amp#27;[38;5;86m[HTTP]&amp#27;[0m &amp#27;[37m<-- GET /session/401eeab7-9725-4285-8dc7-bd8b07cbae2f/context &amp#27;[39m&amp#27;[32m200&amp#27;[39m &amp#27;[90m0 ms - 22&amp#27;[39m &amp#27;[90m&amp#27;[39m
&amp#27;[38;5;147m[401eeab7]&amp#27;[0m&amp#27;[38;5;86m[HTTP]&amp#27;[0m &amp#27;[37m-->&amp#27;[39m &amp#27;[37mPOST&amp#27;[39m &amp#27;[37m/session/401eeab7-9725-4285-8dc7-bd8b07cbae2f/element&amp#27;[39m &amp#27;[90m{"value":"//android.widget.CheckBox","using":"xpath"}&amp#27;[39m
&amp#27;[38;5;147m[401eeab7]&amp#27;[0m&amp#27;[38;5;-132m[AndroidUiautomator2Driver@7639]&amp#27;[0m Calling AppiumDriver.findElement() with args: ["xpath","//android.widget.CheckBox","401eeab7-9725-4285-8dc7-bd8b07cbae2f"]
&amp#27;[38;5;147m[401eeab7]&amp#27;[0m&amp#27;[38;5;-132m[AndroidUiautomator2Driver@7639]&amp#27;[0m Valid locator strategies for this request: xpath, id, class name, accessibility id, css selector, -android uiautomator
&amp#27;[38;5;147m[401eeab7]&amp#27;[0m&amp#27;[38;5;-132m[AndroidUiautomator2Driver@7639]&amp#27;[0m Waiting up to 20000 ms for condition
&amp#27;[38;5;147m[401eeab7]&amp#27;[0m&amp#27;[38;5;-132m[AndroidUiautomator2Driver@7639]&amp#27;[0m Matched '/element' to command name 'findElement'
&amp#27;[38;5;147m[401eeab7]&amp#27;[0m&amp#27;[38;5;-132m[AndroidUiautomator2Driver@7639]&amp#27;[0m Proxying [POST /element] to [POST http://127.0.0.1:8200/session/df998279-dd8f-4f95-aed1-c9f2098dcb06/element] with body: {"strategy":"xpath","selector":"//android.widget.CheckBox","context":"","multiple":false}
&amp#27;[38;5;147m[401eeab7]&amp#27;[0m&amp#27;[38;5;-132m[AndroidUiautomator2Driver@7639]&amp#27;[0m Got response with status 200: {"sessionId":"df998279-dd8f-4f95-aed1-c9f2098dcb06","value":{"ELEMENT":"00000000-0000-04d6-ffff-ffff0000009b","element-6066-11e4-a52e-4f735466cecf":"00000000-0000-04d6-ffff-ffff0000009b"}}
&amp#27;[38;5;147m[401eeab7]&amp#27;[0m&amp#27;[38;5;-132m[AndroidUiautomator2Driver@7639]&amp#27;[0m Responding to client with driver.findElement() result: {"element-6066-11e4-a52e-4f735466cecf":"00000000-0000-04d6-ffff-ffff0000009b","ELEMENT":"00000000-0000-04d6-ffff-ffff0000009b"}
&amp#27;[38;5;147m[401eeab7]&amp#27;[0m&amp#27;[38;5;86m[HTTP]&amp#27;[0m &amp#27;[37m<-- POST /session/401eeab7-9725-4285-8dc7-bd8b07cbae2f/element &amp#27;[39m&amp#27;[32m200&amp#27;[39m &amp#27;[90m28 ms - 137&amp#27;[39m &amp#27;[90m&amp#27;[39m
&amp#27;[38;5;147m[401eeab7]&amp#27;[0m&amp#27;[38;5;86m[HTTP]&amp#27;[0m &amp#27;[37m-->&amp#27;[39m &amp#27;[37mPOST&amp#27;[39m &amp#27;[37m/session/401eeab7-9725-4285-8dc7-bd8b07cbae2f/element/00000000-0000-04d6-ffff-ffff0000009b/click&amp#27;[39m &amp#27;[90m{"id":"00000000-0000-04d6-ffff-ffff0000009b"}&amp#27;[39m
&amp#27;[38;5;147m[401eeab7]&amp#27;[0m&amp#27;[38;5;-132m[AndroidUiautomator2Driver@7639]&amp#27;[0m Calling AppiumDriver.click() with args: ["00000000-0000-04d6-ffff-ffff0000009b","401eeab7-9725-4285-8dc7-bd8b07cbae2f"]
&amp#27;[38;5;147m[401eeab7]&amp#27;[0m&amp#27;[38;5;-132m[AndroidUiautomator2Driver@7639]&amp#27;[0m Matched '/element/00000000-0000-04d6-ffff-ffff0000009b/click' to command name 'click'
&amp#27;[38;5;147m[401eeab7]&amp#27;[0m&amp#27;[38;5;-132m[AndroidUiautomator2Driver@7639]&amp#27;[0m Proxying [POST /element/00000000-0000-04d6-ffff-ffff0000009b/click] to [POST http://127.0.0.1:8200/session/df998279-dd8f-4f95-aed1-c9f2098dcb06/element/00000000-0000-04d6-ffff-ffff0000009b/click] with body: {"element":"00000000-0000-04d6-ffff-ffff0000009b"}
&amp#27;[38;5;147m[401eeab7]&amp#27;[0m&amp#27;[38;5;-132m[AndroidUiautomator2Driver@7639]&amp#27;[0m Got response with status 200: {"sessionId":"df998279-dd8f-4f95-aed1-c9f2098dcb06","value":null}
&amp#27;[38;5;147m[401eeab7]&amp#27;[0m&amp#27;[38;5;-132m[AndroidUiautomator2Driver@7639]&amp#27;[0m Responding to client with driver.click() result: null
&amp#27;[38;5;147m[401eeab7]&amp#27;[0m&amp#27;[38;5;86m[HTTP]&amp#27;[0m &amp#27;[37m<-- POST /session/401eeab7-9725-4285-8dc7-bd8b07cbae2f/element/00000000-0000-04d6-ffff-ffff0000009b/click &amp#27;[39m&amp#27;[32m200&amp#27;[39m &amp#27;[90m57 ms - 14&amp#27;[39m &amp#27;[90m&amp#27;[39m
&amp#27;[38;5;147m[401eeab7]&amp#27;[0m&amp#27;[38;5;86m[HTTP]&amp#27;[0m &amp#27;[37m-->&amp#27;[39m &amp#27;[37mGET&amp#27;[39m &amp#27;[37m/session/401eeab7-9725-4285-8dc7-bd8b07cbae2f/context&amp#27;[39m &amp#27;[90m{}&amp#27;[39m
&amp#27;[38;5;147m[401eeab7]&amp#27;[0m&amp#27;[38;5;-132m[AndroidUiautomator2Driver@7639]&amp#27;[0m Calling AppiumDriver.getCurrentContext() with args: ["401eeab7-9725-4285-8dc7-bd8b07cbae2f"]
&amp#27;[38;5;147m[401eeab7]&amp#27;[0m&amp#27;[38;5;-132m[AndroidUiautomator2Driver@7639]&amp#27;[0m Responding to client with driver.getCurrentContext() result: "NATIVE_APP"
&amp#27;[38;5;147m[401eeab7]&amp#27;[0m&amp#27;[38;5;86m[HTTP]&amp#27;[0m &amp#27;[37m<-- GET /session/401eeab7-9725-4285-8dc7-bd8b07cbae2f/context &amp#27;[39m&amp#27;[32m200&amp#27;[39m &amp#27;[90m1 ms - 22&amp#27;[39m &amp#27;[90m&amp#27;[39m
&amp#27;[38;5;147m[401eeab7]&amp#27;[0m&amp#27;[38;5;86m[HTTP]&amp#27;[0m &amp#27;[37m-->&amp#27;[39m &amp#27;[37mPOST&amp#27;[39m &amp#27;[37m/session/401eeab7-9725-4285-8dc7-bd8b07cbae2f/element&amp#27;[39m &amp#27;[90m{"value":"com.androidsample.generalstore:id/termsButton","using":"id"}&amp#27;[39m
&amp#27;[38;5;147m[401eeab7]&amp#27;[0m&amp#27;[38;5;-132m[AndroidUiautomator2Driver@7639]&amp#27;[0m Calling AppiumDriver.findElement() with args: ["id","com.androidsample.generalstore:id/termsButton","401eeab7-9725-4285-8dc7-bd8b07cbae2f"]
&amp#27;[38;5;147m[401eeab7]&amp#27;[0m&amp#27;[38;5;-132m[AndroidUiautomator2Driver@7639]&amp#27;[0m Valid locator strategies for this request: xpath, id, class name, accessibility id, css selector, -android uiautomator
&amp#27;[38;5;147m[401eeab7]&amp#27;[0m&amp#27;[38;5;-132m[AndroidUiautomator2Driver@7639]&amp#27;[0m Waiting up to 20000 ms for condition
&amp#27;[38;5;147m[401eeab7]&amp#27;[0m&amp#27;[38;5;-132m[AndroidUiautomator2Driver@7639]&amp#27;[0m Matched '/element' to command name 'findElement'
&amp#27;[38;5;147m[401eeab7]&amp#27;[0m&amp#27;[38;5;-132m[AndroidUiautomator2Driver@7639]&amp#27;[0m Proxying [POST /element] to [POST http://127.0.0.1:8200/session/df998279-dd8f-4f95-aed1-c9f2098dcb06/element] with body: {"strategy":"id","selector":"com.androidsample.generalstore:id/termsButton","context":"","multiple":false}
&amp#27;[38;5;147m[401eeab7]&amp#27;[0m&amp#27;[38;5;-132m[AndroidUiautomator2Driver@7639]&amp#27;[0m Got response with status 200: {"sessionId":"df998279-dd8f-4f95-aed1-c9f2098dcb06","value":{"ELEMENT":"00000000-0000-04d6-ffff-ffff0000009d","element-6066-11e4-a52e-4f735466cecf":"00000000-0000-04d6-ffff-ffff0000009d"}}
&amp#27;[38;5;147m[401eeab7]&amp#27;[0m&amp#27;[38;5;-132m[AndroidUiautomator2Driver@7639]&amp#27;[0m Responding to client with driver.findElement() result: {"element-6066-11e4-a52e-4f735466cecf":"00000000-0000-04d6-ffff-ffff0000009d","ELEMENT":"00000000-0000-04d6-ffff-ffff0000009d"}
&amp#27;[38;5;147m[401eeab7]&amp#27;[0m&amp#27;[38;5;86m[HTTP]&amp#27;[0m &amp#27;[37m<-- POST /session/401eeab7-9725-4285-8dc7-bd8b07cbae2f/element &amp#27;[39m&amp#27;[32m200&amp#27;[39m &amp#27;[90m14 ms - 137&amp#27;[39m &amp#27;[90m&amp#27;[39m
&amp#27;[38;5;147m[401eeab7]&amp#27;[0m&amp#27;[38;5;86m[HTTP]&amp#27;[0m &amp#27;[37m-->&amp#27;[39m &amp#27;[37mPOST&amp#27;[39m &amp#27;[37m/session/401eeab7-9725-4285-8dc7-bd8b07cbae2f/execute/sync&amp#27;[39m &amp#27;[90m{"script":"mobile: longClickGesture","args":[{"elementId":"00000000-0000-04d6-ffff-ffff0000009d","Duration":2000}]}&amp#27;[39m
&amp#27;[38;5;147m[401eeab7]&amp#27;[0m&amp#27;[38;5;-132m[AndroidUiautomator2Driver@7639]&amp#27;[0m Calling AppiumDriver.execute() with args: ["mobile: longClickGesture",[{"elementId":"00000000-0000-04d6-ffff-ffff0000009d","Duration":2000}],"401eeab7-9725-4285-8dc7-bd8b07cbae2f"]
&amp#27;[38;5;147m[401eeab7]&amp#27;[0m&amp#27;[38;5;-132m[AndroidUiautomator2Driver@7639]&amp#27;[0m Executing native command 'mobile: longClickGesture'
&amp#27;[38;5;147m[401eeab7]&amp#27;[0m&amp#27;[38;5;-132m[AndroidUiautomator2Driver@7639]&amp#27;[0m Proxying [POST /appium/gestures/long_click] to [POST http://127.0.0.1:8200/session/df998279-dd8f-4f95-aed1-c9f2098dcb06/appium/gestures/long_click] with body: {"origin":{"ELEMENT":"00000000-0000-04d6-ffff-ffff0000009d","element-6066-11e4-a52e-4f735466cecf":"00000000-0000-04d6-ffff-ffff0000009d"}}
&amp#27;[38;5;147m[401eeab7]&amp#27;[0m&amp#27;[38;5;-132m[AndroidUiautomator2Driver@7639]&amp#27;[0m Got response with status 200: {"sessionId":"df998279-dd8f-4f95-aed1-c9f2098dcb06","value":null}
&amp#27;[38;5;147m[401eeab7]&amp#27;[0m&amp#27;[38;5;-132m[AndroidUiautomator2Driver@7639]&amp#27;[0m Responding to client with driver.execute() result: null
&amp#27;[38;5;147m[401eeab7]&amp#27;[0m&amp#27;[38;5;86m[HTTP]&amp#27;[0m &amp#27;[37m<-- POST /session/401eeab7-9725-4285-8dc7-bd8b07cbae2f/execute/sync &amp#27;[39m&amp#27;[32m200&amp#27;[39m &amp#27;[90m638 ms - 14&amp#27;[39m &amp#27;[90m&amp#27;[39m
&amp#27;[38;5;147m[401eeab7]&amp#27;[0m&amp#27;[38;5;86m[HTTP]&amp#27;[0m &amp#27;[37m-->&amp#27;[39m &amp#27;[37mGET&amp#27;[39m &amp#27;[37m/session/401eeab7-9725-4285-8dc7-bd8b07cbae2f/context&amp#27;[39m &amp#27;[90m{}&amp#27;[39m
&amp#27;[38;5;147m[401eeab7]&amp#27;[0m&amp#27;[38;5;-132m[AndroidUiautomator2Driver@7639]&amp#27;[0m Calling AppiumDriver.getCurrentContext() with args: ["401eeab7-9725-4285-8dc7-bd8b07cbae2f"]
&amp#27;[38;5;147m[401eeab7]&amp#27;[0m&amp#27;[38;5;-132m[AndroidUiautomator2Driver@7639]&amp#27;[0m Responding to client with driver.getCurrentContext() result: "NATIVE_APP"
&amp#27;[38;5;147m[401eeab7]&amp#27;[0m&amp#27;[38;5;86m[HTTP]&amp#27;[0m &amp#27;[37m<-- GET /session/401eeab7-9725-4285-8dc7-bd8b07cbae2f/context &amp#27;[39m&amp#27;[32m200&amp#27;[39m &amp#27;[90m1 ms - 22&amp#27;[39m &amp#27;[90m&amp#27;[39m
&amp#27;[38;5;147m[401eeab7]&amp#27;[0m&amp#27;[38;5;86m[HTTP]&amp#27;[0m &amp#27;[37m-->&amp#27;[39m &amp#27;[37mPOST&amp#27;[39m &amp#27;[37m/session/401eeab7-9725-4285-8dc7-bd8b07cbae2f/element&amp#27;[39m &amp#27;[90m{"value":"android:id/button1","using":"id"}&amp#27;[39m
&amp#27;[38;5;147m[401eeab7]&amp#27;[0m&amp#27;[38;5;-132m[AndroidUiautomator2Driver@7639]&amp#27;[0m Calling AppiumDriver.findElement() with args: ["id","android:id/button1","401eeab7-9725-4285-8dc7-bd8b07cbae2f"]
&amp#27;[38;5;147m[401eeab7]&amp#27;[0m&amp#27;[38;5;-132m[AndroidUiautomator2Driver@7639]&amp#27;[0m Valid locator strategies for this request: xpath, id, class name, accessibility id, css selector, -android uiautomator
&amp#27;[38;5;147m[401eeab7]&amp#27;[0m&amp#27;[38;5;-132m[AndroidUiautomator2Driver@7639]&amp#27;[0m Waiting up to 20000 ms for condition
&amp#27;[38;5;147m[401eeab7]&amp#27;[0m&amp#27;[38;5;-132m[AndroidUiautomator2Driver@7639]&amp#27;[0m Matched '/element' to command name 'findElement'
&amp#27;[38;5;147m[401eeab7]&amp#27;[0m&amp#27;[38;5;-132m[AndroidUiautomator2Driver@7639]&amp#27;[0m Proxying [POST /element] to [POST http://127.0.0.1:8200/session/df998279-dd8f-4f95-aed1-c9f2098dcb06/element] with body: {"strategy":"id","selector":"android:id/button1","context":"","multiple":false}
&amp#27;[38;5;147m[401eeab7]&amp#27;[0m&amp#27;[38;5;-132m[AndroidUiautomator2Driver@7639]&amp#27;[0m Got response with status 200: {"sessionId":"df998279-dd8f-4f95-aed1-c9f2098dcb06","value":{"ELEMENT":"00000000-0000-04d7-ffff-ffff000000c9","element-6066-11e4-a52e-4f735466cecf":"00000000-0000-04d7-ffff-ffff000000c9"}}
&amp#27;[38;5;147m[401eeab7]&amp#27;[0m&amp#27;[38;5;-132m[AndroidUiautomator2Driver@7639]&amp#27;[0m Responding to client with driver.findElement() result: {"element-6066-11e4-a52e-4f735466cecf":"00000000-0000-04d7-ffff-ffff000000c9","ELEMENT":"00000000-0000-04d7-ffff-ffff000000c9"}
&amp#27;[38;5;147m[401eeab7]&amp#27;[0m&amp#27;[38;5;86m[HTTP]&amp#27;[0m &amp#27;[37m<-- POST /session/401eeab7-9725-4285-8dc7-bd8b07cbae2f/element &amp#27;[39m&amp#27;[32m200&amp#27;[39m &amp#27;[90m30 ms - 137&amp#27;[39m &amp#27;[90m&amp#27;[39m
&amp#27;[38;5;147m[401eeab7]&amp#27;[0m&amp#27;[38;5;86m[HTTP]&amp#27;[0m &amp#27;[37m-->&amp#27;[39m &amp#27;[37mPOST&amp#27;[39m &amp#27;[37m/session/401eeab7-9725-4285-8dc7-bd8b07cbae2f/element/00000000-0000-04d7-ffff-ffff000000c9/click&amp#27;[39m &amp#27;[90m{"id":"00000000-0000-04d7-ffff-ffff000000c9"}&amp#27;[39m
&amp#27;[38;5;147m[401eeab7]&amp#27;[0m&amp#27;[38;5;-132m[AndroidUiautomator2Driver@7639]&amp#27;[0m Calling AppiumDriver.click() with args: ["00000000-0000-04d7-ffff-ffff000000c9","401eeab7-9725-4285-8dc7-bd8b07cbae2f"]
&amp#27;[38;5;147m[401eeab7]&amp#27;[0m&amp#27;[38;5;-132m[AndroidUiautomator2Driver@7639]&amp#27;[0m Matched '/element/00000000-0000-04d7-ffff-ffff000000c9/click' to command name 'click'
&amp#27;[38;5;147m[401eeab7]&amp#27;[0m&amp#27;[38;5;-132m[AndroidUiautomator2Driver@7639]&amp#27;[0m Proxying [POST /element/00000000-0000-04d7-ffff-ffff000000c9/click] to [POST http://127.0.0.1:8200/session/df998279-dd8f-4f95-aed1-c9f2098dcb06/element/00000000-0000-04d7-ffff-ffff000000c9/click] with body: {"element":"00000000-0000-04d7-ffff-ffff000000c9"}
&amp#27;[38;5;147m[401eeab7]&amp#27;[0m&amp#27;[38;5;-132m[AndroidUiautomator2Driver@7639]&amp#27;[0m Got response with status 200: {"sessionId":"df998279-dd8f-4f95-aed1-c9f2098dcb06","value":null}
&amp#27;[38;5;147m[401eeab7]&amp#27;[0m&amp#27;[38;5;-132m[AndroidUiautomator2Driver@7639]&amp#27;[0m Responding to client with driver.click() result: null
&amp#27;[38;5;147m[401eeab7]&amp#27;[0m&amp#27;[38;5;86m[HTTP]&amp#27;[0m &amp#27;[37m<-- POST /session/401eeab7-9725-4285-8dc7-bd8b07cbae2f/element/00000000-0000-04d7-ffff-ffff000000c9/click &amp#27;[39m&amp#27;[32m200&amp#27;[39m &amp#27;[90m47 ms - 14&amp#27;[39m &amp#27;[90m&amp#27;[39m
&amp#27;[38;5;147m[401eeab7]&amp#27;[0m&amp#27;[38;5;86m[HTTP]&amp#27;[0m &amp#27;[37m-->&amp#27;[39m &amp#27;[37mGET&amp#27;[39m &amp#27;[37m/session/401eeab7-9725-4285-8dc7-bd8b07cbae2f/context&amp#27;[39m &amp#27;[90m{}&amp#27;[39m
&amp#27;[38;5;147m[401eeab7]&amp#27;[0m&amp#27;[38;5;-132m[AndroidUiautomator2Driver@7639]&amp#27;[0m Calling AppiumDriver.getCurrentContext() with args: ["401eeab7-9725-4285-8dc7-bd8b07cbae2f"]
&amp#27;[38;5;147m[401eeab7]&amp#27;[0m&amp#27;[38;5;-132m[AndroidUiautomator2Driver@7639]&amp#27;[0m Responding to client with driver.getCurrentContext() result: "NATIVE_APP"
&amp#27;[38;5;147m[401eeab7]&amp#27;[0m&amp#27;[38;5;86m[HTTP]&amp#27;[0m &amp#27;[37m<-- GET /session/401eeab7-9725-4285-8dc7-bd8b07cbae2f/context &amp#27;[39m&amp#27;[32m200&amp#27;[39m &amp#27;[90m1 ms - 22&amp#27;[39m &amp#27;[90m&amp#27;[39m
&amp#27;[38;5;147m[401eeab7]&amp#27;[0m&amp#27;[38;5;86m[HTTP]&amp#27;[0m &amp#27;[37m-->&amp#27;[39m &amp#27;[37mPOST&amp#27;[39m &amp#27;[37m/session/401eeab7-9725-4285-8dc7-bd8b07cbae2f/element&amp#27;[39m &amp#27;[90m{"value":"com.androidsample.generalstore:id/btnProceed","using":"id"}&amp#27;[39m
&amp#27;[38;5;147m[401eeab7]&amp#27;[0m&amp#27;[38;5;-132m[AndroidUiautomator2Driver@7639]&amp#27;[0m Calling AppiumDriver.findElement() with args: ["id","com.androidsample.generalstore:id/btnProceed","401eeab7-9725-4285-8dc7-bd8b07cbae2f"]
&amp#27;[38;5;147m[401eeab7]&amp#27;[0m&amp#27;[38;5;-132m[AndroidUiautomator2Driver@7639]&amp#27;[0m Valid locator strategies for this request: xpath, id, class name, accessibility id, css selector, -android uiautomator
&amp#27;[38;5;147m[401eeab7]&amp#27;[0m&amp#27;[38;5;-132m[AndroidUiautomator2Driver@7639]&amp#27;[0m Waiting up to 20000 ms for condition
&amp#27;[38;5;147m[401eeab7]&amp#27;[0m&amp#27;[38;5;-132m[AndroidUiautomator2Driver@7639]&amp#27;[0m Matched '/element' to command name 'findElement'
&amp#27;[38;5;147m[401eeab7]&amp#27;[0m&amp#27;[38;5;-132m[AndroidUiautomator2Driver@7639]&amp#27;[0m Proxying [POST /element] to [POST http://127.0.0.1:8200/session/df998279-dd8f-4f95-aed1-c9f2098dcb06/element] with body: {"strategy":"id","selector":"com.androidsample.generalstore:id/btnProceed","context":"","multiple":false}
&amp#27;[38;5;147m[401eeab7]&amp#27;[0m&amp#27;[38;5;-132m[AndroidUiautomator2Driver@7639]&amp#27;[0m Got response with status 200: {"sessionId":"df998279-dd8f-4f95-aed1-c9f2098dcb06","value":{"ELEMENT":"00000000-0000-04d6-ffff-ffff0000009c","element-6066-11e4-a52e-4f735466cecf":"00000000-0000-04d6-ffff-ffff0000009c"}}
&amp#27;[38;5;147m[401eeab7]&amp#27;[0m&amp#27;[38;5;-132m[AndroidUiautomator2Driver@7639]&amp#27;[0m Responding to client with driver.findElement() result: {"element-6066-11e4-a52e-4f735466cecf":"00000000-0000-04d6-ffff-ffff0000009c","ELEMENT":"00000000-0000-04d6-ffff-ffff0000009c"}
&amp#27;[38;5;147m[401eeab7]&amp#27;[0m&amp#27;[38;5;86m[HTTP]&amp#27;[0m &amp#27;[37m<-- POST /session/401eeab7-9725-4285-8dc7-bd8b07cbae2f/element &amp#27;[39m&amp#27;[32m200&amp#27;[39m &amp#27;[90m272 ms - 137&amp#27;[39m &amp#27;[90m&amp#27;[39m
&amp#27;[38;5;147m[401eeab7]&amp#27;[0m&amp#27;[38;5;86m[HTTP]&amp#27;[0m &amp#27;[37m-->&amp#27;[39m &amp#27;[37mPOST&amp#27;[39m &amp#27;[37m/session/401eeab7-9725-4285-8dc7-bd8b07cbae2f/element/00000000-0000-04d6-ffff-ffff0000009c/click&amp#27;[39m &amp#27;[90m{"id":"00000000-0000-04d6-ffff-ffff0000009c"}&amp#27;[39m
&amp#27;[38;5;147m[401eeab7]&amp#27;[0m&amp#27;[38;5;-132m[AndroidUiautomator2Driver@7639]&amp#27;[0m Calling AppiumDriver.click() with args: ["00000000-0000-04d6-ffff-ffff0000009c","401eeab7-9725-4285-8dc7-bd8b07cbae2f"]
&amp#27;[38;5;147m[401eeab7]&amp#27;[0m&amp#27;[38;5;-132m[AndroidUiautomator2Driver@7639]&amp#27;[0m Matched '/element/00000000-0000-04d6-ffff-ffff0000009c/click' to command name 'click'
&amp#27;[38;5;147m[401eeab7]&amp#27;[0m&amp#27;[38;5;-132m[AndroidUiautomator2Driver@7639]&amp#27;[0m Proxying [POST /element/00000000-0000-04d6-ffff-ffff0000009c/click] to [POST http://127.0.0.1:8200/session/df998279-dd8f-4f95-aed1-c9f2098dcb06/element/00000000-0000-04d6-ffff-ffff0000009c/click] with body: {"element":"00000000-0000-04d6-ffff-ffff0000009c"}
&amp#27;[38;5;147m[401eeab7]&amp#27;[0m&amp#27;[38;5;-132m[AndroidUiautomator2Driver@7639]&amp#27;[0m Got response with status 200: {"sessionId":"df998279-dd8f-4f95-aed1-c9f2098dcb06","value":null}
&amp#27;[38;5;147m[401eeab7]&amp#27;[0m&amp#27;[38;5;-132m[AndroidUiautomator2Driver@7639]&amp#27;[0m Responding to client with driver.click() result: null
&amp#27;[38;5;147m[401eeab7]&amp#27;[0m&amp#27;[38;5;86m[HTTP]&amp#27;[0m &amp#27;[37m<-- POST /session/401eeab7-9725-4285-8dc7-bd8b07cbae2f/element/00000000-0000-04d6-ffff-ffff0000009c/click &amp#27;[39m&amp#27;[32m200&amp#27;[39m &amp#27;[90m317 ms - 14&amp#27;[39m &amp#27;[90m&amp#27;[39m
]]></system-out>
  </testcase>
  <testcase name="FormDataDrivenTest[Selena, Female, Brazil](1)" classname="android_TestScripts.Android_TC004_DataDrivenTest" time="19.104">
    <system-out><![CDATA[&amp#27;[38;5;147m[401eeab7]&amp#27;[0m&amp#27;[38;5;86m[HTTP]&amp#27;[0m &amp#27;[37m-->&amp#27;[39m &amp#27;[37mDELETE&amp#27;[39m &amp#27;[37m/session/401eeab7-9725-4285-8dc7-bd8b07cbae2f&amp#27;[39m &amp#27;[90m{}&amp#27;[39m
&amp#27;[38;5;147m[401eeab7]&amp#27;[0m&amp#27;[38;5;-132m[AndroidUiautomator2Driver@7639]&amp#27;[0m Calling AppiumDriver.deleteSession() with args: ["401eeab7-9725-4285-8dc7-bd8b07cbae2f"]
&amp#27;[38;5;147m[401eeab7]&amp#27;[0m&amp#27;[38;5;17m[AppiumDriver@f818]&amp#27;[0m Event 'quitSessionRequested' logged at 1732112585115 (19:53:05 GMT+0530 (India Standard Time))
&amp#27;[38;5;147m[401eeab7]&amp#27;[0m&amp#27;[38;5;17m[AppiumDriver@f818]&amp#27;[0m Removing session 401eeab7-9725-4285-8dc7-bd8b07cbae2f from our master session list
&amp#27;[38;5;147m[401eeab7]&amp#27;[0m&amp#27;[38;5;-132m[AndroidUiautomator2Driver@7639]&amp#27;[0m Deleting UiAutomator2 session
&amp#27;[38;5;147m[401eeab7]&amp#27;[0m&amp#27;[38;5;-132m[AndroidUiautomator2Driver@7639]&amp#27;[0m Deleting UiAutomator2 server session
&amp#27;[38;5;147m[401eeab7]&amp#27;[0m&amp#27;[38;5;-132m[AndroidUiautomator2Driver@7639]&amp#27;[0m Matched '/' to command name 'deleteSession'
&amp#27;[38;5;147m[401eeab7]&amp#27;[0m&amp#27;[38;5;-132m[AndroidUiautomator2Driver@7639]&amp#27;[0m Proxying [DELETE /] to [DELETE http://127.0.0.1:8200/session/df998279-dd8f-4f95-aed1-c9f2098dcb06] with no body
&amp#27;[38;5;147m[401eeab7]&amp#27;[0m&amp#27;[38;5;-132m[AndroidUiautomator2Driver@7639]&amp#27;[0m Got response with status 200: {"sessionId":"df998279-dd8f-4f95-aed1-c9f2098dcb06","value":null}
&amp#27;[38;5;147m[401eeab7]&amp#27;[0m&amp#27;[38;5;-132m[AndroidUiautomator2Driver@7639]&amp#27;[0m [Instrumentation] io.appium.uiautomator2.server.test.AppiumUiAutomator2Server:
&amp#27;[38;5;147m[401eeab7]&amp#27;[0m&amp#27;[38;5;-132m[AndroidUiautomator2Driver@7639]&amp#27;[0m [Instrumentation] The process has exited with code null, signal SIGTERM
&amp#27;[38;5;147m[401eeab7]&amp#27;[0m&amp#27;[38;5;229m[ADB]&amp#27;[0m Running 'C:\Users\Harsh Vardhan Singh\AppData\Local\Android\Sdk\platform-tools\adb.exe -P 5037 -s emulator-5554 shell dumpsys activity services io.appium.settings/.recorder.RecorderService'
&amp#27;[38;5;147m[401eeab7]&amp#27;[0m&amp#27;[38;5;229m[ADB]&amp#27;[0m Running 'C:\Users\Harsh Vardhan Singh\AppData\Local\Android\Sdk\platform-tools\adb.exe -P 5037 -s emulator-5554 shell am force-stop com.androidsample.generalstore'
&amp#27;[38;5;147m[401eeab7]&amp#27;[0m&amp#27;[38;5;229m[ADB]&amp#27;[0m Removing forwarded port socket connection: 8200 
&amp#27;[38;5;147m[401eeab7]&amp#27;[0m&amp#27;[38;5;229m[ADB]&amp#27;[0m Running 'C:\Users\Harsh Vardhan Singh\AppData\Local\Android\Sdk\platform-tools\adb.exe -P 5037 -s emulator-5554 forward --remove tcp:8200'
&amp#27;[38;5;147m[401eeab7]&amp#27;[0m&amp#27;[38;5;-132m[AndroidUiautomator2Driver@7639]&amp#27;[0m Restoring hidden api policy to the device default configuration
&amp#27;[38;5;147m[401eeab7]&amp#27;[0m&amp#27;[38;5;229m[ADB]&amp#27;[0m Running 'C:\Users\Harsh Vardhan Singh\AppData\Local\Android\Sdk\platform-tools\adb.exe -P 5037 -s emulator-5554 shell 'settings delete global hidden_api_policy_pre_p_apps;settings delete global hidden_api_policy_p_apps;settings delete global hidden_api_policy''
&amp#27;[38;5;147m[401eeab7]&amp#27;[0m&amp#27;[38;5;160m[Logcat]&amp#27;[0m Stopping logcat capture
&amp#27;[38;5;147m[401eeab7]&amp#27;[0m&amp#27;[38;5;17m[AppiumDriver@f818]&amp#27;[0m Event 'quitSessionFinished' logged at 1732112585346 (19:53:05 GMT+0530 (India Standard Time))
&amp#27;[38;5;147m[401eeab7]&amp#27;[0m&amp#27;[38;5;17m[AppiumDriver@f818]&amp#27;[0m Received response: null
&amp#27;[38;5;147m[401eeab7]&amp#27;[0m&amp#27;[38;5;17m[AppiumDriver@f818]&amp#27;[0m But deleting session, so not returning
&amp#27;[38;5;147m[401eeab7]&amp#27;[0m&amp#27;[38;5;17m[AppiumDriver@f818]&amp#27;[0m Responding to client with driver.deleteSession() result: null
&amp#27;[38;5;147m[401eeab7]&amp#27;[0m&amp#27;[38;5;86m[HTTP]&amp#27;[0m &amp#27;[37m<-- DELETE /session/401eeab7-9725-4285-8dc7-bd8b07cbae2f &amp#27;[39m&amp#27;[32m200&amp#27;[39m &amp#27;[90m233 ms - 14&amp#27;[39m &amp#27;[90m&amp#27;[39m
2024-11-20T14:23:05.385204Z main ERROR Log4j2 could not find a logging implementation. Please add log4j-core to the classpath. Using SimpleLogger to log to the console...
&amp#27;[38;5;112m[Appium]&amp#27;[0m Welcome to Appium v2.12.1
&amp#27;[38;5;112m[Appium]&amp#27;[0m Non-default server args:
&amp#27;[38;5;112m[Appium]&amp#27;[0m { address: &amp#27;[32m'127.0.0.1'&amp#27;[39m }
&amp#27;[38;5;112m[Appium]&amp#27;[0m The autodetected Appium home path: C:\Users\Harsh Vardhan Singh\.appium
&amp#27;[38;5;112m[Appium]&amp#27;[0m Attempting to load driver uiautomator2...
&amp#27;[38;5;112m[Appium]&amp#27;[0m Attempting to load driver xcuitest...
&amp#27;[38;5;112m[Appium]&amp#27;[0m Requiring driver at C:\Users\Harsh Vardhan Singh\.appium\node_modules\appium-uiautomator2-driver\build\index.js
&amp#27;[38;5;112m[Appium]&amp#27;[0m Requiring driver at C:\Users\Harsh Vardhan Singh\.appium\node_modules\appium-xcuitest-driver\build\index.js
&amp#27;[38;5;112m[Appium]&amp#27;[0m AndroidUiautomator2Driver has been successfully loaded in 0.529s
&amp#27;[38;5;112m[Appium]&amp#27;[0m XCUITestDriver has been successfully loaded in 1.102s
&amp#27;[38;5;112m[Appium]&amp#27;[0m Appium REST http interface listener started on http://127.0.0.1:4723
&amp#27;[38;5;112m[Appium]&amp#27;[0m Available drivers:
&amp#27;[38;5;112m[Appium]&amp#27;[0m   - uiautomator2@3.8.1 (automationName 'UiAutomator2')
&amp#27;[38;5;112m[Appium]&amp#27;[0m   - xcuitest@7.28.3 (automationName 'XCUITest')
&amp#27;[38;5;112m[Appium]&amp#27;[0m No plugins have been installed. Use the "appium plugin" command to install the one(s) you want to use.
&amp#27;[38;5;86m[HTTP]&amp#27;[0m &amp#27;[37m-->&amp#27;[39m &amp#27;[37mGET&amp#27;[39m &amp#27;[37m/status&amp#27;[39m &amp#27;[90m{}&amp#27;[39m
&amp#27;[38;5;144m[AppiumDriver@adef]&amp#27;[0m Calling AppiumDriver.getStatus() with args: []
&amp#27;[38;5;144m[AppiumDriver@adef]&amp#27;[0m Responding to client with driver.getStatus() result: {"ready":true,"message":"The server is ready to accept new connections","build":{"version":"2.12.1"}}
&amp#27;[38;5;86m[HTTP]&amp#27;[0m &amp#27;[37m<-- GET /status &amp#27;[39m&amp#27;[32m200&amp#27;[39m &amp#27;[90m3 ms - 111&amp#27;[39m &amp#27;[90m&amp#27;[39m
&amp#27;[38;5;86m[HTTP]&amp#27;[0m Request idempotency key: 3604f734-ba9f-4336-a498-1db09e7fd324
&amp#27;[38;5;86m[HTTP]&amp#27;[0m &amp#27;[37m-->&amp#27;[39m &amp#27;[37mPOST&amp#27;[39m &amp#27;[37m/session&amp#27;[39m &amp#27;[90m{"capabilities":{"firstMatch":[{"appium:chromedriverUseSystemExecutable":true,"appium:deviceName":"HarshEmulator","platformName":"ANDROID","appium:automationName":"UIAutomator2","appium:app":"D:\\Android Automation Framework\\Android_Framework\\App\\General-Store.apk"}]}}&amp#27;[39m
&amp#27;[38;5;144m[AppiumDriver@adef]&amp#27;[0m Calling AppiumDriver.createSession() with args: [null,null,{"firstMatch":[{"appium:chromedriverUseSystemExecutable":true,"appium:deviceName":"HarshEmulator","platformName":"ANDROID","appium:automationName":"UIAutomator2","appium:app":"D:\\Android Automation Framework\\Android_Framework\\App\\General-Store.apk"}]}]
&amp#27;[38;5;144m[AppiumDriver@adef]&amp#27;[0m Event 'newSessionRequested' logged at 1732112588002 (19:53:08 GMT+0530 (India Standard Time))
&amp#27;[38;5;112m[Appium]&amp#27;[0m Attempting to find matching driver for automationName 'UIAutomator2' and platformName 'ANDROID'
&amp#27;[38;5;112m[Appium]&amp#27;[0m The 'uiautomator2' driver was installed and matched caps.
&amp#27;[38;5;112m[Appium]&amp#27;[0m Will require it at C:\Users\Harsh Vardhan Singh\.appium\node_modules\appium-uiautomator2-driver
&amp#27;[38;5;112m[Appium]&amp#27;[0m Requiring driver at C:\Users\Harsh Vardhan Singh\.appium\node_modules\appium-uiautomator2-driver\build\index.js
&amp#27;[38;5;144m[AppiumDriver@adef]&amp#27;[0m Appium v2.12.1 creating new AndroidUiautomator2Driver (v3.8.1) session
&amp#27;[38;5;144m[AppiumDriver@adef]&amp#27;[0m Checking BaseDriver versions for Appium and AndroidUiautomator2Driver
&amp#27;[38;5;144m[AppiumDriver@adef]&amp#27;[0m Appium's BaseDriver version is 9.12.1
&amp#27;[38;5;144m[AppiumDriver@adef]&amp#27;[0m AndroidUiautomator2Driver's BaseDriver version is 9.12.1
&amp#27;[38;5;-149m[AndroidUiautomator2Driver@9593]&amp#27;[0m 
&amp#27;[38;5;-149m[AndroidUiautomator2Driver@9593]&amp#27;[0m Creating session with W3C capabilities: {
  "alwaysMatch": {
    "platformName": "ANDROID",
    "appium:chromedriverUseSystemExecutable": true,
    "appium:deviceName": "HarshEmulator",
    "appium:automationName": "UIAutomator2",
    "appium:app": "D:\\Android Automation Framework\\Android_Framework\\App\\General-Store.apk"
  },
  "firstMatch": [
    {}
  ]
}
&amp#27;[38;5;192m[c782f7b5]&amp#27;[0m&amp#27;[38;5;-149m[AndroidUiautomator2Driver@9593]&amp#27;[0m Session created with session id: c782f7b5-8713-4b76-85a0-26a901ade7eb
&amp#27;[38;5;192m[c782f7b5]&amp#27;[0m&amp#27;[38;5;229m[ADB]&amp#27;[0m Found 2 'build-tools' folders under 'C:\Users\Harsh Vardhan Singh\AppData\Local\Android\Sdk' (newest first):
&amp#27;[38;5;192m[c782f7b5]&amp#27;[0m&amp#27;[38;5;229m[ADB]&amp#27;[0m     C:\Users\Harsh Vardhan Singh\AppData\Local\Android\Sdk\build-tools\35.0.0
&amp#27;[38;5;192m[c782f7b5]&amp#27;[0m&amp#27;[38;5;229m[ADB]&amp#27;[0m     C:\Users\Harsh Vardhan Singh\AppData\Local\Android\Sdk\build-tools\34.0.0
&amp#27;[38;5;192m[c782f7b5]&amp#27;[0m&amp#27;[38;5;229m[ADB]&amp#27;[0m Using 'adb.exe' from 'C:\Users\Harsh Vardhan Singh\AppData\Local\Android\Sdk\platform-tools\adb.exe'
&amp#27;[38;5;192m[c782f7b5]&amp#27;[0m&amp#27;[38;5;229m[ADB]&amp#27;[0m Running 'C:\Users\Harsh Vardhan Singh\AppData\Local\Android\Sdk\platform-tools\adb.exe -P 5037 start-server'
&amp#27;[38;5;192m[c782f7b5]&amp#27;[0m&amp#27;[38;5;-149m[AndroidUiautomator2Driver@9593]&amp#27;[0m Retrieving device list
&amp#27;[38;5;192m[c782f7b5]&amp#27;[0m&amp#27;[38;5;229m[ADB]&amp#27;[0m Trying to find connected Android devices
&amp#27;[38;5;192m[c782f7b5]&amp#27;[0m&amp#27;[38;5;229m[ADB]&amp#27;[0m Getting connected devices
&amp#27;[38;5;192m[c782f7b5]&amp#27;[0m&amp#27;[38;5;229m[ADB]&amp#27;[0m Connected devices: [{"udid":"emulator-5554","state":"device"}]
&amp#27;[38;5;192m[c782f7b5]&amp#27;[0m&amp#27;[38;5;-149m[AndroidUiautomator2Driver@9593]&amp#27;[0m Using device: emulator-5554
&amp#27;[38;5;192m[c782f7b5]&amp#27;[0m&amp#27;[38;5;229m[ADB]&amp#27;[0m Using 'adb.exe' from 'C:\Users\Harsh Vardhan Singh\AppData\Local\Android\Sdk\platform-tools\adb.exe'
&amp#27;[38;5;192m[c782f7b5]&amp#27;[0m&amp#27;[38;5;229m[ADB]&amp#27;[0m Running 'C:\Users\Harsh Vardhan Singh\AppData\Local\Android\Sdk\platform-tools\adb.exe -P 5037 start-server'
&amp#27;[38;5;192m[c782f7b5]&amp#27;[0m&amp#27;[38;5;229m[ADB]&amp#27;[0m Setting device id to emulator-5554
&amp#27;[38;5;192m[c782f7b5]&amp#27;[0m&amp#27;[38;5;123m[BaseDriver]&amp#27;[0m Using local app 'D:\Android Automation Framework\Android_Framework\App\General-Store.apk'
&amp#27;[38;5;192m[c782f7b5]&amp#27;[0m&amp#27;[38;5;-149m[AndroidUiautomator2Driver@9593]&amp#27;[0m Checking whether app is actually present
&amp#27;[38;5;192m[c782f7b5]&amp#27;[0m&amp#27;[38;5;229m[ADB]&amp#27;[0m Running 'C:\Users\Harsh Vardhan Singh\AppData\Local\Android\Sdk\platform-tools\adb.exe -P 5037 -s emulator-5554 shell getprop ro.build.version.sdk'
&amp#27;[38;5;192m[c782f7b5]&amp#27;[0m&amp#27;[38;5;229m[ADB]&amp#27;[0m Current device property 'ro.build.version.sdk': 35
&amp#27;[38;5;192m[c782f7b5]&amp#27;[0m&amp#27;[38;5;229m[ADB]&amp#27;[0m Getting device platform version
&amp#27;[38;5;192m[c782f7b5]&amp#27;[0m&amp#27;[38;5;229m[ADB]&amp#27;[0m Running 'C:\Users\Harsh Vardhan Singh\AppData\Local\Android\Sdk\platform-tools\adb.exe -P 5037 -s emulator-5554 shell getprop ro.build.version.release'
&amp#27;[38;5;192m[c782f7b5]&amp#27;[0m&amp#27;[38;5;229m[ADB]&amp#27;[0m Current device property 'ro.build.version.release': 15
&amp#27;[38;5;192m[c782f7b5]&amp#27;[0m&amp#27;[38;5;229m[ADB]&amp#27;[0m Device API level: 35
&amp#27;[38;5;192m[c782f7b5]&amp#27;[0m&amp#27;[38;5;-149m[AndroidUiautomator2Driver@9593]&amp#27;[0m Relaxing hidden api policy
&amp#27;[38;5;192m[c782f7b5]&amp#27;[0m&amp#27;[38;5;229m[ADB]&amp#27;[0m Running 'C:\Users\Harsh Vardhan Singh\AppData\Local\Android\Sdk\platform-tools\adb.exe -P 5037 -s emulator-5554 shell 'settings put global hidden_api_policy_pre_p_apps 1;settings put global hidden_api_policy_p_apps 1;settings put global hidden_api_policy 1''
&amp#27;[38;5;192m[c782f7b5]&amp#27;[0m&amp#27;[38;5;-149m[AndroidUiautomator2Driver@9593]&amp#27;[0m Parsing package and activity from app manifest
&amp#27;[38;5;192m[c782f7b5]&amp#27;[0m&amp#27;[38;5;229m[ADB]&amp#27;[0m Running 'C:\Users\Harsh Vardhan Singh\AppData\Local\Android\Sdk\platform-tools\adb.exe -P 5037 -s emulator-5554 wait-for-device'
&amp#27;[38;5;192m[c782f7b5]&amp#27;[0m&amp#27;[38;5;229m[ADB]&amp#27;[0m Using 'aapt2.exe' from 'C:\Users\Harsh Vardhan Singh\AppData\Local\Android\Sdk\build-tools\35.0.0\aapt2.exe'
&amp#27;[38;5;192m[c782f7b5]&amp#27;[0m&amp#27;[38;5;229m[ADB]&amp#27;[0m Reading package manifest: ''C:\\Users\\Harsh Vardhan Singh\\AppData\\Local\\Android\\Sdk\\build-tools\\35.0.0\\aapt2.exe' dump badging 'D:\\Android Automation Framework\\Android_Framework\\App\\General-Store.apk''
&amp#27;[38;5;192m[c782f7b5]&amp#27;[0m&amp#27;[38;5;229m[ADB]&amp#27;[0m Running 'C:\Users\Harsh Vardhan Singh\AppData\Local\Android\Sdk\platform-tools\adb.exe -P 5037 -s emulator-5554 shell echo ping'
&amp#27;[38;5;192m[c782f7b5]&amp#27;[0m&amp#27;[38;5;229m[ADB]&amp#27;[0m Package name: 'com.androidsample.generalstore'
&amp#27;[38;5;192m[c782f7b5]&amp#27;[0m&amp#27;[38;5;229m[ADB]&amp#27;[0m Main activity name: 'com.androidsample.generalstore.SplashActivity'
&amp#27;[38;5;192m[c782f7b5]&amp#27;[0m&amp#27;[38;5;-149m[AndroidUiautomator2Driver@9593]&amp#27;[0m Parsed package and activity are: com.androidsample.generalstore/com.androidsample.generalstore.SplashActivity
&amp#27;[38;5;192m[c782f7b5]&amp#27;[0m&amp#27;[38;5;-149m[AndroidUiautomator2Driver@9593]&amp#27;[0m Pushing settings apk to the device...
&amp#27;[38;5;192m[c782f7b5]&amp#27;[0m&amp#27;[38;5;229m[ADB]&amp#27;[0m Getting package info for 'io.appium.settings'
&amp#27;[38;5;192m[c782f7b5]&amp#27;[0m&amp#27;[38;5;229m[ADB]&amp#27;[0m Running 'C:\Users\Harsh Vardhan Singh\AppData\Local\Android\Sdk\platform-tools\adb.exe -P 5037 -s emulator-5554 shell dumpsys package io.appium.settings'
&amp#27;[38;5;192m[c782f7b5]&amp#27;[0m&amp#27;[38;5;229m[ADB]&amp#27;[0m Reading package manifest: ''C:\\Users\\Harsh Vardhan Singh\\AppData\\Local\\Android\\Sdk\\build-tools\\35.0.0\\aapt2.exe' dump badging 'C:\\Users\\Harsh Vardhan Singh\\.appium\\node_modules\\appium-uiautomator2-driver\\node_modules\\io.appium.settings\\apks\\settings_apk-debug.apk''
&amp#27;[38;5;192m[c782f7b5]&amp#27;[0m&amp#27;[38;5;229m[ADB]&amp#27;[0m The version name of the installed 'io.appium.settings' is greater or equal to the application version name ('5.12.16' >= '5.12.16')
&amp#27;[38;5;192m[c782f7b5]&amp#27;[0m&amp#27;[38;5;229m[ADB]&amp#27;[0m There is no need to install/upgrade 'C:\Users\Harsh Vardhan Singh\.appium\node_modules\appium-uiautomator2-driver\node_modules\io.appium.settings\apks\settings_apk-debug.apk'
&amp#27;[38;5;192m[c782f7b5]&amp#27;[0m&amp#27;[38;5;229m[ADB]&amp#27;[0m Running 'C:\Users\Harsh Vardhan Singh\AppData\Local\Android\Sdk\platform-tools\adb.exe -P 5037 -s emulator-5554 shell dumpsys activity services io.appium.settings'
&amp#27;[38;5;192m[c782f7b5]&amp#27;[0m&amp#27;[38;5;-149m[AndroidUiautomator2Driver@9593]&amp#27;[0m io.appium.settings is already running. There is no need to reset its permissions.
&amp#27;[38;5;192m[c782f7b5]&amp#27;[0m&amp#27;[38;5;160m[Logcat]&amp#27;[0m Starting logs capture with command: 'C:\\Users\\Harsh Vardhan Singh\\AppData\\Local\\Android\\Sdk\\platform-tools\\adb.exe' -P 5037 -s emulator-5554 logcat -v threadtime
&amp#27;[38;5;192m[c782f7b5]&amp#27;[0m&amp#27;[38;5;-149m[AndroidUiautomator2Driver@9593]&amp#27;[0m Forwarding UiAutomator2 Server port 6790 to local port 8200
&amp#27;[38;5;192m[c782f7b5]&amp#27;[0m&amp#27;[38;5;229m[ADB]&amp#27;[0m Forwarding system: 8200 to device: 6790
&amp#27;[38;5;192m[c782f7b5]&amp#27;[0m&amp#27;[38;5;229m[ADB]&amp#27;[0m Running 'C:\Users\Harsh Vardhan Singh\AppData\Local\Android\Sdk\platform-tools\adb.exe -P 5037 -s emulator-5554 forward tcp:8200 tcp:6790'
&amp#27;[38;5;192m[c782f7b5]&amp#27;[0m&amp#27;[38;5;229m[ADB]&amp#27;[0m Getting package info for 'io.appium.uiautomator2.server'
&amp#27;[38;5;192m[c782f7b5]&amp#27;[0m&amp#27;[38;5;229m[ADB]&amp#27;[0m Running 'C:\Users\Harsh Vardhan Singh\AppData\Local\Android\Sdk\platform-tools\adb.exe -P 5037 -s emulator-5554 shell dumpsys package io.appium.uiautomator2.server'
&amp#27;[38;5;192m[c782f7b5]&amp#27;[0m&amp#27;[38;5;229m[ADB]&amp#27;[0m Getting install status for io.appium.uiautomator2.server.test
&amp#27;[38;5;192m[c782f7b5]&amp#27;[0m&amp#27;[38;5;229m[ADB]&amp#27;[0m Checking app cert for D:\Android Automation Framework\Android_Framework\App\General-Store.apk
&amp#27;[38;5;192m[c782f7b5]&amp#27;[0m&amp#27;[38;5;229m[ADB]&amp#27;[0m Running 'C:\Users\Harsh Vardhan Singh\AppData\Local\Android\Sdk\platform-tools\adb.exe -P 5037 -s emulator-5554 shell cmd package list packages'
&amp#27;[38;5;192m[c782f7b5]&amp#27;[0m&amp#27;[38;5;229m[ADB]&amp#27;[0m Using 'apksigner.jar' from 'C:\Users\Harsh Vardhan Singh\AppData\Local\Android\Sdk\build-tools\35.0.0\lib\apksigner.jar'
&amp#27;[38;5;192m[c782f7b5]&amp#27;[0m&amp#27;[38;5;229m[ADB]&amp#27;[0m Reading package manifest: ''C:\\Users\\Harsh Vardhan Singh\\AppData\\Local\\Android\\Sdk\\build-tools\\35.0.0\\aapt2.exe' dump badging 'C:\\Users\\Harsh Vardhan Singh\\.appium\\node_modules\\appium-uiautomator2-driver\\node_modules\\appium-uiautomator2-server\\apks\\appium-uiautomator2-server-v7.1.1.apk''
&amp#27;[38;5;192m[c782f7b5]&amp#27;[0m&amp#27;[38;5;229m[ADB]&amp#27;[0m 'io.appium.uiautomator2.server.test' is installed
&amp#27;[38;5;192m[c782f7b5]&amp#27;[0m&amp#27;[38;5;229m[ADB]&amp#27;[0m Starting apksigner: 'C:\\Program Files\\Common Files\\Oracle\\Java\\javapath\\java.exe' -Xmx1024M -Xss1m -jar 'C:\\Users\\Harsh Vardhan Singh\\AppData\\Local\\Android\\Sdk\\build-tools\\35.0.0\\lib\\apksigner.jar' verify --print-certs 'D:\\Android Automation Framework\\Android_Framework\\App\\General-Store.apk'
&amp#27;[38;5;192m[c782f7b5]&amp#27;[0m&amp#27;[38;5;229m[ADB]&amp#27;[0m The version name of the installed 'io.appium.uiautomator2.server' is greater or equal to the application version name ('7.1.1' >= '7.1.1')
&amp#27;[38;5;192m[c782f7b5]&amp#27;[0m&amp#27;[38;5;-149m[AndroidUiautomator2Driver@9593]&amp#27;[0m Server packages status: [{"installState":"sameVersionInstalled","appPath":"C:\\Users\\Harsh Vardhan Singh\\.appium\\node_modules\\appium-uiautomator2-driver\\node_modules\\appium-uiautomator2-server\\apks\\appium-uiautomator2-server-v7.1.1.apk","appId":"io.appium.uiautomator2.server"},{"installState":"sameVersionInstalled","appPath":"C:\\Users\\Harsh Vardhan Singh\\.appium\\node_modules\\appium-uiautomator2-driver\\node_modules\\appium-uiautomator2-server\\apks\\appium-uiautomator2-server-debug-androidTest.apk","appId":"io.appium.uiautomator2.server.test"}]
&amp#27;[38;5;192m[c782f7b5]&amp#27;[0m&amp#27;[38;5;-149m[AndroidUiautomator2Driver@9593]&amp#27;[0m Server packages are not going to be (re)installed
&amp#27;[38;5;192m[c782f7b5]&amp#27;[0m&amp#27;[38;5;-149m[AndroidUiautomator2Driver@9593]&amp#27;[0m Waiting up to 30000ms for services to be available
&amp#27;[38;5;192m[c782f7b5]&amp#27;[0m&amp#27;[38;5;229m[ADB]&amp#27;[0m Running 'C:\Users\Harsh Vardhan Singh\AppData\Local\Android\Sdk\platform-tools\adb.exe -P 5037 -s emulator-5554 shell pm list instrumentation'
&amp#27;[38;5;192m[c782f7b5]&amp#27;[0m&amp#27;[38;5;-149m[AndroidUiautomator2Driver@9593]&amp#27;[0m Instrumentation target 'io.appium.uiautomator2.server.test/androidx.test.runner.AndroidJUnitRunner' is available
&amp#27;[38;5;192m[c782f7b5]&amp#27;[0m&amp#27;[38;5;229m[ADB]&amp#27;[0m Adding packages ["io.appium.settings","io.appium.uiautomator2.server","io.appium.uiautomator2.server.test"] to Doze whitelist
&amp#27;[38;5;192m[c782f7b5]&amp#27;[0m&amp#27;[38;5;229m[ADB]&amp#27;[0m Got the following command chunks to execute: [["dumpsys","deviceidle","whitelist","+io.appium.settings",";","dumpsys","deviceidle","whitelist","+io.appium.uiautomator2.server",";","dumpsys","deviceidle","whitelist","+io.appium.uiautomator2.server.test",";"]]
&amp#27;[38;5;192m[c782f7b5]&amp#27;[0m&amp#27;[38;5;229m[ADB]&amp#27;[0m Running 'C:\Users\Harsh Vardhan Singh\AppData\Local\Android\Sdk\platform-tools\adb.exe -P 5037 -s emulator-5554 shell dumpsys deviceidle whitelist +io.appium.settings ; dumpsys deviceidle whitelist +io.appium.uiautomator2.server ; dumpsys deviceidle whitelist +io.appium.uiautomator2.server.test ;'
&amp#27;[38;5;192m[c782f7b5]&amp#27;[0m&amp#27;[38;5;229m[ADB]&amp#27;[0m apksigner stdout: Signer #1 certificate DN: EMAILADDRESS=android@android.com, CN=Android, OU=Android, O=Android, L=Mountain View, ST=California, C=US
Signer #1 certificate SHA-256 digest: a40da80a59d170caa950cf15c18c454d47a39b26989d8b640ecd745ba71bf5dc
Signer #1 certificate SHA-1 digest: 61ed377e85d386a8dfee6b864bd85b0bfaa5af81
Signer #1 certificate MD5 digest: e89b158e4bcf988ebd09eb83f5378e87

&amp#27;[38;5;192m[c782f7b5]&amp#27;[0m&amp#27;[38;5;229m[ADB]&amp#27;[0m sha256 hash did match for 'General-Store.apk'
&amp#27;[38;5;192m[c782f7b5]&amp#27;[0m&amp#27;[38;5;229m[ADB]&amp#27;[0m 'D:\Android Automation Framework\Android_Framework\App\General-Store.apk' is signed with the default certificate
&amp#27;[38;5;192m[c782f7b5]&amp#27;[0m&amp#27;[38;5;229m[ADB]&amp#27;[0m Getting package info for 'com.androidsample.generalstore'
&amp#27;[38;5;192m[c782f7b5]&amp#27;[0m&amp#27;[38;5;229m[ADB]&amp#27;[0m Running 'C:\Users\Harsh Vardhan Singh\AppData\Local\Android\Sdk\platform-tools\adb.exe -P 5037 -s emulator-5554 shell dumpsys package com.androidsample.generalstore'
&amp#27;[38;5;192m[c782f7b5]&amp#27;[0m&amp#27;[38;5;229m[ADB]&amp#27;[0m Reading package manifest: ''C:\\Users\\Harsh Vardhan Singh\\AppData\\Local\\Android\\Sdk\\build-tools\\35.0.0\\aapt2.exe' dump badging 'D:\\Android Automation Framework\\Android_Framework\\App\\General-Store.apk''
&amp#27;[38;5;192m[c782f7b5]&amp#27;[0m&amp#27;[38;5;229m[ADB]&amp#27;[0m The version name of the installed 'com.androidsample.generalstore' is greater or equal to the application version name ('1.0.0' >= '1.0.0')
&amp#27;[38;5;192m[c782f7b5]&amp#27;[0m&amp#27;[38;5;229m[ADB]&amp#27;[0m There is no need to install/upgrade 'D:\Android Automation Framework\Android_Framework\App\General-Store.apk'
&amp#27;[38;5;192m[c782f7b5]&amp#27;[0m&amp#27;[38;5;-149m[AndroidUiautomator2Driver@9593]&amp#27;[0m Performing fast reset on 'com.androidsample.generalstore'
&amp#27;[38;5;192m[c782f7b5]&amp#27;[0m&amp#27;[38;5;229m[ADB]&amp#27;[0m Getting install status for com.androidsample.generalstore
&amp#27;[38;5;192m[c782f7b5]&amp#27;[0m&amp#27;[38;5;229m[ADB]&amp#27;[0m Running 'C:\Users\Harsh Vardhan Singh\AppData\Local\Android\Sdk\platform-tools\adb.exe -P 5037 -s emulator-5554 shell cmd package list packages'
&amp#27;[38;5;192m[c782f7b5]&amp#27;[0m&amp#27;[38;5;229m[ADB]&amp#27;[0m 'com.androidsample.generalstore' is installed
&amp#27;[38;5;192m[c782f7b5]&amp#27;[0m&amp#27;[38;5;229m[ADB]&amp#27;[0m Running 'C:\Users\Harsh Vardhan Singh\AppData\Local\Android\Sdk\platform-tools\adb.exe -P 5037 -s emulator-5554 shell am force-stop com.androidsample.generalstore'
&amp#27;[38;5;192m[c782f7b5]&amp#27;[0m&amp#27;[38;5;229m[ADB]&amp#27;[0m Running 'C:\Users\Harsh Vardhan Singh\AppData\Local\Android\Sdk\platform-tools\adb.exe -P 5037 -s emulator-5554 shell pm clear com.androidsample.generalstore'
&amp#27;[38;5;192m[c782f7b5]&amp#27;[0m&amp#27;[38;5;-149m[AndroidUiautomator2Driver@9593]&amp#27;[0m Performed fast reset on the installed 'com.androidsample.generalstore' application (stop and clear)
&amp#27;[38;5;192m[c782f7b5]&amp#27;[0m&amp#27;[38;5;-149m[AndroidUiautomator2Driver@9593]&amp#27;[0m Performing shallow cleanup of automation leftovers
&amp#27;[38;5;192m[c782f7b5]&amp#27;[0m&amp#27;[38;5;-149m[AndroidUiautomator2Driver@9593]&amp#27;[0m No obsolete sessions have been detected (socket hang up)
&amp#27;[38;5;192m[c782f7b5]&amp#27;[0m&amp#27;[38;5;229m[ADB]&amp#27;[0m Running 'C:\Users\Harsh Vardhan Singh\AppData\Local\Android\Sdk\platform-tools\adb.exe -P 5037 -s emulator-5554 shell am force-stop io.appium.uiautomator2.server'
&amp#27;[38;5;192m[c782f7b5]&amp#27;[0m&amp#27;[38;5;229m[ADB]&amp#27;[0m Running 'C:\Users\Harsh Vardhan Singh\AppData\Local\Android\Sdk\platform-tools\adb.exe -P 5037 -s emulator-5554 shell am force-stop io.appium.uiautomator2.server.test'
&amp#27;[38;5;192m[c782f7b5]&amp#27;[0m&amp#27;[38;5;-149m[AndroidUiautomator2Driver@9593]&amp#27;[0m Starting UIAutomator2 server 7.1.1
&amp#27;[38;5;192m[c782f7b5]&amp#27;[0m&amp#27;[38;5;-149m[AndroidUiautomator2Driver@9593]&amp#27;[0m Using UIAutomator2 server from 'C:\Users\Harsh Vardhan Singh\.appium\node_modules\appium-uiautomator2-driver\node_modules\appium-uiautomator2-server\apks\appium-uiautomator2-server-v7.1.1.apk' and test from 'C:\Users\Harsh Vardhan Singh\.appium\node_modules\appium-uiautomator2-driver\node_modules\appium-uiautomator2-server\apks\appium-uiautomator2-server-debug-androidTest.apk'
&amp#27;[38;5;192m[c782f7b5]&amp#27;[0m&amp#27;[38;5;-149m[AndroidUiautomator2Driver@9593]&amp#27;[0m Waiting up to 30000ms for UiAutomator2 to be online...
&amp#27;[38;5;192m[c782f7b5]&amp#27;[0m&amp#27;[38;5;229m[ADB]&amp#27;[0m Creating ADB subprocess with args: ["-P","5037","-s","emulator-5554","shell","am","instrument","-w","-e","disableAnalytics","true","io.appium.uiautomator2.server.test/androidx.test.runner.AndroidJUnitRunner"]
&amp#27;[38;5;192m[c782f7b5]&amp#27;[0m&amp#27;[38;5;-149m[AndroidUiautomator2Driver@9593]&amp#27;[0m Matched '/status' to command name 'getStatus'
&amp#27;[38;5;192m[c782f7b5]&amp#27;[0m&amp#27;[38;5;-149m[AndroidUiautomator2Driver@9593]&amp#27;[0m Proxying [GET /status] to [GET http://127.0.0.1:8200/status] with no body
&amp#27;[38;5;192m[c782f7b5]&amp#27;[0m&amp#27;[38;5;-149m[AndroidUiautomator2Driver@9593]&amp#27;[0m socket hang up
&amp#27;[38;5;192m[c782f7b5]&amp#27;[0m&amp#27;[38;5;-149m[AndroidUiautomator2Driver@9593]&amp#27;[0m [Instrumentation] 
&amp#27;[38;5;192m[c782f7b5]&amp#27;[0m&amp#27;[38;5;-149m[AndroidUiautomator2Driver@9593]&amp#27;[0m Matched '/status' to command name 'getStatus'
&amp#27;[38;5;192m[c782f7b5]&amp#27;[0m&amp#27;[38;5;-149m[AndroidUiautomator2Driver@9593]&amp#27;[0m Proxying [GET /status] to [GET http://127.0.0.1:8200/status] with no body
&amp#27;[38;5;192m[c782f7b5]&amp#27;[0m&amp#27;[38;5;-149m[AndroidUiautomator2Driver@9593]&amp#27;[0m socket hang up
&amp#27;[38;5;192m[c782f7b5]&amp#27;[0m&amp#27;[38;5;-149m[AndroidUiautomator2Driver@9593]&amp#27;[0m Matched '/status' to command name 'getStatus'
&amp#27;[38;5;192m[c782f7b5]&amp#27;[0m&amp#27;[38;5;-149m[AndroidUiautomator2Driver@9593]&amp#27;[0m Proxying [GET /status] to [GET http://127.0.0.1:8200/status] with no body
&amp#27;[38;5;192m[c782f7b5]&amp#27;[0m&amp#27;[38;5;-149m[AndroidUiautomator2Driver@9593]&amp#27;[0m Got response with status 200: {"sessionId":"None","value":{"message":"UiAutomator2 Server is ready to accept commands","ready":true}}
&amp#27;[38;5;192m[c782f7b5]&amp#27;[0m&amp#27;[38;5;-149m[AndroidUiautomator2Driver@9593]&amp#27;[0m The initialization of the instrumentation process took 2172ms
&amp#27;[38;5;192m[c782f7b5]&amp#27;[0m&amp#27;[38;5;-149m[AndroidUiautomator2Driver@9593]&amp#27;[0m Matched '/session' to command name 'createSession'
&amp#27;[38;5;192m[c782f7b5]&amp#27;[0m&amp#27;[38;5;-149m[AndroidUiautomator2Driver@9593]&amp#27;[0m Proxying [POST /session] to [POST http://127.0.0.1:8200/session] with body: {"capabilities":{"firstMatch":[{"platformName":"ANDROID","chromedriverUseSystemExecutable":true,"deviceName":"emulator-5554","automationName":"UIAutomator2","app":"D:\\Android Automation Framework\\Android_Framework\\App\\General-Store.apk","platform":"LINUX","webStorageEnabled":false,"takesScreenshot":true,"javascriptEnabled":true,"databaseEnabled":false,"networkConnectionEnabled":true,"locationContextEnabled":false,"warnings":{},"desired":{"platformName":"ANDROID","chromedriverUseSystemExecutable":true,"deviceName":"HarshEmulator","automationName":"UIAutomator2","app":"D:\\Android Automation Framework\\Android_Framework\\App\\General-Store.apk"},"deviceUDID":"emulator-5554","appPackage":"com.androidsample.generalstore"}],"alwaysMatch":{}}}
&amp#27;[38;5;192m[c782f7b5]&amp#27;[0m&amp#27;[38;5;-149m[AndroidUiautomator2Driver@9593]&amp#27;[0m Got response with status 200: {"sessionId":"1c757b2d-3314-4c27-9f5d-939a53a6f6be","value":{"capabilities":{"firstMatch":[{"platformName":"ANDROID","chromedriverUseSystemExecutable":true,"deviceName":"emulator-5554","automationName":"UIAutomator2","app":"D:\\Android Automation Framework\\Android_Framework\\App\\General-Store.apk","platform":"LINUX","webStorageEnabled":false,"takesScreenshot":true,"javascriptEnabled":true,"databaseEnabled":false,"networkConnectionEnabled":true,"locationContextEnabled":false,"warnings":{},"desired":{"platformName":"ANDROID","chromedriverUseSystemExecutable":true,"deviceName":"HarshEmulator","automationName":"UIAutomator2","app":"D:\\Android Automation Framework\\Android_Framework\\App\\General-Store.apk"},"deviceUDID":"emulator-5554","appPackage":"com.androidsample.generalstore"}],"alwaysMatch":{}},"sessionId":"1c757b2d-3314-4c27-9f5d-939a53a6f6be"}}
&amp#27;[38;5;192m[c782f7b5]&amp#27;[0m&amp#27;[38;5;-149m[AndroidUiautomator2Driver@9593]&amp#27;[0m Determined the downstream protocol as 'W3C'
&amp#27;[38;5;192m[c782f7b5]&amp#27;[0m&amp#27;[38;5;-149m[AndroidUiautomator2Driver@9593]&amp#27;[0m Proxying [GET /appium/device/pixel_ratio] to [GET http://127.0.0.1:8200/session/1c757b2d-3314-4c27-9f5d-939a53a6f6be/appium/device/pixel_ratio] with no body
&amp#27;[38;5;192m[c782f7b5]&amp#27;[0m&amp#27;[38;5;-149m[AndroidUiautomator2Driver@9593]&amp#27;[0m Matched '/appium/device/system_bars' to command name 'getSystemBars'
&amp#27;[38;5;192m[c782f7b5]&amp#27;[0m&amp#27;[38;5;-149m[AndroidUiautomator2Driver@9593]&amp#27;[0m Proxying [GET /appium/device/system_bars] to [GET http://127.0.0.1:8200/session/1c757b2d-3314-4c27-9f5d-939a53a6f6be/appium/device/system_bars] with no body
&amp#27;[38;5;192m[c782f7b5]&amp#27;[0m&amp#27;[38;5;-149m[AndroidUiautomator2Driver@9593]&amp#27;[0m Matched '/window/current/size' to command name 'getWindowSize'
&amp#27;[38;5;192m[c782f7b5]&amp#27;[0m&amp#27;[38;5;-149m[AndroidUiautomator2Driver@9593]&amp#27;[0m Proxying [GET /window/current/size] to [GET http://127.0.0.1:8200/session/1c757b2d-3314-4c27-9f5d-939a53a6f6be/window/current/size] with no body
&amp#27;[38;5;192m[c782f7b5]&amp#27;[0m&amp#27;[38;5;-149m[AndroidUiautomator2Driver@9593]&amp#27;[0m Proxying [GET /appium/device/info] to [GET http://127.0.0.1:8200/session/1c757b2d-3314-4c27-9f5d-939a53a6f6be/appium/device/info] with no body
&amp#27;[38;5;192m[c782f7b5]&amp#27;[0m&amp#27;[38;5;229m[ADB]&amp#27;[0m Running 'C:\Users\Harsh Vardhan Singh\AppData\Local\Android\Sdk\platform-tools\adb.exe -P 5037 -s emulator-5554 shell dumpsys window'
&amp#27;[38;5;192m[c782f7b5]&amp#27;[0m&amp#27;[38;5;229m[ADB]&amp#27;[0m Running 'C:\Users\Harsh Vardhan Singh\AppData\Local\Android\Sdk\platform-tools\adb.exe -P 5037 -s emulator-5554 shell dumpsys power'
&amp#27;[38;5;192m[c782f7b5]&amp#27;[0m&amp#27;[38;5;-149m[AndroidUiautomator2Driver@9593]&amp#27;[0m Got response with status 200: {"sessionId":"1c757b2d-3314-4c27-9f5d-939a53a6f6be","value":2.75}
&amp#27;[38;5;192m[c782f7b5]&amp#27;[0m&amp#27;[38;5;-149m[AndroidUiautomator2Driver@9593]&amp#27;[0m Got response with status 200: {"sessionId":"1c757b2d-3314-4c27-9f5d-939a53a6f6be","value":{"height":2280,"width":1080}}
&amp#27;[38;5;192m[c782f7b5]&amp#27;[0m&amp#27;[38;5;-149m[AndroidUiautomator2Driver@9593]&amp#27;[0m Got response with status 200: {"sessionId":"1c757b2d-3314-4c27-9f5d-939a53a6f6be","value":{"statusBar":83}}
&amp#27;[38;5;192m[c782f7b5]&amp#27;[0m&amp#27;[38;5;-149m[AndroidUiautomator2Driver@9593]&amp#27;[0m Screen already unlocked, doing nothing
&amp#27;[38;5;192m[c782f7b5]&amp#27;[0m&amp#27;[38;5;-149m[AndroidUiautomator2Driver@9593]&amp#27;[0m Starting 'com.androidsample.generalstore/com.androidsample.generalstore.SplashActivity and waiting for 'com.androidsample.generalstore/com.androidsample.generalstore.SplashActivity'
&amp#27;[38;5;192m[c782f7b5]&amp#27;[0m&amp#27;[38;5;229m[ADB]&amp#27;[0m Running 'C:\Users\Harsh Vardhan Singh\AppData\Local\Android\Sdk\platform-tools\adb.exe -P 5037 -s emulator-5554 shell am start -W -n com.androidsample.generalstore/com.androidsample.generalstore.SplashActivity -S -a android.intent.action.MAIN -c android.intent.category.LAUNCHER -f 0x10200000'
&amp#27;[38;5;192m[c782f7b5]&amp#27;[0m&amp#27;[38;5;-149m[AndroidUiautomator2Driver@9593]&amp#27;[0m Got response with status 200: {"sessionId":"1c757b2d-3314-4c27-9f5d-939a53a6f6be","value":{"androidId":"1ff6e7570d05646c","apiVersion":"35","bluetooth":{"state":"ON"},"brand":"google","carrierName":"T-Mobile","displayDensity":440,"locale":"en_US","manufacturer":"Google","model":"sdk_gphone64_x86_64","networks":[{"capabilities":{"SSID":null,"linkDownBandwidthKbps":4300,"linkUpstreamBandwidthKbps":1800,"networkCapabilities":"NET_CAPABILITY_MMS,NET_CAPABILITY_SUPL,NET_CAPABILITY_IA,NET_CAPABILITY_XCAP,NET_CAPABILITY_INTERNET,NET_CAPABILITY_NOT_RESTRICTED,NET_CAPABILITY_TRUSTED,NET_CAPABILITY_NOT_VPN,NET_CAPABILITY_VALIDATED,NET_CAPABILITY_NOT_ROAMING,NET_CAPABILITY_NOT_CONGESTED,NET_CAPABILITY_NOT_SUSPENDED","signalStrength":-2147483648,"transportTypes":"TRANSPORT_CELLULAR"},"detailedState":"CONNECTED","extraInfo":"fast.t-mobile.com","isAvailable":true,"isConnected":true,"isFailover":false,"isRoaming":false,"state":"CONNECTED","subtype":10,"subtypeName":"HSPA","type":0,"typeName":"MOBILE"},{"capabilities":{"SSID":null,"linkDownBandwidthKb...
&amp#27;[38;5;192m[c782f7b5]&amp#27;[0m&amp#27;[38;5;229m[ADB]&amp#27;[0m Waiting up to 20000ms for activity matching pkg: 'com.androidsample.generalstore' and activity: 'com.androidsample.generalstore.SplashActivity' to be focused
&amp#27;[38;5;192m[c782f7b5]&amp#27;[0m&amp#27;[38;5;229m[ADB]&amp#27;[0m Possible activities, to be checked: 'com.androidsample.generalstore.SplashActivity', 'com.androidsample.generalstore.com.androidsample.generalstore.SplashActivity'
&amp#27;[38;5;192m[c782f7b5]&amp#27;[0m&amp#27;[38;5;229m[ADB]&amp#27;[0m Getting focused package and activity
&amp#27;[38;5;192m[c782f7b5]&amp#27;[0m&amp#27;[38;5;229m[ADB]&amp#27;[0m Running 'C:\Users\Harsh Vardhan Singh\AppData\Local\Android\Sdk\platform-tools\adb.exe -P 5037 -s emulator-5554 shell dumpsys window displays'
&amp#27;[38;5;192m[c782f7b5]&amp#27;[0m&amp#27;[38;5;229m[ADB]&amp#27;[0m Found package: 'com.androidsample.generalstore' and fully qualified activity name : 'com.androidsample.generalstore.SplashActivity'
&amp#27;[38;5;192m[c782f7b5]&amp#27;[0m&amp#27;[38;5;144m[AppiumDriver@adef]&amp#27;[0m New AndroidUiautomator2Driver session created successfully, session c782f7b5-8713-4b76-85a0-26a901ade7eb added to master session list
&amp#27;[38;5;192m[c782f7b5]&amp#27;[0m&amp#27;[38;5;144m[AppiumDriver@adef]&amp#27;[0m Event 'newSessionStarted' logged at 1732112592404 (19:53:12 GMT+0530 (India Standard Time))
&amp#27;[38;5;192m[c782f7b5]&amp#27;[0m&amp#27;[38;5;-149m[AndroidUiautomator2Driver@9593]&amp#27;[0m Cached the protocol value 'W3C' for the new session c782f7b5-8713-4b76-85a0-26a901ade7eb
&amp#27;[38;5;192m[c782f7b5]&amp#27;[0m&amp#27;[38;5;-149m[AndroidUiautomator2Driver@9593]&amp#27;[0m Responding to client with driver.createSession() result: {"capabilities":{"platformName":"ANDROID","chromedriverUseSystemExecutable":true,"deviceName":"emulator-5554","automationName":"UIAutomator2","app":"D:\\Android Automation Framework\\Android_Framework\\App\\General-Store.apk","platform":"LINUX","webStorageEnabled":false,"takesScreenshot":true,"javascriptEnabled":true,"databaseEnabled":false,"networkConnectionEnabled":true,"locationContextEnabled":false,"warnings":{},"desired":{"platformName":"ANDROID","chromedriverUseSystemExecutable":true,"deviceName":"HarshEmulator","automationName":"UIAutomator2","app":"D:\\Android Automation Framework\\Android_Framework\\App\\General-Store.apk"},"deviceUDID":"emulator-5554","appPackage":"com.androidsample.generalstore","pixelRatio":"2.75","statBarHeight":83,"viewportRect":{"left":0,"top":83,"width":1080,"height":2197},"deviceApiLevel":35,"platformVersion":"15","deviceManufacturer":"Google","deviceModel":"sdk_gphone64_x86_64","deviceScreenSize":"1080x2280","deviceScreenDensity":440}}
&amp#27;[38;5;192m[c782f7b5]&amp#27;[0m&amp#27;[38;5;86m[HTTP]&amp#27;[0m &amp#27;[37m<-- POST /session &amp#27;[39m&amp#27;[32m200&amp#27;[39m &amp#27;[90m4403 ms - 1045&amp#27;[39m &amp#27;[90m&amp#27;[39m
&amp#27;[38;5;192m[c782f7b5]&amp#27;[0m&amp#27;[38;5;86m[HTTP]&amp#27;[0m &amp#27;[37m-->&amp#27;[39m &amp#27;[37mPOST&amp#27;[39m &amp#27;[37m/session/c782f7b5-8713-4b76-85a0-26a901ade7eb/timeouts&amp#27;[39m &amp#27;[90m{"implicit":20000}&amp#27;[39m
&amp#27;[38;5;192m[c782f7b5]&amp#27;[0m&amp#27;[38;5;-149m[AndroidUiautomator2Driver@9593]&amp#27;[0m Calling AppiumDriver.timeouts() with args: [null,null,null,null,20000,"c782f7b5-8713-4b76-85a0-26a901ade7eb"]
&amp#27;[38;5;192m[c782f7b5]&amp#27;[0m&amp#27;[38;5;-149m[AndroidUiautomator2Driver@9593]&amp#27;[0m W3C timeout argument: {"implicit":20000}}
&amp#27;[38;5;192m[c782f7b5]&amp#27;[0m&amp#27;[38;5;-149m[AndroidUiautomator2Driver@9593]&amp#27;[0m Set implicit wait to 20000ms
&amp#27;[38;5;192m[c782f7b5]&amp#27;[0m&amp#27;[38;5;-149m[AndroidUiautomator2Driver@9593]&amp#27;[0m Responding to client with driver.timeouts() result: null
&amp#27;[38;5;192m[c782f7b5]&amp#27;[0m&amp#27;[38;5;86m[HTTP]&amp#27;[0m &amp#27;[37m<-- POST /session/c782f7b5-8713-4b76-85a0-26a901ade7eb/timeouts &amp#27;[39m&amp#27;[32m200&amp#27;[39m &amp#27;[90m3 ms - 14&amp#27;[39m &amp#27;[90m&amp#27;[39m
&amp#27;[38;5;192m[c782f7b5]&amp#27;[0m&amp#27;[38;5;86m[HTTP]&amp#27;[0m &amp#27;[37m-->&amp#27;[39m &amp#27;[37mGET&amp#27;[39m &amp#27;[37m/session/c782f7b5-8713-4b76-85a0-26a901ade7eb/context&amp#27;[39m &amp#27;[90m{}&amp#27;[39m
&amp#27;[38;5;192m[c782f7b5]&amp#27;[0m&amp#27;[38;5;-149m[AndroidUiautomator2Driver@9593]&amp#27;[0m Calling AppiumDriver.getCurrentContext() with args: ["c782f7b5-8713-4b76-85a0-26a901ade7eb"]
&amp#27;[38;5;192m[c782f7b5]&amp#27;[0m&amp#27;[38;5;-149m[AndroidUiautomator2Driver@9593]&amp#27;[0m Responding to client with driver.getCurrentContext() result: "NATIVE_APP"
&amp#27;[38;5;192m[c782f7b5]&amp#27;[0m&amp#27;[38;5;86m[HTTP]&amp#27;[0m &amp#27;[37m<-- GET /session/c782f7b5-8713-4b76-85a0-26a901ade7eb/context &amp#27;[39m&amp#27;[32m200&amp#27;[39m &amp#27;[90m2 ms - 22&amp#27;[39m &amp#27;[90m&amp#27;[39m
&amp#27;[38;5;192m[c782f7b5]&amp#27;[0m&amp#27;[38;5;86m[HTTP]&amp#27;[0m &amp#27;[37m-->&amp#27;[39m &amp#27;[37mPOST&amp#27;[39m &amp#27;[37m/session/c782f7b5-8713-4b76-85a0-26a901ade7eb/element&amp#27;[39m &amp#27;[90m{"value":"com.androidsample.generalstore:id/nameField","using":"id"}&amp#27;[39m
&amp#27;[38;5;192m[c782f7b5]&amp#27;[0m&amp#27;[38;5;-149m[AndroidUiautomator2Driver@9593]&amp#27;[0m Calling AppiumDriver.findElement() with args: ["id","com.androidsample.generalstore:id/nameField","c782f7b5-8713-4b76-85a0-26a901ade7eb"]
&amp#27;[38;5;192m[c782f7b5]&amp#27;[0m&amp#27;[38;5;-149m[AndroidUiautomator2Driver@9593]&amp#27;[0m Valid locator strategies for this request: xpath, id, class name, accessibility id, css selector, -android uiautomator
&amp#27;[38;5;192m[c782f7b5]&amp#27;[0m&amp#27;[38;5;-149m[AndroidUiautomator2Driver@9593]&amp#27;[0m Waiting up to 20000 ms for condition
&amp#27;[38;5;192m[c782f7b5]&amp#27;[0m&amp#27;[38;5;-149m[AndroidUiautomator2Driver@9593]&amp#27;[0m Matched '/element' to command name 'findElement'
&amp#27;[38;5;192m[c782f7b5]&amp#27;[0m&amp#27;[38;5;-149m[AndroidUiautomator2Driver@9593]&amp#27;[0m Proxying [POST /element] to [POST http://127.0.0.1:8200/session/1c757b2d-3314-4c27-9f5d-939a53a6f6be/element] with body: {"strategy":"id","selector":"com.androidsample.generalstore:id/nameField","context":"","multiple":false}
&amp#27;[38;5;192m[c782f7b5]&amp#27;[0m&amp#27;[38;5;-149m[AndroidUiautomator2Driver@9593]&amp#27;[0m Got response with status 404: {"sessionId":"1c757b2d-3314-4c27-9f5d-939a53a6f6be","value":{"error":"no such element","message":"An element could not be located on the page using the given search parameters","stacktrace":"io.appium.uiautomator2.common.exceptions.ElementNotFoundException: An element could not be located on the page using the given search parameters\n\tat io.appium.uiautomator2.handler.FindElement.safeHandle(FindElement.java:63)\n\tat io.appium.uiautomator2.handler.request.SafeRequestHandler.handle(SafeRequestHandler.java:59)\n\tat io.appium.uiautomator2.server.AppiumServlet.handleRequest(AppiumServlet.java:259)\n\tat io.appium.uiautomator2.server.AppiumServlet.handleHttpRequest(AppiumServlet.java:253)\n\tat io.appium.uiautomator2.http.ServerHandler.channelRead(ServerHandler.java:77)\n\tat io.netty.channel.AbstractChannelHandlerContext.invokeChannelRead(AbstractChannelHandlerContext.java:366)\n\tat io.netty.channel.AbstractChannelHandlerContext.invokeChannelRead(AbstractChannelHandlerContext.java:352)\n\tat io.netty.chann...
&amp#27;[38;5;192m[c782f7b5]&amp#27;[0m&amp#27;[38;5;123m[W3C]&amp#27;[0m Matched W3C error code 'no such element' to NoSuchElementError
&amp#27;[38;5;192m[c782f7b5]&amp#27;[0m&amp#27;[38;5;-149m[AndroidUiautomator2Driver@9593]&amp#27;[0m Waited for 758 ms so far
&amp#27;[38;5;192m[c782f7b5]&amp#27;[0m&amp#27;[38;5;-149m[AndroidUiautomator2Driver@9593]&amp#27;[0m Matched '/element' to command name 'findElement'
&amp#27;[38;5;192m[c782f7b5]&amp#27;[0m&amp#27;[38;5;-149m[AndroidUiautomator2Driver@9593]&amp#27;[0m Proxying [POST /element] to [POST http://127.0.0.1:8200/session/1c757b2d-3314-4c27-9f5d-939a53a6f6be/element] with body: {"strategy":"id","selector":"com.androidsample.generalstore:id/nameField","context":"","multiple":false}
&amp#27;[38;5;192m[c782f7b5]&amp#27;[0m&amp#27;[38;5;-149m[AndroidUiautomator2Driver@9593]&amp#27;[0m Got response with status 404: {"sessionId":"1c757b2d-3314-4c27-9f5d-939a53a6f6be","value":{"error":"no such element","message":"An element could not be located on the page using the given search parameters","stacktrace":"io.appium.uiautomator2.common.exceptions.ElementNotFoundException: An element could not be located on the page using the given search parameters\n\tat io.appium.uiautomator2.handler.FindElement.safeHandle(FindElement.java:63)\n\tat io.appium.uiautomator2.handler.request.SafeRequestHandler.handle(SafeRequestHandler.java:59)\n\tat io.appium.uiautomator2.server.AppiumServlet.handleRequest(AppiumServlet.java:259)\n\tat io.appium.uiautomator2.server.AppiumServlet.handleHttpRequest(AppiumServlet.java:253)\n\tat io.appium.uiautomator2.http.ServerHandler.channelRead(ServerHandler.java:77)\n\tat io.netty.channel.AbstractChannelHandlerContext.invokeChannelRead(AbstractChannelHandlerContext.java:366)\n\tat io.netty.channel.AbstractChannelHandlerContext.invokeChannelRead(AbstractChannelHandlerContext.java:352)\n\tat io.netty.chann...
&amp#27;[38;5;192m[c782f7b5]&amp#27;[0m&amp#27;[38;5;123m[W3C]&amp#27;[0m Matched W3C error code 'no such element' to NoSuchElementError
&amp#27;[38;5;192m[c782f7b5]&amp#27;[0m&amp#27;[38;5;-149m[AndroidUiautomator2Driver@9593]&amp#27;[0m Waited for 1292 ms so far
&amp#27;[38;5;192m[c782f7b5]&amp#27;[0m&amp#27;[38;5;-149m[AndroidUiautomator2Driver@9593]&amp#27;[0m Matched '/element' to command name 'findElement'
&amp#27;[38;5;192m[c782f7b5]&amp#27;[0m&amp#27;[38;5;-149m[AndroidUiautomator2Driver@9593]&amp#27;[0m Proxying [POST /element] to [POST http://127.0.0.1:8200/session/1c757b2d-3314-4c27-9f5d-939a53a6f6be/element] with body: {"strategy":"id","selector":"com.androidsample.generalstore:id/nameField","context":"","multiple":false}
&amp#27;[38;5;192m[c782f7b5]&amp#27;[0m&amp#27;[38;5;-149m[AndroidUiautomator2Driver@9593]&amp#27;[0m Got response with status 404: {"sessionId":"1c757b2d-3314-4c27-9f5d-939a53a6f6be","value":{"error":"no such element","message":"An element could not be located on the page using the given search parameters","stacktrace":"io.appium.uiautomator2.common.exceptions.ElementNotFoundException: An element could not be located on the page using the given search parameters\n\tat io.appium.uiautomator2.handler.FindElement.safeHandle(FindElement.java:63)\n\tat io.appium.uiautomator2.handler.request.SafeRequestHandler.handle(SafeRequestHandler.java:59)\n\tat io.appium.uiautomator2.server.AppiumServlet.handleRequest(AppiumServlet.java:259)\n\tat io.appium.uiautomator2.server.AppiumServlet.handleHttpRequest(AppiumServlet.java:253)\n\tat io.appium.uiautomator2.http.ServerHandler.channelRead(ServerHandler.java:77)\n\tat io.netty.channel.AbstractChannelHandlerContext.invokeChannelRead(AbstractChannelHandlerContext.java:366)\n\tat io.netty.channel.AbstractChannelHandlerContext.invokeChannelRead(AbstractChannelHandlerContext.java:352)\n\tat io.netty.chann...
&amp#27;[38;5;192m[c782f7b5]&amp#27;[0m&amp#27;[38;5;123m[W3C]&amp#27;[0m Matched W3C error code 'no such element' to NoSuchElementError
&amp#27;[38;5;192m[c782f7b5]&amp#27;[0m&amp#27;[38;5;-149m[AndroidUiautomator2Driver@9593]&amp#27;[0m Waited for 1816 ms so far
&amp#27;[38;5;192m[c782f7b5]&amp#27;[0m&amp#27;[38;5;-149m[AndroidUiautomator2Driver@9593]&amp#27;[0m Matched '/element' to command name 'findElement'
&amp#27;[38;5;192m[c782f7b5]&amp#27;[0m&amp#27;[38;5;-149m[AndroidUiautomator2Driver@9593]&amp#27;[0m Proxying [POST /element] to [POST http://127.0.0.1:8200/session/1c757b2d-3314-4c27-9f5d-939a53a6f6be/element] with body: {"strategy":"id","selector":"com.androidsample.generalstore:id/nameField","context":"","multiple":false}
&amp#27;[38;5;192m[c782f7b5]&amp#27;[0m&amp#27;[38;5;-149m[AndroidUiautomator2Driver@9593]&amp#27;[0m Got response with status 404: {"sessionId":"1c757b2d-3314-4c27-9f5d-939a53a6f6be","value":{"error":"no such element","message":"An element could not be located on the page using the given search parameters","stacktrace":"io.appium.uiautomator2.common.exceptions.ElementNotFoundException: An element could not be located on the page using the given search parameters\n\tat io.appium.uiautomator2.handler.FindElement.safeHandle(FindElement.java:63)\n\tat io.appium.uiautomator2.handler.request.SafeRequestHandler.handle(SafeRequestHandler.java:59)\n\tat io.appium.uiautomator2.server.AppiumServlet.handleRequest(AppiumServlet.java:259)\n\tat io.appium.uiautomator2.server.AppiumServlet.handleHttpRequest(AppiumServlet.java:253)\n\tat io.appium.uiautomator2.http.ServerHandler.channelRead(ServerHandler.java:77)\n\tat io.netty.channel.AbstractChannelHandlerContext.invokeChannelRead(AbstractChannelHandlerContext.java:366)\n\tat io.netty.channel.AbstractChannelHandlerContext.invokeChannelRead(AbstractChannelHandlerContext.java:352)\n\tat io.netty.chann...
&amp#27;[38;5;192m[c782f7b5]&amp#27;[0m&amp#27;[38;5;123m[W3C]&amp#27;[0m Matched W3C error code 'no such element' to NoSuchElementError
&amp#27;[38;5;192m[c782f7b5]&amp#27;[0m&amp#27;[38;5;-149m[AndroidUiautomator2Driver@9593]&amp#27;[0m Waited for 2341 ms so far
&amp#27;[38;5;192m[c782f7b5]&amp#27;[0m&amp#27;[38;5;-149m[AndroidUiautomator2Driver@9593]&amp#27;[0m Matched '/element' to command name 'findElement'
&amp#27;[38;5;192m[c782f7b5]&amp#27;[0m&amp#27;[38;5;-149m[AndroidUiautomator2Driver@9593]&amp#27;[0m Proxying [POST /element] to [POST http://127.0.0.1:8200/session/1c757b2d-3314-4c27-9f5d-939a53a6f6be/element] with body: {"strategy":"id","selector":"com.androidsample.generalstore:id/nameField","context":"","multiple":false}
&amp#27;[38;5;192m[c782f7b5]&amp#27;[0m&amp#27;[38;5;-149m[AndroidUiautomator2Driver@9593]&amp#27;[0m Got response with status 200: {"sessionId":"1c757b2d-3314-4c27-9f5d-939a53a6f6be","value":{"ELEMENT":"00000000-0000-04e3-ffff-ffff0000001c","element-6066-11e4-a52e-4f735466cecf":"00000000-0000-04e3-ffff-ffff0000001c"}}
&amp#27;[38;5;192m[c782f7b5]&amp#27;[0m&amp#27;[38;5;-149m[AndroidUiautomator2Driver@9593]&amp#27;[0m Responding to client with driver.findElement() result: {"element-6066-11e4-a52e-4f735466cecf":"00000000-0000-04e3-ffff-ffff0000001c","ELEMENT":"00000000-0000-04e3-ffff-ffff0000001c"}
&amp#27;[38;5;192m[c782f7b5]&amp#27;[0m&amp#27;[38;5;86m[HTTP]&amp#27;[0m &amp#27;[37m<-- POST /session/c782f7b5-8713-4b76-85a0-26a901ade7eb/element &amp#27;[39m&amp#27;[32m200&amp#27;[39m &amp#27;[90m4263 ms - 137&amp#27;[39m &amp#27;[90m&amp#27;[39m
&amp#27;[38;5;192m[c782f7b5]&amp#27;[0m&amp#27;[38;5;86m[HTTP]&amp#27;[0m &amp#27;[37m-->&amp#27;[39m &amp#27;[37mPOST&amp#27;[39m &amp#27;[37m/session/c782f7b5-8713-4b76-85a0-26a901ade7eb/element/00000000-0000-04e3-ffff-ffff0000001c/value&amp#27;[39m &amp#27;[90m{"text":"Selena","value":["S","e","l","e","n","a"],"id":"00000000-0000-04e3-ffff-ffff0000001c"}&amp#27;[39m
&amp#27;[38;5;192m[c782f7b5]&amp#27;[0m&amp#27;[38;5;-149m[AndroidUiautomator2Driver@9593]&amp#27;[0m Calling AppiumDriver.setValue() with args: [["S","e","l","e","n","a"],"00000000-0000-04e3-ffff-ffff0000001c","c782f7b5-8713-4b76-85a0-26a901ade7eb"]
&amp#27;[38;5;192m[c782f7b5]&amp#27;[0m&amp#27;[38;5;-149m[AndroidUiautomator2Driver@9593]&amp#27;[0m Matched '/element/00000000-0000-04e3-ffff-ffff0000001c/value' to command name 'setValue'
&amp#27;[38;5;192m[c782f7b5]&amp#27;[0m&amp#27;[38;5;-149m[AndroidUiautomator2Driver@9593]&amp#27;[0m Added 'value' property ["S","e","l","e","n","a"] to 'setValue' request body
&amp#27;[38;5;192m[c782f7b5]&amp#27;[0m&amp#27;[38;5;-149m[AndroidUiautomator2Driver@9593]&amp#27;[0m Proxying [POST /element/00000000-0000-04e3-ffff-ffff0000001c/value] to [POST http://127.0.0.1:8200/session/1c757b2d-3314-4c27-9f5d-939a53a6f6be/element/00000000-0000-04e3-ffff-ffff0000001c/value] with body: {"elementId":"00000000-0000-04e3-ffff-ffff0000001c","text":"Selena","replace":false,"value":["S","e","l","e","n","a"]}
&amp#27;[38;5;192m[c782f7b5]&amp#27;[0m&amp#27;[38;5;-149m[AndroidUiautomator2Driver@9593]&amp#27;[0m Got response with status 200: {"sessionId":"1c757b2d-3314-4c27-9f5d-939a53a6f6be","value":null}
&amp#27;[38;5;192m[c782f7b5]&amp#27;[0m&amp#27;[38;5;-149m[AndroidUiautomator2Driver@9593]&amp#27;[0m Responding to client with driver.setValue() result: null
&amp#27;[38;5;192m[c782f7b5]&amp#27;[0m&amp#27;[38;5;86m[HTTP]&amp#27;[0m &amp#27;[37m<-- POST /session/c782f7b5-8713-4b76-85a0-26a901ade7eb/element/00000000-0000-04e3-ffff-ffff0000001c/value &amp#27;[39m&amp#27;[32m200&amp#27;[39m &amp#27;[90m539 ms - 14&amp#27;[39m &amp#27;[90m&amp#27;[39m
&amp#27;[38;5;192m[c782f7b5]&amp#27;[0m&amp#27;[38;5;86m[HTTP]&amp#27;[0m &amp#27;[37m-->&amp#27;[39m &amp#27;[37mPOST&amp#27;[39m &amp#27;[37m/session/c782f7b5-8713-4b76-85a0-26a901ade7eb/execute/sync&amp#27;[39m &amp#27;[90m{"script":"mobile: hideKeyboard","args":[]}&amp#27;[39m
&amp#27;[38;5;192m[c782f7b5]&amp#27;[0m&amp#27;[38;5;-149m[AndroidUiautomator2Driver@9593]&amp#27;[0m Calling AppiumDriver.execute() with args: ["mobile: hideKeyboard",[],"c782f7b5-8713-4b76-85a0-26a901ade7eb"]
&amp#27;[38;5;192m[c782f7b5]&amp#27;[0m&amp#27;[38;5;-149m[AndroidUiautomator2Driver@9593]&amp#27;[0m Executing native command 'mobile: hideKeyboard'
&amp#27;[38;5;192m[c782f7b5]&amp#27;[0m&amp#27;[38;5;229m[ADB]&amp#27;[0m Running 'C:\Users\Harsh Vardhan Singh\AppData\Local\Android\Sdk\platform-tools\adb.exe -P 5037 -s emulator-5554 shell dumpsys input_method'
&amp#27;[38;5;192m[c782f7b5]&amp#27;[0m&amp#27;[38;5;229m[ADB]&amp#27;[0m Keyboard has no UI; no closing necessary
&amp#27;[38;5;192m[c782f7b5]&amp#27;[0m&amp#27;[38;5;-149m[AndroidUiautomator2Driver@9593]&amp#27;[0m Responding to client with driver.execute() result: false
&amp#27;[38;5;192m[c782f7b5]&amp#27;[0m&amp#27;[38;5;86m[HTTP]&amp#27;[0m &amp#27;[37m<-- POST /session/c782f7b5-8713-4b76-85a0-26a901ade7eb/execute/sync &amp#27;[39m&amp#27;[32m200&amp#27;[39m &amp#27;[90m153 ms - 15&amp#27;[39m &amp#27;[90m&amp#27;[39m
&amp#27;[38;5;192m[c782f7b5]&amp#27;[0m&amp#27;[38;5;86m[HTTP]&amp#27;[0m &amp#27;[37m-->&amp#27;[39m &amp#27;[37mGET&amp#27;[39m &amp#27;[37m/session/c782f7b5-8713-4b76-85a0-26a901ade7eb/context&amp#27;[39m &amp#27;[90m{}&amp#27;[39m
&amp#27;[38;5;192m[c782f7b5]&amp#27;[0m&amp#27;[38;5;-149m[AndroidUiautomator2Driver@9593]&amp#27;[0m Calling AppiumDriver.getCurrentContext() with args: ["c782f7b5-8713-4b76-85a0-26a901ade7eb"]
&amp#27;[38;5;192m[c782f7b5]&amp#27;[0m&amp#27;[38;5;-149m[AndroidUiautomator2Driver@9593]&amp#27;[0m Responding to client with driver.getCurrentContext() result: "NATIVE_APP"
&amp#27;[38;5;192m[c782f7b5]&amp#27;[0m&amp#27;[38;5;86m[HTTP]&amp#27;[0m &amp#27;[37m<-- GET /session/c782f7b5-8713-4b76-85a0-26a901ade7eb/context &amp#27;[39m&amp#27;[32m200&amp#27;[39m &amp#27;[90m2 ms - 22&amp#27;[39m &amp#27;[90m&amp#27;[39m
&amp#27;[38;5;192m[c782f7b5]&amp#27;[0m&amp#27;[38;5;86m[HTTP]&amp#27;[0m &amp#27;[37m-->&amp#27;[39m &amp#27;[37mPOST&amp#27;[39m &amp#27;[37m/session/c782f7b5-8713-4b76-85a0-26a901ade7eb/element&amp#27;[39m &amp#27;[90m{"value":"com.androidsample.generalstore:id/radioFemale","using":"id"}&amp#27;[39m
&amp#27;[38;5;192m[c782f7b5]&amp#27;[0m&amp#27;[38;5;-149m[AndroidUiautomator2Driver@9593]&amp#27;[0m Calling AppiumDriver.findElement() with args: ["id","com.androidsample.generalstore:id/radioFemale","c782f7b5-8713-4b76-85a0-26a901ade7eb"]
&amp#27;[38;5;192m[c782f7b5]&amp#27;[0m&amp#27;[38;5;-149m[AndroidUiautomator2Driver@9593]&amp#27;[0m Valid locator strategies for this request: xpath, id, class name, accessibility id, css selector, -android uiautomator
&amp#27;[38;5;192m[c782f7b5]&amp#27;[0m&amp#27;[38;5;-149m[AndroidUiautomator2Driver@9593]&amp#27;[0m Waiting up to 20000 ms for condition
&amp#27;[38;5;192m[c782f7b5]&amp#27;[0m&amp#27;[38;5;-149m[AndroidUiautomator2Driver@9593]&amp#27;[0m Matched '/element' to command name 'findElement'
&amp#27;[38;5;192m[c782f7b5]&amp#27;[0m&amp#27;[38;5;-149m[AndroidUiautomator2Driver@9593]&amp#27;[0m Proxying [POST /element] to [POST http://127.0.0.1:8200/session/1c757b2d-3314-4c27-9f5d-939a53a6f6be/element] with body: {"strategy":"id","selector":"com.androidsample.generalstore:id/radioFemale","context":"","multiple":false}
&amp#27;[38;5;192m[c782f7b5]&amp#27;[0m&amp#27;[38;5;-149m[AndroidUiautomator2Driver@9593]&amp#27;[0m Got response with status 200: {"sessionId":"1c757b2d-3314-4c27-9f5d-939a53a6f6be","value":{"ELEMENT":"00000000-0000-04e3-ffff-ffff00000020","element-6066-11e4-a52e-4f735466cecf":"00000000-0000-04e3-ffff-ffff00000020"}}
&amp#27;[38;5;192m[c782f7b5]&amp#27;[0m&amp#27;[38;5;-149m[AndroidUiautomator2Driver@9593]&amp#27;[0m Responding to client with driver.findElement() result: {"element-6066-11e4-a52e-4f735466cecf":"00000000-0000-04e3-ffff-ffff00000020","ELEMENT":"00000000-0000-04e3-ffff-ffff00000020"}
&amp#27;[38;5;192m[c782f7b5]&amp#27;[0m&amp#27;[38;5;86m[HTTP]&amp#27;[0m &amp#27;[37m<-- POST /session/c782f7b5-8713-4b76-85a0-26a901ade7eb/element &amp#27;[39m&amp#27;[32m200&amp#27;[39m &amp#27;[90m21 ms - 137&amp#27;[39m &amp#27;[90m&amp#27;[39m
&amp#27;[38;5;192m[c782f7b5]&amp#27;[0m&amp#27;[38;5;86m[HTTP]&amp#27;[0m &amp#27;[37m-->&amp#27;[39m &amp#27;[37mPOST&amp#27;[39m &amp#27;[37m/session/c782f7b5-8713-4b76-85a0-26a901ade7eb/element/00000000-0000-04e3-ffff-ffff00000020/click&amp#27;[39m &amp#27;[90m{"id":"00000000-0000-04e3-ffff-ffff00000020"}&amp#27;[39m
&amp#27;[38;5;192m[c782f7b5]&amp#27;[0m&amp#27;[38;5;-149m[AndroidUiautomator2Driver@9593]&amp#27;[0m Calling AppiumDriver.click() with args: ["00000000-0000-04e3-ffff-ffff00000020","c782f7b5-8713-4b76-85a0-26a901ade7eb"]
&amp#27;[38;5;192m[c782f7b5]&amp#27;[0m&amp#27;[38;5;-149m[AndroidUiautomator2Driver@9593]&amp#27;[0m Matched '/element/00000000-0000-04e3-ffff-ffff00000020/click' to command name 'click'
&amp#27;[38;5;192m[c782f7b5]&amp#27;[0m&amp#27;[38;5;-149m[AndroidUiautomator2Driver@9593]&amp#27;[0m Proxying [POST /element/00000000-0000-04e3-ffff-ffff00000020/click] to [POST http://127.0.0.1:8200/session/1c757b2d-3314-4c27-9f5d-939a53a6f6be/element/00000000-0000-04e3-ffff-ffff00000020/click] with body: {"element":"00000000-0000-04e3-ffff-ffff00000020"}
&amp#27;[38;5;192m[c782f7b5]&amp#27;[0m&amp#27;[38;5;-149m[AndroidUiautomator2Driver@9593]&amp#27;[0m Got response with status 200: {"sessionId":"1c757b2d-3314-4c27-9f5d-939a53a6f6be","value":null}
&amp#27;[38;5;192m[c782f7b5]&amp#27;[0m&amp#27;[38;5;-149m[AndroidUiautomator2Driver@9593]&amp#27;[0m Responding to client with driver.click() result: null
&amp#27;[38;5;192m[c782f7b5]&amp#27;[0m&amp#27;[38;5;86m[HTTP]&amp#27;[0m &amp#27;[37m<-- POST /session/c782f7b5-8713-4b76-85a0-26a901ade7eb/element/00000000-0000-04e3-ffff-ffff00000020/click &amp#27;[39m&amp#27;[32m200&amp#27;[39m &amp#27;[90m54 ms - 14&amp#27;[39m &amp#27;[90m&amp#27;[39m
&amp#27;[38;5;192m[c782f7b5]&amp#27;[0m&amp#27;[38;5;86m[HTTP]&amp#27;[0m &amp#27;[37m-->&amp#27;[39m &amp#27;[37mGET&amp#27;[39m &amp#27;[37m/session/c782f7b5-8713-4b76-85a0-26a901ade7eb/context&amp#27;[39m &amp#27;[90m{}&amp#27;[39m
&amp#27;[38;5;192m[c782f7b5]&amp#27;[0m&amp#27;[38;5;-149m[AndroidUiautomator2Driver@9593]&amp#27;[0m Calling AppiumDriver.getCurrentContext() with args: ["c782f7b5-8713-4b76-85a0-26a901ade7eb"]
&amp#27;[38;5;192m[c782f7b5]&amp#27;[0m&amp#27;[38;5;-149m[AndroidUiautomator2Driver@9593]&amp#27;[0m Responding to client with driver.getCurrentContext() result: "NATIVE_APP"
&amp#27;[38;5;192m[c782f7b5]&amp#27;[0m&amp#27;[38;5;86m[HTTP]&amp#27;[0m &amp#27;[37m<-- GET /session/c782f7b5-8713-4b76-85a0-26a901ade7eb/context &amp#27;[39m&amp#27;[32m200&amp#27;[39m &amp#27;[90m2 ms - 22&amp#27;[39m &amp#27;[90m&amp#27;[39m
&amp#27;[38;5;192m[c782f7b5]&amp#27;[0m&amp#27;[38;5;86m[HTTP]&amp#27;[0m &amp#27;[37m-->&amp#27;[39m &amp#27;[37mPOST&amp#27;[39m &amp#27;[37m/session/c782f7b5-8713-4b76-85a0-26a901ade7eb/element&amp#27;[39m &amp#27;[90m{"value":"com.androidsample.generalstore:id/spinnerCountry","using":"id"}&amp#27;[39m
&amp#27;[38;5;192m[c782f7b5]&amp#27;[0m&amp#27;[38;5;-149m[AndroidUiautomator2Driver@9593]&amp#27;[0m Calling AppiumDriver.findElement() with args: ["id","com.androidsample.generalstore:id/spinnerCountry","c782f7b5-8713-4b76-85a0-26a901ade7eb"]
&amp#27;[38;5;192m[c782f7b5]&amp#27;[0m&amp#27;[38;5;-149m[AndroidUiautomator2Driver@9593]&amp#27;[0m Valid locator strategies for this request: xpath, id, class name, accessibility id, css selector, -android uiautomator
&amp#27;[38;5;192m[c782f7b5]&amp#27;[0m&amp#27;[38;5;-149m[AndroidUiautomator2Driver@9593]&amp#27;[0m Waiting up to 20000 ms for condition
&amp#27;[38;5;192m[c782f7b5]&amp#27;[0m&amp#27;[38;5;-149m[AndroidUiautomator2Driver@9593]&amp#27;[0m Matched '/element' to command name 'findElement'
&amp#27;[38;5;192m[c782f7b5]&amp#27;[0m&amp#27;[38;5;-149m[AndroidUiautomator2Driver@9593]&amp#27;[0m Proxying [POST /element] to [POST http://127.0.0.1:8200/session/1c757b2d-3314-4c27-9f5d-939a53a6f6be/element] with body: {"strategy":"id","selector":"com.androidsample.generalstore:id/spinnerCountry","context":"","multiple":false}
&amp#27;[38;5;192m[c782f7b5]&amp#27;[0m&amp#27;[38;5;-149m[AndroidUiautomator2Driver@9593]&amp#27;[0m Got response with status 200: {"sessionId":"1c757b2d-3314-4c27-9f5d-939a53a6f6be","value":{"ELEMENT":"00000000-0000-04e3-ffff-ffff0000001a","element-6066-11e4-a52e-4f735466cecf":"00000000-0000-04e3-ffff-ffff0000001a"}}
&amp#27;[38;5;192m[c782f7b5]&amp#27;[0m&amp#27;[38;5;-149m[AndroidUiautomator2Driver@9593]&amp#27;[0m Responding to client with driver.findElement() result: {"element-6066-11e4-a52e-4f735466cecf":"00000000-0000-04e3-ffff-ffff0000001a","ELEMENT":"00000000-0000-04e3-ffff-ffff0000001a"}
&amp#27;[38;5;192m[c782f7b5]&amp#27;[0m&amp#27;[38;5;86m[HTTP]&amp#27;[0m &amp#27;[37m<-- POST /session/c782f7b5-8713-4b76-85a0-26a901ade7eb/element &amp#27;[39m&amp#27;[32m200&amp#27;[39m &amp#27;[90m19 ms - 137&amp#27;[39m &amp#27;[90m&amp#27;[39m
&amp#27;[38;5;192m[c782f7b5]&amp#27;[0m&amp#27;[38;5;86m[HTTP]&amp#27;[0m &amp#27;[37m-->&amp#27;[39m &amp#27;[37mPOST&amp#27;[39m &amp#27;[37m/session/c782f7b5-8713-4b76-85a0-26a901ade7eb/element/00000000-0000-04e3-ffff-ffff0000001a/click&amp#27;[39m &amp#27;[90m{"id":"00000000-0000-04e3-ffff-ffff0000001a"}&amp#27;[39m
&amp#27;[38;5;192m[c782f7b5]&amp#27;[0m&amp#27;[38;5;-149m[AndroidUiautomator2Driver@9593]&amp#27;[0m Calling AppiumDriver.click() with args: ["00000000-0000-04e3-ffff-ffff0000001a","c782f7b5-8713-4b76-85a0-26a901ade7eb"]
&amp#27;[38;5;192m[c782f7b5]&amp#27;[0m&amp#27;[38;5;-149m[AndroidUiautomator2Driver@9593]&amp#27;[0m Matched '/element/00000000-0000-04e3-ffff-ffff0000001a/click' to command name 'click'
&amp#27;[38;5;192m[c782f7b5]&amp#27;[0m&amp#27;[38;5;-149m[AndroidUiautomator2Driver@9593]&amp#27;[0m Proxying [POST /element/00000000-0000-04e3-ffff-ffff0000001a/click] to [POST http://127.0.0.1:8200/session/1c757b2d-3314-4c27-9f5d-939a53a6f6be/element/00000000-0000-04e3-ffff-ffff0000001a/click] with body: {"element":"00000000-0000-04e3-ffff-ffff0000001a"}
&amp#27;[38;5;192m[c782f7b5]&amp#27;[0m&amp#27;[38;5;-149m[AndroidUiautomator2Driver@9593]&amp#27;[0m Got response with status 200: {"sessionId":"1c757b2d-3314-4c27-9f5d-939a53a6f6be","value":null}
&amp#27;[38;5;192m[c782f7b5]&amp#27;[0m&amp#27;[38;5;-149m[AndroidUiautomator2Driver@9593]&amp#27;[0m Responding to client with driver.click() result: null
&amp#27;[38;5;192m[c782f7b5]&amp#27;[0m&amp#27;[38;5;86m[HTTP]&amp#27;[0m &amp#27;[37m<-- POST /session/c782f7b5-8713-4b76-85a0-26a901ade7eb/element/00000000-0000-04e3-ffff-ffff0000001a/click &amp#27;[39m&amp#27;[32m200&amp#27;[39m &amp#27;[90m54 ms - 14&amp#27;[39m &amp#27;[90m&amp#27;[39m
&amp#27;[38;5;192m[c782f7b5]&amp#27;[0m&amp#27;[38;5;86m[HTTP]&amp#27;[0m &amp#27;[37m-->&amp#27;[39m &amp#27;[37mPOST&amp#27;[39m &amp#27;[37m/session/c782f7b5-8713-4b76-85a0-26a901ade7eb/element&amp#27;[39m &amp#27;[90m{"value":"new UiScrollable(new UiSelector()).scrollIntoView(text(\"Brazil\"))","using":"-android uiautomator"}&amp#27;[39m
&amp#27;[38;5;192m[c782f7b5]&amp#27;[0m&amp#27;[38;5;-149m[AndroidUiautomator2Driver@9593]&amp#27;[0m Calling AppiumDriver.findElement() with args: ["-android uiautomator","new UiScrollable(new UiSelector()).scrollIntoView(text(\"Brazil\"))","c782f7b5-8713-4b76-85a0-26a901ade7eb"]
&amp#27;[38;5;192m[c782f7b5]&amp#27;[0m&amp#27;[38;5;-149m[AndroidUiautomator2Driver@9593]&amp#27;[0m Valid locator strategies for this request: xpath, id, class name, accessibility id, css selector, -android uiautomator
&amp#27;[38;5;192m[c782f7b5]&amp#27;[0m&amp#27;[38;5;-149m[AndroidUiautomator2Driver@9593]&amp#27;[0m Waiting up to 20000 ms for condition
&amp#27;[38;5;192m[c782f7b5]&amp#27;[0m&amp#27;[38;5;-149m[AndroidUiautomator2Driver@9593]&amp#27;[0m Matched '/element' to command name 'findElement'
&amp#27;[38;5;192m[c782f7b5]&amp#27;[0m&amp#27;[38;5;-149m[AndroidUiautomator2Driver@9593]&amp#27;[0m Proxying [POST /element] to [POST http://127.0.0.1:8200/session/1c757b2d-3314-4c27-9f5d-939a53a6f6be/element] with body: {"strategy":"-android uiautomator","selector":"new UiScrollable(new UiSelector()).scrollIntoView(text(\"Brazil\"))","context":"","multiple":false}
&amp#27;[38;5;192m[c782f7b5]&amp#27;[0m&amp#27;[38;5;-149m[AndroidUiautomator2Driver@9593]&amp#27;[0m Got response with status 200: {"sessionId":"1c757b2d-3314-4c27-9f5d-939a53a6f6be","value":{"ELEMENT":"00000000-0000-04e4-ffff-ffff00000032","element-6066-11e4-a52e-4f735466cecf":"00000000-0000-04e4-ffff-ffff00000032"}}
&amp#27;[38;5;192m[c782f7b5]&amp#27;[0m&amp#27;[38;5;-149m[AndroidUiautomator2Driver@9593]&amp#27;[0m Responding to client with driver.findElement() result: {"element-6066-11e4-a52e-4f735466cecf":"00000000-0000-04e4-ffff-ffff00000032","ELEMENT":"00000000-0000-04e4-ffff-ffff00000032"}
&amp#27;[38;5;192m[c782f7b5]&amp#27;[0m&amp#27;[38;5;86m[HTTP]&amp#27;[0m &amp#27;[37m<-- POST /session/c782f7b5-8713-4b76-85a0-26a901ade7eb/element &amp#27;[39m&amp#27;[32m200&amp#27;[39m &amp#27;[90m7738 ms - 137&amp#27;[39m &amp#27;[90m&amp#27;[39m
&amp#27;[38;5;192m[c782f7b5]&amp#27;[0m&amp#27;[38;5;86m[HTTP]&amp#27;[0m &amp#27;[37m-->&amp#27;[39m &amp#27;[37mPOST&amp#27;[39m &amp#27;[37m/session/c782f7b5-8713-4b76-85a0-26a901ade7eb/element&amp#27;[39m &amp#27;[90m{"value":"//android.widget.TextView[@resource-id= 'android:id/text1' and @text= 'Brazil']","using":"xpath"}&amp#27;[39m
&amp#27;[38;5;192m[c782f7b5]&amp#27;[0m&amp#27;[38;5;-149m[AndroidUiautomator2Driver@9593]&amp#27;[0m Calling AppiumDriver.findElement() with args: ["xpath","//android.widget.TextView[@resource-id= 'android:id/text1' and @text= 'Brazil']","c782f7b5-8713-4b76-85a0-26a901ade7eb"]
&amp#27;[38;5;192m[c782f7b5]&amp#27;[0m&amp#27;[38;5;-149m[AndroidUiautomator2Driver@9593]&amp#27;[0m Valid locator strategies for this request: xpath, id, class name, accessibility id, css selector, -android uiautomator
&amp#27;[38;5;192m[c782f7b5]&amp#27;[0m&amp#27;[38;5;-149m[AndroidUiautomator2Driver@9593]&amp#27;[0m Waiting up to 20000 ms for condition
&amp#27;[38;5;192m[c782f7b5]&amp#27;[0m&amp#27;[38;5;-149m[AndroidUiautomator2Driver@9593]&amp#27;[0m Matched '/element' to command name 'findElement'
&amp#27;[38;5;192m[c782f7b5]&amp#27;[0m&amp#27;[38;5;-149m[AndroidUiautomator2Driver@9593]&amp#27;[0m Proxying [POST /element] to [POST http://127.0.0.1:8200/session/1c757b2d-3314-4c27-9f5d-939a53a6f6be/element] with body: {"strategy":"xpath","selector":"//android.widget.TextView[@resource-id= 'android:id/text1' and @text= 'Brazil']","context":"","multiple":false}
&amp#27;[38;5;192m[c782f7b5]&amp#27;[0m&amp#27;[38;5;-149m[AndroidUiautomator2Driver@9593]&amp#27;[0m Got response with status 200: {"sessionId":"1c757b2d-3314-4c27-9f5d-939a53a6f6be","value":{"ELEMENT":"00000000-0000-04e4-ffff-ffff00000032","element-6066-11e4-a52e-4f735466cecf":"00000000-0000-04e4-ffff-ffff00000032"}}
&amp#27;[38;5;192m[c782f7b5]&amp#27;[0m&amp#27;[38;5;-149m[AndroidUiautomator2Driver@9593]&amp#27;[0m Responding to client with driver.findElement() result: {"element-6066-11e4-a52e-4f735466cecf":"00000000-0000-04e4-ffff-ffff00000032","ELEMENT":"00000000-0000-04e4-ffff-ffff00000032"}
&amp#27;[38;5;192m[c782f7b5]&amp#27;[0m&amp#27;[38;5;86m[HTTP]&amp#27;[0m &amp#27;[37m<-- POST /session/c782f7b5-8713-4b76-85a0-26a901ade7eb/element &amp#27;[39m&amp#27;[32m200&amp#27;[39m &amp#27;[90m348 ms - 137&amp#27;[39m &amp#27;[90m&amp#27;[39m
&amp#27;[38;5;192m[c782f7b5]&amp#27;[0m&amp#27;[38;5;86m[HTTP]&amp#27;[0m &amp#27;[37m-->&amp#27;[39m &amp#27;[37mPOST&amp#27;[39m &amp#27;[37m/session/c782f7b5-8713-4b76-85a0-26a901ade7eb/element/00000000-0000-04e4-ffff-ffff00000032/click&amp#27;[39m &amp#27;[90m{"id":"00000000-0000-04e4-ffff-ffff00000032"}&amp#27;[39m
&amp#27;[38;5;192m[c782f7b5]&amp#27;[0m&amp#27;[38;5;-149m[AndroidUiautomator2Driver@9593]&amp#27;[0m Calling AppiumDriver.click() with args: ["00000000-0000-04e4-ffff-ffff00000032","c782f7b5-8713-4b76-85a0-26a901ade7eb"]
&amp#27;[38;5;192m[c782f7b5]&amp#27;[0m&amp#27;[38;5;-149m[AndroidUiautomator2Driver@9593]&amp#27;[0m Matched '/element/00000000-0000-04e4-ffff-ffff00000032/click' to command name 'click'
&amp#27;[38;5;192m[c782f7b5]&amp#27;[0m&amp#27;[38;5;-149m[AndroidUiautomator2Driver@9593]&amp#27;[0m Proxying [POST /element/00000000-0000-04e4-ffff-ffff00000032/click] to [POST http://127.0.0.1:8200/session/1c757b2d-3314-4c27-9f5d-939a53a6f6be/element/00000000-0000-04e4-ffff-ffff00000032/click] with body: {"element":"00000000-0000-04e4-ffff-ffff00000032"}
&amp#27;[38;5;192m[c782f7b5]&amp#27;[0m&amp#27;[38;5;-149m[AndroidUiautomator2Driver@9593]&amp#27;[0m Got response with status 200: {"sessionId":"1c757b2d-3314-4c27-9f5d-939a53a6f6be","value":null}
&amp#27;[38;5;192m[c782f7b5]&amp#27;[0m&amp#27;[38;5;-149m[AndroidUiautomator2Driver@9593]&amp#27;[0m Responding to client with driver.click() result: null
&amp#27;[38;5;192m[c782f7b5]&amp#27;[0m&amp#27;[38;5;86m[HTTP]&amp#27;[0m &amp#27;[37m<-- POST /session/c782f7b5-8713-4b76-85a0-26a901ade7eb/element/00000000-0000-04e4-ffff-ffff00000032/click &amp#27;[39m&amp#27;[32m200&amp#27;[39m &amp#27;[90m663 ms - 14&amp#27;[39m &amp#27;[90m&amp#27;[39m
&amp#27;[38;5;192m[c782f7b5]&amp#27;[0m&amp#27;[38;5;86m[HTTP]&amp#27;[0m &amp#27;[37m-->&amp#27;[39m &amp#27;[37mGET&amp#27;[39m &amp#27;[37m/session/c782f7b5-8713-4b76-85a0-26a901ade7eb/context&amp#27;[39m &amp#27;[90m{}&amp#27;[39m
&amp#27;[38;5;192m[c782f7b5]&amp#27;[0m&amp#27;[38;5;-149m[AndroidUiautomator2Driver@9593]&amp#27;[0m Calling AppiumDriver.getCurrentContext() with args: ["c782f7b5-8713-4b76-85a0-26a901ade7eb"]
&amp#27;[38;5;192m[c782f7b5]&amp#27;[0m&amp#27;[38;5;-149m[AndroidUiautomator2Driver@9593]&amp#27;[0m Responding to client with driver.getCurrentContext() result: "NATIVE_APP"
&amp#27;[38;5;192m[c782f7b5]&amp#27;[0m&amp#27;[38;5;86m[HTTP]&amp#27;[0m &amp#27;[37m<-- GET /session/c782f7b5-8713-4b76-85a0-26a901ade7eb/context &amp#27;[39m&amp#27;[32m200&amp#27;[39m &amp#27;[90m2 ms - 22&amp#27;[39m &amp#27;[90m&amp#27;[39m
&amp#27;[38;5;192m[c782f7b5]&amp#27;[0m&amp#27;[38;5;86m[HTTP]&amp#27;[0m &amp#27;[37m-->&amp#27;[39m &amp#27;[37mPOST&amp#27;[39m &amp#27;[37m/session/c782f7b5-8713-4b76-85a0-26a901ade7eb/element&amp#27;[39m &amp#27;[90m{"value":"com.androidsample.generalstore:id/btnLetsShop","using":"id"}&amp#27;[39m
&amp#27;[38;5;192m[c782f7b5]&amp#27;[0m&amp#27;[38;5;-149m[AndroidUiautomator2Driver@9593]&amp#27;[0m Calling AppiumDriver.findElement() with args: ["id","com.androidsample.generalstore:id/btnLetsShop","c782f7b5-8713-4b76-85a0-26a901ade7eb"]
&amp#27;[38;5;192m[c782f7b5]&amp#27;[0m&amp#27;[38;5;-149m[AndroidUiautomator2Driver@9593]&amp#27;[0m Valid locator strategies for this request: xpath, id, class name, accessibility id, css selector, -android uiautomator
&amp#27;[38;5;192m[c782f7b5]&amp#27;[0m&amp#27;[38;5;-149m[AndroidUiautomator2Driver@9593]&amp#27;[0m Waiting up to 20000 ms for condition
&amp#27;[38;5;192m[c782f7b5]&amp#27;[0m&amp#27;[38;5;-149m[AndroidUiautomator2Driver@9593]&amp#27;[0m Matched '/element' to command name 'findElement'
&amp#27;[38;5;192m[c782f7b5]&amp#27;[0m&amp#27;[38;5;-149m[AndroidUiautomator2Driver@9593]&amp#27;[0m Proxying [POST /element] to [POST http://127.0.0.1:8200/session/1c757b2d-3314-4c27-9f5d-939a53a6f6be/element] with body: {"strategy":"id","selector":"com.androidsample.generalstore:id/btnLetsShop","context":"","multiple":false}
&amp#27;[38;5;192m[c782f7b5]&amp#27;[0m&amp#27;[38;5;-149m[AndroidUiautomator2Driver@9593]&amp#27;[0m Got response with status 200: {"sessionId":"1c757b2d-3314-4c27-9f5d-939a53a6f6be","value":{"ELEMENT":"00000000-0000-04e3-ffff-ffff00000021","element-6066-11e4-a52e-4f735466cecf":"00000000-0000-04e3-ffff-ffff00000021"}}
&amp#27;[38;5;192m[c782f7b5]&amp#27;[0m&amp#27;[38;5;-149m[AndroidUiautomator2Driver@9593]&amp#27;[0m Responding to client with driver.findElement() result: {"element-6066-11e4-a52e-4f735466cecf":"00000000-0000-04e3-ffff-ffff00000021","ELEMENT":"00000000-0000-04e3-ffff-ffff00000021"}
&amp#27;[38;5;192m[c782f7b5]&amp#27;[0m&amp#27;[38;5;86m[HTTP]&amp#27;[0m &amp#27;[37m<-- POST /session/c782f7b5-8713-4b76-85a0-26a901ade7eb/element &amp#27;[39m&amp#27;[32m200&amp#27;[39m &amp#27;[90m20 ms - 137&amp#27;[39m &amp#27;[90m&amp#27;[39m
&amp#27;[38;5;192m[c782f7b5]&amp#27;[0m&amp#27;[38;5;86m[HTTP]&amp#27;[0m &amp#27;[37m-->&amp#27;[39m &amp#27;[37mPOST&amp#27;[39m &amp#27;[37m/session/c782f7b5-8713-4b76-85a0-26a901ade7eb/element/00000000-0000-04e3-ffff-ffff00000021/click&amp#27;[39m &amp#27;[90m{"id":"00000000-0000-04e3-ffff-ffff00000021"}&amp#27;[39m
&amp#27;[38;5;192m[c782f7b5]&amp#27;[0m&amp#27;[38;5;-149m[AndroidUiautomator2Driver@9593]&amp#27;[0m Calling AppiumDriver.click() with args: ["00000000-0000-04e3-ffff-ffff00000021","c782f7b5-8713-4b76-85a0-26a901ade7eb"]
&amp#27;[38;5;192m[c782f7b5]&amp#27;[0m&amp#27;[38;5;-149m[AndroidUiautomator2Driver@9593]&amp#27;[0m Matched '/element/00000000-0000-04e3-ffff-ffff00000021/click' to command name 'click'
&amp#27;[38;5;192m[c782f7b5]&amp#27;[0m&amp#27;[38;5;-149m[AndroidUiautomator2Driver@9593]&amp#27;[0m Proxying [POST /element/00000000-0000-04e3-ffff-ffff00000021/click] to [POST http://127.0.0.1:8200/session/1c757b2d-3314-4c27-9f5d-939a53a6f6be/element/00000000-0000-04e3-ffff-ffff00000021/click] with body: {"element":"00000000-0000-04e3-ffff-ffff00000021"}
&amp#27;[38;5;192m[c782f7b5]&amp#27;[0m&amp#27;[38;5;-149m[AndroidUiautomator2Driver@9593]&amp#27;[0m Got response with status 200: {"sessionId":"1c757b2d-3314-4c27-9f5d-939a53a6f6be","value":null}
&amp#27;[38;5;192m[c782f7b5]&amp#27;[0m&amp#27;[38;5;-149m[AndroidUiautomator2Driver@9593]&amp#27;[0m Responding to client with driver.click() result: null
&amp#27;[38;5;192m[c782f7b5]&amp#27;[0m&amp#27;[38;5;86m[HTTP]&amp#27;[0m &amp#27;[37m<-- POST /session/c782f7b5-8713-4b76-85a0-26a901ade7eb/element/00000000-0000-04e3-ffff-ffff00000021/click &amp#27;[39m&amp#27;[32m200&amp#27;[39m &amp#27;[90m47 ms - 14&amp#27;[39m &amp#27;[90m&amp#27;[39m
]]></system-out>
  </testcase>
  <testcase name="FormDataDrivenTest[George, Male, Argentina](2)" classname="android_TestScripts.Android_TC004_DataDrivenTest" time="15.645">
    <system-out><![CDATA[&amp#27;[38;5;192m[c782f7b5]&amp#27;[0m&amp#27;[38;5;86m[HTTP]&amp#27;[0m &amp#27;[37m-->&amp#27;[39m &amp#27;[37mDELETE&amp#27;[39m &amp#27;[37m/session/c782f7b5-8713-4b76-85a0-26a901ade7eb&amp#27;[39m &amp#27;[90m{}&amp#27;[39m
&amp#27;[38;5;192m[c782f7b5]&amp#27;[0m&amp#27;[38;5;-149m[AndroidUiautomator2Driver@9593]&amp#27;[0m Calling AppiumDriver.deleteSession() with args: ["c782f7b5-8713-4b76-85a0-26a901ade7eb"]
&amp#27;[38;5;192m[c782f7b5]&amp#27;[0m&amp#27;[38;5;144m[AppiumDriver@adef]&amp#27;[0m Event 'quitSessionRequested' logged at 1732112611525 (19:53:31 GMT+0530 (India Standard Time))
&amp#27;[38;5;192m[c782f7b5]&amp#27;[0m&amp#27;[38;5;144m[AppiumDriver@adef]&amp#27;[0m Removing session c782f7b5-8713-4b76-85a0-26a901ade7eb from our master session list
&amp#27;[38;5;192m[c782f7b5]&amp#27;[0m&amp#27;[38;5;-149m[AndroidUiautomator2Driver@9593]&amp#27;[0m Deleting UiAutomator2 session
&amp#27;[38;5;192m[c782f7b5]&amp#27;[0m&amp#27;[38;5;-149m[AndroidUiautomator2Driver@9593]&amp#27;[0m Deleting UiAutomator2 server session
&amp#27;[38;5;192m[c782f7b5]&amp#27;[0m&amp#27;[38;5;-149m[AndroidUiautomator2Driver@9593]&amp#27;[0m Matched '/' to command name 'deleteSession'
&amp#27;[38;5;192m[c782f7b5]&amp#27;[0m&amp#27;[38;5;-149m[AndroidUiautomator2Driver@9593]&amp#27;[0m Proxying [DELETE /] to [DELETE http://127.0.0.1:8200/session/1c757b2d-3314-4c27-9f5d-939a53a6f6be] with no body
&amp#27;[38;5;192m[c782f7b5]&amp#27;[0m&amp#27;[38;5;-149m[AndroidUiautomator2Driver@9593]&amp#27;[0m Got response with status 200: {"sessionId":"1c757b2d-3314-4c27-9f5d-939a53a6f6be","value":null}
&amp#27;[38;5;192m[c782f7b5]&amp#27;[0m&amp#27;[38;5;-149m[AndroidUiautomator2Driver@9593]&amp#27;[0m [Instrumentation] io.appium.uiautomator2.server.test.AppiumUiAutomator2Server:
&amp#27;[38;5;192m[c782f7b5]&amp#27;[0m&amp#27;[38;5;-149m[AndroidUiautomator2Driver@9593]&amp#27;[0m [Instrumentation] The process has exited with code null, signal SIGTERM
&amp#27;[38;5;192m[c782f7b5]&amp#27;[0m&amp#27;[38;5;229m[ADB]&amp#27;[0m Running 'C:\Users\Harsh Vardhan Singh\AppData\Local\Android\Sdk\platform-tools\adb.exe -P 5037 -s emulator-5554 shell dumpsys activity services io.appium.settings/.recorder.RecorderService'
&amp#27;[38;5;192m[c782f7b5]&amp#27;[0m&amp#27;[38;5;229m[ADB]&amp#27;[0m Running 'C:\Users\Harsh Vardhan Singh\AppData\Local\Android\Sdk\platform-tools\adb.exe -P 5037 -s emulator-5554 shell am force-stop com.androidsample.generalstore'
&amp#27;[38;5;192m[c782f7b5]&amp#27;[0m&amp#27;[38;5;229m[ADB]&amp#27;[0m Removing forwarded port socket connection: 8200 
&amp#27;[38;5;192m[c782f7b5]&amp#27;[0m&amp#27;[38;5;229m[ADB]&amp#27;[0m Running 'C:\Users\Harsh Vardhan Singh\AppData\Local\Android\Sdk\platform-tools\adb.exe -P 5037 -s emulator-5554 forward --remove tcp:8200'
&amp#27;[38;5;192m[c782f7b5]&amp#27;[0m&amp#27;[38;5;-149m[AndroidUiautomator2Driver@9593]&amp#27;[0m Restoring hidden api policy to the device default configuration
&amp#27;[38;5;192m[c782f7b5]&amp#27;[0m&amp#27;[38;5;229m[ADB]&amp#27;[0m Running 'C:\Users\Harsh Vardhan Singh\AppData\Local\Android\Sdk\platform-tools\adb.exe -P 5037 -s emulator-5554 shell 'settings delete global hidden_api_policy_pre_p_apps;settings delete global hidden_api_policy_p_apps;settings delete global hidden_api_policy''
&amp#27;[38;5;192m[c782f7b5]&amp#27;[0m&amp#27;[38;5;160m[Logcat]&amp#27;[0m Stopping logcat capture
&amp#27;[38;5;192m[c782f7b5]&amp#27;[0m&amp#27;[38;5;144m[AppiumDriver@adef]&amp#27;[0m Event 'quitSessionFinished' logged at 1732112611922 (19:53:31 GMT+0530 (India Standard Time))
&amp#27;[38;5;192m[c782f7b5]&amp#27;[0m&amp#27;[38;5;144m[AppiumDriver@adef]&amp#27;[0m Received response: null
&amp#27;[38;5;192m[c782f7b5]&amp#27;[0m&amp#27;[38;5;144m[AppiumDriver@adef]&amp#27;[0m But deleting session, so not returning
&amp#27;[38;5;192m[c782f7b5]&amp#27;[0m&amp#27;[38;5;144m[AppiumDriver@adef]&amp#27;[0m Responding to client with driver.deleteSession() result: null
&amp#27;[38;5;192m[c782f7b5]&amp#27;[0m&amp#27;[38;5;86m[HTTP]&amp#27;[0m &amp#27;[37m<-- DELETE /session/c782f7b5-8713-4b76-85a0-26a901ade7eb &amp#27;[39m&amp#27;[32m200&amp#27;[39m &amp#27;[90m397 ms - 14&amp#27;[39m &amp#27;[90m&amp#27;[39m
&amp#27;[38;5;112m[Appium]&amp#27;[0m Welcome to Appium v2.12.1
&amp#27;[38;5;112m[Appium]&amp#27;[0m Non-default server args:
&amp#27;[38;5;112m[Appium]&amp#27;[0m { address: &amp#27;[32m'127.0.0.1'&amp#27;[39m }
&amp#27;[38;5;112m[Appium]&amp#27;[0m The autodetected Appium home path: C:\Users\Harsh Vardhan Singh\.appium
&amp#27;[38;5;112m[Appium]&amp#27;[0m Attempting to load driver uiautomator2...
&amp#27;[38;5;112m[Appium]&amp#27;[0m Attempting to load driver xcuitest...
&amp#27;[38;5;112m[Appium]&amp#27;[0m Requiring driver at C:\Users\Harsh Vardhan Singh\.appium\node_modules\appium-uiautomator2-driver\build\index.js
&amp#27;[38;5;112m[Appium]&amp#27;[0m Requiring driver at C:\Users\Harsh Vardhan Singh\.appium\node_modules\appium-xcuitest-driver\build\index.js
&amp#27;[38;5;112m[Appium]&amp#27;[0m AndroidUiautomator2Driver has been successfully loaded in 0.546s
&amp#27;[38;5;112m[Appium]&amp#27;[0m XCUITestDriver has been successfully loaded in 1.148s
&amp#27;[38;5;112m[Appium]&amp#27;[0m Appium REST http interface listener started on http://127.0.0.1:4723
&amp#27;[38;5;112m[Appium]&amp#27;[0m Available drivers:
&amp#27;[38;5;112m[Appium]&amp#27;[0m   - uiautomator2@3.8.1 (automationName 'UiAutomator2')
&amp#27;[38;5;112m[Appium]&amp#27;[0m   - xcuitest@7.28.3 (automationName 'XCUITest')
&amp#27;[38;5;112m[Appium]&amp#27;[0m No plugins have been installed. Use the "appium plugin" command to install the one(s) you want to use.
&amp#27;[38;5;86m[HTTP]&amp#27;[0m &amp#27;[37m-->&amp#27;[39m &amp#27;[37mGET&amp#27;[39m &amp#27;[37m/status&amp#27;[39m &amp#27;[90m{}&amp#27;[39m
&amp#27;[38;5;125m[AppiumDriver@e88d]&amp#27;[0m Calling AppiumDriver.getStatus() with args: []
&amp#27;[38;5;125m[AppiumDriver@e88d]&amp#27;[0m Responding to client with driver.getStatus() result: {"ready":true,"message":"The server is ready to accept new connections","build":{"version":"2.12.1"}}
&amp#27;[38;5;86m[HTTP]&amp#27;[0m &amp#27;[37m<-- GET /status &amp#27;[39m&amp#27;[32m200&amp#27;[39m &amp#27;[90m4 ms - 111&amp#27;[39m &amp#27;[90m&amp#27;[39m
&amp#27;[38;5;86m[HTTP]&amp#27;[0m Request idempotency key: 51dff096-51f4-40d4-ad2e-9d3e7a3af92d
&amp#27;[38;5;86m[HTTP]&amp#27;[0m &amp#27;[37m-->&amp#27;[39m &amp#27;[37mPOST&amp#27;[39m &amp#27;[37m/session&amp#27;[39m &amp#27;[90m{"capabilities":{"firstMatch":[{"appium:chromedriverUseSystemExecutable":true,"appium:deviceName":"HarshEmulator","platformName":"ANDROID","appium:automationName":"UIAutomator2","appium:app":"D:\\Android Automation Framework\\Android_Framework\\App\\General-Store.apk"}]}}&amp#27;[39m
&amp#27;[38;5;125m[AppiumDriver@e88d]&amp#27;[0m Calling AppiumDriver.createSession() with args: [null,null,{"firstMatch":[{"appium:chromedriverUseSystemExecutable":true,"appium:deviceName":"HarshEmulator","platformName":"ANDROID","appium:automationName":"UIAutomator2","appium:app":"D:\\Android Automation Framework\\Android_Framework\\App\\General-Store.apk"}]}]
&amp#27;[38;5;125m[AppiumDriver@e88d]&amp#27;[0m Event 'newSessionRequested' logged at 1732112614107 (19:53:34 GMT+0530 (India Standard Time))
&amp#27;[38;5;112m[Appium]&amp#27;[0m Attempting to find matching driver for automationName 'UIAutomator2' and platformName 'ANDROID'
&amp#27;[38;5;112m[Appium]&amp#27;[0m The 'uiautomator2' driver was installed and matched caps.
&amp#27;[38;5;112m[Appium]&amp#27;[0m Will require it at C:\Users\Harsh Vardhan Singh\.appium\node_modules\appium-uiautomator2-driver
&amp#27;[38;5;112m[Appium]&amp#27;[0m Requiring driver at C:\Users\Harsh Vardhan Singh\.appium\node_modules\appium-uiautomator2-driver\build\index.js
&amp#27;[38;5;125m[AppiumDriver@e88d]&amp#27;[0m Appium v2.12.1 creating new AndroidUiautomator2Driver (v3.8.1) session
&amp#27;[38;5;125m[AppiumDriver@e88d]&amp#27;[0m Checking BaseDriver versions for Appium and AndroidUiautomator2Driver
&amp#27;[38;5;125m[AppiumDriver@e88d]&amp#27;[0m Appium's BaseDriver version is 9.12.1
&amp#27;[38;5;125m[AppiumDriver@e88d]&amp#27;[0m AndroidUiautomator2Driver's BaseDriver version is 9.12.1
&amp#27;[38;5;-175m[AndroidUiautomator2Driver@0248]&amp#27;[0m 
&amp#27;[38;5;-175m[AndroidUiautomator2Driver@0248]&amp#27;[0m Creating session with W3C capabilities: {
  "alwaysMatch": {
    "platformName": "ANDROID",
    "appium:chromedriverUseSystemExecutable": true,
    "appium:deviceName": "HarshEmulator",
    "appium:automationName": "UIAutomator2",
    "appium:app": "D:\\Android Automation Framework\\Android_Framework\\App\\General-Store.apk"
  },
  "firstMatch": [
    {}
  ]
}
&amp#27;[38;5;96m[a205523d]&amp#27;[0m&amp#27;[38;5;-175m[AndroidUiautomator2Driver@0248]&amp#27;[0m Session created with session id: a205523d-5648-4f52-a72e-8466a00b8073
&amp#27;[38;5;96m[a205523d]&amp#27;[0m&amp#27;[38;5;229m[ADB]&amp#27;[0m Found 2 'build-tools' folders under 'C:\Users\Harsh Vardhan Singh\AppData\Local\Android\Sdk' (newest first):
&amp#27;[38;5;96m[a205523d]&amp#27;[0m&amp#27;[38;5;229m[ADB]&amp#27;[0m     C:\Users\Harsh Vardhan Singh\AppData\Local\Android\Sdk\build-tools\35.0.0
&amp#27;[38;5;96m[a205523d]&amp#27;[0m&amp#27;[38;5;229m[ADB]&amp#27;[0m     C:\Users\Harsh Vardhan Singh\AppData\Local\Android\Sdk\build-tools\34.0.0
&amp#27;[38;5;96m[a205523d]&amp#27;[0m&amp#27;[38;5;229m[ADB]&amp#27;[0m Using 'adb.exe' from 'C:\Users\Harsh Vardhan Singh\AppData\Local\Android\Sdk\platform-tools\adb.exe'
&amp#27;[38;5;96m[a205523d]&amp#27;[0m&amp#27;[38;5;229m[ADB]&amp#27;[0m Running 'C:\Users\Harsh Vardhan Singh\AppData\Local\Android\Sdk\platform-tools\adb.exe -P 5037 start-server'
&amp#27;[38;5;96m[a205523d]&amp#27;[0m&amp#27;[38;5;-175m[AndroidUiautomator2Driver@0248]&amp#27;[0m Retrieving device list
&amp#27;[38;5;96m[a205523d]&amp#27;[0m&amp#27;[38;5;229m[ADB]&amp#27;[0m Trying to find connected Android devices
&amp#27;[38;5;96m[a205523d]&amp#27;[0m&amp#27;[38;5;229m[ADB]&amp#27;[0m Getting connected devices
&amp#27;[38;5;96m[a205523d]&amp#27;[0m&amp#27;[38;5;229m[ADB]&amp#27;[0m Connected devices: [{"udid":"emulator-5554","state":"device"}]
&amp#27;[38;5;96m[a205523d]&amp#27;[0m&amp#27;[38;5;-175m[AndroidUiautomator2Driver@0248]&amp#27;[0m Using device: emulator-5554
&amp#27;[38;5;96m[a205523d]&amp#27;[0m&amp#27;[38;5;229m[ADB]&amp#27;[0m Using 'adb.exe' from 'C:\Users\Harsh Vardhan Singh\AppData\Local\Android\Sdk\platform-tools\adb.exe'
&amp#27;[38;5;96m[a205523d]&amp#27;[0m&amp#27;[38;5;229m[ADB]&amp#27;[0m Running 'C:\Users\Harsh Vardhan Singh\AppData\Local\Android\Sdk\platform-tools\adb.exe -P 5037 start-server'
&amp#27;[38;5;96m[a205523d]&amp#27;[0m&amp#27;[38;5;229m[ADB]&amp#27;[0m Setting device id to emulator-5554
&amp#27;[38;5;96m[a205523d]&amp#27;[0m&amp#27;[38;5;123m[BaseDriver]&amp#27;[0m Using local app 'D:\Android Automation Framework\Android_Framework\App\General-Store.apk'
&amp#27;[38;5;96m[a205523d]&amp#27;[0m&amp#27;[38;5;-175m[AndroidUiautomator2Driver@0248]&amp#27;[0m Checking whether app is actually present
&amp#27;[38;5;96m[a205523d]&amp#27;[0m&amp#27;[38;5;229m[ADB]&amp#27;[0m Running 'C:\Users\Harsh Vardhan Singh\AppData\Local\Android\Sdk\platform-tools\adb.exe -P 5037 -s emulator-5554 shell getprop ro.build.version.sdk'
&amp#27;[38;5;96m[a205523d]&amp#27;[0m&amp#27;[38;5;229m[ADB]&amp#27;[0m Current device property 'ro.build.version.sdk': 35
&amp#27;[38;5;96m[a205523d]&amp#27;[0m&amp#27;[38;5;229m[ADB]&amp#27;[0m Getting device platform version
&amp#27;[38;5;96m[a205523d]&amp#27;[0m&amp#27;[38;5;229m[ADB]&amp#27;[0m Running 'C:\Users\Harsh Vardhan Singh\AppData\Local\Android\Sdk\platform-tools\adb.exe -P 5037 -s emulator-5554 shell getprop ro.build.version.release'
&amp#27;[38;5;96m[a205523d]&amp#27;[0m&amp#27;[38;5;229m[ADB]&amp#27;[0m Current device property 'ro.build.version.release': 15
&amp#27;[38;5;96m[a205523d]&amp#27;[0m&amp#27;[38;5;229m[ADB]&amp#27;[0m Device API level: 35
&amp#27;[38;5;96m[a205523d]&amp#27;[0m&amp#27;[38;5;-175m[AndroidUiautomator2Driver@0248]&amp#27;[0m Relaxing hidden api policy
&amp#27;[38;5;96m[a205523d]&amp#27;[0m&amp#27;[38;5;229m[ADB]&amp#27;[0m Running 'C:\Users\Harsh Vardhan Singh\AppData\Local\Android\Sdk\platform-tools\adb.exe -P 5037 -s emulator-5554 shell 'settings put global hidden_api_policy_pre_p_apps 1;settings put global hidden_api_policy_p_apps 1;settings put global hidden_api_policy 1''
&amp#27;[38;5;96m[a205523d]&amp#27;[0m&amp#27;[38;5;-175m[AndroidUiautomator2Driver@0248]&amp#27;[0m Parsing package and activity from app manifest
&amp#27;[38;5;96m[a205523d]&amp#27;[0m&amp#27;[38;5;229m[ADB]&amp#27;[0m Running 'C:\Users\Harsh Vardhan Singh\AppData\Local\Android\Sdk\platform-tools\adb.exe -P 5037 -s emulator-5554 wait-for-device'
&amp#27;[38;5;96m[a205523d]&amp#27;[0m&amp#27;[38;5;229m[ADB]&amp#27;[0m Using 'aapt2.exe' from 'C:\Users\Harsh Vardhan Singh\AppData\Local\Android\Sdk\build-tools\35.0.0\aapt2.exe'
&amp#27;[38;5;96m[a205523d]&amp#27;[0m&amp#27;[38;5;229m[ADB]&amp#27;[0m Reading package manifest: ''C:\\Users\\Harsh Vardhan Singh\\AppData\\Local\\Android\\Sdk\\build-tools\\35.0.0\\aapt2.exe' dump badging 'D:\\Android Automation Framework\\Android_Framework\\App\\General-Store.apk''
&amp#27;[38;5;96m[a205523d]&amp#27;[0m&amp#27;[38;5;229m[ADB]&amp#27;[0m Running 'C:\Users\Harsh Vardhan Singh\AppData\Local\Android\Sdk\platform-tools\adb.exe -P 5037 -s emulator-5554 shell echo ping'
&amp#27;[38;5;96m[a205523d]&amp#27;[0m&amp#27;[38;5;229m[ADB]&amp#27;[0m Package name: 'com.androidsample.generalstore'
&amp#27;[38;5;96m[a205523d]&amp#27;[0m&amp#27;[38;5;229m[ADB]&amp#27;[0m Main activity name: 'com.androidsample.generalstore.SplashActivity'
&amp#27;[38;5;96m[a205523d]&amp#27;[0m&amp#27;[38;5;-175m[AndroidUiautomator2Driver@0248]&amp#27;[0m Parsed package and activity are: com.androidsample.generalstore/com.androidsample.generalstore.SplashActivity
&amp#27;[38;5;96m[a205523d]&amp#27;[0m&amp#27;[38;5;-175m[AndroidUiautomator2Driver@0248]&amp#27;[0m Pushing settings apk to the device...
&amp#27;[38;5;96m[a205523d]&amp#27;[0m&amp#27;[38;5;229m[ADB]&amp#27;[0m Getting package info for 'io.appium.settings'
&amp#27;[38;5;96m[a205523d]&amp#27;[0m&amp#27;[38;5;229m[ADB]&amp#27;[0m Running 'C:\Users\Harsh Vardhan Singh\AppData\Local\Android\Sdk\platform-tools\adb.exe -P 5037 -s emulator-5554 shell dumpsys package io.appium.settings'
&amp#27;[38;5;96m[a205523d]&amp#27;[0m&amp#27;[38;5;229m[ADB]&amp#27;[0m Reading package manifest: ''C:\\Users\\Harsh Vardhan Singh\\AppData\\Local\\Android\\Sdk\\build-tools\\35.0.0\\aapt2.exe' dump badging 'C:\\Users\\Harsh Vardhan Singh\\.appium\\node_modules\\appium-uiautomator2-driver\\node_modules\\io.appium.settings\\apks\\settings_apk-debug.apk''
&amp#27;[38;5;96m[a205523d]&amp#27;[0m&amp#27;[38;5;229m[ADB]&amp#27;[0m The version name of the installed 'io.appium.settings' is greater or equal to the application version name ('5.12.16' >= '5.12.16')
&amp#27;[38;5;96m[a205523d]&amp#27;[0m&amp#27;[38;5;229m[ADB]&amp#27;[0m There is no need to install/upgrade 'C:\Users\Harsh Vardhan Singh\.appium\node_modules\appium-uiautomator2-driver\node_modules\io.appium.settings\apks\settings_apk-debug.apk'
&amp#27;[38;5;96m[a205523d]&amp#27;[0m&amp#27;[38;5;229m[ADB]&amp#27;[0m Running 'C:\Users\Harsh Vardhan Singh\AppData\Local\Android\Sdk\platform-tools\adb.exe -P 5037 -s emulator-5554 shell dumpsys activity services io.appium.settings'
&amp#27;[38;5;96m[a205523d]&amp#27;[0m&amp#27;[38;5;-175m[AndroidUiautomator2Driver@0248]&amp#27;[0m io.appium.settings is already running. There is no need to reset its permissions.
&amp#27;[38;5;96m[a205523d]&amp#27;[0m&amp#27;[38;5;160m[Logcat]&amp#27;[0m Starting logs capture with command: 'C:\\Users\\Harsh Vardhan Singh\\AppData\\Local\\Android\\Sdk\\platform-tools\\adb.exe' -P 5037 -s emulator-5554 logcat -v threadtime
&amp#27;[38;5;96m[a205523d]&amp#27;[0m&amp#27;[38;5;-175m[AndroidUiautomator2Driver@0248]&amp#27;[0m Forwarding UiAutomator2 Server port 6790 to local port 8200
&amp#27;[38;5;96m[a205523d]&amp#27;[0m&amp#27;[38;5;229m[ADB]&amp#27;[0m Forwarding system: 8200 to device: 6790
&amp#27;[38;5;96m[a205523d]&amp#27;[0m&amp#27;[38;5;229m[ADB]&amp#27;[0m Running 'C:\Users\Harsh Vardhan Singh\AppData\Local\Android\Sdk\platform-tools\adb.exe -P 5037 -s emulator-5554 forward tcp:8200 tcp:6790'
&amp#27;[38;5;96m[a205523d]&amp#27;[0m&amp#27;[38;5;229m[ADB]&amp#27;[0m Getting package info for 'io.appium.uiautomator2.server'
&amp#27;[38;5;96m[a205523d]&amp#27;[0m&amp#27;[38;5;229m[ADB]&amp#27;[0m Running 'C:\Users\Harsh Vardhan Singh\AppData\Local\Android\Sdk\platform-tools\adb.exe -P 5037 -s emulator-5554 shell dumpsys package io.appium.uiautomator2.server'
&amp#27;[38;5;96m[a205523d]&amp#27;[0m&amp#27;[38;5;229m[ADB]&amp#27;[0m Getting install status for io.appium.uiautomator2.server.test
&amp#27;[38;5;96m[a205523d]&amp#27;[0m&amp#27;[38;5;229m[ADB]&amp#27;[0m Checking app cert for D:\Android Automation Framework\Android_Framework\App\General-Store.apk
&amp#27;[38;5;96m[a205523d]&amp#27;[0m&amp#27;[38;5;229m[ADB]&amp#27;[0m Running 'C:\Users\Harsh Vardhan Singh\AppData\Local\Android\Sdk\platform-tools\adb.exe -P 5037 -s emulator-5554 shell cmd package list packages'
&amp#27;[38;5;96m[a205523d]&amp#27;[0m&amp#27;[38;5;229m[ADB]&amp#27;[0m Using 'apksigner.jar' from 'C:\Users\Harsh Vardhan Singh\AppData\Local\Android\Sdk\build-tools\35.0.0\lib\apksigner.jar'
&amp#27;[38;5;96m[a205523d]&amp#27;[0m&amp#27;[38;5;229m[ADB]&amp#27;[0m Starting apksigner: 'C:\\Program Files\\Common Files\\Oracle\\Java\\javapath\\java.exe' -Xmx1024M -Xss1m -jar 'C:\\Users\\Harsh Vardhan Singh\\AppData\\Local\\Android\\Sdk\\build-tools\\35.0.0\\lib\\apksigner.jar' verify --print-certs 'D:\\Android Automation Framework\\Android_Framework\\App\\General-Store.apk'
&amp#27;[38;5;96m[a205523d]&amp#27;[0m&amp#27;[38;5;229m[ADB]&amp#27;[0m Reading package manifest: ''C:\\Users\\Harsh Vardhan Singh\\AppData\\Local\\Android\\Sdk\\build-tools\\35.0.0\\aapt2.exe' dump badging 'C:\\Users\\Harsh Vardhan Singh\\.appium\\node_modules\\appium-uiautomator2-driver\\node_modules\\appium-uiautomator2-server\\apks\\appium-uiautomator2-server-v7.1.1.apk''
&amp#27;[38;5;96m[a205523d]&amp#27;[0m&amp#27;[38;5;229m[ADB]&amp#27;[0m 'io.appium.uiautomator2.server.test' is installed
&amp#27;[38;5;96m[a205523d]&amp#27;[0m&amp#27;[38;5;229m[ADB]&amp#27;[0m The version name of the installed 'io.appium.uiautomator2.server' is greater or equal to the application version name ('7.1.1' >= '7.1.1')
&amp#27;[38;5;96m[a205523d]&amp#27;[0m&amp#27;[38;5;-175m[AndroidUiautomator2Driver@0248]&amp#27;[0m Server packages status: [{"installState":"sameVersionInstalled","appPath":"C:\\Users\\Harsh Vardhan Singh\\.appium\\node_modules\\appium-uiautomator2-driver\\node_modules\\appium-uiautomator2-server\\apks\\appium-uiautomator2-server-v7.1.1.apk","appId":"io.appium.uiautomator2.server"},{"installState":"sameVersionInstalled","appPath":"C:\\Users\\Harsh Vardhan Singh\\.appium\\node_modules\\appium-uiautomator2-driver\\node_modules\\appium-uiautomator2-server\\apks\\appium-uiautomator2-server-debug-androidTest.apk","appId":"io.appium.uiautomator2.server.test"}]
&amp#27;[38;5;96m[a205523d]&amp#27;[0m&amp#27;[38;5;-175m[AndroidUiautomator2Driver@0248]&amp#27;[0m Server packages are not going to be (re)installed
&amp#27;[38;5;96m[a205523d]&amp#27;[0m&amp#27;[38;5;-175m[AndroidUiautomator2Driver@0248]&amp#27;[0m Waiting up to 30000ms for services to be available
&amp#27;[38;5;96m[a205523d]&amp#27;[0m&amp#27;[38;5;229m[ADB]&amp#27;[0m Running 'C:\Users\Harsh Vardhan Singh\AppData\Local\Android\Sdk\platform-tools\adb.exe -P 5037 -s emulator-5554 shell pm list instrumentation'
&amp#27;[38;5;96m[a205523d]&amp#27;[0m&amp#27;[38;5;-175m[AndroidUiautomator2Driver@0248]&amp#27;[0m Instrumentation target 'io.appium.uiautomator2.server.test/androidx.test.runner.AndroidJUnitRunner' is available
&amp#27;[38;5;96m[a205523d]&amp#27;[0m&amp#27;[38;5;229m[ADB]&amp#27;[0m Adding packages ["io.appium.settings","io.appium.uiautomator2.server","io.appium.uiautomator2.server.test"] to Doze whitelist
&amp#27;[38;5;96m[a205523d]&amp#27;[0m&amp#27;[38;5;229m[ADB]&amp#27;[0m Got the following command chunks to execute: [["dumpsys","deviceidle","whitelist","+io.appium.settings",";","dumpsys","deviceidle","whitelist","+io.appium.uiautomator2.server",";","dumpsys","deviceidle","whitelist","+io.appium.uiautomator2.server.test",";"]]
&amp#27;[38;5;96m[a205523d]&amp#27;[0m&amp#27;[38;5;229m[ADB]&amp#27;[0m Running 'C:\Users\Harsh Vardhan Singh\AppData\Local\Android\Sdk\platform-tools\adb.exe -P 5037 -s emulator-5554 shell dumpsys deviceidle whitelist +io.appium.settings ; dumpsys deviceidle whitelist +io.appium.uiautomator2.server ; dumpsys deviceidle whitelist +io.appium.uiautomator2.server.test ;'
&amp#27;[38;5;96m[a205523d]&amp#27;[0m&amp#27;[38;5;229m[ADB]&amp#27;[0m apksigner stdout: Signer #1 certificate DN: EMAILADDRESS=android@android.com, CN=Android, OU=Android, O=Android, L=Mountain View, ST=California, C=US
Signer #1 certificate SHA-256 digest: a40da80a59d170caa950cf15c18c454d47a39b26989d8b640ecd745ba71bf5dc
Signer #1 certificate SHA-1 digest: 61ed377e85d386a8dfee6b864bd85b0bfaa5af81
Signer #1 certificate MD5 digest: e89b158e4bcf988ebd09eb83f5378e87

&amp#27;[38;5;96m[a205523d]&amp#27;[0m&amp#27;[38;5;229m[ADB]&amp#27;[0m sha256 hash did match for 'General-Store.apk'
&amp#27;[38;5;96m[a205523d]&amp#27;[0m&amp#27;[38;5;229m[ADB]&amp#27;[0m 'D:\Android Automation Framework\Android_Framework\App\General-Store.apk' is signed with the default certificate
&amp#27;[38;5;96m[a205523d]&amp#27;[0m&amp#27;[38;5;229m[ADB]&amp#27;[0m Getting package info for 'com.androidsample.generalstore'
&amp#27;[38;5;96m[a205523d]&amp#27;[0m&amp#27;[38;5;229m[ADB]&amp#27;[0m Running 'C:\Users\Harsh Vardhan Singh\AppData\Local\Android\Sdk\platform-tools\adb.exe -P 5037 -s emulator-5554 shell dumpsys package com.androidsample.generalstore'
&amp#27;[38;5;96m[a205523d]&amp#27;[0m&amp#27;[38;5;229m[ADB]&amp#27;[0m Reading package manifest: ''C:\\Users\\Harsh Vardhan Singh\\AppData\\Local\\Android\\Sdk\\build-tools\\35.0.0\\aapt2.exe' dump badging 'D:\\Android Automation Framework\\Android_Framework\\App\\General-Store.apk''
&amp#27;[38;5;96m[a205523d]&amp#27;[0m&amp#27;[38;5;229m[ADB]&amp#27;[0m The version name of the installed 'com.androidsample.generalstore' is greater or equal to the application version name ('1.0.0' >= '1.0.0')
&amp#27;[38;5;96m[a205523d]&amp#27;[0m&amp#27;[38;5;229m[ADB]&amp#27;[0m There is no need to install/upgrade 'D:\Android Automation Framework\Android_Framework\App\General-Store.apk'
&amp#27;[38;5;96m[a205523d]&amp#27;[0m&amp#27;[38;5;-175m[AndroidUiautomator2Driver@0248]&amp#27;[0m Performing fast reset on 'com.androidsample.generalstore'
&amp#27;[38;5;96m[a205523d]&amp#27;[0m&amp#27;[38;5;229m[ADB]&amp#27;[0m Getting install status for com.androidsample.generalstore
&amp#27;[38;5;96m[a205523d]&amp#27;[0m&amp#27;[38;5;229m[ADB]&amp#27;[0m Running 'C:\Users\Harsh Vardhan Singh\AppData\Local\Android\Sdk\platform-tools\adb.exe -P 5037 -s emulator-5554 shell cmd package list packages'
&amp#27;[38;5;96m[a205523d]&amp#27;[0m&amp#27;[38;5;229m[ADB]&amp#27;[0m 'com.androidsample.generalstore' is installed
&amp#27;[38;5;96m[a205523d]&amp#27;[0m&amp#27;[38;5;229m[ADB]&amp#27;[0m Running 'C:\Users\Harsh Vardhan Singh\AppData\Local\Android\Sdk\platform-tools\adb.exe -P 5037 -s emulator-5554 shell am force-stop com.androidsample.generalstore'
&amp#27;[38;5;96m[a205523d]&amp#27;[0m&amp#27;[38;5;229m[ADB]&amp#27;[0m Running 'C:\Users\Harsh Vardhan Singh\AppData\Local\Android\Sdk\platform-tools\adb.exe -P 5037 -s emulator-5554 shell pm clear com.androidsample.generalstore'
&amp#27;[38;5;96m[a205523d]&amp#27;[0m&amp#27;[38;5;-175m[AndroidUiautomator2Driver@0248]&amp#27;[0m Performed fast reset on the installed 'com.androidsample.generalstore' application (stop and clear)
&amp#27;[38;5;96m[a205523d]&amp#27;[0m&amp#27;[38;5;-175m[AndroidUiautomator2Driver@0248]&amp#27;[0m Performing shallow cleanup of automation leftovers
&amp#27;[38;5;96m[a205523d]&amp#27;[0m&amp#27;[38;5;-175m[AndroidUiautomator2Driver@0248]&amp#27;[0m No obsolete sessions have been detected (socket hang up)
&amp#27;[38;5;96m[a205523d]&amp#27;[0m&amp#27;[38;5;229m[ADB]&amp#27;[0m Running 'C:\Users\Harsh Vardhan Singh\AppData\Local\Android\Sdk\platform-tools\adb.exe -P 5037 -s emulator-5554 shell am force-stop io.appium.uiautomator2.server'
&amp#27;[38;5;96m[a205523d]&amp#27;[0m&amp#27;[38;5;229m[ADB]&amp#27;[0m Running 'C:\Users\Harsh Vardhan Singh\AppData\Local\Android\Sdk\platform-tools\adb.exe -P 5037 -s emulator-5554 shell am force-stop io.appium.uiautomator2.server.test'
&amp#27;[38;5;96m[a205523d]&amp#27;[0m&amp#27;[38;5;-175m[AndroidUiautomator2Driver@0248]&amp#27;[0m Starting UIAutomator2 server 7.1.1
&amp#27;[38;5;96m[a205523d]&amp#27;[0m&amp#27;[38;5;-175m[AndroidUiautomator2Driver@0248]&amp#27;[0m Using UIAutomator2 server from 'C:\Users\Harsh Vardhan Singh\.appium\node_modules\appium-uiautomator2-driver\node_modules\appium-uiautomator2-server\apks\appium-uiautomator2-server-v7.1.1.apk' and test from 'C:\Users\Harsh Vardhan Singh\.appium\node_modules\appium-uiautomator2-driver\node_modules\appium-uiautomator2-server\apks\appium-uiautomator2-server-debug-androidTest.apk'
&amp#27;[38;5;96m[a205523d]&amp#27;[0m&amp#27;[38;5;-175m[AndroidUiautomator2Driver@0248]&amp#27;[0m Waiting up to 30000ms for UiAutomator2 to be online...
&amp#27;[38;5;96m[a205523d]&amp#27;[0m&amp#27;[38;5;229m[ADB]&amp#27;[0m Creating ADB subprocess with args: ["-P","5037","-s","emulator-5554","shell","am","instrument","-w","-e","disableAnalytics","true","io.appium.uiautomator2.server.test/androidx.test.runner.AndroidJUnitRunner"]
&amp#27;[38;5;96m[a205523d]&amp#27;[0m&amp#27;[38;5;-175m[AndroidUiautomator2Driver@0248]&amp#27;[0m Matched '/status' to command name 'getStatus'
&amp#27;[38;5;96m[a205523d]&amp#27;[0m&amp#27;[38;5;-175m[AndroidUiautomator2Driver@0248]&amp#27;[0m Proxying [GET /status] to [GET http://127.0.0.1:8200/status] with no body
&amp#27;[38;5;96m[a205523d]&amp#27;[0m&amp#27;[38;5;-175m[AndroidUiautomator2Driver@0248]&amp#27;[0m socket hang up
&amp#27;[38;5;96m[a205523d]&amp#27;[0m&amp#27;[38;5;-175m[AndroidUiautomator2Driver@0248]&amp#27;[0m [Instrumentation] 
&amp#27;[38;5;96m[a205523d]&amp#27;[0m&amp#27;[38;5;-175m[AndroidUiautomator2Driver@0248]&amp#27;[0m Matched '/status' to command name 'getStatus'
&amp#27;[38;5;96m[a205523d]&amp#27;[0m&amp#27;[38;5;-175m[AndroidUiautomator2Driver@0248]&amp#27;[0m Proxying [GET /status] to [GET http://127.0.0.1:8200/status] with no body
&amp#27;[38;5;96m[a205523d]&amp#27;[0m&amp#27;[38;5;-175m[AndroidUiautomator2Driver@0248]&amp#27;[0m socket hang up
&amp#27;[38;5;96m[a205523d]&amp#27;[0m&amp#27;[38;5;-175m[AndroidUiautomator2Driver@0248]&amp#27;[0m Matched '/status' to command name 'getStatus'
&amp#27;[38;5;96m[a205523d]&amp#27;[0m&amp#27;[38;5;-175m[AndroidUiautomator2Driver@0248]&amp#27;[0m Proxying [GET /status] to [GET http://127.0.0.1:8200/status] with no body
&amp#27;[38;5;96m[a205523d]&amp#27;[0m&amp#27;[38;5;-175m[AndroidUiautomator2Driver@0248]&amp#27;[0m Got response with status 200: {"sessionId":"None","value":{"message":"UiAutomator2 Server is ready to accept commands","ready":true}}
&amp#27;[38;5;96m[a205523d]&amp#27;[0m&amp#27;[38;5;-175m[AndroidUiautomator2Driver@0248]&amp#27;[0m The initialization of the instrumentation process took 2160ms
&amp#27;[38;5;96m[a205523d]&amp#27;[0m&amp#27;[38;5;-175m[AndroidUiautomator2Driver@0248]&amp#27;[0m Matched '/session' to command name 'createSession'
&amp#27;[38;5;96m[a205523d]&amp#27;[0m&amp#27;[38;5;-175m[AndroidUiautomator2Driver@0248]&amp#27;[0m Proxying [POST /session] to [POST http://127.0.0.1:8200/session] with body: {"capabilities":{"firstMatch":[{"platformName":"ANDROID","chromedriverUseSystemExecutable":true,"deviceName":"emulator-5554","automationName":"UIAutomator2","app":"D:\\Android Automation Framework\\Android_Framework\\App\\General-Store.apk","platform":"LINUX","webStorageEnabled":false,"takesScreenshot":true,"javascriptEnabled":true,"databaseEnabled":false,"networkConnectionEnabled":true,"locationContextEnabled":false,"warnings":{},"desired":{"platformName":"ANDROID","chromedriverUseSystemExecutable":true,"deviceName":"HarshEmulator","automationName":"UIAutomator2","app":"D:\\Android Automation Framework\\Android_Framework\\App\\General-Store.apk"},"deviceUDID":"emulator-5554","appPackage":"com.androidsample.generalstore"}],"alwaysMatch":{}}}
&amp#27;[38;5;96m[a205523d]&amp#27;[0m&amp#27;[38;5;-175m[AndroidUiautomator2Driver@0248]&amp#27;[0m Got response with status 200: {"sessionId":"44c0d72c-305d-4d4e-836e-fe0985ba77ce","value":{"capabilities":{"firstMatch":[{"platformName":"ANDROID","chromedriverUseSystemExecutable":true,"deviceName":"emulator-5554","automationName":"UIAutomator2","app":"D:\\Android Automation Framework\\Android_Framework\\App\\General-Store.apk","platform":"LINUX","webStorageEnabled":false,"takesScreenshot":true,"javascriptEnabled":true,"databaseEnabled":false,"networkConnectionEnabled":true,"locationContextEnabled":false,"warnings":{},"desired":{"platformName":"ANDROID","chromedriverUseSystemExecutable":true,"deviceName":"HarshEmulator","automationName":"UIAutomator2","app":"D:\\Android Automation Framework\\Android_Framework\\App\\General-Store.apk"},"deviceUDID":"emulator-5554","appPackage":"com.androidsample.generalstore"}],"alwaysMatch":{}},"sessionId":"44c0d72c-305d-4d4e-836e-fe0985ba77ce"}}
&amp#27;[38;5;96m[a205523d]&amp#27;[0m&amp#27;[38;5;-175m[AndroidUiautomator2Driver@0248]&amp#27;[0m Determined the downstream protocol as 'W3C'
&amp#27;[38;5;96m[a205523d]&amp#27;[0m&amp#27;[38;5;-175m[AndroidUiautomator2Driver@0248]&amp#27;[0m Proxying [GET /appium/device/pixel_ratio] to [GET http://127.0.0.1:8200/session/44c0d72c-305d-4d4e-836e-fe0985ba77ce/appium/device/pixel_ratio] with no body
&amp#27;[38;5;96m[a205523d]&amp#27;[0m&amp#27;[38;5;-175m[AndroidUiautomator2Driver@0248]&amp#27;[0m Matched '/appium/device/system_bars' to command name 'getSystemBars'
&amp#27;[38;5;96m[a205523d]&amp#27;[0m&amp#27;[38;5;-175m[AndroidUiautomator2Driver@0248]&amp#27;[0m Proxying [GET /appium/device/system_bars] to [GET http://127.0.0.1:8200/session/44c0d72c-305d-4d4e-836e-fe0985ba77ce/appium/device/system_bars] with no body
&amp#27;[38;5;96m[a205523d]&amp#27;[0m&amp#27;[38;5;-175m[AndroidUiautomator2Driver@0248]&amp#27;[0m Matched '/window/current/size' to command name 'getWindowSize'
&amp#27;[38;5;96m[a205523d]&amp#27;[0m&amp#27;[38;5;-175m[AndroidUiautomator2Driver@0248]&amp#27;[0m Proxying [GET /window/current/size] to [GET http://127.0.0.1:8200/session/44c0d72c-305d-4d4e-836e-fe0985ba77ce/window/current/size] with no body
&amp#27;[38;5;96m[a205523d]&amp#27;[0m&amp#27;[38;5;-175m[AndroidUiautomator2Driver@0248]&amp#27;[0m Proxying [GET /appium/device/info] to [GET http://127.0.0.1:8200/session/44c0d72c-305d-4d4e-836e-fe0985ba77ce/appium/device/info] with no body
&amp#27;[38;5;96m[a205523d]&amp#27;[0m&amp#27;[38;5;229m[ADB]&amp#27;[0m Running 'C:\Users\Harsh Vardhan Singh\AppData\Local\Android\Sdk\platform-tools\adb.exe -P 5037 -s emulator-5554 shell dumpsys window'
&amp#27;[38;5;96m[a205523d]&amp#27;[0m&amp#27;[38;5;229m[ADB]&amp#27;[0m Running 'C:\Users\Harsh Vardhan Singh\AppData\Local\Android\Sdk\platform-tools\adb.exe -P 5037 -s emulator-5554 shell dumpsys power'
&amp#27;[38;5;96m[a205523d]&amp#27;[0m&amp#27;[38;5;-175m[AndroidUiautomator2Driver@0248]&amp#27;[0m Got response with status 200: {"sessionId":"44c0d72c-305d-4d4e-836e-fe0985ba77ce","value":2.75}
&amp#27;[38;5;96m[a205523d]&amp#27;[0m&amp#27;[38;5;-175m[AndroidUiautomator2Driver@0248]&amp#27;[0m Got response with status 200: {"sessionId":"44c0d72c-305d-4d4e-836e-fe0985ba77ce","value":{"height":2280,"width":1080}}
&amp#27;[38;5;96m[a205523d]&amp#27;[0m&amp#27;[38;5;-175m[AndroidUiautomator2Driver@0248]&amp#27;[0m Got response with status 200: {"sessionId":"44c0d72c-305d-4d4e-836e-fe0985ba77ce","value":{"statusBar":83}}
&amp#27;[38;5;96m[a205523d]&amp#27;[0m&amp#27;[38;5;-175m[AndroidUiautomator2Driver@0248]&amp#27;[0m Screen already unlocked, doing nothing
&amp#27;[38;5;96m[a205523d]&amp#27;[0m&amp#27;[38;5;-175m[AndroidUiautomator2Driver@0248]&amp#27;[0m Starting 'com.androidsample.generalstore/com.androidsample.generalstore.SplashActivity and waiting for 'com.androidsample.generalstore/com.androidsample.generalstore.SplashActivity'
&amp#27;[38;5;96m[a205523d]&amp#27;[0m&amp#27;[38;5;229m[ADB]&amp#27;[0m Running 'C:\Users\Harsh Vardhan Singh\AppData\Local\Android\Sdk\platform-tools\adb.exe -P 5037 -s emulator-5554 shell am start -W -n com.androidsample.generalstore/com.androidsample.generalstore.SplashActivity -S -a android.intent.action.MAIN -c android.intent.category.LAUNCHER -f 0x10200000'
&amp#27;[38;5;96m[a205523d]&amp#27;[0m&amp#27;[38;5;-175m[AndroidUiautomator2Driver@0248]&amp#27;[0m Got response with status 200: {"sessionId":"44c0d72c-305d-4d4e-836e-fe0985ba77ce","value":{"androidId":"1ff6e7570d05646c","apiVersion":"35","bluetooth":{"state":"ON"},"brand":"google","carrierName":"T-Mobile","displayDensity":440,"locale":"en_US","manufacturer":"Google","model":"sdk_gphone64_x86_64","networks":[{"capabilities":{"SSID":null,"linkDownBandwidthKbps":4300,"linkUpstreamBandwidthKbps":1800,"networkCapabilities":"NET_CAPABILITY_MMS,NET_CAPABILITY_SUPL,NET_CAPABILITY_IA,NET_CAPABILITY_XCAP,NET_CAPABILITY_INTERNET,NET_CAPABILITY_NOT_RESTRICTED,NET_CAPABILITY_TRUSTED,NET_CAPABILITY_NOT_VPN,NET_CAPABILITY_VALIDATED,NET_CAPABILITY_NOT_ROAMING,NET_CAPABILITY_NOT_CONGESTED,NET_CAPABILITY_NOT_SUSPENDED","signalStrength":-2147483648,"transportTypes":"TRANSPORT_CELLULAR"},"detailedState":"CONNECTED","extraInfo":"fast.t-mobile.com","isAvailable":true,"isConnected":true,"isFailover":false,"isRoaming":false,"state":"CONNECTED","subtype":10,"subtypeName":"HSPA","type":0,"typeName":"MOBILE"},{"capabilities":{"SSID":null,"linkDownBandwidthKb...
&amp#27;[38;5;96m[a205523d]&amp#27;[0m&amp#27;[38;5;229m[ADB]&amp#27;[0m Waiting up to 20000ms for activity matching pkg: 'com.androidsample.generalstore' and activity: 'com.androidsample.generalstore.SplashActivity' to be focused
&amp#27;[38;5;96m[a205523d]&amp#27;[0m&amp#27;[38;5;229m[ADB]&amp#27;[0m Possible activities, to be checked: 'com.androidsample.generalstore.SplashActivity', 'com.androidsample.generalstore.com.androidsample.generalstore.SplashActivity'
&amp#27;[38;5;96m[a205523d]&amp#27;[0m&amp#27;[38;5;229m[ADB]&amp#27;[0m Getting focused package and activity
&amp#27;[38;5;96m[a205523d]&amp#27;[0m&amp#27;[38;5;229m[ADB]&amp#27;[0m Running 'C:\Users\Harsh Vardhan Singh\AppData\Local\Android\Sdk\platform-tools\adb.exe -P 5037 -s emulator-5554 shell dumpsys window displays'
&amp#27;[38;5;96m[a205523d]&amp#27;[0m&amp#27;[38;5;229m[ADB]&amp#27;[0m Found package: 'com.androidsample.generalstore' and fully qualified activity name : 'com.androidsample.generalstore.SplashActivity'
&amp#27;[38;5;96m[a205523d]&amp#27;[0m&amp#27;[38;5;125m[AppiumDriver@e88d]&amp#27;[0m New AndroidUiautomator2Driver session created successfully, session a205523d-5648-4f52-a72e-8466a00b8073 added to master session list
&amp#27;[38;5;96m[a205523d]&amp#27;[0m&amp#27;[38;5;125m[AppiumDriver@e88d]&amp#27;[0m Event 'newSessionStarted' logged at 1732112618428 (19:53:38 GMT+0530 (India Standard Time))
&amp#27;[38;5;96m[a205523d]&amp#27;[0m&amp#27;[38;5;-175m[AndroidUiautomator2Driver@0248]&amp#27;[0m Cached the protocol value 'W3C' for the new session a205523d-5648-4f52-a72e-8466a00b8073
&amp#27;[38;5;96m[a205523d]&amp#27;[0m&amp#27;[38;5;-175m[AndroidUiautomator2Driver@0248]&amp#27;[0m Responding to client with driver.createSession() result: {"capabilities":{"platformName":"ANDROID","chromedriverUseSystemExecutable":true,"deviceName":"emulator-5554","automationName":"UIAutomator2","app":"D:\\Android Automation Framework\\Android_Framework\\App\\General-Store.apk","platform":"LINUX","webStorageEnabled":false,"takesScreenshot":true,"javascriptEnabled":true,"databaseEnabled":false,"networkConnectionEnabled":true,"locationContextEnabled":false,"warnings":{},"desired":{"platformName":"ANDROID","chromedriverUseSystemExecutable":true,"deviceName":"HarshEmulator","automationName":"UIAutomator2","app":"D:\\Android Automation Framework\\Android_Framework\\App\\General-Store.apk"},"deviceUDID":"emulator-5554","appPackage":"com.androidsample.generalstore","pixelRatio":"2.75","statBarHeight":83,"viewportRect":{"left":0,"top":83,"width":1080,"height":2197},"deviceApiLevel":35,"platformVersion":"15","deviceManufacturer":"Google","deviceModel":"sdk_gphone64_x86_64","deviceScreenSize":"1080x2280","deviceScreenDensity":440}}
&amp#27;[38;5;96m[a205523d]&amp#27;[0m&amp#27;[38;5;86m[HTTP]&amp#27;[0m &amp#27;[37m<-- POST /session &amp#27;[39m&amp#27;[32m200&amp#27;[39m &amp#27;[90m4322 ms - 1045&amp#27;[39m &amp#27;[90m&amp#27;[39m
&amp#27;[38;5;96m[a205523d]&amp#27;[0m&amp#27;[38;5;86m[HTTP]&amp#27;[0m &amp#27;[37m-->&amp#27;[39m &amp#27;[37mPOST&amp#27;[39m &amp#27;[37m/session/a205523d-5648-4f52-a72e-8466a00b8073/timeouts&amp#27;[39m &amp#27;[90m{"implicit":20000}&amp#27;[39m
&amp#27;[38;5;96m[a205523d]&amp#27;[0m&amp#27;[38;5;-175m[AndroidUiautomator2Driver@0248]&amp#27;[0m Calling AppiumDriver.timeouts() with args: [null,null,null,null,20000,"a205523d-5648-4f52-a72e-8466a00b8073"]
&amp#27;[38;5;96m[a205523d]&amp#27;[0m&amp#27;[38;5;-175m[AndroidUiautomator2Driver@0248]&amp#27;[0m W3C timeout argument: {"implicit":20000}}
&amp#27;[38;5;96m[a205523d]&amp#27;[0m&amp#27;[38;5;-175m[AndroidUiautomator2Driver@0248]&amp#27;[0m Set implicit wait to 20000ms
&amp#27;[38;5;96m[a205523d]&amp#27;[0m&amp#27;[38;5;-175m[AndroidUiautomator2Driver@0248]&amp#27;[0m Responding to client with driver.timeouts() result: null
&amp#27;[38;5;96m[a205523d]&amp#27;[0m&amp#27;[38;5;86m[HTTP]&amp#27;[0m &amp#27;[37m<-- POST /session/a205523d-5648-4f52-a72e-8466a00b8073/timeouts &amp#27;[39m&amp#27;[32m200&amp#27;[39m &amp#27;[90m2 ms - 14&amp#27;[39m &amp#27;[90m&amp#27;[39m
&amp#27;[38;5;96m[a205523d]&amp#27;[0m&amp#27;[38;5;86m[HTTP]&amp#27;[0m &amp#27;[37m-->&amp#27;[39m &amp#27;[37mGET&amp#27;[39m &amp#27;[37m/session/a205523d-5648-4f52-a72e-8466a00b8073/context&amp#27;[39m &amp#27;[90m{}&amp#27;[39m
&amp#27;[38;5;96m[a205523d]&amp#27;[0m&amp#27;[38;5;-175m[AndroidUiautomator2Driver@0248]&amp#27;[0m Calling AppiumDriver.getCurrentContext() with args: ["a205523d-5648-4f52-a72e-8466a00b8073"]
&amp#27;[38;5;96m[a205523d]&amp#27;[0m&amp#27;[38;5;-175m[AndroidUiautomator2Driver@0248]&amp#27;[0m Responding to client with driver.getCurrentContext() result: "NATIVE_APP"
&amp#27;[38;5;96m[a205523d]&amp#27;[0m&amp#27;[38;5;86m[HTTP]&amp#27;[0m &amp#27;[37m<-- GET /session/a205523d-5648-4f52-a72e-8466a00b8073/context &amp#27;[39m&amp#27;[32m200&amp#27;[39m &amp#27;[90m3 ms - 22&amp#27;[39m &amp#27;[90m&amp#27;[39m
&amp#27;[38;5;96m[a205523d]&amp#27;[0m&amp#27;[38;5;86m[HTTP]&amp#27;[0m &amp#27;[37m-->&amp#27;[39m &amp#27;[37mPOST&amp#27;[39m &amp#27;[37m/session/a205523d-5648-4f52-a72e-8466a00b8073/element&amp#27;[39m &amp#27;[90m{"value":"com.androidsample.generalstore:id/nameField","using":"id"}&amp#27;[39m
&amp#27;[38;5;96m[a205523d]&amp#27;[0m&amp#27;[38;5;-175m[AndroidUiautomator2Driver@0248]&amp#27;[0m Calling AppiumDriver.findElement() with args: ["id","com.androidsample.generalstore:id/nameField","a205523d-5648-4f52-a72e-8466a00b8073"]
&amp#27;[38;5;96m[a205523d]&amp#27;[0m&amp#27;[38;5;-175m[AndroidUiautomator2Driver@0248]&amp#27;[0m Valid locator strategies for this request: xpath, id, class name, accessibility id, css selector, -android uiautomator
&amp#27;[38;5;96m[a205523d]&amp#27;[0m&amp#27;[38;5;-175m[AndroidUiautomator2Driver@0248]&amp#27;[0m Waiting up to 20000 ms for condition
&amp#27;[38;5;96m[a205523d]&amp#27;[0m&amp#27;[38;5;-175m[AndroidUiautomator2Driver@0248]&amp#27;[0m Matched '/element' to command name 'findElement'
&amp#27;[38;5;96m[a205523d]&amp#27;[0m&amp#27;[38;5;-175m[AndroidUiautomator2Driver@0248]&amp#27;[0m Proxying [POST /element] to [POST http://127.0.0.1:8200/session/44c0d72c-305d-4d4e-836e-fe0985ba77ce/element] with body: {"strategy":"id","selector":"com.androidsample.generalstore:id/nameField","context":"","multiple":false}
&amp#27;[38;5;96m[a205523d]&amp#27;[0m&amp#27;[38;5;-175m[AndroidUiautomator2Driver@0248]&amp#27;[0m Got response with status 404: {"sessionId":"44c0d72c-305d-4d4e-836e-fe0985ba77ce","value":{"error":"no such element","message":"An element could not be located on the page using the given search parameters","stacktrace":"io.appium.uiautomator2.common.exceptions.ElementNotFoundException: An element could not be located on the page using the given search parameters\n\tat io.appium.uiautomator2.handler.FindElement.safeHandle(FindElement.java:63)\n\tat io.appium.uiautomator2.handler.request.SafeRequestHandler.handle(SafeRequestHandler.java:59)\n\tat io.appium.uiautomator2.server.AppiumServlet.handleRequest(AppiumServlet.java:259)\n\tat io.appium.uiautomator2.server.AppiumServlet.handleHttpRequest(AppiumServlet.java:253)\n\tat io.appium.uiautomator2.http.ServerHandler.channelRead(ServerHandler.java:77)\n\tat io.netty.channel.AbstractChannelHandlerContext.invokeChannelRead(AbstractChannelHandlerContext.java:366)\n\tat io.netty.channel.AbstractChannelHandlerContext.invokeChannelRead(AbstractChannelHandlerContext.java:352)\n\tat io.netty.chann...
&amp#27;[38;5;96m[a205523d]&amp#27;[0m&amp#27;[38;5;123m[W3C]&amp#27;[0m Matched W3C error code 'no such element' to NoSuchElementError
&amp#27;[38;5;96m[a205523d]&amp#27;[0m&amp#27;[38;5;-175m[AndroidUiautomator2Driver@0248]&amp#27;[0m Waited for 554 ms so far
&amp#27;[38;5;96m[a205523d]&amp#27;[0m&amp#27;[38;5;-175m[AndroidUiautomator2Driver@0248]&amp#27;[0m Matched '/element' to command name 'findElement'
&amp#27;[38;5;96m[a205523d]&amp#27;[0m&amp#27;[38;5;-175m[AndroidUiautomator2Driver@0248]&amp#27;[0m Proxying [POST /element] to [POST http://127.0.0.1:8200/session/44c0d72c-305d-4d4e-836e-fe0985ba77ce/element] with body: {"strategy":"id","selector":"com.androidsample.generalstore:id/nameField","context":"","multiple":false}
&amp#27;[38;5;96m[a205523d]&amp#27;[0m&amp#27;[38;5;-175m[AndroidUiautomator2Driver@0248]&amp#27;[0m Got response with status 404: {"sessionId":"44c0d72c-305d-4d4e-836e-fe0985ba77ce","value":{"error":"no such element","message":"An element could not be located on the page using the given search parameters","stacktrace":"io.appium.uiautomator2.common.exceptions.ElementNotFoundException: An element could not be located on the page using the given search parameters\n\tat io.appium.uiautomator2.handler.FindElement.safeHandle(FindElement.java:63)\n\tat io.appium.uiautomator2.handler.request.SafeRequestHandler.handle(SafeRequestHandler.java:59)\n\tat io.appium.uiautomator2.server.AppiumServlet.handleRequest(AppiumServlet.java:259)\n\tat io.appium.uiautomator2.server.AppiumServlet.handleHttpRequest(AppiumServlet.java:253)\n\tat io.appium.uiautomator2.http.ServerHandler.channelRead(ServerHandler.java:77)\n\tat io.netty.channel.AbstractChannelHandlerContext.invokeChannelRead(AbstractChannelHandlerContext.java:366)\n\tat io.netty.channel.AbstractChannelHandlerContext.invokeChannelRead(AbstractChannelHandlerContext.java:352)\n\tat io.netty.chann...
&amp#27;[38;5;96m[a205523d]&amp#27;[0m&amp#27;[38;5;123m[W3C]&amp#27;[0m Matched W3C error code 'no such element' to NoSuchElementError
&amp#27;[38;5;96m[a205523d]&amp#27;[0m&amp#27;[38;5;-175m[AndroidUiautomator2Driver@0248]&amp#27;[0m Waited for 1084 ms so far
&amp#27;[38;5;96m[a205523d]&amp#27;[0m&amp#27;[38;5;-175m[AndroidUiautomator2Driver@0248]&amp#27;[0m Matched '/element' to command name 'findElement'
&amp#27;[38;5;96m[a205523d]&amp#27;[0m&amp#27;[38;5;-175m[AndroidUiautomator2Driver@0248]&amp#27;[0m Proxying [POST /element] to [POST http://127.0.0.1:8200/session/44c0d72c-305d-4d4e-836e-fe0985ba77ce/element] with body: {"strategy":"id","selector":"com.androidsample.generalstore:id/nameField","context":"","multiple":false}
&amp#27;[38;5;96m[a205523d]&amp#27;[0m&amp#27;[38;5;-175m[AndroidUiautomator2Driver@0248]&amp#27;[0m Got response with status 404: {"sessionId":"44c0d72c-305d-4d4e-836e-fe0985ba77ce","value":{"error":"no such element","message":"An element could not be located on the page using the given search parameters","stacktrace":"io.appium.uiautomator2.common.exceptions.ElementNotFoundException: An element could not be located on the page using the given search parameters\n\tat io.appium.uiautomator2.handler.FindElement.safeHandle(FindElement.java:63)\n\tat io.appium.uiautomator2.handler.request.SafeRequestHandler.handle(SafeRequestHandler.java:59)\n\tat io.appium.uiautomator2.server.AppiumServlet.handleRequest(AppiumServlet.java:259)\n\tat io.appium.uiautomator2.server.AppiumServlet.handleHttpRequest(AppiumServlet.java:253)\n\tat io.appium.uiautomator2.http.ServerHandler.channelRead(ServerHandler.java:77)\n\tat io.netty.channel.AbstractChannelHandlerContext.invokeChannelRead(AbstractChannelHandlerContext.java:366)\n\tat io.netty.channel.AbstractChannelHandlerContext.invokeChannelRead(AbstractChannelHandlerContext.java:352)\n\tat io.netty.chann...
&amp#27;[38;5;96m[a205523d]&amp#27;[0m&amp#27;[38;5;123m[W3C]&amp#27;[0m Matched W3C error code 'no such element' to NoSuchElementError
&amp#27;[38;5;96m[a205523d]&amp#27;[0m&amp#27;[38;5;-175m[AndroidUiautomator2Driver@0248]&amp#27;[0m Waited for 1610 ms so far
&amp#27;[38;5;96m[a205523d]&amp#27;[0m&amp#27;[38;5;-175m[AndroidUiautomator2Driver@0248]&amp#27;[0m Matched '/element' to command name 'findElement'
&amp#27;[38;5;96m[a205523d]&amp#27;[0m&amp#27;[38;5;-175m[AndroidUiautomator2Driver@0248]&amp#27;[0m Proxying [POST /element] to [POST http://127.0.0.1:8200/session/44c0d72c-305d-4d4e-836e-fe0985ba77ce/element] with body: {"strategy":"id","selector":"com.androidsample.generalstore:id/nameField","context":"","multiple":false}
&amp#27;[38;5;96m[a205523d]&amp#27;[0m&amp#27;[38;5;-175m[AndroidUiautomator2Driver@0248]&amp#27;[0m Got response with status 404: {"sessionId":"44c0d72c-305d-4d4e-836e-fe0985ba77ce","value":{"error":"no such element","message":"An element could not be located on the page using the given search parameters","stacktrace":"io.appium.uiautomator2.common.exceptions.ElementNotFoundException: An element could not be located on the page using the given search parameters\n\tat io.appium.uiautomator2.handler.FindElement.safeHandle(FindElement.java:63)\n\tat io.appium.uiautomator2.handler.request.SafeRequestHandler.handle(SafeRequestHandler.java:59)\n\tat io.appium.uiautomator2.server.AppiumServlet.handleRequest(AppiumServlet.java:259)\n\tat io.appium.uiautomator2.server.AppiumServlet.handleHttpRequest(AppiumServlet.java:253)\n\tat io.appium.uiautomator2.http.ServerHandler.channelRead(ServerHandler.java:77)\n\tat io.netty.channel.AbstractChannelHandlerContext.invokeChannelRead(AbstractChannelHandlerContext.java:366)\n\tat io.netty.channel.AbstractChannelHandlerContext.invokeChannelRead(AbstractChannelHandlerContext.java:352)\n\tat io.netty.chann...
&amp#27;[38;5;96m[a205523d]&amp#27;[0m&amp#27;[38;5;123m[W3C]&amp#27;[0m Matched W3C error code 'no such element' to NoSuchElementError
&amp#27;[38;5;96m[a205523d]&amp#27;[0m&amp#27;[38;5;-175m[AndroidUiautomator2Driver@0248]&amp#27;[0m Waited for 2140 ms so far
&amp#27;[38;5;96m[a205523d]&amp#27;[0m&amp#27;[38;5;-175m[AndroidUiautomator2Driver@0248]&amp#27;[0m Matched '/element' to command name 'findElement'
&amp#27;[38;5;96m[a205523d]&amp#27;[0m&amp#27;[38;5;-175m[AndroidUiautomator2Driver@0248]&amp#27;[0m Proxying [POST /element] to [POST http://127.0.0.1:8200/session/44c0d72c-305d-4d4e-836e-fe0985ba77ce/element] with body: {"strategy":"id","selector":"com.androidsample.generalstore:id/nameField","context":"","multiple":false}
&amp#27;[38;5;96m[a205523d]&amp#27;[0m&amp#27;[38;5;-175m[AndroidUiautomator2Driver@0248]&amp#27;[0m Got response with status 200: {"sessionId":"44c0d72c-305d-4d4e-836e-fe0985ba77ce","value":{"ELEMENT":"00000000-0000-04f0-ffff-ffff0000001c","element-6066-11e4-a52e-4f735466cecf":"00000000-0000-04f0-ffff-ffff0000001c"}}
&amp#27;[38;5;96m[a205523d]&amp#27;[0m&amp#27;[38;5;-175m[AndroidUiautomator2Driver@0248]&amp#27;[0m Responding to client with driver.findElement() result: {"element-6066-11e4-a52e-4f735466cecf":"00000000-0000-04f0-ffff-ffff0000001c","ELEMENT":"00000000-0000-04f0-ffff-ffff0000001c"}
&amp#27;[38;5;96m[a205523d]&amp#27;[0m&amp#27;[38;5;86m[HTTP]&amp#27;[0m &amp#27;[37m<-- POST /session/a205523d-5648-4f52-a72e-8466a00b8073/element &amp#27;[39m&amp#27;[32m200&amp#27;[39m &amp#27;[90m4068 ms - 137&amp#27;[39m &amp#27;[90m&amp#27;[39m
&amp#27;[38;5;96m[a205523d]&amp#27;[0m&amp#27;[38;5;86m[HTTP]&amp#27;[0m &amp#27;[37m-->&amp#27;[39m &amp#27;[37mPOST&amp#27;[39m &amp#27;[37m/session/a205523d-5648-4f52-a72e-8466a00b8073/element/00000000-0000-04f0-ffff-ffff0000001c/value&amp#27;[39m &amp#27;[90m{"text":"George","value":["G","e","o","r","g","e"],"id":"00000000-0000-04f0-ffff-ffff0000001c"}&amp#27;[39m
&amp#27;[38;5;96m[a205523d]&amp#27;[0m&amp#27;[38;5;-175m[AndroidUiautomator2Driver@0248]&amp#27;[0m Calling AppiumDriver.setValue() with args: [["G","e","o","r","g","e"],"00000000-0000-04f0-ffff-ffff0000001c","a205523d-5648-4f52-a72e-8466a00b8073"]
&amp#27;[38;5;96m[a205523d]&amp#27;[0m&amp#27;[38;5;-175m[AndroidUiautomator2Driver@0248]&amp#27;[0m Matched '/element/00000000-0000-04f0-ffff-ffff0000001c/value' to command name 'setValue'
&amp#27;[38;5;96m[a205523d]&amp#27;[0m&amp#27;[38;5;-175m[AndroidUiautomator2Driver@0248]&amp#27;[0m Added 'value' property ["G","e","o","r","g","e"] to 'setValue' request body
&amp#27;[38;5;96m[a205523d]&amp#27;[0m&amp#27;[38;5;-175m[AndroidUiautomator2Driver@0248]&amp#27;[0m Proxying [POST /element/00000000-0000-04f0-ffff-ffff0000001c/value] to [POST http://127.0.0.1:8200/session/44c0d72c-305d-4d4e-836e-fe0985ba77ce/element/00000000-0000-04f0-ffff-ffff0000001c/value] with body: {"elementId":"00000000-0000-04f0-ffff-ffff0000001c","text":"George","replace":false,"value":["G","e","o","r","g","e"]}
&amp#27;[38;5;96m[a205523d]&amp#27;[0m&amp#27;[38;5;-175m[AndroidUiautomator2Driver@0248]&amp#27;[0m Got response with status 200: {"sessionId":"44c0d72c-305d-4d4e-836e-fe0985ba77ce","value":null}
&amp#27;[38;5;96m[a205523d]&amp#27;[0m&amp#27;[38;5;-175m[AndroidUiautomator2Driver@0248]&amp#27;[0m Responding to client with driver.setValue() result: null
&amp#27;[38;5;96m[a205523d]&amp#27;[0m&amp#27;[38;5;86m[HTTP]&amp#27;[0m &amp#27;[37m<-- POST /session/a205523d-5648-4f52-a72e-8466a00b8073/element/00000000-0000-04f0-ffff-ffff0000001c/value &amp#27;[39m&amp#27;[32m200&amp#27;[39m &amp#27;[90m563 ms - 14&amp#27;[39m &amp#27;[90m&amp#27;[39m
&amp#27;[38;5;96m[a205523d]&amp#27;[0m&amp#27;[38;5;86m[HTTP]&amp#27;[0m &amp#27;[37m-->&amp#27;[39m &amp#27;[37mPOST&amp#27;[39m &amp#27;[37m/session/a205523d-5648-4f52-a72e-8466a00b8073/execute/sync&amp#27;[39m &amp#27;[90m{"script":"mobile: hideKeyboard","args":[]}&amp#27;[39m
&amp#27;[38;5;96m[a205523d]&amp#27;[0m&amp#27;[38;5;-175m[AndroidUiautomator2Driver@0248]&amp#27;[0m Calling AppiumDriver.execute() with args: ["mobile: hideKeyboard",[],"a205523d-5648-4f52-a72e-8466a00b8073"]
&amp#27;[38;5;96m[a205523d]&amp#27;[0m&amp#27;[38;5;-175m[AndroidUiautomator2Driver@0248]&amp#27;[0m Executing native command 'mobile: hideKeyboard'
&amp#27;[38;5;96m[a205523d]&amp#27;[0m&amp#27;[38;5;229m[ADB]&amp#27;[0m Running 'C:\Users\Harsh Vardhan Singh\AppData\Local\Android\Sdk\platform-tools\adb.exe -P 5037 -s emulator-5554 shell dumpsys input_method'
&amp#27;[38;5;96m[a205523d]&amp#27;[0m&amp#27;[38;5;229m[ADB]&amp#27;[0m Keyboard has no UI; no closing necessary
&amp#27;[38;5;96m[a205523d]&amp#27;[0m&amp#27;[38;5;-175m[AndroidUiautomator2Driver@0248]&amp#27;[0m Responding to client with driver.execute() result: false
&amp#27;[38;5;96m[a205523d]&amp#27;[0m&amp#27;[38;5;86m[HTTP]&amp#27;[0m &amp#27;[37m<-- POST /session/a205523d-5648-4f52-a72e-8466a00b8073/execute/sync &amp#27;[39m&amp#27;[32m200&amp#27;[39m &amp#27;[90m174 ms - 15&amp#27;[39m &amp#27;[90m&amp#27;[39m
&amp#27;[38;5;96m[a205523d]&amp#27;[0m&amp#27;[38;5;86m[HTTP]&amp#27;[0m &amp#27;[37m-->&amp#27;[39m &amp#27;[37mGET&amp#27;[39m &amp#27;[37m/session/a205523d-5648-4f52-a72e-8466a00b8073/context&amp#27;[39m &amp#27;[90m{}&amp#27;[39m
&amp#27;[38;5;96m[a205523d]&amp#27;[0m&amp#27;[38;5;-175m[AndroidUiautomator2Driver@0248]&amp#27;[0m Calling AppiumDriver.getCurrentContext() with args: ["a205523d-5648-4f52-a72e-8466a00b8073"]
&amp#27;[38;5;96m[a205523d]&amp#27;[0m&amp#27;[38;5;-175m[AndroidUiautomator2Driver@0248]&amp#27;[0m Responding to client with driver.getCurrentContext() result: "NATIVE_APP"
&amp#27;[38;5;96m[a205523d]&amp#27;[0m&amp#27;[38;5;86m[HTTP]&amp#27;[0m &amp#27;[37m<-- GET /session/a205523d-5648-4f52-a72e-8466a00b8073/context &amp#27;[39m&amp#27;[32m200&amp#27;[39m &amp#27;[90m3 ms - 22&amp#27;[39m &amp#27;[90m&amp#27;[39m
&amp#27;[38;5;96m[a205523d]&amp#27;[0m&amp#27;[38;5;86m[HTTP]&amp#27;[0m &amp#27;[37m-->&amp#27;[39m &amp#27;[37mPOST&amp#27;[39m &amp#27;[37m/session/a205523d-5648-4f52-a72e-8466a00b8073/element&amp#27;[39m &amp#27;[90m{"value":"com.androidsample.generalstore:id/radioMale","using":"id"}&amp#27;[39m
&amp#27;[38;5;96m[a205523d]&amp#27;[0m&amp#27;[38;5;-175m[AndroidUiautomator2Driver@0248]&amp#27;[0m Calling AppiumDriver.findElement() with args: ["id","com.androidsample.generalstore:id/radioMale","a205523d-5648-4f52-a72e-8466a00b8073"]
&amp#27;[38;5;96m[a205523d]&amp#27;[0m&amp#27;[38;5;-175m[AndroidUiautomator2Driver@0248]&amp#27;[0m Valid locator strategies for this request: xpath, id, class name, accessibility id, css selector, -android uiautomator
&amp#27;[38;5;96m[a205523d]&amp#27;[0m&amp#27;[38;5;-175m[AndroidUiautomator2Driver@0248]&amp#27;[0m Waiting up to 20000 ms for condition
&amp#27;[38;5;96m[a205523d]&amp#27;[0m&amp#27;[38;5;-175m[AndroidUiautomator2Driver@0248]&amp#27;[0m Matched '/element' to command name 'findElement'
&amp#27;[38;5;96m[a205523d]&amp#27;[0m&amp#27;[38;5;-175m[AndroidUiautomator2Driver@0248]&amp#27;[0m Proxying [POST /element] to [POST http://127.0.0.1:8200/session/44c0d72c-305d-4d4e-836e-fe0985ba77ce/element] with body: {"strategy":"id","selector":"com.androidsample.generalstore:id/radioMale","context":"","multiple":false}
&amp#27;[38;5;96m[a205523d]&amp#27;[0m&amp#27;[38;5;-175m[AndroidUiautomator2Driver@0248]&amp#27;[0m Got response with status 200: {"sessionId":"44c0d72c-305d-4d4e-836e-fe0985ba77ce","value":{"ELEMENT":"00000000-0000-04f0-ffff-ffff0000001f","element-6066-11e4-a52e-4f735466cecf":"00000000-0000-04f0-ffff-ffff0000001f"}}
&amp#27;[38;5;96m[a205523d]&amp#27;[0m&amp#27;[38;5;-175m[AndroidUiautomator2Driver@0248]&amp#27;[0m Responding to client with driver.findElement() result: {"element-6066-11e4-a52e-4f735466cecf":"00000000-0000-04f0-ffff-ffff0000001f","ELEMENT":"00000000-0000-04f0-ffff-ffff0000001f"}
&amp#27;[38;5;96m[a205523d]&amp#27;[0m&amp#27;[38;5;86m[HTTP]&amp#27;[0m &amp#27;[37m<-- POST /session/a205523d-5648-4f52-a72e-8466a00b8073/element &amp#27;[39m&amp#27;[32m200&amp#27;[39m &amp#27;[90m21 ms - 137&amp#27;[39m &amp#27;[90m&amp#27;[39m
&amp#27;[38;5;96m[a205523d]&amp#27;[0m&amp#27;[38;5;86m[HTTP]&amp#27;[0m &amp#27;[37m-->&amp#27;[39m &amp#27;[37mPOST&amp#27;[39m &amp#27;[37m/session/a205523d-5648-4f52-a72e-8466a00b8073/element/00000000-0000-04f0-ffff-ffff0000001f/click&amp#27;[39m &amp#27;[90m{"id":"00000000-0000-04f0-ffff-ffff0000001f"}&amp#27;[39m
&amp#27;[38;5;96m[a205523d]&amp#27;[0m&amp#27;[38;5;-175m[AndroidUiautomator2Driver@0248]&amp#27;[0m Calling AppiumDriver.click() with args: ["00000000-0000-04f0-ffff-ffff0000001f","a205523d-5648-4f52-a72e-8466a00b8073"]
&amp#27;[38;5;96m[a205523d]&amp#27;[0m&amp#27;[38;5;-175m[AndroidUiautomator2Driver@0248]&amp#27;[0m Matched '/element/00000000-0000-04f0-ffff-ffff0000001f/click' to command name 'click'
&amp#27;[38;5;96m[a205523d]&amp#27;[0m&amp#27;[38;5;-175m[AndroidUiautomator2Driver@0248]&amp#27;[0m Proxying [POST /element/00000000-0000-04f0-ffff-ffff0000001f/click] to [POST http://127.0.0.1:8200/session/44c0d72c-305d-4d4e-836e-fe0985ba77ce/element/00000000-0000-04f0-ffff-ffff0000001f/click] with body: {"element":"00000000-0000-04f0-ffff-ffff0000001f"}
&amp#27;[38;5;96m[a205523d]&amp#27;[0m&amp#27;[38;5;-175m[AndroidUiautomator2Driver@0248]&amp#27;[0m Got response with status 200: {"sessionId":"44c0d72c-305d-4d4e-836e-fe0985ba77ce","value":null}
&amp#27;[38;5;96m[a205523d]&amp#27;[0m&amp#27;[38;5;-175m[AndroidUiautomator2Driver@0248]&amp#27;[0m Responding to client with driver.click() result: null
&amp#27;[38;5;96m[a205523d]&amp#27;[0m&amp#27;[38;5;86m[HTTP]&amp#27;[0m &amp#27;[37m<-- POST /session/a205523d-5648-4f52-a72e-8466a00b8073/element/00000000-0000-04f0-ffff-ffff0000001f/click &amp#27;[39m&amp#27;[32m200&amp#27;[39m &amp#27;[90m68 ms - 14&amp#27;[39m &amp#27;[90m&amp#27;[39m
&amp#27;[38;5;96m[a205523d]&amp#27;[0m&amp#27;[38;5;86m[HTTP]&amp#27;[0m &amp#27;[37m-->&amp#27;[39m &amp#27;[37mGET&amp#27;[39m &amp#27;[37m/session/a205523d-5648-4f52-a72e-8466a00b8073/context&amp#27;[39m &amp#27;[90m{}&amp#27;[39m
&amp#27;[38;5;96m[a205523d]&amp#27;[0m&amp#27;[38;5;-175m[AndroidUiautomator2Driver@0248]&amp#27;[0m Calling AppiumDriver.getCurrentContext() with args: ["a205523d-5648-4f52-a72e-8466a00b8073"]
&amp#27;[38;5;96m[a205523d]&amp#27;[0m&amp#27;[38;5;-175m[AndroidUiautomator2Driver@0248]&amp#27;[0m Responding to client with driver.getCurrentContext() result: "NATIVE_APP"
&amp#27;[38;5;96m[a205523d]&amp#27;[0m&amp#27;[38;5;86m[HTTP]&amp#27;[0m &amp#27;[37m<-- GET /session/a205523d-5648-4f52-a72e-8466a00b8073/context &amp#27;[39m&amp#27;[32m200&amp#27;[39m &amp#27;[90m2 ms - 22&amp#27;[39m &amp#27;[90m&amp#27;[39m
&amp#27;[38;5;96m[a205523d]&amp#27;[0m&amp#27;[38;5;86m[HTTP]&amp#27;[0m &amp#27;[37m-->&amp#27;[39m &amp#27;[37mPOST&amp#27;[39m &amp#27;[37m/session/a205523d-5648-4f52-a72e-8466a00b8073/element&amp#27;[39m &amp#27;[90m{"value":"com.androidsample.generalstore:id/spinnerCountry","using":"id"}&amp#27;[39m
&amp#27;[38;5;96m[a205523d]&amp#27;[0m&amp#27;[38;5;-175m[AndroidUiautomator2Driver@0248]&amp#27;[0m Calling AppiumDriver.findElement() with args: ["id","com.androidsample.generalstore:id/spinnerCountry","a205523d-5648-4f52-a72e-8466a00b8073"]
&amp#27;[38;5;96m[a205523d]&amp#27;[0m&amp#27;[38;5;-175m[AndroidUiautomator2Driver@0248]&amp#27;[0m Valid locator strategies for this request: xpath, id, class name, accessibility id, css selector, -android uiautomator
&amp#27;[38;5;96m[a205523d]&amp#27;[0m&amp#27;[38;5;-175m[AndroidUiautomator2Driver@0248]&amp#27;[0m Waiting up to 20000 ms for condition
&amp#27;[38;5;96m[a205523d]&amp#27;[0m&amp#27;[38;5;-175m[AndroidUiautomator2Driver@0248]&amp#27;[0m Matched '/element' to command name 'findElement'
&amp#27;[38;5;96m[a205523d]&amp#27;[0m&amp#27;[38;5;-175m[AndroidUiautomator2Driver@0248]&amp#27;[0m Proxying [POST /element] to [POST http://127.0.0.1:8200/session/44c0d72c-305d-4d4e-836e-fe0985ba77ce/element] with body: {"strategy":"id","selector":"com.androidsample.generalstore:id/spinnerCountry","context":"","multiple":false}
&amp#27;[38;5;96m[a205523d]&amp#27;[0m&amp#27;[38;5;-175m[AndroidUiautomator2Driver@0248]&amp#27;[0m Got response with status 200: {"sessionId":"44c0d72c-305d-4d4e-836e-fe0985ba77ce","value":{"ELEMENT":"00000000-0000-04f0-ffff-ffff0000001a","element-6066-11e4-a52e-4f735466cecf":"00000000-0000-04f0-ffff-ffff0000001a"}}
&amp#27;[38;5;96m[a205523d]&amp#27;[0m&amp#27;[38;5;-175m[AndroidUiautomator2Driver@0248]&amp#27;[0m Responding to client with driver.findElement() result: {"element-6066-11e4-a52e-4f735466cecf":"00000000-0000-04f0-ffff-ffff0000001a","ELEMENT":"00000000-0000-04f0-ffff-ffff0000001a"}
&amp#27;[38;5;96m[a205523d]&amp#27;[0m&amp#27;[38;5;86m[HTTP]&amp#27;[0m &amp#27;[37m<-- POST /session/a205523d-5648-4f52-a72e-8466a00b8073/element &amp#27;[39m&amp#27;[32m200&amp#27;[39m &amp#27;[90m22 ms - 137&amp#27;[39m &amp#27;[90m&amp#27;[39m
&amp#27;[38;5;96m[a205523d]&amp#27;[0m&amp#27;[38;5;86m[HTTP]&amp#27;[0m &amp#27;[37m-->&amp#27;[39m &amp#27;[37mPOST&amp#27;[39m &amp#27;[37m/session/a205523d-5648-4f52-a72e-8466a00b8073/element/00000000-0000-04f0-ffff-ffff0000001a/click&amp#27;[39m &amp#27;[90m{"id":"00000000-0000-04f0-ffff-ffff0000001a"}&amp#27;[39m
&amp#27;[38;5;96m[a205523d]&amp#27;[0m&amp#27;[38;5;-175m[AndroidUiautomator2Driver@0248]&amp#27;[0m Calling AppiumDriver.click() with args: ["00000000-0000-04f0-ffff-ffff0000001a","a205523d-5648-4f52-a72e-8466a00b8073"]
&amp#27;[38;5;96m[a205523d]&amp#27;[0m&amp#27;[38;5;-175m[AndroidUiautomator2Driver@0248]&amp#27;[0m Matched '/element/00000000-0000-04f0-ffff-ffff0000001a/click' to command name 'click'
&amp#27;[38;5;96m[a205523d]&amp#27;[0m&amp#27;[38;5;-175m[AndroidUiautomator2Driver@0248]&amp#27;[0m Proxying [POST /element/00000000-0000-04f0-ffff-ffff0000001a/click] to [POST http://127.0.0.1:8200/session/44c0d72c-305d-4d4e-836e-fe0985ba77ce/element/00000000-0000-04f0-ffff-ffff0000001a/click] with body: {"element":"00000000-0000-04f0-ffff-ffff0000001a"}
&amp#27;[38;5;96m[a205523d]&amp#27;[0m&amp#27;[38;5;-175m[AndroidUiautomator2Driver@0248]&amp#27;[0m Got response with status 200: {"sessionId":"44c0d72c-305d-4d4e-836e-fe0985ba77ce","value":null}
&amp#27;[38;5;96m[a205523d]&amp#27;[0m&amp#27;[38;5;-175m[AndroidUiautomator2Driver@0248]&amp#27;[0m Responding to client with driver.click() result: null
&amp#27;[38;5;96m[a205523d]&amp#27;[0m&amp#27;[38;5;86m[HTTP]&amp#27;[0m &amp#27;[37m<-- POST /session/a205523d-5648-4f52-a72e-8466a00b8073/element/00000000-0000-04f0-ffff-ffff0000001a/click &amp#27;[39m&amp#27;[32m200&amp#27;[39m &amp#27;[90m75 ms - 14&amp#27;[39m &amp#27;[90m&amp#27;[39m
&amp#27;[38;5;96m[a205523d]&amp#27;[0m&amp#27;[38;5;86m[HTTP]&amp#27;[0m &amp#27;[37m-->&amp#27;[39m &amp#27;[37mPOST&amp#27;[39m &amp#27;[37m/session/a205523d-5648-4f52-a72e-8466a00b8073/element&amp#27;[39m &amp#27;[90m{"value":"new UiScrollable(new UiSelector()).scrollIntoView(text(\"Argentina\"))","using":"-android uiautomator"}&amp#27;[39m
&amp#27;[38;5;96m[a205523d]&amp#27;[0m&amp#27;[38;5;-175m[AndroidUiautomator2Driver@0248]&amp#27;[0m Calling AppiumDriver.findElement() with args: ["-android uiautomator","new UiScrollable(new UiSelector()).scrollIntoView(text(\"Argentina\"))","a205523d-5648-4f52-a72e-8466a00b8073"]
&amp#27;[38;5;96m[a205523d]&amp#27;[0m&amp#27;[38;5;-175m[AndroidUiautomator2Driver@0248]&amp#27;[0m Valid locator strategies for this request: xpath, id, class name, accessibility id, css selector, -android uiautomator
&amp#27;[38;5;96m[a205523d]&amp#27;[0m&amp#27;[38;5;-175m[AndroidUiautomator2Driver@0248]&amp#27;[0m Waiting up to 20000 ms for condition
&amp#27;[38;5;96m[a205523d]&amp#27;[0m&amp#27;[38;5;-175m[AndroidUiautomator2Driver@0248]&amp#27;[0m Matched '/element' to command name 'findElement'
&amp#27;[38;5;96m[a205523d]&amp#27;[0m&amp#27;[38;5;-175m[AndroidUiautomator2Driver@0248]&amp#27;[0m Proxying [POST /element] to [POST http://127.0.0.1:8200/session/44c0d72c-305d-4d4e-836e-fe0985ba77ce/element] with body: {"strategy":"-android uiautomator","selector":"new UiScrollable(new UiSelector()).scrollIntoView(text(\"Argentina\"))","context":"","multiple":false}
&amp#27;[38;5;96m[a205523d]&amp#27;[0m&amp#27;[38;5;-175m[AndroidUiautomator2Driver@0248]&amp#27;[0m Got response with status 200: {"sessionId":"44c0d72c-305d-4d4e-836e-fe0985ba77ce","value":{"ELEMENT":"00000000-0000-04f1-ffff-ffff00000032","element-6066-11e4-a52e-4f735466cecf":"00000000-0000-04f1-ffff-ffff00000032"}}
&amp#27;[38;5;96m[a205523d]&amp#27;[0m&amp#27;[38;5;-175m[AndroidUiautomator2Driver@0248]&amp#27;[0m Responding to client with driver.findElement() result: {"element-6066-11e4-a52e-4f735466cecf":"00000000-0000-04f1-ffff-ffff00000032","ELEMENT":"00000000-0000-04f1-ffff-ffff00000032"}
&amp#27;[38;5;96m[a205523d]&amp#27;[0m&amp#27;[38;5;86m[HTTP]&amp#27;[0m &amp#27;[37m<-- POST /session/a205523d-5648-4f52-a72e-8466a00b8073/element &amp#27;[39m&amp#27;[32m200&amp#27;[39m &amp#27;[90m4157 ms - 137&amp#27;[39m &amp#27;[90m&amp#27;[39m
&amp#27;[38;5;96m[a205523d]&amp#27;[0m&amp#27;[38;5;86m[HTTP]&amp#27;[0m &amp#27;[37m-->&amp#27;[39m &amp#27;[37mPOST&amp#27;[39m &amp#27;[37m/session/a205523d-5648-4f52-a72e-8466a00b8073/element&amp#27;[39m &amp#27;[90m{"value":"//android.widget.TextView[@resource-id= 'android:id/text1' and @text= 'Argentina']","using":"xpath"}&amp#27;[39m
&amp#27;[38;5;96m[a205523d]&amp#27;[0m&amp#27;[38;5;-175m[AndroidUiautomator2Driver@0248]&amp#27;[0m Calling AppiumDriver.findElement() with args: ["xpath","//android.widget.TextView[@resource-id= 'android:id/text1' and @text= 'Argentina']","a205523d-5648-4f52-a72e-8466a00b8073"]
&amp#27;[38;5;96m[a205523d]&amp#27;[0m&amp#27;[38;5;-175m[AndroidUiautomator2Driver@0248]&amp#27;[0m Valid locator strategies for this request: xpath, id, class name, accessibility id, css selector, -android uiautomator
&amp#27;[38;5;96m[a205523d]&amp#27;[0m&amp#27;[38;5;-175m[AndroidUiautomator2Driver@0248]&amp#27;[0m Waiting up to 20000 ms for condition
&amp#27;[38;5;96m[a205523d]&amp#27;[0m&amp#27;[38;5;-175m[AndroidUiautomator2Driver@0248]&amp#27;[0m Matched '/element' to command name 'findElement'
&amp#27;[38;5;96m[a205523d]&amp#27;[0m&amp#27;[38;5;-175m[AndroidUiautomator2Driver@0248]&amp#27;[0m Proxying [POST /element] to [POST http://127.0.0.1:8200/session/44c0d72c-305d-4d4e-836e-fe0985ba77ce/element] with body: {"strategy":"xpath","selector":"//android.widget.TextView[@resource-id= 'android:id/text1' and @text= 'Argentina']","context":"","multiple":false}
&amp#27;[38;5;96m[a205523d]&amp#27;[0m&amp#27;[38;5;-175m[AndroidUiautomator2Driver@0248]&amp#27;[0m Got response with status 200: {"sessionId":"44c0d72c-305d-4d4e-836e-fe0985ba77ce","value":{"ELEMENT":"00000000-0000-04f1-ffff-ffff00000032","element-6066-11e4-a52e-4f735466cecf":"00000000-0000-04f1-ffff-ffff00000032"}}
&amp#27;[38;5;96m[a205523d]&amp#27;[0m&amp#27;[38;5;-175m[AndroidUiautomator2Driver@0248]&amp#27;[0m Responding to client with driver.findElement() result: {"element-6066-11e4-a52e-4f735466cecf":"00000000-0000-04f1-ffff-ffff00000032","ELEMENT":"00000000-0000-04f1-ffff-ffff00000032"}
&amp#27;[38;5;96m[a205523d]&amp#27;[0m&amp#27;[38;5;86m[HTTP]&amp#27;[0m &amp#27;[37m<-- POST /session/a205523d-5648-4f52-a72e-8466a00b8073/element &amp#27;[39m&amp#27;[32m200&amp#27;[39m &amp#27;[90m351 ms - 137&amp#27;[39m &amp#27;[90m&amp#27;[39m
&amp#27;[38;5;96m[a205523d]&amp#27;[0m&amp#27;[38;5;86m[HTTP]&amp#27;[0m &amp#27;[37m-->&amp#27;[39m &amp#27;[37mPOST&amp#27;[39m &amp#27;[37m/session/a205523d-5648-4f52-a72e-8466a00b8073/element/00000000-0000-04f1-ffff-ffff00000032/click&amp#27;[39m &amp#27;[90m{"id":"00000000-0000-04f1-ffff-ffff00000032"}&amp#27;[39m
&amp#27;[38;5;96m[a205523d]&amp#27;[0m&amp#27;[38;5;-175m[AndroidUiautomator2Driver@0248]&amp#27;[0m Calling AppiumDriver.click() with args: ["00000000-0000-04f1-ffff-ffff00000032","a205523d-5648-4f52-a72e-8466a00b8073"]
&amp#27;[38;5;96m[a205523d]&amp#27;[0m&amp#27;[38;5;-175m[AndroidUiautomator2Driver@0248]&amp#27;[0m Matched '/element/00000000-0000-04f1-ffff-ffff00000032/click' to command name 'click'
&amp#27;[38;5;96m[a205523d]&amp#27;[0m&amp#27;[38;5;-175m[AndroidUiautomator2Driver@0248]&amp#27;[0m Proxying [POST /element/00000000-0000-04f1-ffff-ffff00000032/click] to [POST http://127.0.0.1:8200/session/44c0d72c-305d-4d4e-836e-fe0985ba77ce/element/00000000-0000-04f1-ffff-ffff00000032/click] with body: {"element":"00000000-0000-04f1-ffff-ffff00000032"}
&amp#27;[38;5;96m[a205523d]&amp#27;[0m&amp#27;[38;5;-175m[AndroidUiautomator2Driver@0248]&amp#27;[0m Got response with status 200: {"sessionId":"44c0d72c-305d-4d4e-836e-fe0985ba77ce","value":null}
&amp#27;[38;5;96m[a205523d]&amp#27;[0m&amp#27;[38;5;-175m[AndroidUiautomator2Driver@0248]&amp#27;[0m Responding to client with driver.click() result: null
&amp#27;[38;5;96m[a205523d]&amp#27;[0m&amp#27;[38;5;86m[HTTP]&amp#27;[0m &amp#27;[37m<-- POST /session/a205523d-5648-4f52-a72e-8466a00b8073/element/00000000-0000-04f1-ffff-ffff00000032/click &amp#27;[39m&amp#27;[32m200&amp#27;[39m &amp#27;[90m675 ms - 14&amp#27;[39m &amp#27;[90m&amp#27;[39m
&amp#27;[38;5;96m[a205523d]&amp#27;[0m&amp#27;[38;5;86m[HTTP]&amp#27;[0m &amp#27;[37m-->&amp#27;[39m &amp#27;[37mGET&amp#27;[39m &amp#27;[37m/session/a205523d-5648-4f52-a72e-8466a00b8073/context&amp#27;[39m &amp#27;[90m{}&amp#27;[39m
&amp#27;[38;5;96m[a205523d]&amp#27;[0m&amp#27;[38;5;-175m[AndroidUiautomator2Driver@0248]&amp#27;[0m Calling AppiumDriver.getCurrentContext() with args: ["a205523d-5648-4f52-a72e-8466a00b8073"]
&amp#27;[38;5;96m[a205523d]&amp#27;[0m&amp#27;[38;5;-175m[AndroidUiautomator2Driver@0248]&amp#27;[0m Responding to client with driver.getCurrentContext() result: "NATIVE_APP"
&amp#27;[38;5;96m[a205523d]&amp#27;[0m&amp#27;[38;5;86m[HTTP]&amp#27;[0m &amp#27;[37m<-- GET /session/a205523d-5648-4f52-a72e-8466a00b8073/context &amp#27;[39m&amp#27;[32m200&amp#27;[39m &amp#27;[90m1 ms - 22&amp#27;[39m &amp#27;[90m&amp#27;[39m
&amp#27;[38;5;96m[a205523d]&amp#27;[0m&amp#27;[38;5;86m[HTTP]&amp#27;[0m &amp#27;[37m-->&amp#27;[39m &amp#27;[37mPOST&amp#27;[39m &amp#27;[37m/session/a205523d-5648-4f52-a72e-8466a00b8073/element&amp#27;[39m &amp#27;[90m{"value":"com.androidsample.generalstore:id/btnLetsShop","using":"id"}&amp#27;[39m
&amp#27;[38;5;96m[a205523d]&amp#27;[0m&amp#27;[38;5;-175m[AndroidUiautomator2Driver@0248]&amp#27;[0m Calling AppiumDriver.findElement() with args: ["id","com.androidsample.generalstore:id/btnLetsShop","a205523d-5648-4f52-a72e-8466a00b8073"]
&amp#27;[38;5;96m[a205523d]&amp#27;[0m&amp#27;[38;5;-175m[AndroidUiautomator2Driver@0248]&amp#27;[0m Valid locator strategies for this request: xpath, id, class name, accessibility id, css selector, -android uiautomator
&amp#27;[38;5;96m[a205523d]&amp#27;[0m&amp#27;[38;5;-175m[AndroidUiautomator2Driver@0248]&amp#27;[0m Waiting up to 20000 ms for condition
&amp#27;[38;5;96m[a205523d]&amp#27;[0m&amp#27;[38;5;-175m[AndroidUiautomator2Driver@0248]&amp#27;[0m Matched '/element' to command name 'findElement'
&amp#27;[38;5;96m[a205523d]&amp#27;[0m&amp#27;[38;5;-175m[AndroidUiautomator2Driver@0248]&amp#27;[0m Proxying [POST /element] to [POST http://127.0.0.1:8200/session/44c0d72c-305d-4d4e-836e-fe0985ba77ce/element] with body: {"strategy":"id","selector":"com.androidsample.generalstore:id/btnLetsShop","context":"","multiple":false}
&amp#27;[38;5;96m[a205523d]&amp#27;[0m&amp#27;[38;5;-175m[AndroidUiautomator2Driver@0248]&amp#27;[0m Got response with status 200: {"sessionId":"44c0d72c-305d-4d4e-836e-fe0985ba77ce","value":{"ELEMENT":"00000000-0000-04f0-ffff-ffff00000021","element-6066-11e4-a52e-4f735466cecf":"00000000-0000-04f0-ffff-ffff00000021"}}
&amp#27;[38;5;96m[a205523d]&amp#27;[0m&amp#27;[38;5;-175m[AndroidUiautomator2Driver@0248]&amp#27;[0m Responding to client with driver.findElement() result: {"element-6066-11e4-a52e-4f735466cecf":"00000000-0000-04f0-ffff-ffff00000021","ELEMENT":"00000000-0000-04f0-ffff-ffff00000021"}
&amp#27;[38;5;96m[a205523d]&amp#27;[0m&amp#27;[38;5;86m[HTTP]&amp#27;[0m &amp#27;[37m<-- POST /session/a205523d-5648-4f52-a72e-8466a00b8073/element &amp#27;[39m&amp#27;[32m200&amp#27;[39m &amp#27;[90m17 ms - 137&amp#27;[39m &amp#27;[90m&amp#27;[39m
&amp#27;[38;5;96m[a205523d]&amp#27;[0m&amp#27;[38;5;86m[HTTP]&amp#27;[0m &amp#27;[37m-->&amp#27;[39m &amp#27;[37mPOST&amp#27;[39m &amp#27;[37m/session/a205523d-5648-4f52-a72e-8466a00b8073/element/00000000-0000-04f0-ffff-ffff00000021/click&amp#27;[39m &amp#27;[90m{"id":"00000000-0000-04f0-ffff-ffff00000021"}&amp#27;[39m
&amp#27;[38;5;96m[a205523d]&amp#27;[0m&amp#27;[38;5;-175m[AndroidUiautomator2Driver@0248]&amp#27;[0m Calling AppiumDriver.click() with args: ["00000000-0000-04f0-ffff-ffff00000021","a205523d-5648-4f52-a72e-8466a00b8073"]
&amp#27;[38;5;96m[a205523d]&amp#27;[0m&amp#27;[38;5;-175m[AndroidUiautomator2Driver@0248]&amp#27;[0m Matched '/element/00000000-0000-04f0-ffff-ffff00000021/click' to command name 'click'
&amp#27;[38;5;96m[a205523d]&amp#27;[0m&amp#27;[38;5;-175m[AndroidUiautomator2Driver@0248]&amp#27;[0m Proxying [POST /element/00000000-0000-04f0-ffff-ffff00000021/click] to [POST http://127.0.0.1:8200/session/44c0d72c-305d-4d4e-836e-fe0985ba77ce/element/00000000-0000-04f0-ffff-ffff00000021/click] with body: {"element":"00000000-0000-04f0-ffff-ffff00000021"}
&amp#27;[38;5;96m[a205523d]&amp#27;[0m&amp#27;[38;5;-175m[AndroidUiautomator2Driver@0248]&amp#27;[0m Got response with status 200: {"sessionId":"44c0d72c-305d-4d4e-836e-fe0985ba77ce","value":null}
&amp#27;[38;5;96m[a205523d]&amp#27;[0m&amp#27;[38;5;-175m[AndroidUiautomator2Driver@0248]&amp#27;[0m Responding to client with driver.click() result: null
&amp#27;[38;5;96m[a205523d]&amp#27;[0m&amp#27;[38;5;86m[HTTP]&amp#27;[0m &amp#27;[37m<-- POST /session/a205523d-5648-4f52-a72e-8466a00b8073/element/00000000-0000-04f0-ffff-ffff00000021/click &amp#27;[39m&amp#27;[32m200&amp#27;[39m &amp#27;[90m73 ms - 14&amp#27;[39m &amp#27;[90m&amp#27;[39m
]]></system-out>
  </testcase>
  <testcase name="FormDataDrivenTest[Sudheer, Male, India](3)" classname="android_TestScripts.Android_TC004_DataDrivenTest" time="36.402">
    <system-out><![CDATA[&amp#27;[38;5;96m[a205523d]&amp#27;[0m&amp#27;[38;5;86m[HTTP]&amp#27;[0m &amp#27;[37m-->&amp#27;[39m &amp#27;[37mDELETE&amp#27;[39m &amp#27;[37m/session/a205523d-5648-4f52-a72e-8466a00b8073&amp#27;[39m &amp#27;[90m{}&amp#27;[39m
&amp#27;[38;5;96m[a205523d]&amp#27;[0m&amp#27;[38;5;-175m[AndroidUiautomator2Driver@0248]&amp#27;[0m Calling AppiumDriver.deleteSession() with args: ["a205523d-5648-4f52-a72e-8466a00b8073"]
&amp#27;[38;5;96m[a205523d]&amp#27;[0m&amp#27;[38;5;125m[AppiumDriver@e88d]&amp#27;[0m Event 'quitSessionRequested' logged at 1732112634089 (19:53:54 GMT+0530 (India Standard Time))
&amp#27;[38;5;96m[a205523d]&amp#27;[0m&amp#27;[38;5;125m[AppiumDriver@e88d]&amp#27;[0m Removing session a205523d-5648-4f52-a72e-8466a00b8073 from our master session list
&amp#27;[38;5;96m[a205523d]&amp#27;[0m&amp#27;[38;5;-175m[AndroidUiautomator2Driver@0248]&amp#27;[0m Deleting UiAutomator2 session
&amp#27;[38;5;96m[a205523d]&amp#27;[0m&amp#27;[38;5;-175m[AndroidUiautomator2Driver@0248]&amp#27;[0m Deleting UiAutomator2 server session
&amp#27;[38;5;96m[a205523d]&amp#27;[0m&amp#27;[38;5;-175m[AndroidUiautomator2Driver@0248]&amp#27;[0m Matched '/' to command name 'deleteSession'
&amp#27;[38;5;96m[a205523d]&amp#27;[0m&amp#27;[38;5;-175m[AndroidUiautomator2Driver@0248]&amp#27;[0m Proxying [DELETE /] to [DELETE http://127.0.0.1:8200/session/44c0d72c-305d-4d4e-836e-fe0985ba77ce] with no body
&amp#27;[38;5;96m[a205523d]&amp#27;[0m&amp#27;[38;5;-175m[AndroidUiautomator2Driver@0248]&amp#27;[0m Got response with status 200: {"sessionId":"44c0d72c-305d-4d4e-836e-fe0985ba77ce","value":null}
&amp#27;[38;5;96m[a205523d]&amp#27;[0m&amp#27;[38;5;-175m[AndroidUiautomator2Driver@0248]&amp#27;[0m [Instrumentation] io.appium.uiautomator2.server.test.AppiumUiAutomator2Server:
&amp#27;[38;5;96m[a205523d]&amp#27;[0m&amp#27;[38;5;-175m[AndroidUiautomator2Driver@0248]&amp#27;[0m [Instrumentation] The process has exited with code null, signal SIGTERM
&amp#27;[38;5;96m[a205523d]&amp#27;[0m&amp#27;[38;5;229m[ADB]&amp#27;[0m Running 'C:\Users\Harsh Vardhan Singh\AppData\Local\Android\Sdk\platform-tools\adb.exe -P 5037 -s emulator-5554 shell dumpsys activity services io.appium.settings/.recorder.RecorderService'
&amp#27;[38;5;96m[a205523d]&amp#27;[0m&amp#27;[38;5;229m[ADB]&amp#27;[0m Running 'C:\Users\Harsh Vardhan Singh\AppData\Local\Android\Sdk\platform-tools\adb.exe -P 5037 -s emulator-5554 shell am force-stop com.androidsample.generalstore'
&amp#27;[38;5;96m[a205523d]&amp#27;[0m&amp#27;[38;5;229m[ADB]&amp#27;[0m Removing forwarded port socket connection: 8200 
&amp#27;[38;5;96m[a205523d]&amp#27;[0m&amp#27;[38;5;229m[ADB]&amp#27;[0m Running 'C:\Users\Harsh Vardhan Singh\AppData\Local\Android\Sdk\platform-tools\adb.exe -P 5037 -s emulator-5554 forward --remove tcp:8200'
&amp#27;[38;5;96m[a205523d]&amp#27;[0m&amp#27;[38;5;-175m[AndroidUiautomator2Driver@0248]&amp#27;[0m Restoring hidden api policy to the device default configuration
&amp#27;[38;5;96m[a205523d]&amp#27;[0m&amp#27;[38;5;229m[ADB]&amp#27;[0m Running 'C:\Users\Harsh Vardhan Singh\AppData\Local\Android\Sdk\platform-tools\adb.exe -P 5037 -s emulator-5554 shell 'settings delete global hidden_api_policy_pre_p_apps;settings delete global hidden_api_policy_p_apps;settings delete global hidden_api_policy''
&amp#27;[38;5;96m[a205523d]&amp#27;[0m&amp#27;[38;5;160m[Logcat]&amp#27;[0m Stopping logcat capture
&amp#27;[38;5;96m[a205523d]&amp#27;[0m&amp#27;[38;5;125m[AppiumDriver@e88d]&amp#27;[0m Event 'quitSessionFinished' logged at 1732112634375 (19:53:54 GMT+0530 (India Standard Time))
&amp#27;[38;5;96m[a205523d]&amp#27;[0m&amp#27;[38;5;125m[AppiumDriver@e88d]&amp#27;[0m Received response: null
&amp#27;[38;5;96m[a205523d]&amp#27;[0m&amp#27;[38;5;125m[AppiumDriver@e88d]&amp#27;[0m But deleting session, so not returning
&amp#27;[38;5;96m[a205523d]&amp#27;[0m&amp#27;[38;5;125m[AppiumDriver@e88d]&amp#27;[0m Responding to client with driver.deleteSession() result: null
&amp#27;[38;5;96m[a205523d]&amp#27;[0m&amp#27;[38;5;86m[HTTP]&amp#27;[0m &amp#27;[37m<-- DELETE /session/a205523d-5648-4f52-a72e-8466a00b8073 &amp#27;[39m&amp#27;[32m200&amp#27;[39m &amp#27;[90m287 ms - 14&amp#27;[39m &amp#27;[90m&amp#27;[39m
&amp#27;[38;5;112m[Appium]&amp#27;[0m Welcome to Appium v2.12.1
&amp#27;[38;5;112m[Appium]&amp#27;[0m Non-default server args:
&amp#27;[38;5;112m[Appium]&amp#27;[0m { address: &amp#27;[32m'127.0.0.1'&amp#27;[39m }
&amp#27;[38;5;112m[Appium]&amp#27;[0m The autodetected Appium home path: C:\Users\Harsh Vardhan Singh\.appium
&amp#27;[38;5;112m[Appium]&amp#27;[0m Attempting to load driver uiautomator2...
&amp#27;[38;5;112m[Appium]&amp#27;[0m Attempting to load driver xcuitest...
&amp#27;[38;5;112m[Appium]&amp#27;[0m Requiring driver at C:\Users\Harsh Vardhan Singh\.appium\node_modules\appium-uiautomator2-driver\build\index.js
&amp#27;[38;5;112m[Appium]&amp#27;[0m Requiring driver at C:\Users\Harsh Vardhan Singh\.appium\node_modules\appium-xcuitest-driver\build\index.js
&amp#27;[38;5;112m[Appium]&amp#27;[0m AndroidUiautomator2Driver has been successfully loaded in 0.516s
&amp#27;[38;5;112m[Appium]&amp#27;[0m XCUITestDriver has been successfully loaded in 1.104s
&amp#27;[38;5;112m[Appium]&amp#27;[0m Appium REST http interface listener started on http://127.0.0.1:4723
&amp#27;[38;5;112m[Appium]&amp#27;[0m Available drivers:
&amp#27;[38;5;112m[Appium]&amp#27;[0m   - uiautomator2@3.8.1 (automationName 'UiAutomator2')
&amp#27;[38;5;112m[Appium]&amp#27;[0m   - xcuitest@7.28.3 (automationName 'XCUITest')
&amp#27;[38;5;112m[Appium]&amp#27;[0m No plugins have been installed. Use the "appium plugin" command to install the one(s) you want to use.
&amp#27;[38;5;86m[HTTP]&amp#27;[0m &amp#27;[37m-->&amp#27;[39m &amp#27;[37mGET&amp#27;[39m &amp#27;[37m/status&amp#27;[39m &amp#27;[90m{}&amp#27;[39m
&amp#27;[38;5;187m[AppiumDriver@58bb]&amp#27;[0m Calling AppiumDriver.getStatus() with args: []
&amp#27;[38;5;187m[AppiumDriver@58bb]&amp#27;[0m Responding to client with driver.getStatus() result: {"ready":true,"message":"The server is ready to accept new connections","build":{"version":"2.12.1"}}
&amp#27;[38;5;86m[HTTP]&amp#27;[0m &amp#27;[37m<-- GET /status &amp#27;[39m&amp#27;[32m200&amp#27;[39m &amp#27;[90m4 ms - 111&amp#27;[39m &amp#27;[90m&amp#27;[39m
&amp#27;[38;5;86m[HTTP]&amp#27;[0m Request idempotency key: 1ec0608a-b780-4f47-9e56-9acf1e9e79f9
&amp#27;[38;5;86m[HTTP]&amp#27;[0m &amp#27;[37m-->&amp#27;[39m &amp#27;[37mPOST&amp#27;[39m &amp#27;[37m/session&amp#27;[39m &amp#27;[90m{"capabilities":{"firstMatch":[{"appium:chromedriverUseSystemExecutable":true,"appium:deviceName":"HarshEmulator","platformName":"ANDROID","appium:automationName":"UIAutomator2","appium:app":"D:\\Android Automation Framework\\Android_Framework\\App\\General-Store.apk"}]}}&amp#27;[39m
&amp#27;[38;5;187m[AppiumDriver@58bb]&amp#27;[0m Calling AppiumDriver.createSession() with args: [null,null,{"firstMatch":[{"appium:chromedriverUseSystemExecutable":true,"appium:deviceName":"HarshEmulator","platformName":"ANDROID","appium:automationName":"UIAutomator2","appium:app":"D:\\Android Automation Framework\\Android_Framework\\App\\General-Store.apk"}]}]
&amp#27;[38;5;187m[AppiumDriver@58bb]&amp#27;[0m Event 'newSessionRequested' logged at 1732112636607 (19:53:56 GMT+0530 (India Standard Time))
&amp#27;[38;5;112m[Appium]&amp#27;[0m Attempting to find matching driver for automationName 'UIAutomator2' and platformName 'ANDROID'
&amp#27;[38;5;112m[Appium]&amp#27;[0m The 'uiautomator2' driver was installed and matched caps.
&amp#27;[38;5;112m[Appium]&amp#27;[0m Will require it at C:\Users\Harsh Vardhan Singh\.appium\node_modules\appium-uiautomator2-driver
&amp#27;[38;5;112m[Appium]&amp#27;[0m Requiring driver at C:\Users\Harsh Vardhan Singh\.appium\node_modules\appium-uiautomator2-driver\build\index.js
&amp#27;[38;5;187m[AppiumDriver@58bb]&amp#27;[0m Appium v2.12.1 creating new AndroidUiautomator2Driver (v3.8.1) session
&amp#27;[38;5;187m[AppiumDriver@58bb]&amp#27;[0m Checking BaseDriver versions for Appium and AndroidUiautomator2Driver
&amp#27;[38;5;187m[AppiumDriver@58bb]&amp#27;[0m Appium's BaseDriver version is 9.12.1
&amp#27;[38;5;187m[AppiumDriver@58bb]&amp#27;[0m AndroidUiautomator2Driver's BaseDriver version is 9.12.1
&amp#27;[38;5;7m[AndroidUiautomator2Driver@ac91]&amp#27;[0m 
&amp#27;[38;5;7m[AndroidUiautomator2Driver@ac91]&amp#27;[0m Creating session with W3C capabilities: {
  "alwaysMatch": {
    "platformName": "ANDROID",
    "appium:chromedriverUseSystemExecutable": true,
    "appium:deviceName": "HarshEmulator",
    "appium:automationName": "UIAutomator2",
    "appium:app": "D:\\Android Automation Framework\\Android_Framework\\App\\General-Store.apk"
  },
  "firstMatch": [
    {}
  ]
}
&amp#27;[38;5;54m[02d79145]&amp#27;[0m&amp#27;[38;5;7m[AndroidUiautomator2Driver@ac91]&amp#27;[0m Session created with session id: 02d79145-1b8f-4c24-8f26-e664fe500536
&amp#27;[38;5;54m[02d79145]&amp#27;[0m&amp#27;[38;5;229m[ADB]&amp#27;[0m Found 2 'build-tools' folders under 'C:\Users\Harsh Vardhan Singh\AppData\Local\Android\Sdk' (newest first):
&amp#27;[38;5;54m[02d79145]&amp#27;[0m&amp#27;[38;5;229m[ADB]&amp#27;[0m     C:\Users\Harsh Vardhan Singh\AppData\Local\Android\Sdk\build-tools\35.0.0
&amp#27;[38;5;54m[02d79145]&amp#27;[0m&amp#27;[38;5;229m[ADB]&amp#27;[0m     C:\Users\Harsh Vardhan Singh\AppData\Local\Android\Sdk\build-tools\34.0.0
&amp#27;[38;5;54m[02d79145]&amp#27;[0m&amp#27;[38;5;229m[ADB]&amp#27;[0m Using 'adb.exe' from 'C:\Users\Harsh Vardhan Singh\AppData\Local\Android\Sdk\platform-tools\adb.exe'
&amp#27;[38;5;54m[02d79145]&amp#27;[0m&amp#27;[38;5;229m[ADB]&amp#27;[0m Running 'C:\Users\Harsh Vardhan Singh\AppData\Local\Android\Sdk\platform-tools\adb.exe -P 5037 start-server'
&amp#27;[38;5;54m[02d79145]&amp#27;[0m&amp#27;[38;5;7m[AndroidUiautomator2Driver@ac91]&amp#27;[0m Retrieving device list
&amp#27;[38;5;54m[02d79145]&amp#27;[0m&amp#27;[38;5;229m[ADB]&amp#27;[0m Trying to find connected Android devices
&amp#27;[38;5;54m[02d79145]&amp#27;[0m&amp#27;[38;5;229m[ADB]&amp#27;[0m Getting connected devices
&amp#27;[38;5;54m[02d79145]&amp#27;[0m&amp#27;[38;5;229m[ADB]&amp#27;[0m Connected devices: [{"udid":"emulator-5554","state":"device"}]
&amp#27;[38;5;54m[02d79145]&amp#27;[0m&amp#27;[38;5;7m[AndroidUiautomator2Driver@ac91]&amp#27;[0m Using device: emulator-5554
&amp#27;[38;5;54m[02d79145]&amp#27;[0m&amp#27;[38;5;229m[ADB]&amp#27;[0m Using 'adb.exe' from 'C:\Users\Harsh Vardhan Singh\AppData\Local\Android\Sdk\platform-tools\adb.exe'
&amp#27;[38;5;54m[02d79145]&amp#27;[0m&amp#27;[38;5;229m[ADB]&amp#27;[0m Running 'C:\Users\Harsh Vardhan Singh\AppData\Local\Android\Sdk\platform-tools\adb.exe -P 5037 start-server'
&amp#27;[38;5;54m[02d79145]&amp#27;[0m&amp#27;[38;5;229m[ADB]&amp#27;[0m Setting device id to emulator-5554
&amp#27;[38;5;54m[02d79145]&amp#27;[0m&amp#27;[38;5;123m[BaseDriver]&amp#27;[0m Using local app 'D:\Android Automation Framework\Android_Framework\App\General-Store.apk'
&amp#27;[38;5;54m[02d79145]&amp#27;[0m&amp#27;[38;5;7m[AndroidUiautomator2Driver@ac91]&amp#27;[0m Checking whether app is actually present
&amp#27;[38;5;54m[02d79145]&amp#27;[0m&amp#27;[38;5;229m[ADB]&amp#27;[0m Running 'C:\Users\Harsh Vardhan Singh\AppData\Local\Android\Sdk\platform-tools\adb.exe -P 5037 -s emulator-5554 shell getprop ro.build.version.sdk'
&amp#27;[38;5;54m[02d79145]&amp#27;[0m&amp#27;[38;5;229m[ADB]&amp#27;[0m Current device property 'ro.build.version.sdk': 35
&amp#27;[38;5;54m[02d79145]&amp#27;[0m&amp#27;[38;5;229m[ADB]&amp#27;[0m Getting device platform version
&amp#27;[38;5;54m[02d79145]&amp#27;[0m&amp#27;[38;5;229m[ADB]&amp#27;[0m Running 'C:\Users\Harsh Vardhan Singh\AppData\Local\Android\Sdk\platform-tools\adb.exe -P 5037 -s emulator-5554 shell getprop ro.build.version.release'
&amp#27;[38;5;54m[02d79145]&amp#27;[0m&amp#27;[38;5;229m[ADB]&amp#27;[0m Current device property 'ro.build.version.release': 15
&amp#27;[38;5;54m[02d79145]&amp#27;[0m&amp#27;[38;5;229m[ADB]&amp#27;[0m Device API level: 35
&amp#27;[38;5;54m[02d79145]&amp#27;[0m&amp#27;[38;5;7m[AndroidUiautomator2Driver@ac91]&amp#27;[0m Relaxing hidden api policy
&amp#27;[38;5;54m[02d79145]&amp#27;[0m&amp#27;[38;5;229m[ADB]&amp#27;[0m Running 'C:\Users\Harsh Vardhan Singh\AppData\Local\Android\Sdk\platform-tools\adb.exe -P 5037 -s emulator-5554 shell 'settings put global hidden_api_policy_pre_p_apps 1;settings put global hidden_api_policy_p_apps 1;settings put global hidden_api_policy 1''
&amp#27;[38;5;54m[02d79145]&amp#27;[0m&amp#27;[38;5;7m[AndroidUiautomator2Driver@ac91]&amp#27;[0m Parsing package and activity from app manifest
&amp#27;[38;5;54m[02d79145]&amp#27;[0m&amp#27;[38;5;229m[ADB]&amp#27;[0m Running 'C:\Users\Harsh Vardhan Singh\AppData\Local\Android\Sdk\platform-tools\adb.exe -P 5037 -s emulator-5554 wait-for-device'
&amp#27;[38;5;54m[02d79145]&amp#27;[0m&amp#27;[38;5;229m[ADB]&amp#27;[0m Using 'aapt2.exe' from 'C:\Users\Harsh Vardhan Singh\AppData\Local\Android\Sdk\build-tools\35.0.0\aapt2.exe'
&amp#27;[38;5;54m[02d79145]&amp#27;[0m&amp#27;[38;5;229m[ADB]&amp#27;[0m Reading package manifest: ''C:\\Users\\Harsh Vardhan Singh\\AppData\\Local\\Android\\Sdk\\build-tools\\35.0.0\\aapt2.exe' dump badging 'D:\\Android Automation Framework\\Android_Framework\\App\\General-Store.apk''
&amp#27;[38;5;54m[02d79145]&amp#27;[0m&amp#27;[38;5;229m[ADB]&amp#27;[0m Running 'C:\Users\Harsh Vardhan Singh\AppData\Local\Android\Sdk\platform-tools\adb.exe -P 5037 -s emulator-5554 shell echo ping'
&amp#27;[38;5;54m[02d79145]&amp#27;[0m&amp#27;[38;5;229m[ADB]&amp#27;[0m Package name: 'com.androidsample.generalstore'
&amp#27;[38;5;54m[02d79145]&amp#27;[0m&amp#27;[38;5;229m[ADB]&amp#27;[0m Main activity name: 'com.androidsample.generalstore.SplashActivity'
&amp#27;[38;5;54m[02d79145]&amp#27;[0m&amp#27;[38;5;7m[AndroidUiautomator2Driver@ac91]&amp#27;[0m Parsed package and activity are: com.androidsample.generalstore/com.androidsample.generalstore.SplashActivity
&amp#27;[38;5;54m[02d79145]&amp#27;[0m&amp#27;[38;5;7m[AndroidUiautomator2Driver@ac91]&amp#27;[0m Pushing settings apk to the device...
&amp#27;[38;5;54m[02d79145]&amp#27;[0m&amp#27;[38;5;229m[ADB]&amp#27;[0m Getting package info for 'io.appium.settings'
&amp#27;[38;5;54m[02d79145]&amp#27;[0m&amp#27;[38;5;229m[ADB]&amp#27;[0m Running 'C:\Users\Harsh Vardhan Singh\AppData\Local\Android\Sdk\platform-tools\adb.exe -P 5037 -s emulator-5554 shell dumpsys package io.appium.settings'
&amp#27;[38;5;54m[02d79145]&amp#27;[0m&amp#27;[38;5;229m[ADB]&amp#27;[0m Reading package manifest: ''C:\\Users\\Harsh Vardhan Singh\\AppData\\Local\\Android\\Sdk\\build-tools\\35.0.0\\aapt2.exe' dump badging 'C:\\Users\\Harsh Vardhan Singh\\.appium\\node_modules\\appium-uiautomator2-driver\\node_modules\\io.appium.settings\\apks\\settings_apk-debug.apk''
&amp#27;[38;5;54m[02d79145]&amp#27;[0m&amp#27;[38;5;229m[ADB]&amp#27;[0m The version name of the installed 'io.appium.settings' is greater or equal to the application version name ('5.12.16' >= '5.12.16')
&amp#27;[38;5;54m[02d79145]&amp#27;[0m&amp#27;[38;5;229m[ADB]&amp#27;[0m There is no need to install/upgrade 'C:\Users\Harsh Vardhan Singh\.appium\node_modules\appium-uiautomator2-driver\node_modules\io.appium.settings\apks\settings_apk-debug.apk'
&amp#27;[38;5;54m[02d79145]&amp#27;[0m&amp#27;[38;5;229m[ADB]&amp#27;[0m Running 'C:\Users\Harsh Vardhan Singh\AppData\Local\Android\Sdk\platform-tools\adb.exe -P 5037 -s emulator-5554 shell dumpsys activity services io.appium.settings'
&amp#27;[38;5;54m[02d79145]&amp#27;[0m&amp#27;[38;5;7m[AndroidUiautomator2Driver@ac91]&amp#27;[0m io.appium.settings is already running. There is no need to reset its permissions.
&amp#27;[38;5;54m[02d79145]&amp#27;[0m&amp#27;[38;5;160m[Logcat]&amp#27;[0m Starting logs capture with command: 'C:\\Users\\Harsh Vardhan Singh\\AppData\\Local\\Android\\Sdk\\platform-tools\\adb.exe' -P 5037 -s emulator-5554 logcat -v threadtime
&amp#27;[38;5;54m[02d79145]&amp#27;[0m&amp#27;[38;5;7m[AndroidUiautomator2Driver@ac91]&amp#27;[0m Forwarding UiAutomator2 Server port 6790 to local port 8200
&amp#27;[38;5;54m[02d79145]&amp#27;[0m&amp#27;[38;5;229m[ADB]&amp#27;[0m Forwarding system: 8200 to device: 6790
&amp#27;[38;5;54m[02d79145]&amp#27;[0m&amp#27;[38;5;229m[ADB]&amp#27;[0m Running 'C:\Users\Harsh Vardhan Singh\AppData\Local\Android\Sdk\platform-tools\adb.exe -P 5037 -s emulator-5554 forward tcp:8200 tcp:6790'
&amp#27;[38;5;54m[02d79145]&amp#27;[0m&amp#27;[38;5;229m[ADB]&amp#27;[0m Getting package info for 'io.appium.uiautomator2.server'
&amp#27;[38;5;54m[02d79145]&amp#27;[0m&amp#27;[38;5;229m[ADB]&amp#27;[0m Running 'C:\Users\Harsh Vardhan Singh\AppData\Local\Android\Sdk\platform-tools\adb.exe -P 5037 -s emulator-5554 shell dumpsys package io.appium.uiautomator2.server'
&amp#27;[38;5;54m[02d79145]&amp#27;[0m&amp#27;[38;5;229m[ADB]&amp#27;[0m Getting install status for io.appium.uiautomator2.server.test
&amp#27;[38;5;54m[02d79145]&amp#27;[0m&amp#27;[38;5;229m[ADB]&amp#27;[0m Checking app cert for D:\Android Automation Framework\Android_Framework\App\General-Store.apk
&amp#27;[38;5;54m[02d79145]&amp#27;[0m&amp#27;[38;5;229m[ADB]&amp#27;[0m Running 'C:\Users\Harsh Vardhan Singh\AppData\Local\Android\Sdk\platform-tools\adb.exe -P 5037 -s emulator-5554 shell cmd package list packages'
&amp#27;[38;5;54m[02d79145]&amp#27;[0m&amp#27;[38;5;229m[ADB]&amp#27;[0m Using 'apksigner.jar' from 'C:\Users\Harsh Vardhan Singh\AppData\Local\Android\Sdk\build-tools\35.0.0\lib\apksigner.jar'
&amp#27;[38;5;54m[02d79145]&amp#27;[0m&amp#27;[38;5;229m[ADB]&amp#27;[0m Reading package manifest: ''C:\\Users\\Harsh Vardhan Singh\\AppData\\Local\\Android\\Sdk\\build-tools\\35.0.0\\aapt2.exe' dump badging 'C:\\Users\\Harsh Vardhan Singh\\.appium\\node_modules\\appium-uiautomator2-driver\\node_modules\\appium-uiautomator2-server\\apks\\appium-uiautomator2-server-v7.1.1.apk''
&amp#27;[38;5;54m[02d79145]&amp#27;[0m&amp#27;[38;5;229m[ADB]&amp#27;[0m 'io.appium.uiautomator2.server.test' is installed
&amp#27;[38;5;54m[02d79145]&amp#27;[0m&amp#27;[38;5;229m[ADB]&amp#27;[0m Starting apksigner: 'C:\\Program Files\\Common Files\\Oracle\\Java\\javapath\\java.exe' -Xmx1024M -Xss1m -jar 'C:\\Users\\Harsh Vardhan Singh\\AppData\\Local\\Android\\Sdk\\build-tools\\35.0.0\\lib\\apksigner.jar' verify --print-certs 'D:\\Android Automation Framework\\Android_Framework\\App\\General-Store.apk'
&amp#27;[38;5;54m[02d79145]&amp#27;[0m&amp#27;[38;5;229m[ADB]&amp#27;[0m The version name of the installed 'io.appium.uiautomator2.server' is greater or equal to the application version name ('7.1.1' >= '7.1.1')
&amp#27;[38;5;54m[02d79145]&amp#27;[0m&amp#27;[38;5;7m[AndroidUiautomator2Driver@ac91]&amp#27;[0m Server packages status: [{"installState":"sameVersionInstalled","appPath":"C:\\Users\\Harsh Vardhan Singh\\.appium\\node_modules\\appium-uiautomator2-driver\\node_modules\\appium-uiautomator2-server\\apks\\appium-uiautomator2-server-v7.1.1.apk","appId":"io.appium.uiautomator2.server"},{"installState":"sameVersionInstalled","appPath":"C:\\Users\\Harsh Vardhan Singh\\.appium\\node_modules\\appium-uiautomator2-driver\\node_modules\\appium-uiautomator2-server\\apks\\appium-uiautomator2-server-debug-androidTest.apk","appId":"io.appium.uiautomator2.server.test"}]
&amp#27;[38;5;54m[02d79145]&amp#27;[0m&amp#27;[38;5;7m[AndroidUiautomator2Driver@ac91]&amp#27;[0m Server packages are not going to be (re)installed
&amp#27;[38;5;54m[02d79145]&amp#27;[0m&amp#27;[38;5;7m[AndroidUiautomator2Driver@ac91]&amp#27;[0m Waiting up to 30000ms for services to be available
&amp#27;[38;5;54m[02d79145]&amp#27;[0m&amp#27;[38;5;229m[ADB]&amp#27;[0m Running 'C:\Users\Harsh Vardhan Singh\AppData\Local\Android\Sdk\platform-tools\adb.exe -P 5037 -s emulator-5554 shell pm list instrumentation'
&amp#27;[38;5;54m[02d79145]&amp#27;[0m&amp#27;[38;5;7m[AndroidUiautomator2Driver@ac91]&amp#27;[0m Instrumentation target 'io.appium.uiautomator2.server.test/androidx.test.runner.AndroidJUnitRunner' is available
&amp#27;[38;5;54m[02d79145]&amp#27;[0m&amp#27;[38;5;229m[ADB]&amp#27;[0m Adding packages ["io.appium.settings","io.appium.uiautomator2.server","io.appium.uiautomator2.server.test"] to Doze whitelist
&amp#27;[38;5;54m[02d79145]&amp#27;[0m&amp#27;[38;5;229m[ADB]&amp#27;[0m Got the following command chunks to execute: [["dumpsys","deviceidle","whitelist","+io.appium.settings",";","dumpsys","deviceidle","whitelist","+io.appium.uiautomator2.server",";","dumpsys","deviceidle","whitelist","+io.appium.uiautomator2.server.test",";"]]
&amp#27;[38;5;54m[02d79145]&amp#27;[0m&amp#27;[38;5;229m[ADB]&amp#27;[0m Running 'C:\Users\Harsh Vardhan Singh\AppData\Local\Android\Sdk\platform-tools\adb.exe -P 5037 -s emulator-5554 shell dumpsys deviceidle whitelist +io.appium.settings ; dumpsys deviceidle whitelist +io.appium.uiautomator2.server ; dumpsys deviceidle whitelist +io.appium.uiautomator2.server.test ;'
&amp#27;[38;5;54m[02d79145]&amp#27;[0m&amp#27;[38;5;229m[ADB]&amp#27;[0m apksigner stdout: Signer #1 certificate DN: EMAILADDRESS=android@android.com, CN=Android, OU=Android, O=Android, L=Mountain View, ST=California, C=US
Signer #1 certificate SHA-256 digest: a40da80a59d170caa950cf15c18c454d47a39b26989d8b640ecd745ba71bf5dc
Signer #1 certificate SHA-1 digest: 61ed377e85d386a8dfee6b864bd85b0bfaa5af81
Signer #1 certificate MD5 digest: e89b158e4bcf988ebd09eb83f5378e87

&amp#27;[38;5;54m[02d79145]&amp#27;[0m&amp#27;[38;5;229m[ADB]&amp#27;[0m sha256 hash did match for 'General-Store.apk'
&amp#27;[38;5;54m[02d79145]&amp#27;[0m&amp#27;[38;5;229m[ADB]&amp#27;[0m 'D:\Android Automation Framework\Android_Framework\App\General-Store.apk' is signed with the default certificate
&amp#27;[38;5;54m[02d79145]&amp#27;[0m&amp#27;[38;5;229m[ADB]&amp#27;[0m Getting package info for 'com.androidsample.generalstore'
&amp#27;[38;5;54m[02d79145]&amp#27;[0m&amp#27;[38;5;229m[ADB]&amp#27;[0m Running 'C:\Users\Harsh Vardhan Singh\AppData\Local\Android\Sdk\platform-tools\adb.exe -P 5037 -s emulator-5554 shell dumpsys package com.androidsample.generalstore'
&amp#27;[38;5;54m[02d79145]&amp#27;[0m&amp#27;[38;5;229m[ADB]&amp#27;[0m Reading package manifest: ''C:\\Users\\Harsh Vardhan Singh\\AppData\\Local\\Android\\Sdk\\build-tools\\35.0.0\\aapt2.exe' dump badging 'D:\\Android Automation Framework\\Android_Framework\\App\\General-Store.apk''
&amp#27;[38;5;54m[02d79145]&amp#27;[0m&amp#27;[38;5;229m[ADB]&amp#27;[0m The version name of the installed 'com.androidsample.generalstore' is greater or equal to the application version name ('1.0.0' >= '1.0.0')
&amp#27;[38;5;54m[02d79145]&amp#27;[0m&amp#27;[38;5;229m[ADB]&amp#27;[0m There is no need to install/upgrade 'D:\Android Automation Framework\Android_Framework\App\General-Store.apk'
&amp#27;[38;5;54m[02d79145]&amp#27;[0m&amp#27;[38;5;7m[AndroidUiautomator2Driver@ac91]&amp#27;[0m Performing fast reset on 'com.androidsample.generalstore'
&amp#27;[38;5;54m[02d79145]&amp#27;[0m&amp#27;[38;5;229m[ADB]&amp#27;[0m Getting install status for com.androidsample.generalstore
&amp#27;[38;5;54m[02d79145]&amp#27;[0m&amp#27;[38;5;229m[ADB]&amp#27;[0m Running 'C:\Users\Harsh Vardhan Singh\AppData\Local\Android\Sdk\platform-tools\adb.exe -P 5037 -s emulator-5554 shell cmd package list packages'
&amp#27;[38;5;54m[02d79145]&amp#27;[0m&amp#27;[38;5;229m[ADB]&amp#27;[0m 'com.androidsample.generalstore' is installed
&amp#27;[38;5;54m[02d79145]&amp#27;[0m&amp#27;[38;5;229m[ADB]&amp#27;[0m Running 'C:\Users\Harsh Vardhan Singh\AppData\Local\Android\Sdk\platform-tools\adb.exe -P 5037 -s emulator-5554 shell am force-stop com.androidsample.generalstore'
&amp#27;[38;5;54m[02d79145]&amp#27;[0m&amp#27;[38;5;229m[ADB]&amp#27;[0m Running 'C:\Users\Harsh Vardhan Singh\AppData\Local\Android\Sdk\platform-tools\adb.exe -P 5037 -s emulator-5554 shell pm clear com.androidsample.generalstore'
&amp#27;[38;5;54m[02d79145]&amp#27;[0m&amp#27;[38;5;7m[AndroidUiautomator2Driver@ac91]&amp#27;[0m Performed fast reset on the installed 'com.androidsample.generalstore' application (stop and clear)
&amp#27;[38;5;54m[02d79145]&amp#27;[0m&amp#27;[38;5;7m[AndroidUiautomator2Driver@ac91]&amp#27;[0m Performing shallow cleanup of automation leftovers
&amp#27;[38;5;54m[02d79145]&amp#27;[0m&amp#27;[38;5;7m[AndroidUiautomator2Driver@ac91]&amp#27;[0m No obsolete sessions have been detected (socket hang up)
&amp#27;[38;5;54m[02d79145]&amp#27;[0m&amp#27;[38;5;229m[ADB]&amp#27;[0m Running 'C:\Users\Harsh Vardhan Singh\AppData\Local\Android\Sdk\platform-tools\adb.exe -P 5037 -s emulator-5554 shell am force-stop io.appium.uiautomator2.server'
&amp#27;[38;5;54m[02d79145]&amp#27;[0m&amp#27;[38;5;229m[ADB]&amp#27;[0m Running 'C:\Users\Harsh Vardhan Singh\AppData\Local\Android\Sdk\platform-tools\adb.exe -P 5037 -s emulator-5554 shell am force-stop io.appium.uiautomator2.server.test'
&amp#27;[38;5;54m[02d79145]&amp#27;[0m&amp#27;[38;5;7m[AndroidUiautomator2Driver@ac91]&amp#27;[0m Starting UIAutomator2 server 7.1.1
&amp#27;[38;5;54m[02d79145]&amp#27;[0m&amp#27;[38;5;7m[AndroidUiautomator2Driver@ac91]&amp#27;[0m Using UIAutomator2 server from 'C:\Users\Harsh Vardhan Singh\.appium\node_modules\appium-uiautomator2-driver\node_modules\appium-uiautomator2-server\apks\appium-uiautomator2-server-v7.1.1.apk' and test from 'C:\Users\Harsh Vardhan Singh\.appium\node_modules\appium-uiautomator2-driver\node_modules\appium-uiautomator2-server\apks\appium-uiautomator2-server-debug-androidTest.apk'
&amp#27;[38;5;54m[02d79145]&amp#27;[0m&amp#27;[38;5;7m[AndroidUiautomator2Driver@ac91]&amp#27;[0m Waiting up to 30000ms for UiAutomator2 to be online...
&amp#27;[38;5;54m[02d79145]&amp#27;[0m&amp#27;[38;5;229m[ADB]&amp#27;[0m Creating ADB subprocess with args: ["-P","5037","-s","emulator-5554","shell","am","instrument","-w","-e","disableAnalytics","true","io.appium.uiautomator2.server.test/androidx.test.runner.AndroidJUnitRunner"]
&amp#27;[38;5;54m[02d79145]&amp#27;[0m&amp#27;[38;5;7m[AndroidUiautomator2Driver@ac91]&amp#27;[0m Matched '/status' to command name 'getStatus'
&amp#27;[38;5;54m[02d79145]&amp#27;[0m&amp#27;[38;5;7m[AndroidUiautomator2Driver@ac91]&amp#27;[0m Proxying [GET /status] to [GET http://127.0.0.1:8200/status] with no body
&amp#27;[38;5;54m[02d79145]&amp#27;[0m&amp#27;[38;5;7m[AndroidUiautomator2Driver@ac91]&amp#27;[0m socket hang up
&amp#27;[38;5;54m[02d79145]&amp#27;[0m&amp#27;[38;5;7m[AndroidUiautomator2Driver@ac91]&amp#27;[0m [Instrumentation] 
&amp#27;[38;5;54m[02d79145]&amp#27;[0m&amp#27;[38;5;7m[AndroidUiautomator2Driver@ac91]&amp#27;[0m Matched '/status' to command name 'getStatus'
&amp#27;[38;5;54m[02d79145]&amp#27;[0m&amp#27;[38;5;7m[AndroidUiautomator2Driver@ac91]&amp#27;[0m Proxying [GET /status] to [GET http://127.0.0.1:8200/status] with no body
&amp#27;[38;5;54m[02d79145]&amp#27;[0m&amp#27;[38;5;7m[AndroidUiautomator2Driver@ac91]&amp#27;[0m socket hang up
&amp#27;[38;5;54m[02d79145]&amp#27;[0m&amp#27;[38;5;7m[AndroidUiautomator2Driver@ac91]&amp#27;[0m Matched '/status' to command name 'getStatus'
&amp#27;[38;5;54m[02d79145]&amp#27;[0m&amp#27;[38;5;7m[AndroidUiautomator2Driver@ac91]&amp#27;[0m Proxying [GET /status] to [GET http://127.0.0.1:8200/status] with no body
&amp#27;[38;5;54m[02d79145]&amp#27;[0m&amp#27;[38;5;7m[AndroidUiautomator2Driver@ac91]&amp#27;[0m Got response with status 200: {"sessionId":"None","value":{"message":"UiAutomator2 Server is ready to accept commands","ready":true}}
&amp#27;[38;5;54m[02d79145]&amp#27;[0m&amp#27;[38;5;7m[AndroidUiautomator2Driver@ac91]&amp#27;[0m The initialization of the instrumentation process took 2200ms
&amp#27;[38;5;54m[02d79145]&amp#27;[0m&amp#27;[38;5;7m[AndroidUiautomator2Driver@ac91]&amp#27;[0m Matched '/session' to command name 'createSession'
&amp#27;[38;5;54m[02d79145]&amp#27;[0m&amp#27;[38;5;7m[AndroidUiautomator2Driver@ac91]&amp#27;[0m Proxying [POST /session] to [POST http://127.0.0.1:8200/session] with body: {"capabilities":{"firstMatch":[{"platformName":"ANDROID","chromedriverUseSystemExecutable":true,"deviceName":"emulator-5554","automationName":"UIAutomator2","app":"D:\\Android Automation Framework\\Android_Framework\\App\\General-Store.apk","platform":"LINUX","webStorageEnabled":false,"takesScreenshot":true,"javascriptEnabled":true,"databaseEnabled":false,"networkConnectionEnabled":true,"locationContextEnabled":false,"warnings":{},"desired":{"platformName":"ANDROID","chromedriverUseSystemExecutable":true,"deviceName":"HarshEmulator","automationName":"UIAutomator2","app":"D:\\Android Automation Framework\\Android_Framework\\App\\General-Store.apk"},"deviceUDID":"emulator-5554","appPackage":"com.androidsample.generalstore"}],"alwaysMatch":{}}}
&amp#27;[38;5;54m[02d79145]&amp#27;[0m&amp#27;[38;5;7m[AndroidUiautomator2Driver@ac91]&amp#27;[0m Got response with status 200: {"sessionId":"62b31bc9-6116-4773-ad96-4ed1124c7963","value":{"capabilities":{"firstMatch":[{"platformName":"ANDROID","chromedriverUseSystemExecutable":true,"deviceName":"emulator-5554","automationName":"UIAutomator2","app":"D:\\Android Automation Framework\\Android_Framework\\App\\General-Store.apk","platform":"LINUX","webStorageEnabled":false,"takesScreenshot":true,"javascriptEnabled":true,"databaseEnabled":false,"networkConnectionEnabled":true,"locationContextEnabled":false,"warnings":{},"desired":{"platformName":"ANDROID","chromedriverUseSystemExecutable":true,"deviceName":"HarshEmulator","automationName":"UIAutomator2","app":"D:\\Android Automation Framework\\Android_Framework\\App\\General-Store.apk"},"deviceUDID":"emulator-5554","appPackage":"com.androidsample.generalstore"}],"alwaysMatch":{}},"sessionId":"62b31bc9-6116-4773-ad96-4ed1124c7963"}}
&amp#27;[38;5;54m[02d79145]&amp#27;[0m&amp#27;[38;5;7m[AndroidUiautomator2Driver@ac91]&amp#27;[0m Determined the downstream protocol as 'W3C'
&amp#27;[38;5;54m[02d79145]&amp#27;[0m&amp#27;[38;5;7m[AndroidUiautomator2Driver@ac91]&amp#27;[0m Proxying [GET /appium/device/pixel_ratio] to [GET http://127.0.0.1:8200/session/62b31bc9-6116-4773-ad96-4ed1124c7963/appium/device/pixel_ratio] with no body
&amp#27;[38;5;54m[02d79145]&amp#27;[0m&amp#27;[38;5;7m[AndroidUiautomator2Driver@ac91]&amp#27;[0m Matched '/appium/device/system_bars' to command name 'getSystemBars'
&amp#27;[38;5;54m[02d79145]&amp#27;[0m&amp#27;[38;5;7m[AndroidUiautomator2Driver@ac91]&amp#27;[0m Proxying [GET /appium/device/system_bars] to [GET http://127.0.0.1:8200/session/62b31bc9-6116-4773-ad96-4ed1124c7963/appium/device/system_bars] with no body
&amp#27;[38;5;54m[02d79145]&amp#27;[0m&amp#27;[38;5;7m[AndroidUiautomator2Driver@ac91]&amp#27;[0m Matched '/window/current/size' to command name 'getWindowSize'
&amp#27;[38;5;54m[02d79145]&amp#27;[0m&amp#27;[38;5;7m[AndroidUiautomator2Driver@ac91]&amp#27;[0m Proxying [GET /window/current/size] to [GET http://127.0.0.1:8200/session/62b31bc9-6116-4773-ad96-4ed1124c7963/window/current/size] with no body
&amp#27;[38;5;54m[02d79145]&amp#27;[0m&amp#27;[38;5;7m[AndroidUiautomator2Driver@ac91]&amp#27;[0m Proxying [GET /appium/device/info] to [GET http://127.0.0.1:8200/session/62b31bc9-6116-4773-ad96-4ed1124c7963/appium/device/info] with no body
&amp#27;[38;5;54m[02d79145]&amp#27;[0m&amp#27;[38;5;229m[ADB]&amp#27;[0m Running 'C:\Users\Harsh Vardhan Singh\AppData\Local\Android\Sdk\platform-tools\adb.exe -P 5037 -s emulator-5554 shell dumpsys window'
&amp#27;[38;5;54m[02d79145]&amp#27;[0m&amp#27;[38;5;229m[ADB]&amp#27;[0m Running 'C:\Users\Harsh Vardhan Singh\AppData\Local\Android\Sdk\platform-tools\adb.exe -P 5037 -s emulator-5554 shell dumpsys power'
&amp#27;[38;5;54m[02d79145]&amp#27;[0m&amp#27;[38;5;7m[AndroidUiautomator2Driver@ac91]&amp#27;[0m Got response with status 200: {"sessionId":"62b31bc9-6116-4773-ad96-4ed1124c7963","value":2.75}
&amp#27;[38;5;54m[02d79145]&amp#27;[0m&amp#27;[38;5;7m[AndroidUiautomator2Driver@ac91]&amp#27;[0m Got response with status 200: {"sessionId":"62b31bc9-6116-4773-ad96-4ed1124c7963","value":{"height":2280,"width":1080}}
&amp#27;[38;5;54m[02d79145]&amp#27;[0m&amp#27;[38;5;7m[AndroidUiautomator2Driver@ac91]&amp#27;[0m Got response with status 200: {"sessionId":"62b31bc9-6116-4773-ad96-4ed1124c7963","value":{"statusBar":83}}
&amp#27;[38;5;54m[02d79145]&amp#27;[0m&amp#27;[38;5;7m[AndroidUiautomator2Driver@ac91]&amp#27;[0m Screen already unlocked, doing nothing
&amp#27;[38;5;54m[02d79145]&amp#27;[0m&amp#27;[38;5;7m[AndroidUiautomator2Driver@ac91]&amp#27;[0m Starting 'com.androidsample.generalstore/com.androidsample.generalstore.SplashActivity and waiting for 'com.androidsample.generalstore/com.androidsample.generalstore.SplashActivity'
&amp#27;[38;5;54m[02d79145]&amp#27;[0m&amp#27;[38;5;229m[ADB]&amp#27;[0m Running 'C:\Users\Harsh Vardhan Singh\AppData\Local\Android\Sdk\platform-tools\adb.exe -P 5037 -s emulator-5554 shell am start -W -n com.androidsample.generalstore/com.androidsample.generalstore.SplashActivity -S -a android.intent.action.MAIN -c android.intent.category.LAUNCHER -f 0x10200000'
&amp#27;[38;5;54m[02d79145]&amp#27;[0m&amp#27;[38;5;7m[AndroidUiautomator2Driver@ac91]&amp#27;[0m Got response with status 200: {"sessionId":"62b31bc9-6116-4773-ad96-4ed1124c7963","value":{"androidId":"1ff6e7570d05646c","apiVersion":"35","bluetooth":{"state":"ON"},"brand":"google","carrierName":"T-Mobile","displayDensity":440,"locale":"en_US","manufacturer":"Google","model":"sdk_gphone64_x86_64","networks":[{"capabilities":{"SSID":null,"linkDownBandwidthKbps":4300,"linkUpstreamBandwidthKbps":1800,"networkCapabilities":"NET_CAPABILITY_MMS,NET_CAPABILITY_SUPL,NET_CAPABILITY_IA,NET_CAPABILITY_XCAP,NET_CAPABILITY_INTERNET,NET_CAPABILITY_NOT_RESTRICTED,NET_CAPABILITY_TRUSTED,NET_CAPABILITY_NOT_VPN,NET_CAPABILITY_VALIDATED,NET_CAPABILITY_NOT_ROAMING,NET_CAPABILITY_NOT_CONGESTED,NET_CAPABILITY_NOT_SUSPENDED","signalStrength":-2147483648,"transportTypes":"TRANSPORT_CELLULAR"},"detailedState":"CONNECTED","extraInfo":"fast.t-mobile.com","isAvailable":true,"isConnected":true,"isFailover":false,"isRoaming":false,"state":"CONNECTED","subtype":10,"subtypeName":"HSPA","type":0,"typeName":"MOBILE"},{"capabilities":{"SSID":null,"linkDownBandwidthKb...
&amp#27;[38;5;54m[02d79145]&amp#27;[0m&amp#27;[38;5;229m[ADB]&amp#27;[0m Waiting up to 20000ms for activity matching pkg: 'com.androidsample.generalstore' and activity: 'com.androidsample.generalstore.SplashActivity' to be focused
&amp#27;[38;5;54m[02d79145]&amp#27;[0m&amp#27;[38;5;229m[ADB]&amp#27;[0m Possible activities, to be checked: 'com.androidsample.generalstore.SplashActivity', 'com.androidsample.generalstore.com.androidsample.generalstore.SplashActivity'
&amp#27;[38;5;54m[02d79145]&amp#27;[0m&amp#27;[38;5;229m[ADB]&amp#27;[0m Getting focused package and activity
&amp#27;[38;5;54m[02d79145]&amp#27;[0m&amp#27;[38;5;229m[ADB]&amp#27;[0m Running 'C:\Users\Harsh Vardhan Singh\AppData\Local\Android\Sdk\platform-tools\adb.exe -P 5037 -s emulator-5554 shell dumpsys window displays'
&amp#27;[38;5;54m[02d79145]&amp#27;[0m&amp#27;[38;5;229m[ADB]&amp#27;[0m Found package: 'com.androidsample.generalstore' and fully qualified activity name : 'com.androidsample.generalstore.SplashActivity'
&amp#27;[38;5;54m[02d79145]&amp#27;[0m&amp#27;[38;5;187m[AppiumDriver@58bb]&amp#27;[0m New AndroidUiautomator2Driver session created successfully, session 02d79145-1b8f-4c24-8f26-e664fe500536 added to master session list
&amp#27;[38;5;54m[02d79145]&amp#27;[0m&amp#27;[38;5;187m[AppiumDriver@58bb]&amp#27;[0m Event 'newSessionStarted' logged at 1732112641006 (19:54:01 GMT+0530 (India Standard Time))
&amp#27;[38;5;54m[02d79145]&amp#27;[0m&amp#27;[38;5;7m[AndroidUiautomator2Driver@ac91]&amp#27;[0m Cached the protocol value 'W3C' for the new session 02d79145-1b8f-4c24-8f26-e664fe500536
&amp#27;[38;5;54m[02d79145]&amp#27;[0m&amp#27;[38;5;7m[AndroidUiautomator2Driver@ac91]&amp#27;[0m Responding to client with driver.createSession() result: {"capabilities":{"platformName":"ANDROID","chromedriverUseSystemExecutable":true,"deviceName":"emulator-5554","automationName":"UIAutomator2","app":"D:\\Android Automation Framework\\Android_Framework\\App\\General-Store.apk","platform":"LINUX","webStorageEnabled":false,"takesScreenshot":true,"javascriptEnabled":true,"databaseEnabled":false,"networkConnectionEnabled":true,"locationContextEnabled":false,"warnings":{},"desired":{"platformName":"ANDROID","chromedriverUseSystemExecutable":true,"deviceName":"HarshEmulator","automationName":"UIAutomator2","app":"D:\\Android Automation Framework\\Android_Framework\\App\\General-Store.apk"},"deviceUDID":"emulator-5554","appPackage":"com.androidsample.generalstore","pixelRatio":"2.75","statBarHeight":83,"viewportRect":{"left":0,"top":83,"width":1080,"height":2197},"deviceApiLevel":35,"platformVersion":"15","deviceManufacturer":"Google","deviceModel":"sdk_gphone64_x86_64","deviceScreenSize":"1080x2280","deviceScreenDensity":440}}
&amp#27;[38;5;54m[02d79145]&amp#27;[0m&amp#27;[38;5;86m[HTTP]&amp#27;[0m &amp#27;[37m<-- POST /session &amp#27;[39m&amp#27;[32m200&amp#27;[39m &amp#27;[90m4401 ms - 1045&amp#27;[39m &amp#27;[90m&amp#27;[39m
&amp#27;[38;5;54m[02d79145]&amp#27;[0m&amp#27;[38;5;86m[HTTP]&amp#27;[0m &amp#27;[37m-->&amp#27;[39m &amp#27;[37mPOST&amp#27;[39m &amp#27;[37m/session/02d79145-1b8f-4c24-8f26-e664fe500536/timeouts&amp#27;[39m &amp#27;[90m{"implicit":20000}&amp#27;[39m
&amp#27;[38;5;54m[02d79145]&amp#27;[0m&amp#27;[38;5;7m[AndroidUiautomator2Driver@ac91]&amp#27;[0m Calling AppiumDriver.timeouts() with args: [null,null,null,null,20000,"02d79145-1b8f-4c24-8f26-e664fe500536"]
&amp#27;[38;5;54m[02d79145]&amp#27;[0m&amp#27;[38;5;7m[AndroidUiautomator2Driver@ac91]&amp#27;[0m W3C timeout argument: {"implicit":20000}}
&amp#27;[38;5;54m[02d79145]&amp#27;[0m&amp#27;[38;5;7m[AndroidUiautomator2Driver@ac91]&amp#27;[0m Set implicit wait to 20000ms
&amp#27;[38;5;54m[02d79145]&amp#27;[0m&amp#27;[38;5;7m[AndroidUiautomator2Driver@ac91]&amp#27;[0m Responding to client with driver.timeouts() result: null
&amp#27;[38;5;54m[02d79145]&amp#27;[0m&amp#27;[38;5;86m[HTTP]&amp#27;[0m &amp#27;[37m<-- POST /session/02d79145-1b8f-4c24-8f26-e664fe500536/timeouts &amp#27;[39m&amp#27;[32m200&amp#27;[39m &amp#27;[90m2 ms - 14&amp#27;[39m &amp#27;[90m&amp#27;[39m
&amp#27;[38;5;54m[02d79145]&amp#27;[0m&amp#27;[38;5;86m[HTTP]&amp#27;[0m &amp#27;[37m-->&amp#27;[39m &amp#27;[37mGET&amp#27;[39m &amp#27;[37m/session/02d79145-1b8f-4c24-8f26-e664fe500536/context&amp#27;[39m &amp#27;[90m{}&amp#27;[39m
&amp#27;[38;5;54m[02d79145]&amp#27;[0m&amp#27;[38;5;7m[AndroidUiautomator2Driver@ac91]&amp#27;[0m Calling AppiumDriver.getCurrentContext() with args: ["02d79145-1b8f-4c24-8f26-e664fe500536"]
&amp#27;[38;5;54m[02d79145]&amp#27;[0m&amp#27;[38;5;7m[AndroidUiautomator2Driver@ac91]&amp#27;[0m Responding to client with driver.getCurrentContext() result: "NATIVE_APP"
&amp#27;[38;5;54m[02d79145]&amp#27;[0m&amp#27;[38;5;86m[HTTP]&amp#27;[0m &amp#27;[37m<-- GET /session/02d79145-1b8f-4c24-8f26-e664fe500536/context &amp#27;[39m&amp#27;[32m200&amp#27;[39m &amp#27;[90m2 ms - 22&amp#27;[39m &amp#27;[90m&amp#27;[39m
&amp#27;[38;5;54m[02d79145]&amp#27;[0m&amp#27;[38;5;86m[HTTP]&amp#27;[0m &amp#27;[37m-->&amp#27;[39m &amp#27;[37mPOST&amp#27;[39m &amp#27;[37m/session/02d79145-1b8f-4c24-8f26-e664fe500536/element&amp#27;[39m &amp#27;[90m{"value":"com.androidsample.generalstore:id/nameField","using":"id"}&amp#27;[39m
&amp#27;[38;5;54m[02d79145]&amp#27;[0m&amp#27;[38;5;7m[AndroidUiautomator2Driver@ac91]&amp#27;[0m Calling AppiumDriver.findElement() with args: ["id","com.androidsample.generalstore:id/nameField","02d79145-1b8f-4c24-8f26-e664fe500536"]
&amp#27;[38;5;54m[02d79145]&amp#27;[0m&amp#27;[38;5;7m[AndroidUiautomator2Driver@ac91]&amp#27;[0m Valid locator strategies for this request: xpath, id, class name, accessibility id, css selector, -android uiautomator
&amp#27;[38;5;54m[02d79145]&amp#27;[0m&amp#27;[38;5;7m[AndroidUiautomator2Driver@ac91]&amp#27;[0m Waiting up to 20000 ms for condition
&amp#27;[38;5;54m[02d79145]&amp#27;[0m&amp#27;[38;5;7m[AndroidUiautomator2Driver@ac91]&amp#27;[0m Matched '/element' to command name 'findElement'
&amp#27;[38;5;54m[02d79145]&amp#27;[0m&amp#27;[38;5;7m[AndroidUiautomator2Driver@ac91]&amp#27;[0m Proxying [POST /element] to [POST http://127.0.0.1:8200/session/62b31bc9-6116-4773-ad96-4ed1124c7963/element] with body: {"strategy":"id","selector":"com.androidsample.generalstore:id/nameField","context":"","multiple":false}
&amp#27;[38;5;54m[02d79145]&amp#27;[0m&amp#27;[38;5;7m[AndroidUiautomator2Driver@ac91]&amp#27;[0m Got response with status 404: {"sessionId":"62b31bc9-6116-4773-ad96-4ed1124c7963","value":{"error":"no such element","message":"An element could not be located on the page using the given search parameters","stacktrace":"io.appium.uiautomator2.common.exceptions.ElementNotFoundException: An element could not be located on the page using the given search parameters\n\tat io.appium.uiautomator2.handler.FindElement.safeHandle(FindElement.java:63)\n\tat io.appium.uiautomator2.handler.request.SafeRequestHandler.handle(SafeRequestHandler.java:59)\n\tat io.appium.uiautomator2.server.AppiumServlet.handleRequest(AppiumServlet.java:259)\n\tat io.appium.uiautomator2.server.AppiumServlet.handleHttpRequest(AppiumServlet.java:253)\n\tat io.appium.uiautomator2.http.ServerHandler.channelRead(ServerHandler.java:77)\n\tat io.netty.channel.AbstractChannelHandlerContext.invokeChannelRead(AbstractChannelHandlerContext.java:366)\n\tat io.netty.channel.AbstractChannelHandlerContext.invokeChannelRead(AbstractChannelHandlerContext.java:352)\n\tat io.netty.chann...
&amp#27;[38;5;54m[02d79145]&amp#27;[0m&amp#27;[38;5;123m[W3C]&amp#27;[0m Matched W3C error code 'no such element' to NoSuchElementError
&amp#27;[38;5;54m[02d79145]&amp#27;[0m&amp#27;[38;5;7m[AndroidUiautomator2Driver@ac91]&amp#27;[0m Waited for 671 ms so far
&amp#27;[38;5;54m[02d79145]&amp#27;[0m&amp#27;[38;5;7m[AndroidUiautomator2Driver@ac91]&amp#27;[0m Matched '/element' to command name 'findElement'
&amp#27;[38;5;54m[02d79145]&amp#27;[0m&amp#27;[38;5;7m[AndroidUiautomator2Driver@ac91]&amp#27;[0m Proxying [POST /element] to [POST http://127.0.0.1:8200/session/62b31bc9-6116-4773-ad96-4ed1124c7963/element] with body: {"strategy":"id","selector":"com.androidsample.generalstore:id/nameField","context":"","multiple":false}
&amp#27;[38;5;54m[02d79145]&amp#27;[0m&amp#27;[38;5;7m[AndroidUiautomator2Driver@ac91]&amp#27;[0m Got response with status 404: {"sessionId":"62b31bc9-6116-4773-ad96-4ed1124c7963","value":{"error":"no such element","message":"An element could not be located on the page using the given search parameters","stacktrace":"io.appium.uiautomator2.common.exceptions.ElementNotFoundException: An element could not be located on the page using the given search parameters\n\tat io.appium.uiautomator2.handler.FindElement.safeHandle(FindElement.java:63)\n\tat io.appium.uiautomator2.handler.request.SafeRequestHandler.handle(SafeRequestHandler.java:59)\n\tat io.appium.uiautomator2.server.AppiumServlet.handleRequest(AppiumServlet.java:259)\n\tat io.appium.uiautomator2.server.AppiumServlet.handleHttpRequest(AppiumServlet.java:253)\n\tat io.appium.uiautomator2.http.ServerHandler.channelRead(ServerHandler.java:77)\n\tat io.netty.channel.AbstractChannelHandlerContext.invokeChannelRead(AbstractChannelHandlerContext.java:366)\n\tat io.netty.channel.AbstractChannelHandlerContext.invokeChannelRead(AbstractChannelHandlerContext.java:352)\n\tat io.netty.chann...
&amp#27;[38;5;54m[02d79145]&amp#27;[0m&amp#27;[38;5;123m[W3C]&amp#27;[0m Matched W3C error code 'no such element' to NoSuchElementError
&amp#27;[38;5;54m[02d79145]&amp#27;[0m&amp#27;[38;5;7m[AndroidUiautomator2Driver@ac91]&amp#27;[0m Waited for 1200 ms so far
&amp#27;[38;5;54m[02d79145]&amp#27;[0m&amp#27;[38;5;7m[AndroidUiautomator2Driver@ac91]&amp#27;[0m Matched '/element' to command name 'findElement'
&amp#27;[38;5;54m[02d79145]&amp#27;[0m&amp#27;[38;5;7m[AndroidUiautomator2Driver@ac91]&amp#27;[0m Proxying [POST /element] to [POST http://127.0.0.1:8200/session/62b31bc9-6116-4773-ad96-4ed1124c7963/element] with body: {"strategy":"id","selector":"com.androidsample.generalstore:id/nameField","context":"","multiple":false}
&amp#27;[38;5;54m[02d79145]&amp#27;[0m&amp#27;[38;5;7m[AndroidUiautomator2Driver@ac91]&amp#27;[0m Got response with status 404: {"sessionId":"62b31bc9-6116-4773-ad96-4ed1124c7963","value":{"error":"no such element","message":"An element could not be located on the page using the given search parameters","stacktrace":"io.appium.uiautomator2.common.exceptions.ElementNotFoundException: An element could not be located on the page using the given search parameters\n\tat io.appium.uiautomator2.handler.FindElement.safeHandle(FindElement.java:63)\n\tat io.appium.uiautomator2.handler.request.SafeRequestHandler.handle(SafeRequestHandler.java:59)\n\tat io.appium.uiautomator2.server.AppiumServlet.handleRequest(AppiumServlet.java:259)\n\tat io.appium.uiautomator2.server.AppiumServlet.handleHttpRequest(AppiumServlet.java:253)\n\tat io.appium.uiautomator2.http.ServerHandler.channelRead(ServerHandler.java:77)\n\tat io.netty.channel.AbstractChannelHandlerContext.invokeChannelRead(AbstractChannelHandlerContext.java:366)\n\tat io.netty.channel.AbstractChannelHandlerContext.invokeChannelRead(AbstractChannelHandlerContext.java:352)\n\tat io.netty.chann...
&amp#27;[38;5;54m[02d79145]&amp#27;[0m&amp#27;[38;5;123m[W3C]&amp#27;[0m Matched W3C error code 'no such element' to NoSuchElementError
&amp#27;[38;5;54m[02d79145]&amp#27;[0m&amp#27;[38;5;7m[AndroidUiautomator2Driver@ac91]&amp#27;[0m Waited for 1727 ms so far
&amp#27;[38;5;54m[02d79145]&amp#27;[0m&amp#27;[38;5;7m[AndroidUiautomator2Driver@ac91]&amp#27;[0m Matched '/element' to command name 'findElement'
&amp#27;[38;5;54m[02d79145]&amp#27;[0m&amp#27;[38;5;7m[AndroidUiautomator2Driver@ac91]&amp#27;[0m Proxying [POST /element] to [POST http://127.0.0.1:8200/session/62b31bc9-6116-4773-ad96-4ed1124c7963/element] with body: {"strategy":"id","selector":"com.androidsample.generalstore:id/nameField","context":"","multiple":false}
&amp#27;[38;5;54m[02d79145]&amp#27;[0m&amp#27;[38;5;7m[AndroidUiautomator2Driver@ac91]&amp#27;[0m Got response with status 404: {"sessionId":"62b31bc9-6116-4773-ad96-4ed1124c7963","value":{"error":"no such element","message":"An element could not be located on the page using the given search parameters","stacktrace":"io.appium.uiautomator2.common.exceptions.ElementNotFoundException: An element could not be located on the page using the given search parameters\n\tat io.appium.uiautomator2.handler.FindElement.safeHandle(FindElement.java:63)\n\tat io.appium.uiautomator2.handler.request.SafeRequestHandler.handle(SafeRequestHandler.java:59)\n\tat io.appium.uiautomator2.server.AppiumServlet.handleRequest(AppiumServlet.java:259)\n\tat io.appium.uiautomator2.server.AppiumServlet.handleHttpRequest(AppiumServlet.java:253)\n\tat io.appium.uiautomator2.http.ServerHandler.channelRead(ServerHandler.java:77)\n\tat io.netty.channel.AbstractChannelHandlerContext.invokeChannelRead(AbstractChannelHandlerContext.java:366)\n\tat io.netty.channel.AbstractChannelHandlerContext.invokeChannelRead(AbstractChannelHandlerContext.java:352)\n\tat io.netty.chann...
&amp#27;[38;5;54m[02d79145]&amp#27;[0m&amp#27;[38;5;123m[W3C]&amp#27;[0m Matched W3C error code 'no such element' to NoSuchElementError
&amp#27;[38;5;54m[02d79145]&amp#27;[0m&amp#27;[38;5;7m[AndroidUiautomator2Driver@ac91]&amp#27;[0m Waited for 2245 ms so far
&amp#27;[38;5;54m[02d79145]&amp#27;[0m&amp#27;[38;5;7m[AndroidUiautomator2Driver@ac91]&amp#27;[0m Matched '/element' to command name 'findElement'
&amp#27;[38;5;54m[02d79145]&amp#27;[0m&amp#27;[38;5;7m[AndroidUiautomator2Driver@ac91]&amp#27;[0m Proxying [POST /element] to [POST http://127.0.0.1:8200/session/62b31bc9-6116-4773-ad96-4ed1124c7963/element] with body: {"strategy":"id","selector":"com.androidsample.generalstore:id/nameField","context":"","multiple":false}
&amp#27;[38;5;54m[02d79145]&amp#27;[0m&amp#27;[38;5;7m[AndroidUiautomator2Driver@ac91]&amp#27;[0m Got response with status 200: {"sessionId":"62b31bc9-6116-4773-ad96-4ed1124c7963","value":{"ELEMENT":"00000000-0000-04fd-ffff-ffff0000001c","element-6066-11e4-a52e-4f735466cecf":"00000000-0000-04fd-ffff-ffff0000001c"}}
&amp#27;[38;5;54m[02d79145]&amp#27;[0m&amp#27;[38;5;7m[AndroidUiautomator2Driver@ac91]&amp#27;[0m Responding to client with driver.findElement() result: {"element-6066-11e4-a52e-4f735466cecf":"00000000-0000-04fd-ffff-ffff0000001c","ELEMENT":"00000000-0000-04fd-ffff-ffff0000001c"}
&amp#27;[38;5;54m[02d79145]&amp#27;[0m&amp#27;[38;5;86m[HTTP]&amp#27;[0m &amp#27;[37m<-- POST /session/02d79145-1b8f-4c24-8f26-e664fe500536/element &amp#27;[39m&amp#27;[32m200&amp#27;[39m &amp#27;[90m4206 ms - 137&amp#27;[39m &amp#27;[90m&amp#27;[39m
&amp#27;[38;5;54m[02d79145]&amp#27;[0m&amp#27;[38;5;86m[HTTP]&amp#27;[0m &amp#27;[37m-->&amp#27;[39m &amp#27;[37mPOST&amp#27;[39m &amp#27;[37m/session/02d79145-1b8f-4c24-8f26-e664fe500536/element/00000000-0000-04fd-ffff-ffff0000001c/value&amp#27;[39m &amp#27;[90m{"text":"Sudheer","value":["S","u","d","h","e","e","r"],"id":"00000000-0000-04fd-ffff-ffff0000001c"}&amp#27;[39m
&amp#27;[38;5;54m[02d79145]&amp#27;[0m&amp#27;[38;5;7m[AndroidUiautomator2Driver@ac91]&amp#27;[0m Calling AppiumDriver.setValue() with args: [["S","u","d","h","e","e","r"],"00000000-0000-04fd-ffff-ffff0000001c","02d79145-1b8f-4c24-8f26-e664fe500536"]
&amp#27;[38;5;54m[02d79145]&amp#27;[0m&amp#27;[38;5;7m[AndroidUiautomator2Driver@ac91]&amp#27;[0m Matched '/element/00000000-0000-04fd-ffff-ffff0000001c/value' to command name 'setValue'
&amp#27;[38;5;54m[02d79145]&amp#27;[0m&amp#27;[38;5;7m[AndroidUiautomator2Driver@ac91]&amp#27;[0m Added 'value' property ["S","u","d","h","e","e","r"] to 'setValue' request body
&amp#27;[38;5;54m[02d79145]&amp#27;[0m&amp#27;[38;5;7m[AndroidUiautomator2Driver@ac91]&amp#27;[0m Proxying [POST /element/00000000-0000-04fd-ffff-ffff0000001c/value] to [POST http://127.0.0.1:8200/session/62b31bc9-6116-4773-ad96-4ed1124c7963/element/00000000-0000-04fd-ffff-ffff0000001c/value] with body: {"elementId":"00000000-0000-04fd-ffff-ffff0000001c","text":"Sudheer","replace":false,"value":["S","u","d","h","e","e","r"]}
&amp#27;[38;5;54m[02d79145]&amp#27;[0m&amp#27;[38;5;7m[AndroidUiautomator2Driver@ac91]&amp#27;[0m Got response with status 200: {"sessionId":"62b31bc9-6116-4773-ad96-4ed1124c7963","value":null}
&amp#27;[38;5;54m[02d79145]&amp#27;[0m&amp#27;[38;5;7m[AndroidUiautomator2Driver@ac91]&amp#27;[0m Responding to client with driver.setValue() result: null
&amp#27;[38;5;54m[02d79145]&amp#27;[0m&amp#27;[38;5;86m[HTTP]&amp#27;[0m &amp#27;[37m<-- POST /session/02d79145-1b8f-4c24-8f26-e664fe500536/element/00000000-0000-04fd-ffff-ffff0000001c/value &amp#27;[39m&amp#27;[32m200&amp#27;[39m &amp#27;[90m569 ms - 14&amp#27;[39m &amp#27;[90m&amp#27;[39m
&amp#27;[38;5;54m[02d79145]&amp#27;[0m&amp#27;[38;5;86m[HTTP]&amp#27;[0m &amp#27;[37m-->&amp#27;[39m &amp#27;[37mPOST&amp#27;[39m &amp#27;[37m/session/02d79145-1b8f-4c24-8f26-e664fe500536/execute/sync&amp#27;[39m &amp#27;[90m{"script":"mobile: hideKeyboard","args":[]}&amp#27;[39m
&amp#27;[38;5;54m[02d79145]&amp#27;[0m&amp#27;[38;5;7m[AndroidUiautomator2Driver@ac91]&amp#27;[0m Calling AppiumDriver.execute() with args: ["mobile: hideKeyboard",[],"02d79145-1b8f-4c24-8f26-e664fe500536"]
&amp#27;[38;5;54m[02d79145]&amp#27;[0m&amp#27;[38;5;7m[AndroidUiautomator2Driver@ac91]&amp#27;[0m Executing native command 'mobile: hideKeyboard'
&amp#27;[38;5;54m[02d79145]&amp#27;[0m&amp#27;[38;5;229m[ADB]&amp#27;[0m Running 'C:\Users\Harsh Vardhan Singh\AppData\Local\Android\Sdk\platform-tools\adb.exe -P 5037 -s emulator-5554 shell dumpsys input_method'
&amp#27;[38;5;54m[02d79145]&amp#27;[0m&amp#27;[38;5;229m[ADB]&amp#27;[0m Keyboard has no UI; no closing necessary
&amp#27;[38;5;54m[02d79145]&amp#27;[0m&amp#27;[38;5;7m[AndroidUiautomator2Driver@ac91]&amp#27;[0m Responding to client with driver.execute() result: false
&amp#27;[38;5;54m[02d79145]&amp#27;[0m&amp#27;[38;5;86m[HTTP]&amp#27;[0m &amp#27;[37m<-- POST /session/02d79145-1b8f-4c24-8f26-e664fe500536/execute/sync &amp#27;[39m&amp#27;[32m200&amp#27;[39m &amp#27;[90m162 ms - 15&amp#27;[39m &amp#27;[90m&amp#27;[39m
&amp#27;[38;5;54m[02d79145]&amp#27;[0m&amp#27;[38;5;86m[HTTP]&amp#27;[0m &amp#27;[37m-->&amp#27;[39m &amp#27;[37mGET&amp#27;[39m &amp#27;[37m/session/02d79145-1b8f-4c24-8f26-e664fe500536/context&amp#27;[39m &amp#27;[90m{}&amp#27;[39m
&amp#27;[38;5;54m[02d79145]&amp#27;[0m&amp#27;[38;5;7m[AndroidUiautomator2Driver@ac91]&amp#27;[0m Calling AppiumDriver.getCurrentContext() with args: ["02d79145-1b8f-4c24-8f26-e664fe500536"]
&amp#27;[38;5;54m[02d79145]&amp#27;[0m&amp#27;[38;5;7m[AndroidUiautomator2Driver@ac91]&amp#27;[0m Responding to client with driver.getCurrentContext() result: "NATIVE_APP"
&amp#27;[38;5;54m[02d79145]&amp#27;[0m&amp#27;[38;5;86m[HTTP]&amp#27;[0m &amp#27;[37m<-- GET /session/02d79145-1b8f-4c24-8f26-e664fe500536/context &amp#27;[39m&amp#27;[32m200&amp#27;[39m &amp#27;[90m1 ms - 22&amp#27;[39m &amp#27;[90m&amp#27;[39m
&amp#27;[38;5;54m[02d79145]&amp#27;[0m&amp#27;[38;5;86m[HTTP]&amp#27;[0m &amp#27;[37m-->&amp#27;[39m &amp#27;[37mPOST&amp#27;[39m &amp#27;[37m/session/02d79145-1b8f-4c24-8f26-e664fe500536/element&amp#27;[39m &amp#27;[90m{"value":"com.androidsample.generalstore:id/radioMale","using":"id"}&amp#27;[39m
&amp#27;[38;5;54m[02d79145]&amp#27;[0m&amp#27;[38;5;7m[AndroidUiautomator2Driver@ac91]&amp#27;[0m Calling AppiumDriver.findElement() with args: ["id","com.androidsample.generalstore:id/radioMale","02d79145-1b8f-4c24-8f26-e664fe500536"]
&amp#27;[38;5;54m[02d79145]&amp#27;[0m&amp#27;[38;5;7m[AndroidUiautomator2Driver@ac91]&amp#27;[0m Valid locator strategies for this request: xpath, id, class name, accessibility id, css selector, -android uiautomator
&amp#27;[38;5;54m[02d79145]&amp#27;[0m&amp#27;[38;5;7m[AndroidUiautomator2Driver@ac91]&amp#27;[0m Waiting up to 20000 ms for condition
&amp#27;[38;5;54m[02d79145]&amp#27;[0m&amp#27;[38;5;7m[AndroidUiautomator2Driver@ac91]&amp#27;[0m Matched '/element' to command name 'findElement'
&amp#27;[38;5;54m[02d79145]&amp#27;[0m&amp#27;[38;5;7m[AndroidUiautomator2Driver@ac91]&amp#27;[0m Proxying [POST /element] to [POST http://127.0.0.1:8200/session/62b31bc9-6116-4773-ad96-4ed1124c7963/element] with body: {"strategy":"id","selector":"com.androidsample.generalstore:id/radioMale","context":"","multiple":false}
&amp#27;[38;5;54m[02d79145]&amp#27;[0m&amp#27;[38;5;7m[AndroidUiautomator2Driver@ac91]&amp#27;[0m Got response with status 200: {"sessionId":"62b31bc9-6116-4773-ad96-4ed1124c7963","value":{"ELEMENT":"00000000-0000-04fd-ffff-ffff0000001f","element-6066-11e4-a52e-4f735466cecf":"00000000-0000-04fd-ffff-ffff0000001f"}}
&amp#27;[38;5;54m[02d79145]&amp#27;[0m&amp#27;[38;5;7m[AndroidUiautomator2Driver@ac91]&amp#27;[0m Responding to client with driver.findElement() result: {"element-6066-11e4-a52e-4f735466cecf":"00000000-0000-04fd-ffff-ffff0000001f","ELEMENT":"00000000-0000-04fd-ffff-ffff0000001f"}
&amp#27;[38;5;54m[02d79145]&amp#27;[0m&amp#27;[38;5;86m[HTTP]&amp#27;[0m &amp#27;[37m<-- POST /session/02d79145-1b8f-4c24-8f26-e664fe500536/element &amp#27;[39m&amp#27;[32m200&amp#27;[39m &amp#27;[90m25 ms - 137&amp#27;[39m &amp#27;[90m&amp#27;[39m
&amp#27;[38;5;54m[02d79145]&amp#27;[0m&amp#27;[38;5;86m[HTTP]&amp#27;[0m &amp#27;[37m-->&amp#27;[39m &amp#27;[37mPOST&amp#27;[39m &amp#27;[37m/session/02d79145-1b8f-4c24-8f26-e664fe500536/element/00000000-0000-04fd-ffff-ffff0000001f/click&amp#27;[39m &amp#27;[90m{"id":"00000000-0000-04fd-ffff-ffff0000001f"}&amp#27;[39m
&amp#27;[38;5;54m[02d79145]&amp#27;[0m&amp#27;[38;5;7m[AndroidUiautomator2Driver@ac91]&amp#27;[0m Calling AppiumDriver.click() with args: ["00000000-0000-04fd-ffff-ffff0000001f","02d79145-1b8f-4c24-8f26-e664fe500536"]
&amp#27;[38;5;54m[02d79145]&amp#27;[0m&amp#27;[38;5;7m[AndroidUiautomator2Driver@ac91]&amp#27;[0m Matched '/element/00000000-0000-04fd-ffff-ffff0000001f/click' to command name 'click'
&amp#27;[38;5;54m[02d79145]&amp#27;[0m&amp#27;[38;5;7m[AndroidUiautomator2Driver@ac91]&amp#27;[0m Proxying [POST /element/00000000-0000-04fd-ffff-ffff0000001f/click] to [POST http://127.0.0.1:8200/session/62b31bc9-6116-4773-ad96-4ed1124c7963/element/00000000-0000-04fd-ffff-ffff0000001f/click] with body: {"element":"00000000-0000-04fd-ffff-ffff0000001f"}
&amp#27;[38;5;54m[02d79145]&amp#27;[0m&amp#27;[38;5;7m[AndroidUiautomator2Driver@ac91]&amp#27;[0m Got response with status 200: {"sessionId":"62b31bc9-6116-4773-ad96-4ed1124c7963","value":null}
&amp#27;[38;5;54m[02d79145]&amp#27;[0m&amp#27;[38;5;7m[AndroidUiautomator2Driver@ac91]&amp#27;[0m Responding to client with driver.click() result: null
&amp#27;[38;5;54m[02d79145]&amp#27;[0m&amp#27;[38;5;86m[HTTP]&amp#27;[0m &amp#27;[37m<-- POST /session/02d79145-1b8f-4c24-8f26-e664fe500536/element/00000000-0000-04fd-ffff-ffff0000001f/click &amp#27;[39m&amp#27;[32m200&amp#27;[39m &amp#27;[90m82 ms - 14&amp#27;[39m &amp#27;[90m&amp#27;[39m
&amp#27;[38;5;54m[02d79145]&amp#27;[0m&amp#27;[38;5;86m[HTTP]&amp#27;[0m &amp#27;[37m-->&amp#27;[39m &amp#27;[37mGET&amp#27;[39m &amp#27;[37m/session/02d79145-1b8f-4c24-8f26-e664fe500536/context&amp#27;[39m &amp#27;[90m{}&amp#27;[39m
&amp#27;[38;5;54m[02d79145]&amp#27;[0m&amp#27;[38;5;7m[AndroidUiautomator2Driver@ac91]&amp#27;[0m Calling AppiumDriver.getCurrentContext() with args: ["02d79145-1b8f-4c24-8f26-e664fe500536"]
&amp#27;[38;5;54m[02d79145]&amp#27;[0m&amp#27;[38;5;7m[AndroidUiautomator2Driver@ac91]&amp#27;[0m Responding to client with driver.getCurrentContext() result: "NATIVE_APP"
&amp#27;[38;5;54m[02d79145]&amp#27;[0m&amp#27;[38;5;86m[HTTP]&amp#27;[0m &amp#27;[37m<-- GET /session/02d79145-1b8f-4c24-8f26-e664fe500536/context &amp#27;[39m&amp#27;[32m200&amp#27;[39m &amp#27;[90m1 ms - 22&amp#27;[39m &amp#27;[90m&amp#27;[39m
&amp#27;[38;5;54m[02d79145]&amp#27;[0m&amp#27;[38;5;86m[HTTP]&amp#27;[0m &amp#27;[37m-->&amp#27;[39m &amp#27;[37mPOST&amp#27;[39m &amp#27;[37m/session/02d79145-1b8f-4c24-8f26-e664fe500536/element&amp#27;[39m &amp#27;[90m{"value":"com.androidsample.generalstore:id/spinnerCountry","using":"id"}&amp#27;[39m
&amp#27;[38;5;54m[02d79145]&amp#27;[0m&amp#27;[38;5;7m[AndroidUiautomator2Driver@ac91]&amp#27;[0m Calling AppiumDriver.findElement() with args: ["id","com.androidsample.generalstore:id/spinnerCountry","02d79145-1b8f-4c24-8f26-e664fe500536"]
&amp#27;[38;5;54m[02d79145]&amp#27;[0m&amp#27;[38;5;7m[AndroidUiautomator2Driver@ac91]&amp#27;[0m Valid locator strategies for this request: xpath, id, class name, accessibility id, css selector, -android uiautomator
&amp#27;[38;5;54m[02d79145]&amp#27;[0m&amp#27;[38;5;7m[AndroidUiautomator2Driver@ac91]&amp#27;[0m Waiting up to 20000 ms for condition
&amp#27;[38;5;54m[02d79145]&amp#27;[0m&amp#27;[38;5;7m[AndroidUiautomator2Driver@ac91]&amp#27;[0m Matched '/element' to command name 'findElement'
&amp#27;[38;5;54m[02d79145]&amp#27;[0m&amp#27;[38;5;7m[AndroidUiautomator2Driver@ac91]&amp#27;[0m Proxying [POST /element] to [POST http://127.0.0.1:8200/session/62b31bc9-6116-4773-ad96-4ed1124c7963/element] with body: {"strategy":"id","selector":"com.androidsample.generalstore:id/spinnerCountry","context":"","multiple":false}
&amp#27;[38;5;54m[02d79145]&amp#27;[0m&amp#27;[38;5;7m[AndroidUiautomator2Driver@ac91]&amp#27;[0m Got response with status 200: {"sessionId":"62b31bc9-6116-4773-ad96-4ed1124c7963","value":{"ELEMENT":"00000000-0000-04fd-ffff-ffff0000001a","element-6066-11e4-a52e-4f735466cecf":"00000000-0000-04fd-ffff-ffff0000001a"}}
&amp#27;[38;5;54m[02d79145]&amp#27;[0m&amp#27;[38;5;7m[AndroidUiautomator2Driver@ac91]&amp#27;[0m Responding to client with driver.findElement() result: {"element-6066-11e4-a52e-4f735466cecf":"00000000-0000-04fd-ffff-ffff0000001a","ELEMENT":"00000000-0000-04fd-ffff-ffff0000001a"}
&amp#27;[38;5;54m[02d79145]&amp#27;[0m&amp#27;[38;5;86m[HTTP]&amp#27;[0m &amp#27;[37m<-- POST /session/02d79145-1b8f-4c24-8f26-e664fe500536/element &amp#27;[39m&amp#27;[32m200&amp#27;[39m &amp#27;[90m16 ms - 137&amp#27;[39m &amp#27;[90m&amp#27;[39m
&amp#27;[38;5;54m[02d79145]&amp#27;[0m&amp#27;[38;5;86m[HTTP]&amp#27;[0m &amp#27;[37m-->&amp#27;[39m &amp#27;[37mPOST&amp#27;[39m &amp#27;[37m/session/02d79145-1b8f-4c24-8f26-e664fe500536/element/00000000-0000-04fd-ffff-ffff0000001a/click&amp#27;[39m &amp#27;[90m{"id":"00000000-0000-04fd-ffff-ffff0000001a"}&amp#27;[39m
&amp#27;[38;5;54m[02d79145]&amp#27;[0m&amp#27;[38;5;7m[AndroidUiautomator2Driver@ac91]&amp#27;[0m Calling AppiumDriver.click() with args: ["00000000-0000-04fd-ffff-ffff0000001a","02d79145-1b8f-4c24-8f26-e664fe500536"]
&amp#27;[38;5;54m[02d79145]&amp#27;[0m&amp#27;[38;5;7m[AndroidUiautomator2Driver@ac91]&amp#27;[0m Matched '/element/00000000-0000-04fd-ffff-ffff0000001a/click' to command name 'click'
&amp#27;[38;5;54m[02d79145]&amp#27;[0m&amp#27;[38;5;7m[AndroidUiautomator2Driver@ac91]&amp#27;[0m Proxying [POST /element/00000000-0000-04fd-ffff-ffff0000001a/click] to [POST http://127.0.0.1:8200/session/62b31bc9-6116-4773-ad96-4ed1124c7963/element/00000000-0000-04fd-ffff-ffff0000001a/click] with body: {"element":"00000000-0000-04fd-ffff-ffff0000001a"}
&amp#27;[38;5;54m[02d79145]&amp#27;[0m&amp#27;[38;5;7m[AndroidUiautomator2Driver@ac91]&amp#27;[0m Got response with status 200: {"sessionId":"62b31bc9-6116-4773-ad96-4ed1124c7963","value":null}
&amp#27;[38;5;54m[02d79145]&amp#27;[0m&amp#27;[38;5;7m[AndroidUiautomator2Driver@ac91]&amp#27;[0m Responding to client with driver.click() result: null
&amp#27;[38;5;54m[02d79145]&amp#27;[0m&amp#27;[38;5;86m[HTTP]&amp#27;[0m &amp#27;[37m<-- POST /session/02d79145-1b8f-4c24-8f26-e664fe500536/element/00000000-0000-04fd-ffff-ffff0000001a/click &amp#27;[39m&amp#27;[32m200&amp#27;[39m &amp#27;[90m1031 ms - 14&amp#27;[39m &amp#27;[90m&amp#27;[39m
&amp#27;[38;5;54m[02d79145]&amp#27;[0m&amp#27;[38;5;86m[HTTP]&amp#27;[0m &amp#27;[37m-->&amp#27;[39m &amp#27;[37mPOST&amp#27;[39m &amp#27;[37m/session/02d79145-1b8f-4c24-8f26-e664fe500536/element&amp#27;[39m &amp#27;[90m{"value":"new UiScrollable(new UiSelector()).scrollIntoView(text(\"India\"))","using":"-android uiautomator"}&amp#27;[39m
&amp#27;[38;5;54m[02d79145]&amp#27;[0m&amp#27;[38;5;7m[AndroidUiautomator2Driver@ac91]&amp#27;[0m Calling AppiumDriver.findElement() with args: ["-android uiautomator","new UiScrollable(new UiSelector()).scrollIntoView(text(\"India\"))","02d79145-1b8f-4c24-8f26-e664fe500536"]
&amp#27;[38;5;54m[02d79145]&amp#27;[0m&amp#27;[38;5;7m[AndroidUiautomator2Driver@ac91]&amp#27;[0m Valid locator strategies for this request: xpath, id, class name, accessibility id, css selector, -android uiautomator
&amp#27;[38;5;54m[02d79145]&amp#27;[0m&amp#27;[38;5;7m[AndroidUiautomator2Driver@ac91]&amp#27;[0m Waiting up to 20000 ms for condition
&amp#27;[38;5;54m[02d79145]&amp#27;[0m&amp#27;[38;5;7m[AndroidUiautomator2Driver@ac91]&amp#27;[0m Matched '/element' to command name 'findElement'
&amp#27;[38;5;54m[02d79145]&amp#27;[0m&amp#27;[38;5;7m[AndroidUiautomator2Driver@ac91]&amp#27;[0m Proxying [POST /element] to [POST http://127.0.0.1:8200/session/62b31bc9-6116-4773-ad96-4ed1124c7963/element] with body: {"strategy":"-android uiautomator","selector":"new UiScrollable(new UiSelector()).scrollIntoView(text(\"India\"))","context":"","multiple":false}
&amp#27;[38;5;54m[02d79145]&amp#27;[0m&amp#27;[38;5;7m[AndroidUiautomator2Driver@ac91]&amp#27;[0m Got response with status 200: {"sessionId":"62b31bc9-6116-4773-ad96-4ed1124c7963","value":{"ELEMENT":"00000000-0000-04fe-ffff-ffff00000029","element-6066-11e4-a52e-4f735466cecf":"00000000-0000-04fe-ffff-ffff00000029"}}
&amp#27;[38;5;54m[02d79145]&amp#27;[0m&amp#27;[38;5;7m[AndroidUiautomator2Driver@ac91]&amp#27;[0m Responding to client with driver.findElement() result: {"element-6066-11e4-a52e-4f735466cecf":"00000000-0000-04fe-ffff-ffff00000029","ELEMENT":"00000000-0000-04fe-ffff-ffff00000029"}
&amp#27;[38;5;54m[02d79145]&amp#27;[0m&amp#27;[38;5;86m[HTTP]&amp#27;[0m &amp#27;[37m<-- POST /session/02d79145-1b8f-4c24-8f26-e664fe500536/element &amp#27;[39m&amp#27;[32m200&amp#27;[39m &amp#27;[90m24033 ms - 137&amp#27;[39m &amp#27;[90m&amp#27;[39m
&amp#27;[38;5;54m[02d79145]&amp#27;[0m&amp#27;[38;5;86m[HTTP]&amp#27;[0m &amp#27;[37m-->&amp#27;[39m &amp#27;[37mPOST&amp#27;[39m &amp#27;[37m/session/02d79145-1b8f-4c24-8f26-e664fe500536/element&amp#27;[39m &amp#27;[90m{"value":"//android.widget.TextView[@resource-id= 'android:id/text1' and @text= 'India']","using":"xpath"}&amp#27;[39m
&amp#27;[38;5;54m[02d79145]&amp#27;[0m&amp#27;[38;5;7m[AndroidUiautomator2Driver@ac91]&amp#27;[0m Calling AppiumDriver.findElement() with args: ["xpath","//android.widget.TextView[@resource-id= 'android:id/text1' and @text= 'India']","02d79145-1b8f-4c24-8f26-e664fe500536"]
&amp#27;[38;5;54m[02d79145]&amp#27;[0m&amp#27;[38;5;7m[AndroidUiautomator2Driver@ac91]&amp#27;[0m Valid locator strategies for this request: xpath, id, class name, accessibility id, css selector, -android uiautomator
&amp#27;[38;5;54m[02d79145]&amp#27;[0m&amp#27;[38;5;7m[AndroidUiautomator2Driver@ac91]&amp#27;[0m Waiting up to 20000 ms for condition
&amp#27;[38;5;54m[02d79145]&amp#27;[0m&amp#27;[38;5;7m[AndroidUiautomator2Driver@ac91]&amp#27;[0m Matched '/element' to command name 'findElement'
&amp#27;[38;5;54m[02d79145]&amp#27;[0m&amp#27;[38;5;7m[AndroidUiautomator2Driver@ac91]&amp#27;[0m Proxying [POST /element] to [POST http://127.0.0.1:8200/session/62b31bc9-6116-4773-ad96-4ed1124c7963/element] with body: {"strategy":"xpath","selector":"//android.widget.TextView[@resource-id= 'android:id/text1' and @text= 'India']","context":"","multiple":false}
&amp#27;[38;5;54m[02d79145]&amp#27;[0m&amp#27;[38;5;7m[AndroidUiautomator2Driver@ac91]&amp#27;[0m Got response with status 200: {"sessionId":"62b31bc9-6116-4773-ad96-4ed1124c7963","value":{"ELEMENT":"00000000-0000-04fe-ffff-ffff00000029","element-6066-11e4-a52e-4f735466cecf":"00000000-0000-04fe-ffff-ffff00000029"}}
&amp#27;[38;5;54m[02d79145]&amp#27;[0m&amp#27;[38;5;7m[AndroidUiautomator2Driver@ac91]&amp#27;[0m Responding to client with driver.findElement() result: {"element-6066-11e4-a52e-4f735466cecf":"00000000-0000-04fe-ffff-ffff00000029","ELEMENT":"00000000-0000-04fe-ffff-ffff00000029"}
&amp#27;[38;5;54m[02d79145]&amp#27;[0m&amp#27;[38;5;86m[HTTP]&amp#27;[0m &amp#27;[37m<-- POST /session/02d79145-1b8f-4c24-8f26-e664fe500536/element &amp#27;[39m&amp#27;[32m200&amp#27;[39m &amp#27;[90m350 ms - 137&amp#27;[39m &amp#27;[90m&amp#27;[39m
&amp#27;[38;5;54m[02d79145]&amp#27;[0m&amp#27;[38;5;86m[HTTP]&amp#27;[0m &amp#27;[37m-->&amp#27;[39m &amp#27;[37mPOST&amp#27;[39m &amp#27;[37m/session/02d79145-1b8f-4c24-8f26-e664fe500536/element/00000000-0000-04fe-ffff-ffff00000029/click&amp#27;[39m &amp#27;[90m{"id":"00000000-0000-04fe-ffff-ffff00000029"}&amp#27;[39m
&amp#27;[38;5;54m[02d79145]&amp#27;[0m&amp#27;[38;5;7m[AndroidUiautomator2Driver@ac91]&amp#27;[0m Calling AppiumDriver.click() with args: ["00000000-0000-04fe-ffff-ffff00000029","02d79145-1b8f-4c24-8f26-e664fe500536"]
&amp#27;[38;5;54m[02d79145]&amp#27;[0m&amp#27;[38;5;7m[AndroidUiautomator2Driver@ac91]&amp#27;[0m Matched '/element/00000000-0000-04fe-ffff-ffff00000029/click' to command name 'click'
&amp#27;[38;5;54m[02d79145]&amp#27;[0m&amp#27;[38;5;7m[AndroidUiautomator2Driver@ac91]&amp#27;[0m Proxying [POST /element/00000000-0000-04fe-ffff-ffff00000029/click] to [POST http://127.0.0.1:8200/session/62b31bc9-6116-4773-ad96-4ed1124c7963/element/00000000-0000-04fe-ffff-ffff00000029/click] with body: {"element":"00000000-0000-04fe-ffff-ffff00000029"}
&amp#27;[38;5;54m[02d79145]&amp#27;[0m&amp#27;[38;5;7m[AndroidUiautomator2Driver@ac91]&amp#27;[0m Got response with status 200: {"sessionId":"62b31bc9-6116-4773-ad96-4ed1124c7963","value":null}
&amp#27;[38;5;54m[02d79145]&amp#27;[0m&amp#27;[38;5;7m[AndroidUiautomator2Driver@ac91]&amp#27;[0m Responding to client with driver.click() result: null
&amp#27;[38;5;54m[02d79145]&amp#27;[0m&amp#27;[38;5;86m[HTTP]&amp#27;[0m &amp#27;[37m<-- POST /session/02d79145-1b8f-4c24-8f26-e664fe500536/element/00000000-0000-04fe-ffff-ffff00000029/click &amp#27;[39m&amp#27;[32m200&amp#27;[39m &amp#27;[90m663 ms - 14&amp#27;[39m &amp#27;[90m&amp#27;[39m
&amp#27;[38;5;54m[02d79145]&amp#27;[0m&amp#27;[38;5;86m[HTTP]&amp#27;[0m &amp#27;[37m-->&amp#27;[39m &amp#27;[37mGET&amp#27;[39m &amp#27;[37m/session/02d79145-1b8f-4c24-8f26-e664fe500536/context&amp#27;[39m &amp#27;[90m{}&amp#27;[39m
&amp#27;[38;5;54m[02d79145]&amp#27;[0m&amp#27;[38;5;7m[AndroidUiautomator2Driver@ac91]&amp#27;[0m Calling AppiumDriver.getCurrentContext() with args: ["02d79145-1b8f-4c24-8f26-e664fe500536"]
&amp#27;[38;5;54m[02d79145]&amp#27;[0m&amp#27;[38;5;7m[AndroidUiautomator2Driver@ac91]&amp#27;[0m Responding to client with driver.getCurrentContext() result: "NATIVE_APP"
&amp#27;[38;5;54m[02d79145]&amp#27;[0m&amp#27;[38;5;86m[HTTP]&amp#27;[0m &amp#27;[37m<-- GET /session/02d79145-1b8f-4c24-8f26-e664fe500536/context &amp#27;[39m&amp#27;[32m200&amp#27;[39m &amp#27;[90m1 ms - 22&amp#27;[39m &amp#27;[90m&amp#27;[39m
&amp#27;[38;5;54m[02d79145]&amp#27;[0m&amp#27;[38;5;86m[HTTP]&amp#27;[0m &amp#27;[37m-->&amp#27;[39m &amp#27;[37mPOST&amp#27;[39m &amp#27;[37m/session/02d79145-1b8f-4c24-8f26-e664fe500536/element&amp#27;[39m &amp#27;[90m{"value":"com.androidsample.generalstore:id/btnLetsShop","using":"id"}&amp#27;[39m
&amp#27;[38;5;54m[02d79145]&amp#27;[0m&amp#27;[38;5;7m[AndroidUiautomator2Driver@ac91]&amp#27;[0m Calling AppiumDriver.findElement() with args: ["id","com.androidsample.generalstore:id/btnLetsShop","02d79145-1b8f-4c24-8f26-e664fe500536"]
&amp#27;[38;5;54m[02d79145]&amp#27;[0m&amp#27;[38;5;7m[AndroidUiautomator2Driver@ac91]&amp#27;[0m Valid locator strategies for this request: xpath, id, class name, accessibility id, css selector, -android uiautomator
&amp#27;[38;5;54m[02d79145]&amp#27;[0m&amp#27;[38;5;7m[AndroidUiautomator2Driver@ac91]&amp#27;[0m Waiting up to 20000 ms for condition
&amp#27;[38;5;54m[02d79145]&amp#27;[0m&amp#27;[38;5;7m[AndroidUiautomator2Driver@ac91]&amp#27;[0m Matched '/element' to command name 'findElement'
&amp#27;[38;5;54m[02d79145]&amp#27;[0m&amp#27;[38;5;7m[AndroidUiautomator2Driver@ac91]&amp#27;[0m Proxying [POST /element] to [POST http://127.0.0.1:8200/session/62b31bc9-6116-4773-ad96-4ed1124c7963/element] with body: {"strategy":"id","selector":"com.androidsample.generalstore:id/btnLetsShop","context":"","multiple":false}
&amp#27;[38;5;54m[02d79145]&amp#27;[0m&amp#27;[38;5;7m[AndroidUiautomator2Driver@ac91]&amp#27;[0m Got response with status 200: {"sessionId":"62b31bc9-6116-4773-ad96-4ed1124c7963","value":{"ELEMENT":"00000000-0000-04fd-ffff-ffff00000021","element-6066-11e4-a52e-4f735466cecf":"00000000-0000-04fd-ffff-ffff00000021"}}
&amp#27;[38;5;54m[02d79145]&amp#27;[0m&amp#27;[38;5;7m[AndroidUiautomator2Driver@ac91]&amp#27;[0m Responding to client with driver.findElement() result: {"element-6066-11e4-a52e-4f735466cecf":"00000000-0000-04fd-ffff-ffff00000021","ELEMENT":"00000000-0000-04fd-ffff-ffff00000021"}
&amp#27;[38;5;54m[02d79145]&amp#27;[0m&amp#27;[38;5;86m[HTTP]&amp#27;[0m &amp#27;[37m<-- POST /session/02d79145-1b8f-4c24-8f26-e664fe500536/element &amp#27;[39m&amp#27;[32m200&amp#27;[39m &amp#27;[90m11 ms - 137&amp#27;[39m &amp#27;[90m&amp#27;[39m
&amp#27;[38;5;54m[02d79145]&amp#27;[0m&amp#27;[38;5;86m[HTTP]&amp#27;[0m &amp#27;[37m-->&amp#27;[39m &amp#27;[37mPOST&amp#27;[39m &amp#27;[37m/session/02d79145-1b8f-4c24-8f26-e664fe500536/element/00000000-0000-04fd-ffff-ffff00000021/click&amp#27;[39m &amp#27;[90m{"id":"00000000-0000-04fd-ffff-ffff00000021"}&amp#27;[39m
&amp#27;[38;5;54m[02d79145]&amp#27;[0m&amp#27;[38;5;7m[AndroidUiautomator2Driver@ac91]&amp#27;[0m Calling AppiumDriver.click() with args: ["00000000-0000-04fd-ffff-ffff00000021","02d79145-1b8f-4c24-8f26-e664fe500536"]
&amp#27;[38;5;54m[02d79145]&amp#27;[0m&amp#27;[38;5;7m[AndroidUiautomator2Driver@ac91]&amp#27;[0m Matched '/element/00000000-0000-04fd-ffff-ffff00000021/click' to command name 'click'
&amp#27;[38;5;54m[02d79145]&amp#27;[0m&amp#27;[38;5;7m[AndroidUiautomator2Driver@ac91]&amp#27;[0m Proxying [POST /element/00000000-0000-04fd-ffff-ffff00000021/click] to [POST http://127.0.0.1:8200/session/62b31bc9-6116-4773-ad96-4ed1124c7963/element/00000000-0000-04fd-ffff-ffff00000021/click] with body: {"element":"00000000-0000-04fd-ffff-ffff00000021"}
&amp#27;[38;5;54m[02d79145]&amp#27;[0m&amp#27;[38;5;7m[AndroidUiautomator2Driver@ac91]&amp#27;[0m Got response with status 200: {"sessionId":"62b31bc9-6116-4773-ad96-4ed1124c7963","value":null}
&amp#27;[38;5;54m[02d79145]&amp#27;[0m&amp#27;[38;5;7m[AndroidUiautomator2Driver@ac91]&amp#27;[0m Responding to client with driver.click() result: null
&amp#27;[38;5;54m[02d79145]&amp#27;[0m&amp#27;[38;5;86m[HTTP]&amp#27;[0m &amp#27;[37m<-- POST /session/02d79145-1b8f-4c24-8f26-e664fe500536/element/00000000-0000-04fd-ffff-ffff00000021/click &amp#27;[39m&amp#27;[32m200&amp#27;[39m &amp#27;[90m69 ms - 14&amp#27;[39m &amp#27;[90m&amp#27;[39m
]]></system-out>
  </testcase>
</testsuite>