<?xml version="1.0" encoding="UTF-8"?>
<!-- Generated by org.testng.reporters.JUnitReportReporter -->
<testsuite hostname="LAPTOP-2GS32DIE" failures="0" tests="1" name="android_TestScripts.Android_TC003" time="42.502" errors="0" timestamp="2024-11-19T21:06:45 IST" skipped="0">
  <testcase classname="android_TestScripts.Android_TC003" name="CartTest" time="42.502"/>
</testsuite> <!-- android_TestScripts.Android_TC003 -->
