<?xml version="1.0" encoding="UTF-8"?>
<!-- Generated by org.testng.reporters.JUnitReportReporter -->
<testsuite hostname="LAPTOP-2GS32DIE" failures="0" tests="3" name="android_TestScripts.Android_TC004_DataDrivenTest" time="88.289" errors="0" timestamp="2024-11-19T21:06:45 IST" skipped="0">
  <testcase classname="android_TestScripts.Android_TC004_DataDrivenTest" name="FormDataDrivenTest" time="25.274"/>
  <testcase classname="android_TestScripts.Android_TC004_DataDrivenTest" name="FormDataDrivenTest" time="42.669"/>
  <testcase classname="android_TestScripts.Android_TC004_DataDrivenTest" name="FormDataDrivenTest" time="20.346"/>
</testsuite> <!-- android_TestScripts.Android_TC004_DataDrivenTest -->
