<?xml version="1.0" encoding="UTF-8"?>
<!-- Generated by org.testng.reporters.JUnitReportReporter -->
<testsuite hostname="LAPTOP-2GS32DIE" failures="0" tests="2" name="android_TestScripts.Android_TC001" time="39.567" errors="0" timestamp="2024-11-20T19:49:33 IST" skipped="0">
  <testcase classname="android_TestScripts.Android_TC001" name="FormPageTest" time="20.505"/>
  <testcase classname="android_TestScripts.Android_TC001" name="FormPageToastMessageTest" time="19.062"/>
</testsuite> <!-- android_TestScripts.Android_TC001 -->
