<?xml version="1.0" encoding="UTF-8"?>
<!-- Generated by org.testng.reporters.JUnitReportReporter -->
<testsuite hostname="LAPTOP-2GS32DIE" failures="0" tests="3" name="android_TestScripts.Android_TC004_DataDrivenTest" time="91.868" errors="0" timestamp="2024-11-20T19:54:38 IST" skipped="0">
  <testcase classname="android_TestScripts.Android_TC004_DataDrivenTest" name="FormDataDrivenTest" time="25.921"/>
  <testcase classname="android_TestScripts.Android_TC004_DataDrivenTest" name="FormDataDrivenTest" time="43.373"/>
  <testcase classname="android_TestScripts.Android_TC004_DataDrivenTest" name="FormDataDrivenTest" time="22.574"/>
</testsuite> <!-- android_TestScripts.Android_TC004_DataDrivenTest -->
