<?xml version="1.0" encoding="UTF-8"?>
<!-- Generated by org.testng.reporters.JUnitReportReporter -->
<testsuite hostname="LAPTOP-2GS32DIE" failures="0" tests="1" name="android_TestScripts.Android_TC002" time="34.116" errors="0" timestamp="2024-11-20T19:54:38 IST" skipped="0">
  <testcase classname="android_TestScripts.Android_TC002" name="ProdCatalogTest" time="34.116"/>
</testsuite> <!-- android_TestScripts.Android_TC002 -->
