<?xml version="1.0" encoding="UTF-8"?>
<!-- Generated by org.testng.reporters.JUnitReportReporter -->
<testsuite hostname="LAPTOP-2GS32DIE" failures="0" tests="1" name="android_TestScripts.Android_TC003" time="41.586" errors="0" timestamp="2024-11-20T19:54:38 IST" skipped="0">
  <testcase classname="android_TestScripts.Android_TC003" name="CartTest" time="41.586"/>
</testsuite> <!-- android_TestScripts.Android_TC003 -->
